TS=20260221T171323Z
NS=s390x-validate
namespace/s390x-validate created
pod/server created
pod/client created
pod/server condition met
pod/client condition met
SERVER_IP=10.244.0.30
NAME     READY   STATUS    RESTARTS   AGE   IP             NODE                 NOMINATED NODE   READINESS GATES
client   1/1     Running   0          2s    10.244.0.164   zkd01.fyre.ibm.com   <none>           <none>
server   1/1     Running   0          2s    10.244.0.30    zkd01.fyre.ibm.com   <none>           <none>
Baseline connectivity (should succeed)
ciliumnetworkpolicy.cilium.io/allow-server-from-granted created
Connectivity without access label (should fail)
TIMEOUT
command terminated with exit code 1
Expected deny observed without access label
pod/client labeled
Connectivity with access label (should succeed)
TIMEOUT
command terminated with exit code 1
