Cluster nodes
NAME                 STATUS   ROLES           AGE    VERSION   INTERNAL-IP    EXTERNAL-IP   OS-IMAGE                              KERNEL-VERSION                CONTAINER-RUNTIME
zkd01.fyre.ibm.com   Ready    control-plane   132m   v1.35.1   10.11.59.172   <none>        Red Hat Enterprise Linux 9.6 (Plow)   5.14.0-570.62.1.el9_6.s390x   containerd://1.7.27
Waiting for node readiness
node/zkd01.fyre.ibm.com condition met
Waiting for Cilium DaemonSets/Deployments
daemon set "cilium" successfully rolled out
daemon set "cilium-envoy" successfully rolled out
deployment "cilium-operator" successfully rolled out
Cilium pod status
NAME           READY   STATUS    RESTARTS   AGE   IP             NODE                 NOMINATED NODE   READINESS GATES
cilium-4s2k4   1/1     Running   0          22m   10.11.59.172   zkd01.fyre.ibm.com   <none>           <none>
NAME                 READY   STATUS    RESTARTS   AGE    IP             NODE                 NOMINATED NODE   READINESS GATES
cilium-envoy-rz5ch   1/1     Running   0          130m   10.11.59.172   zkd01.fyre.ibm.com   <none>           <none>
NAME                               READY   STATUS    RESTARTS   AGE    IP             NODE                 NOMINATED NODE   READINESS GATES
cilium-operator-7d796b74f8-bmc6k   1/1     Running   0          130m   10.11.59.172   zkd01.fyre.ibm.com   <none>           <none>
cilium status from cilium-4s2k4
KVStore:                Disabled   
Kubernetes:             Ok         1.35 (v1.35.1) [linux/s390x]
Kubernetes APIs:        ["cilium/v2::CiliumCIDRGroup", "cilium/v2::CiliumClusterwideNetworkPolicy", "cilium/v2::CiliumEndpoint", "cilium/v2::CiliumNetworkPolicy", "cilium/v2::CiliumNode", "core/v1::Pods", "networking.k8s.io/v1::NetworkPolicy"]
KubeProxyReplacement:   False   
Host firewall:          Disabled
SRv6:                   Disabled
CNI Chaining:           none
CNI Config file:        successfully wrote CNI configuration file to /host/etc/cni/net.d/05-cilium.conflist
Cilium:                 Ok    (v-)
NodeMonitor:            Listening for events on 8 CPUs with 64x4096 of shared memory
Cilium health daemon:   Ok   
IPAM:                   IPv4: 4/254 allocated from 10.244.0.0/24, 
Allocated addresses:
  10.244.0.163 (kube-system/coredns-5bf8685f84-v2t8x)
  10.244.0.29 (health)
  10.244.0.56 (kube-system/coredns-5bf8685f84-nsmbr)
  10.244.0.88 (router)
IPv4 BIG TCP:           Disabled
IPv6 BIG TCP:           Disabled
BandwidthManager:       Disabled
Routing:                Network: Tunnel [vxlan]   Host: Legacy
Attach Mode:            TCX
Device Mode:            veth
Masquerading:           IPTables [IPv4: Enabled, IPv6: Disabled]
Clock Source for BPF:   ktime
Controller Status:      24/24 healthy
  Name                                                  Last success   Last error   Count   Message
  cilium-health-ep                                      48s ago        never        0       no error   
  ct-map-pressure                                       14s ago        never        0       no error   
  endpoint-1190-regeneration-recovery                   never          never        0       no error   
  endpoint-3293-regeneration-recovery                   never          never        0       no error   
  endpoint-3338-regeneration-recovery                   never          never        0       no error   
  endpoint-766-regeneration-recovery                    never          never        0       no error   
  endpoint-gc                                           2m44s ago      never        0       no error   
  endpoint-periodic-regeneration                        44s ago        never        0       no error   
  ipcache-inject-labels                                 49s ago        never        0       no error   
  k8s-heartbeat                                         19s ago        never        0       no error   
  resolve-identity-1190                                 2m18s ago      never        0       no error   
  resolve-identity-3293                                 2m48s ago      never        0       no error   
  resolve-identity-3338                                 2m18s ago      never        0       no error   
  resolve-labels-/                                      22m48s ago     never        0       no error   
  resolve-labels-kube-system/coredns-5bf8685f84-nsmbr   22m18s ago     never        0       no error   
  resolve-labels-kube-system/coredns-5bf8685f84-v2t8x   22m18s ago     never        0       no error   
  restoring-ep-identity (766)                           22m49s ago     never        0       no error   
  sync-policymap-1190                                   7m18s ago      never        0       no error   
  sync-policymap-3293                                   7m44s ago      never        0       no error   
  sync-policymap-3338                                   7m18s ago      never        0       no error   
  sync-policymap-766                                    7m47s ago      never        0       no error   
  sync-to-k8s-ciliumendpoint (1190)                     8s ago         never        0       no error   
  sync-to-k8s-ciliumendpoint (3338)                     8s ago         never        0       no error   
  write-cni-file                                        22m49s ago     never        0       no error   
Proxy Status:            OK, ip 10.244.0.88, 0 redirects active on ports 10000-20000, Envoy: external
Global Identity Range:   min 256, max 65535
Hubble:                  Disabled   Metrics: Disabled
KubeProxyReplacement Details:
  Status:               False
  Socket LB:            Disabled
  Socket LB Tracing:    Disabled
  Socket LB Coverage:   Full
  Session Affinity:     Enabled
  NAT46/64 Support:     Disabled
  Services:
  - ClusterIP:      Enabled
  - NodePort:       Disabled 
  - LoadBalancer:   Disabled 
  - externalIPs:    Disabled 
  - HostPort:       Disabled
  Annotations:      (n/a)
BPF Maps:   dynamic sizing: on (ratio: 0.002500)
  Name                          Size
  Auth                          524288
  Non-TCP connection tracking   72764
  TCP connection tracking       145529
  Endpoints                     65535
  IP cache                      512000
  IPv4 masquerading agent       16384
  IPv6 masquerading agent       16384
  IPv4 fragmentation            8192
  IPv4 service                  65536
  IPv6 service                  65536
  IPv4 service backend          65536
  IPv6 service backend          65536
  IPv4 service reverse NAT      65536
  IPv6 service reverse NAT      65536
  Metrics                       1024
  Ratelimit metrics             64
  NAT                           145529
  Neighbor table                145529
  Endpoint policy               16384
  Policy stats                  65536
  Session affinity              65536
  Sock reverse NAT              72764
Encryption:       Disabled        
Cluster health:   1/1 reachable   (2026-02-21T17:06:58Z)   (Probe interval: 1m5.91673732s)
Name              IP              Node                     Endpoints
  zkd01.fyre.ibm.com (localhost):
    Host connectivity to 10.11.59.172:
      ICMP to stack:   OK, RTT=383.171µs   (Last probed: 2026-02-21T17:06:58Z)
      HTTP to agent:   OK, RTT=293.268µs   (Last probed: 2026-02-21T17:06:58Z)
    Endpoint connectivity to 10.244.0.29:
      ICMP to stack:   OK, RTT=380.127µs    (Last probed: 2026-02-21T17:06:25Z)
      HTTP to agent:   OK, RTT=1.023301ms   (Last probed: 2026-02-21T17:06:25Z)
Modules Health:                             agent
                                            ├── controlplane
                                            │   ├── agent-infra-endpoints
                                            │   │   └── job-init-host-endpoint                              [STOPPED] Start initialization (22m, x1)
                                            │   ├── bgp-control-plane
                                            │   │   ├── observer-job-default-gateway-route-change-tracker      [OK] Primed (22m, x1)
                                            │   │   └── observer-job-device-change-device-change-tracker      [OK] OK (11.233µs) [15] (22m, x1)
                                            │   ├── cilium-agent-dynamic-config
                                            │   │   └── job-k8s-reflector-cilium-configs-cm-cilium-config-kube-system      [OK] 143 upserted, 0 deleted, 143 total objects (22m, x1)
                                            │   ├── cilium-health
                                            │   │   └── job-init                                            [STOPPED] Start initialization (22m, x1)
                                            │   ├── ciliumenvoyconfig
                                            │   │   ├── job-node-labels                                     [OK] Running (22m, x1)
                                            │   │   ├── job-reconcile                                       [OK] OK, 0 object(s) (22m, x2)
                                            │   │   └── job-refresh                                         [OK] Next refresh in 30m0s (22m, x1)
                                            │   ├── clustermesh
                                            │   │   └── job-clustermesh-nodemanager-notifier                [STOPPED] Running (22m, x1)
                                            │   ├── config-drift-checker
                                            │   │   └── job-drift-checker                                   [OK] Running (22m, x1)
                                            │   ├── daemonconfig
                                            │   │   └── timer-job-validate-unchanged-daemon-config          [OK] OK (275.561µs) (27s, x1)
                                            │   ├── dynamic-lifecycle-manager
                                            │   │   ├── job-reconcile                                       [OK] OK, 0 object(s) (22m, x3)
                                            │   │   └── job-refresh                                         [OK] Next refresh in 30m0s (22m, x1)
                                            │   ├── enabled-features
                                            │   │   └── job-update-config-metric                            [STOPPED] Waiting for agent config (22m, x1)
                                            │   ├── endpoint-api
                                            │   │   ├── job-cni-deletion-queue                              [STOPPED] Running (22m, x1)
                                            │   │   └── job-unlock-lockfile                                 [STOPPED] Running (22m, x1)
                                            │   ├── endpoint-manager
                                            │   │   ├── cilium-endpoint-1190 (kube-system/coredns-5bf8685f84-v2t8x)
                                            │   │   │   ├── cep-k8s-sync                                    [OK] sync-to-k8s-ciliumendpoint (1190) (8s, x135)
                                            │   │   │   ├── datapath-regenerate                             [OK] Endpoint regeneration successful (44s, x12)
                                            │   │   │   └── policymap-sync                                  [OK] sync-policymap-1190 (7m18s, x2)
                                            │   │   ├── cilium-endpoint-3293 (/)
                                            │   │   │   ├── datapath-regenerate                             [OK] Endpoint regeneration successful (44s, x13)
                                            │   │   │   └── policymap-sync                                  [OK] sync-policymap-3293 (7m44s, x2)
                                            │   │   ├── cilium-endpoint-3338 (kube-system/coredns-5bf8685f84-nsmbr)
                                            │   │   │   ├── cep-k8s-sync                                    [OK] sync-to-k8s-ciliumendpoint (3338) (8s, x135)
                                            │   │   │   ├── datapath-regenerate                             [OK] Endpoint regeneration successful (44s, x12)
                                            │   │   │   └── policymap-sync                                  [OK] sync-policymap-3338 (7m18s, x2)
                                            │   │   ├── cilium-endpoint-766 (/)
                                            │   │   │   ├── datapath-regenerate                             [OK] Endpoint regeneration successful (44s, x14)
                                            │   │   │   └── policymap-sync                                  [OK] sync-policymap-766 (7m47s, x2)
                                            │   │   ├── endpoint-gc                                         [OK] endpoint-gc (2m44s, x5)
                                            │   │   ├── job-init-periodic-endpoint-controllers              [STOPPED] Running (22m, x1)
                                            │   │   └── job-namespace-updater                               [OK] Running (22m, x1)
                                            │   ├── endpoint-restore
                                            │   │   └── job-finish-endpoint-restore                         [STOPPED] Regenerating restored endpoints (22m, x1)
                                            │   ├── envoy-proxy
                                            │   │   ├── job-accesslog-server                                [OK] Running (22m, x1)
                                            │   │   ├── job-xds-server                                      [OK] Running (22m, x1)
                                            │   │   ├── observer-job-k8s-secrets-resource-events-cilium-secrets      [OK] Primed (22m, x1)
                                            │   │   └── timer-job-version-check                             [DEGRADED] timer job errored (49s, x11)
                                            │   ├── ep-bpf-prog-watchdog
                                            │   │   ├── job-wait-for-endpoint-restore                       [STOPPED] Running (22m, x1)
                                            │   │   └── timer-job-ep-bpf-prog-watchdog                      [OK] OK (1.693437ms) (14s, x1)
                                            │   ├── fqdn
                                            │   │   ├── dns-proxy
                                            │   │   │   └── job-proxy-bootstrapper                          [STOPPED] DNS proxy successfully initialized on port 40939 (22m, x1)
                                            │   │   └── namemanager
                                            │   │       ├── job-wait-for-endpoint-restore                   [STOPPED] OK (22m, x1)
                                            │   │       ├── observer-job-preallocate                        [OK] Primed (22m, x1)
                                            │   │       └── timer-job-dns-garbage-collector-job             [OK] OK (49.152µs) (44s, x1)
                                            │   ├── hostip-sync
                                            │   │   └── job-sync-hostips                                    [OK] Synchronized (49s, x23)
                                            │   ├── hubble
                                            │   │   ├── job-hubble                                          [STOPPED] Running (22m, x1)
                                            │   │   └── timer-job-hubble-namespace-cleanup                  [OK] OK (1.723µs) (2m49s, x1)
                                            │   ├── ipam
                                            │   │   └── ipam-podippool-table
                                            │   │       └── job-k8s-reflector-podippools-daemon-k8s         [OK] 0 upserted, 0 deleted, 0 total objects (22m, x1)
                                            │   ├── ipcache
                                            │   │   ├── job-api-server-backend-watcher                      [OK] Running (22m, x1)
                                            │   │   └── job-release-local-identities                        [STOPPED] Running (22m, x1)
                                            │   ├── k8s-tables
                                            │   │   ├── job-k8s-reflector-k8s-namespaces-daemon-k8s         [OK] 5 upserted, 0 deleted, 5 total objects (22m, x1)
                                            │   │   └── job-k8s-reflector-k8s-pods-daemon-k8s               [OK] 0 upserted, 1 deleted, 10 total objects (22m, x1)
                                            │   ├── l2-announcer
                                            │   │   └── job-l2-announcer-lease-gc                           [STOPPED] Running (22m, x1)
                                            │   ├── l7-proxy
                                            │   │   ├── job-proxy-ports-restore                             [STOPPED] Running (22m, x1)
                                            │   │   └── timer-job-proxy-ports-checkpoint                    [OK] OK (779.645µs) (49s, x1)
                                            │   ├── loadbalancer-healthserver
                                            │   │   └── job-control-loop                                    [STOPPED] Running (22m, x1)
                                            │   ├── loadbalancer-maps
                                            │   │   └── timer-job-pressure-metrics-reporter                 [OK] OK (3.157228ms) (2m49s, x1)
                                            │   ├── loadbalancer-reconciler
                                            │   │   ├── job-reconcile                                       [OK] OK, 4 object(s) (22m, x18)
                                            │   │   ├── job-refresh                                         [OK] Next refresh in 29m59.999630246s (22m, x1)
                                            │   │   └── job-start-reconciler                                [STOPPED] Waiting for load-balancing tables to initialize (22m, x1)
                                            │   ├── loadbalancer-reflectors
                                            │   │   └── k8s-reflector
                                            │   │       ├── job-reflect-pods                                [OK] Running (22m, x1)
                                            │   │       └── job-reflect-services-endpoints                  [OK] Running (22m, x1)
                                            │   ├── loadbalancer-writer
                                            │   │   └── job-node-addr-reconciler                            [OK] Running (22m, x1)
                                            │   ├── local-node-store
                                            │   │   └── job-sync-local-node                                 [OK] Running (22m, x1)
                                            │   ├── node-manager
                                            │   │   ├── job-backgroundSync                                  [OK] Node validation successful (20s, x32)
                                            │   │   ├── node-checkpoint-writer                              [OK] node checkpoint written (22m, x1)
                                            │   │   └── nodes-add                                           [OK] Node adds successful (22m, x1)
                                            │   ├── policy
                                            │   │   ├── observer-job-policy-importer                        [OK] Primed (22m, x1)
                                            │   │   └── timer-job-id-alloc-update-policy-maps               [OK] OK (118.506µs) (22m, x1)
                                            │   ├── stale-endpoint-cleanup
                                            │   │   └── job-endpoint-cleanup                                [STOPPED] Running (22m, x1)
                                            │   ├── status
                                            │   │   └── job-probes                                          [OK] Running (22m, x1)
                                            │   └── ztunnel
                                            │       └── enrollment-reconciler
                                            │           └── job-derive-desired-mtls-namespace-enrollments    [OK] Running (22m, x1)
                                            ├── datapath
                                            │   ├── agent-liveness-updater
                                            │   │   └── timer-job-agent-liveness-updater                    [OK] OK (76.157µs) (0s, x1)
                                            │   ├── device-reconciler
                                            │   │   ├── job-reconcile                                       [OK] OK, 0 object(s) (22m, x3)
                                            │   │   └── job-refresh                                         [OK] Next refresh in 30m0s (22m, x1)
                                            │   ├── iptables
                                            │   │   ├── ipset
                                            │   │   │   ├── job-ipset-init-finalizer                        [STOPPED] Running (22m, x1)
                                            │   │   │   ├── job-reconcile                                   [OK] OK, 0 object(s) (22m, x2)
                                            │   │   │   └── job-refresh                                     [OK] Next refresh in 30m0s (22m, x1)
                                            │   │   └── job-iptables-reconciliation-loop                    [OK] iptables rules update completed (22m, x1)
                                            │   ├── l2-responder
                                            │   │   └── job-l2-responder-reconciler                         [OK] Running (22m, x1)
                                            │   ├── link-cache
                                            │   │   └── timer-job-sync                                      [OK] OK (821.235µs) (4s, x1)
                                            │   ├── loader
                                            │   │   └── job-per-endpoint-route-initializer                  [STOPPED] Running (22m, x1)
                                            │   ├── maps
                                            │   │   ├── bwmap
                                            │   │   │   └── timer-job-pressure-metric-throttle              [OK] OK (3.194µs) (19s, x1)
                                            │   │   ├── ct-nat-map-gc
                                            │   │   │   ├── job-enable-gc                                   [STOPPED] Running (22m, x1)
                                            │   │   │   ├── observer-job-nat-map-next4                      [OK] OK (1.787µs) [782] (3m59s, x1)
                                            │   │   │   └── observer-job-nat-map-next6                      [OK] Primed (22m, x1)
                                            │   │   ├── netdev-map
                                            │   │   │   └── netdev-map-sync
                                            │   │   │       └── job-netdev-map-sync                         [OK] Running (22m, x1)
                                            │   │   └── subnet-map
                                            │   │       └── timer-job-pressure-metric-subnet_map            [OK] OK (5.095µs) (19s, x1)
                                            │   ├── maps-cleanup
                                            │   │   └── job-cleanup                                         [STOPPED] Running (22m, x1)
                                            │   ├── mtu
                                            │   │   ├── job-endpoint-mtu-updater                            [OK] Endpoint MTU updated (22m, x1)
                                            │   │   └── job-mtu-updater                                     [OK] MTU updated (1500) (22m, x1)
                                            │   ├── node-address
                                            │   │   ├──                                                     [OK] 9.30.183.125 (primary) (22m, x1)
                                            │   │   └── job-node-address-update                             [OK] Running (22m, x1)
                                            │   ├── orchestrator
                                            │   │   └── job-reinitialize                                    [OK] OK (22m, x1)
                                            │   ├── route-reconciler
                                            │   │   ├── job-desired-route-refresher                         [OK] Running (22m, x1)
                                            │   │   ├── job-reconcile                                       [OK] OK, 1 object(s) (22m, x4)
                                            │   │   └── job-refresh                                         [OK] Next refresh in 30m0s (22m, x1)
                                            │   ├── sysctl
                                            │   │   ├── job-reconcile                                       [OK] OK, 20 object(s) (2m49s, x35)
                                            │   │   └── job-refresh                                         [OK] Next refresh in 9m59.721824168s (2m49s, x1)
                                            │   └── utime
                                            │       └── timer-job-sync-userspace-and-datapath               [OK] OK (131.929µs) (49s, x1)
                                            └── infra
                                                ├── agent-healthz
                                                │   └── job-agent-healthz-server-ipv4                       [OK] Running (22m, x1)
                                                ├── k8s-synced-crdsync
                                                │   └── job-sync-crds                                       [STOPPED] Running (22m, x1)
                                                ├── metrics
                                                │   ├── job-collect                                         [OK] Sampled 24 metrics in 4.628985ms, next collection at 2026-02-21 17:09:57.825231613 +0000 UTC m=+1501.228756713 (2m49s, x1)
                                                │   └── timer-job-cleanup                                   [OK] Primed (22m, x1)
                                                └── shell
                                                    └── job-listener                                        [OK] Listening on /var/run/cilium/shell.sock (22m, x1)
                                            

Smoke checks passed
