===== RUN make -C bpf/tests run BPF_STACK_SIZE=1024 =====
** WARNING: connection is not using a post-quantum key exchange algorithm.
** This session may be vulnerable to "store now, decrypt later" attacks.
** The server may need to be upgraded. See https://openssh.com/pq.html
*****************************************************************************
* Systems must only be used for conducting IBMs business. IBM may exercise  *
* rights to manage and enforce security, monitor use, remove access or      *
* block traffic to and from this system, as well as any other rights listed *
* in ITSS.                                                                  *
*                                                                           *
* Users must comply with DevIT service terms of use, IBM policies,          *
* directives and corporate instructions including, import/export of data,   *
* BCGs, Corporate Instructions, Standards, Addenda as well as all other     *
* responsibilities listed in ITSS.                                          *
*****************************************************************************


make: Entering directory '/root/work/cilium-s390x/bpf/tests'
/etc/bashrc: line 12: BASHRCSOURCED: unbound variable
/etc/bashrc: line 12: BASHRCSOURCED: unbound variable
/etc/bashrc: line 12: BASHRCSOURCED: unbound variable
/etc/bashrc: line 12: BASHRCSOURCED: unbound variable
/etc/bashrc: line 12: BASHRCSOURCED: unbound variable
/etc/bashrc: line 12: BASHRCSOURCED: unbound variable
/etc/bashrc: line 12: BASHRCSOURCED: unbound variable
/etc/bashrc: line 12: BASHRCSOURCED: unbound variable
/etc/bashrc: line 12: BASHRCSOURCED: unbound variable
/etc/bashrc: line 12: BASHRCSOURCED: unbound variable
/etc/bashrc: line 12: BASHRCSOURCED: unbound variable
/etc/bashrc: line 12: BASHRCSOURCED: unbound variable
/etc/bashrc: line 12: BASHRCSOURCED: unbound variable
/etc/bashrc: line 12: BASHRCSOURCED: unbound variable
/etc/bashrc: line 12: BASHRCSOURCED: unbound variable
/root/work/cilium-s390x/bpf/tests/scapy/./parser.py . > /root/work/cilium-s390x/bpf/tests/output/gen_pkts.h.tmp
/etc/bashrc: line 12: BASHRCSOURCED: unbound variable
/etc/bashrc: line 12: BASHRCSOURCED: unbound variable
/etc/bashrc: line 12: BASHRCSOURCED: unbound variable
if ! cmp -s /root/work/cilium-s390x/bpf/tests/output/gen_pkts.h /root/work/cilium-s390x/bpf/tests/output/gen_pkts.h.tmp; then	\
	mv /root/work/cilium-s390x/bpf/tests/output/gen_pkts.h.tmp /root/work/cilium-s390x/bpf/tests/output/gen_pkts.h;			\
else								\
	rm /root/work/cilium-s390x/bpf/tests/output/gen_pkts.h.tmp;					\
fi
/etc/bashrc: line 12: BASHRCSOURCED: unbound variable
/etc/bashrc: line 12: BASHRCSOURCED: unbound variable
/etc/bashrc: line 12: BASHRCSOURCED: unbound variable
/etc/bashrc: line 12: BASHRCSOURCED: unbound variable
/etc/bashrc: line 12: BASHRCSOURCED: unbound variable
make: *** [Makefile:62: bpf_ct_tests.o] Error 1
make: Leaving directory '/root/work/cilium-s390x/bpf/tests'
