# 2026-02-21T18:13:39Z no-backend quartet r8
** WARNING: connection is not using a post-quantum key exchange algorithm.
** This session may be vulnerable to "store now, decrypt later" attacks.
** The server may need to be upgraded. See https://openssh.com/pq.html
*****************************************************************************
* Systems must only be used for conducting IBMs business. IBM may exercise  *
* rights to manage and enforce security, monitor use, remove access or      *
* block traffic to and from this system, as well as any other rights listed *
* in ITSS.                                                                  *
*                                                                           *
* Users must comply with DevIT service terms of use, IBM policies,          *
* directives and corporate instructions including, import/export of data,   *
* BCGs, Corporate Instructions, Standards, Addenda as well as all other     *
* responsibilities listed in ITSS.                                          *
*****************************************************************************


make: Entering directory '/root/work/cilium-s390x/bpf/tests'
rm -f output/*
rm -f 
rm -f tc_nodeport_lb4_no_backend.o
rm -f 
rm -f tc_nodeport_lb4_no_backend.d
make: Leaving directory '/root/work/cilium-s390x/bpf/tests'
===== RUN tc_nodeport_lb4_no_backend =====
make: Entering directory '/root/work/cilium-s390x/bpf/tests'
/root/work/cilium-s390x/bpf/tests/scapy/./parser.py . > /root/work/cilium-s390x/bpf/tests/output/gen_pkts.h.tmp
if ! cmp -s /root/work/cilium-s390x/bpf/tests/output/gen_pkts.h /root/work/cilium-s390x/bpf/tests/output/gen_pkts.h.tmp; then	\
	mv /root/work/cilium-s390x/bpf/tests/output/gen_pkts.h.tmp /root/work/cilium-s390x/bpf/tests/output/gen_pkts.h;			\
else								\
	rm /root/work/cilium-s390x/bpf/tests/output/gen_pkts.h.tmp;					\
fi
clang -I/root/work/cilium-s390x/bpf -I/root/work/cilium-s390x/bpf/include -g -O2 --target=bpf -std=gnu99 -nostdinc -ftrap-function=__undefined_trap -Wall -Wextra -Werror -Wshadow -Wno-address-of-packed-member -Wno-unknown-warning-option -Wno-gnu-variable-sized-type-not-at-end -Wimplicit-int-conversion -Wenum-conversion -Wimplicit-fallthrough -MD -mcpu=v3 -mllvm -bpf-stack-size=1024 -c tc_nodeport_lb4_no_backend.c -o tc_nodeport_lb4_no_backend.o
go test ./bpftest \
	-bpf-test-path /root/work/cilium-s390x/bpf/tests \
	-mod=vendor -vet=all -tags=osusergo -test.v -dump-ctx -test tc_nodeport_lb4_no_backend \
| cat;
=== RUN   TestBPF
=== RUN   TestBPF/tc_nodeport_lb4_no_backend.o
=== RUN   TestBPF/tc_nodeport_lb4_no_backend.o/tc_nodeport_no_backend
    bpf_test.go:459: Pktgen returned status: 
    bpf_test.go:460: 0
    bpf_test.go:461: data after pktgen: 
    bpf_test.go:462: ([]uint8) (len=74 cap=3778) {
         00000000  ce 72 a7 03 88 56 de ad  be ef de ef 08 00 45 00  |.r...V........E.|
         00000010  00 3c 00 00 00 00 40 06  4b a9 6e 00 0b 01 ac 10  |.<....@.K.n.....|
         00000020  0a 02 00 6f 00 50 00 01  e2 40 00 00 00 00 50 02  |...o.P...@....P.|
         00000030  ff ff 5b 4e 00 00 53 68  6f 75 6c 64 20 6e 6f 74  |..[N..Should not|
         00000040  20 63 68 61 6e 67 65 21  21 00                    | change!!.|
        }
        
    bpf_test.go:463: ctx after pktgen: 
    bpf_test.go:464: ([]uint8) (len=256 cap=256) {
         00000000  00 00 00 00 00 00 00 00  00 00 00 00 00 00 00 00  |................|
         00000010  00 00 00 00 00 00 00 00  00 00 00 00 00 00 00 00  |................|
         00000020  00 00 00 00 00 00 00 00  00 00 00 01 00 00 00 00  |................|
         00000030  00 00 00 00 00 00 00 00  00 00 00 00 00 00 00 00  |................|
         00000040  00 00 00 00 00 00 00 00  00 00 00 00 00 00 00 00  |................|
         00000050  00 00 00 00 00 00 00 00  00 00 00 00 00 00 00 00  |................|
         00000060  00 00 00 00 00 00 00 00  00 00 00 00 00 00 00 00  |................|
         00000070  00 00 00 00 00 00 00 00  00 00 00 00 00 00 00 00  |................|
         00000080  00 00 00 00 00 00 00 00  00 00 00 00 00 00 00 00  |................|
         00000090  00 00 00 00 00 00 00 00  00 00 00 00 00 00 00 00  |................|
         000000a0  00 00 0d c0 00 00 00 00  00 00 00 00 00 00 00 00  |................|
         000000b0  00 00 00 00 00 00 00 00  00 00 00 00 00 00 00 00  |................|
         000000c0  00 00 00 00 00 00 00 00  00 00 00 00 00 00 00 00  |................|
         000000d0  00 00 00 00 00 00 00 00  00 00 00 00 00 00 00 00  |................|
         000000e0  00 00 00 00 00 00 00 00  00 00 00 00 00 00 00 00  |................|
         000000f0  00 00 00 00 00 00 00 00  00 00 00 00 00 00 00 00  |................|
        }
        
    bpf_test.go:478: Setup returned status: 
    bpf_test.go:479: 7
    bpf_test.go:480: data after setup: 
    bpf_test.go:481: ([]uint8) (len=106 cap=332) {
         00000000  de ad be ef de ef ce 72  a7 03 88 56 08 00 45 00  |.......r...V..E.|
         00000010  00 5c 00 00 00 00 40 01  4b 8e ac 10 0a 02 6e 00  |.\....@.K.....n.|
         00000020  0b 01 03 03 39 32 00 00  00 00 45 00 00 3c 00 00  |....92....E..<..|
         00000030  00 00 40 06 4b a9 6e 00  0b 01 ac 10 0a 02 00 6f  |..@.K.n........o|
         00000040  00 50 00 01 e2 40 00 00  00 00 50 02 ff ff 5b 4e  |.P...@....P...[N|
         00000050  00 00 53 68 6f 75 6c 64  20 6e 6f 74 20 63 68 61  |..Should not cha|
         00000060  6e 67 65 21 21 00 00 00  00 00                    |nge!!.....|
        }
        
    bpf_test.go:482: ctx after setup: 
    bpf_test.go:483: ([]uint8) (len=256 cap=256) {
         00000000  00 00 00 00 00 00 00 00  00 00 00 00 00 00 00 00  |................|
         00000010  00 00 00 00 00 00 00 00  00 00 00 00 00 00 00 00  |................|
         00000020  00 00 00 00 00 00 00 00  00 00 00 01 00 00 00 00  |................|
         00000030  00 00 00 00 00 00 00 00  00 00 00 00 00 00 00 00  |................|
         00000040  00 00 00 00 00 00 00 00  00 00 00 00 00 00 00 00  |................|
         00000050  00 00 00 00 00 00 00 00  00 00 00 00 00 00 00 00  |................|
         00000060  00 00 00 00 00 00 00 00  00 00 00 00 00 00 00 00  |................|
         00000070  00 00 00 00 00 00 00 00  00 00 00 00 00 00 00 00  |................|
         00000080  00 00 00 00 00 00 00 00  00 00 00 00 00 00 00 00  |................|
         00000090  00 00 00 00 00 00 00 00  00 00 00 00 00 00 00 00  |................|
         000000a0  00 00 0d c0 00 00 00 00  00 00 00 00 00 00 00 00  |................|
         000000b0  00 00 00 00 00 00 00 00  00 00 00 00 00 00 00 00  |................|
         000000c0  00 00 00 00 00 00 00 00  00 00 00 00 00 00 00 00  |................|
         000000d0  00 00 00 00 00 00 00 00  00 00 00 00 00 00 00 00  |................|
         000000e0  00 00 00 00 00 00 00 00  00 00 00 00 00 00 00 00  |................|
         000000f0  00 00 00 00 00 00 00 00  00 00 00 00 00 00 00 00  |................|
        }
        
    bpf_test.go:497: Check returned status: 
    bpf_test.go:498: 101
    bpf_test.go:499: data after check: 110
    bpf_test.go:500: ([]uint8) (len=110 cap=368) {
         00000000  00 00 00 07 de ad be ef  de ef ce 72 a7 03 88 56  |...........r...V|
         00000010  08 00 45 00 00 5c 00 00  00 00 40 01 4b 8e ac 10  |..E..\....@.K...|
         00000020  0a 02 6e 00 0b 01 03 03  39 32 00 00 00 00 45 00  |..n.....92....E.|
         00000030  00 3c 00 00 00 00 40 06  4b a9 6e 00 0b 01 ac 10  |.<....@.K.n.....|
         00000040  0a 02 00 6f 00 50 00 01  e2 40 00 00 00 00 50 02  |...o.P...@....P.|
         00000050  ff ff 5b 4e 00 00 53 68  6f 75 6c 64 20 6e 6f 74  |..[N..Should not|
         00000060  20 63 68 61 6e 67 65 21  21 00 00 00 00 00        | change!!.....|
        }
        
    bpf_test.go:501: ctx after check: 
    bpf_test.go:502: ([]uint8) (len=256 cap=256) {
         00000000  00 00 00 00 00 00 00 00  00 00 00 00 00 00 00 00  |................|
         00000010  00 00 00 00 00 00 00 00  00 00 00 00 00 00 00 00  |................|
         00000020  00 00 00 00 00 00 00 00  00 00 00 01 00 00 00 00  |................|
         00000030  00 00 00 00 00 00 00 00  00 00 00 00 00 00 00 00  |................|
         00000040  00 00 00 00 00 00 00 00  00 00 00 00 00 00 00 00  |................|
         00000050  00 00 00 00 00 00 00 00  00 00 00 00 00 00 00 00  |................|
         00000060  00 00 00 00 00 00 00 00  00 00 00 00 00 00 00 00  |................|
         00000070  00 00 00 00 00 00 00 00  00 00 00 00 00 00 00 00  |................|
         00000080  00 00 00 00 00 00 00 00  00 00 00 00 00 00 00 00  |................|
         00000090  00 00 00 00 00 00 00 00  00 00 00 00 00 00 00 00  |................|
         000000a0  00 00 0d c0 00 00 00 00  00 00 00 00 00 00 00 00  |................|
         000000b0  00 00 00 00 00 00 00 00  00 00 00 00 00 00 00 00  |................|
         000000c0  00 00 00 00 00 00 00 00  00 00 00 00 00 00 00 00  |................|
         000000d0  00 00 00 00 00 00 00 00  00 00 00 00 00 00 00 00  |................|
         000000e0  00 00 00 00 00 00 00 00  00 00 00 00 00 00 00 00  |................|
         000000f0  00 00 00 00 00 00 00 00  00 00 00 00 00 00 00 00  |................|
        }
        
=== NAME  TestBPF/tc_nodeport_lb4_no_backend.o
    bpf_test.go:64: CPU 05: MARK 0x0 FROM 0 DEBUG: Failed to map addr=110.0.11.1 to identity
    bpf_test.go:64: CPU 05: MARK 0x0 FROM 0 DEBUG: Conntrack lookup 1/2: src=110.0.11.1:111 dst=172.16.10.2:80
    bpf_test.go:64: CPU 05: MARK 0x0 FROM 0 DEBUG: Conntrack lookup 2/2: nexthdr=6 flags=4 dir=2 scope=1
    bpf_test.go:64: CPU 05: MARK 0x0 FROM 0 DEBUG: CT verdict: New, revnat=1
=== NAME  TestBPF/tc_nodeport_lb4_no_backend.o/tc_nodeport_no_backend
    bpf_test.go:584: tc_nodeport_lb4_no_backend.c:93: Status code: 0
=== RUN   TestBPF/tc_nodeport_lb4_no_backend.o/tc_nodeport_no_backend2_reply
time=2026-02-21T10:13:53.181933244-08:00 level=info msg="Initializing dissection cache..."
    bpf_test.go:459: Pktgen returned status: 
    bpf_test.go:460: 0
    bpf_test.go:461: data after pktgen: 
    bpf_test.go:462: ([]uint8) (len=74 cap=3778) {
         00000000  ce 72 a7 03 88 56 de ad  be ef de ef 08 00 45 00  |.r...V........E.|
         00000010  00 3c 00 00 00 00 40 06  4b a9 6e 00 0b 01 ac 10  |.<....@.K.n.....|
         00000020  0a 02 00 6f 00 50 00 01  e2 40 00 00 00 00 50 02  |...o.P...@....P.|
         00000030  ff ff 5b 4e 00 00 53 68  6f 75 6c 64 20 6e 6f 74  |..[N..Should not|
         00000040  20 63 68 61 6e 67 65 21  21 00                    | change!!.|
        }
        
    bpf_test.go:463: ctx after pktgen: 
=== NAME  TestBPF/tc_nodeport_lb4_no_backend.o
    bpf_test.go:64: -> 1: [error]
=== NAME  TestBPF/tc_nodeport_lb4_no_backend.o/tc_nodeport_no_backend2_reply
    bpf_test.go:464: ([]uint8) (len=256 cap=256) {
         00000000  00 00 00 00 00 00 00 00  00 00 00 00 00 00 00 00  |................|
         00000010  00 00 00 00 00 00 00 00  00 00 00 00 00 00 00 00  |................|
         00000020  00 00 00 00 00 00 00 00  00 00 00 01 00 00 00 00  |................|
         00000030  00 00 00 00 00 00 00 00  00 00 00 00 00 00 00 00  |................|
         00000040  00 00 00 00 00 00 00 00  00 00 00 00 00 00 00 00  |................|
         00000050  00 00 00 00 00 00 00 00  00 00 00 00 00 00 00 00  |................|
         00000060  00 00 00 00 00 00 00 00  00 00 00 00 00 00 00 00  |................|
         00000070  00 00 00 00 00 00 00 00  00 00 00 00 00 00 00 00  |................|
         00000080  00 00 00 00 00 00 00 00  00 00 00 00 00 00 00 00  |................|
         00000090  00 00 00 00 00 00 00 00  00 00 00 00 00 00 00 00  |................|
         000000a0  00 00 0d c0 00 00 00 00  00 00 00 00 00 00 00 00  |................|
         000000b0  00 00 00 00 00 00 00 00  00 00 00 00 00 00 00 00  |................|
         000000c0  00 00 00 00 00 00 00 00  00 00 00 00 00 00 00 00  |................|
         000000d0  00 00 00 00 00 00 00 00  00 00 00 00 00 00 00 00  |................|
         000000e0  00 00 00 00 00 00 00 00  00 00 00 00 00 00 00 00  |................|
         000000f0  00 00 00 00 00 00 00 00  00 00 00 00 00 00 00 00  |................|
        }
        
    bpf_test.go:478: Setup returned status: 
    bpf_test.go:479: 0
    bpf_test.go:480: data after setup: 
=== NAME  TestBPF/tc_nodeport_lb4_no_backend.o
    bpf_test.go:64: -> 1: [error]
=== NAME  TestBPF/tc_nodeport_lb4_no_backend.o/tc_nodeport_no_backend2_reply
    bpf_test.go:481: ([]uint8) (len=106 cap=332) {
         00000000  de ad be ef de ef ce 72  a7 03 88 56 08 00 45 00  |.......r...V..E.|
         00000010  00 5c 00 00 00 00 40 01  4b 8e ac 10 0a 02 6e 00  |.\....@.K.....n.|
         00000020  0b 01 03 03 39 32 00 00  00 00 45 00 00 3c 00 00  |....92....E..<..|
         00000030  00 00 40 06 4b a9 6e 00  0b 01 ac 10 0a 02 00 6f  |..@.K.n........o|
         00000040  00 50 00 01 e2 40 00 00  00 00 50 02 ff ff 5b 4e  |.P...@....P...[N|
         00000050  00 00 53 68 6f 75 6c 64  20 6e 6f 74 20 63 68 61  |..Should not cha|
         00000060  6e 67 65 21 21 00 00 00  00 00                    |nge!!.....|
        }
        
    bpf_test.go:482: ctx after setup: 
    bpf_test.go:483: ([]uint8) (len=256 cap=256) {
         00000000  00 00 00 00 00 00 00 00  00 00 00 00 00 00 00 00  |................|
         00000010  00 00 00 00 00 00 00 00  00 00 00 00 00 00 00 00  |................|
         00000020  00 00 00 00 00 00 00 00  00 00 00 01 00 00 00 00  |................|
         00000030  00 00 00 00 00 00 00 00  00 00 00 00 00 00 00 00  |................|
         00000040  00 00 00 00 00 00 00 00  00 00 00 00 00 00 00 00  |................|
         00000050  00 00 00 00 00 00 00 00  00 00 00 00 00 00 00 00  |................|
         00000060  00 00 00 00 00 00 00 00  00 00 00 00 00 00 00 00  |................|
         00000070  00 00 00 00 00 00 00 00  00 00 00 00 00 00 00 00  |................|
         00000080  00 00 00 00 00 00 00 00  00 00 00 00 00 00 00 00  |................|
         00000090  00 00 00 00 00 00 00 00  00 00 00 00 00 00 00 00  |................|
         000000a0  00 00 0d c0 00 00 00 00  00 00 00 00 00 00 00 00  |................|
         000000b0  00 00 00 00 00 00 00 00  00 00 00 00 00 00 00 00  |................|
         000000c0  00 00 00 00 00 00 00 00  00 00 00 00 00 00 00 00  |................|
         000000d0  00 00 00 00 00 00 00 00  00 00 00 00 00 00 00 00  |................|
         000000e0  00 00 00 00 00 00 00 00  00 00 00 00 00 00 00 00  |................|
         000000f0  00 00 00 00 00 00 00 00  00 00 00 00 00 00 00 00  |................|
        }
        
    bpf_test.go:497: Check returned status: 
    bpf_test.go:498: 101
    bpf_test.go:499: data after check: 110
    bpf_test.go:500: ([]uint8) (len=110 cap=368) {
         00000000  00 00 00 00 de ad be ef  de ef ce 72 a7 03 88 56  |...........r...V|
         00000010  08 00 45 00 00 5c 00 00  00 00 40 01 4b 8e ac 10  |..E..\....@.K...|
         00000020  0a 02 6e 00 0b 01 03 03  39 32 00 00 00 00 45 00  |..n.....92....E.|
         00000030  00 3c 00 00 00 00 40 06  4b a9 6e 00 0b 01 ac 10  |.<....@.K.n.....|
         00000040  0a 02 00 6f 00 50 00 01  e2 40 00 00 00 00 50 02  |...o.P...@....P.|
         00000050  ff ff 5b 4e 00 00 53 68  6f 75 6c 64 20 6e 6f 74  |..[N..Should not|
         00000060  20 63 68 61 6e 67 65 21  21 00 00 00 00 00        | change!!.....|
        }
        
    bpf_test.go:501: ctx after check: 
    bpf_test.go:502: ([]uint8) (len=256 cap=256) {
         00000000  00 00 00 00 00 00 00 00  00 00 00 00 00 00 00 00  |................|
         00000010  00 00 00 00 00 00 00 00  00 00 00 00 00 00 00 00  |................|
         00000020  00 00 00 00 00 00 00 00  00 00 00 01 00 00 00 00  |................|
         00000030  00 00 00 00 00 00 00 00  00 00 00 00 00 00 00 00  |................|
         00000040  00 00 00 00 00 00 00 00  00 00 00 00 00 00 00 00  |................|
         00000050  00 00 00 00 00 00 00 00  00 00 00 00 00 00 00 00  |................|
         00000060  00 00 00 00 00 00 00 00  00 00 00 00 00 00 00 00  |................|
         00000070  00 00 00 00 00 00 00 00  00 00 00 00 00 00 00 00  |................|
         00000080  00 00 00 00 00 00 00 00  00 00 00 00 00 00 00 00  |................|
         00000090  00 00 00 00 00 00 00 00  00 00 00 00 00 00 00 00  |................|
         000000a0  00 00 0d c0 00 00 00 00  00 00 00 00 00 00 00 00  |................|
         000000b0  00 00 00 00 00 00 00 00  00 00 00 00 00 00 00 00  |................|
         000000c0  00 00 00 00 00 00 00 00  00 00 00 00 00 00 00 00  |................|
         000000d0  00 00 00 00 00 00 00 00  00 00 00 00 00 00 00 00  |................|
         000000e0  00 00 00 00 00 00 00 00  00 00 00 00 00 00 00 00  |................|
         000000f0  00 00 00 00 00 00 00 00  00 00 00 00 00 00 00 00  |................|
        }
        
    bpf_test.go:584: tc_nodeport_lb4_no_backend.c:93: Status code: 0
--- PASS: TestBPF (0.62s)
    --- PASS: TestBPF/tc_nodeport_lb4_no_backend.o (0.62s)
        --- PASS: TestBPF/tc_nodeport_lb4_no_backend.o/tc_nodeport_no_backend (0.00s)
        --- PASS: TestBPF/tc_nodeport_lb4_no_backend.o/tc_nodeport_no_backend2_reply (0.00s)
PASS
ok  	github.com/cilium/cilium/bpf/tests/bpftest	0.679s
make: Leaving directory '/root/work/cilium-s390x/bpf/tests'
===== RESULT tc_nodeport_lb4_no_backend: PASS =====
===== RUN tc_lxc_lb4_no_backend =====
make: Entering directory '/root/work/cilium-s390x/bpf/tests'
/root/work/cilium-s390x/bpf/tests/scapy/./parser.py . > /root/work/cilium-s390x/bpf/tests/output/gen_pkts.h.tmp
if ! cmp -s /root/work/cilium-s390x/bpf/tests/output/gen_pkts.h /root/work/cilium-s390x/bpf/tests/output/gen_pkts.h.tmp; then	\
	mv /root/work/cilium-s390x/bpf/tests/output/gen_pkts.h.tmp /root/work/cilium-s390x/bpf/tests/output/gen_pkts.h;			\
else								\
	rm /root/work/cilium-s390x/bpf/tests/output/gen_pkts.h.tmp;					\
fi
clang -I/root/work/cilium-s390x/bpf -I/root/work/cilium-s390x/bpf/include -g -O2 --target=bpf -std=gnu99 -nostdinc -ftrap-function=__undefined_trap -Wall -Wextra -Werror -Wshadow -Wno-address-of-packed-member -Wno-unknown-warning-option -Wno-gnu-variable-sized-type-not-at-end -Wimplicit-int-conversion -Wenum-conversion -Wimplicit-fallthrough -MD -mcpu=v3 -mllvm -bpf-stack-size=1024 -c tc_lxc_lb4_no_backend.c -o tc_lxc_lb4_no_backend.o
go test ./bpftest \
	-bpf-test-path /root/work/cilium-s390x/bpf/tests \
	-mod=vendor -vet=all -tags=osusergo -test.v -dump-ctx -test tc_lxc_lb4_no_backend \
| cat;
=== RUN   TestBPF
=== RUN   TestBPF/tc_lxc_lb4_no_backend.o
=== RUN   TestBPF/tc_lxc_lb4_no_backend.o/tc_lxc_no_backend
    bpf_test.go:459: Pktgen returned status: 
    bpf_test.go:460: 0
    bpf_test.go:461: data after pktgen: 
    bpf_test.go:462: ([]uint8) (len=74 cap=3778) {
         00000000  ce 72 a7 03 88 56 de ad  be ef de ef 08 00 45 00  |.r...V........E.|
         00000010  00 3c 00 00 00 00 40 06  4b a9 6e 00 0b 01 ac 10  |.<....@.K.n.....|
         00000020  0a 02 00 6f 00 50 00 01  e2 40 00 00 00 00 50 02  |...o.P...@....P.|
         00000030  ff ff 5b 4e 00 00 53 68  6f 75 6c 64 20 6e 6f 74  |..[N..Should not|
         00000040  20 63 68 61 6e 67 65 21  21 00                    | change!!.|
        }
        
    bpf_test.go:463: ctx after pktgen: 
    bpf_test.go:464: ([]uint8) (len=256 cap=256) {
         00000000  00 00 00 00 00 00 00 00  00 00 00 00 00 00 00 00  |................|
         00000010  00 00 00 00 00 00 00 00  00 00 00 00 00 00 00 00  |................|
         00000020  00 00 00 00 00 00 00 00  00 00 00 01 00 00 00 00  |................|
         00000030  00 00 00 00 00 00 00 00  00 00 00 00 00 00 00 00  |................|
         00000040  00 00 00 00 00 00 00 00  00 00 00 00 00 00 00 00  |................|
         00000050  00 00 00 00 00 00 00 00  00 00 00 00 00 00 00 00  |................|
         00000060  00 00 00 00 00 00 00 00  00 00 00 00 00 00 00 00  |................|
         00000070  00 00 00 00 00 00 00 00  00 00 00 00 00 00 00 00  |................|
         00000080  00 00 00 00 00 00 00 00  00 00 00 00 00 00 00 00  |................|
         00000090  00 00 00 00 00 00 00 00  00 00 00 00 00 00 00 00  |................|
         000000a0  00 00 0d c0 00 00 00 00  00 00 00 00 00 00 00 00  |................|
         000000b0  00 00 00 00 00 00 00 00  00 00 00 00 00 00 00 00  |................|
         000000c0  00 00 00 00 00 00 00 00  00 00 00 00 00 00 00 00  |................|
         000000d0  00 00 00 00 00 00 00 00  00 00 00 00 00 00 00 00  |................|
         000000e0  00 00 00 00 00 00 00 00  00 00 00 00 00 00 00 00  |................|
         000000f0  00 00 00 00 00 00 00 00  00 00 00 00 00 00 00 00  |................|
        }
        
    bpf_test.go:478: Setup returned status: 
    bpf_test.go:479: 7
    bpf_test.go:480: data after setup: 
    bpf_test.go:481: ([]uint8) (len=106 cap=332) {
         00000000  de ad be ef de ef ce 72  a7 03 88 56 08 00 45 00  |.......r...V..E.|
         00000010  00 5c 00 00 00 00 40 01  4b 8e ac 10 0a 02 6e 00  |.\....@.K.....n.|
         00000020  0b 01 03 03 39 32 00 00  00 00 45 00 00 3c 00 00  |....92....E..<..|
         00000030  00 00 40 06 4b a9 6e 00  0b 01 ac 10 0a 02 00 6f  |..@.K.n........o|
         00000040  00 50 00 01 e2 40 00 00  00 00 50 02 ff ff 5b 4e  |.P...@....P...[N|
         00000050  00 00 53 68 6f 75 6c 64  20 6e 6f 74 20 63 68 61  |..Should not cha|
         00000060  6e 67 65 21 21 00 00 00  00 00                    |nge!!.....|
        }
        
    bpf_test.go:482: ctx after setup: 
    bpf_test.go:483: ([]uint8) (len=256 cap=256) {
         00000000  00 00 00 00 00 00 00 00  00 00 00 00 00 00 00 00  |................|
         00000010  00 00 00 00 00 00 00 00  00 00 00 00 00 00 00 00  |................|
         00000020  00 00 00 00 00 00 00 00  00 00 00 01 00 00 00 00  |................|
         00000030  00 00 00 00 00 00 00 00  00 00 00 00 00 00 00 00  |................|
         00000040  00 00 00 00 00 00 00 00  00 00 00 00 00 00 00 00  |................|
         00000050  00 00 00 00 00 00 00 00  00 00 00 00 00 00 00 00  |................|
         00000060  00 00 00 00 00 00 00 00  00 00 00 00 00 00 00 00  |................|
         00000070  00 00 00 00 00 00 00 00  00 00 00 00 00 00 00 00  |................|
         00000080  00 00 00 00 00 00 00 00  00 00 00 00 00 00 00 00  |................|
         00000090  00 00 00 00 00 00 00 00  00 00 00 00 00 00 00 00  |................|
         000000a0  00 00 0d c0 00 00 00 00  00 00 00 00 00 00 00 00  |................|
         000000b0  00 00 00 00 00 00 00 00  00 00 00 00 00 00 00 00  |................|
         000000c0  00 00 00 00 00 00 00 00  00 00 00 00 00 00 00 00  |................|
         000000d0  00 00 00 00 00 00 00 00  00 00 00 00 00 00 00 00  |................|
         000000e0  00 00 00 00 00 00 00 00  00 00 00 00 00 00 00 00  |................|
         000000f0  00 00 00 00 00 00 00 00  00 00 00 00 00 00 00 00  |................|
        }
        
    bpf_test.go:497: Check returned status: 
    bpf_test.go:498: 101
    bpf_test.go:499: data after check: 110
    bpf_test.go:500: ([]uint8) (len=110 cap=368) {
         00000000  00 00 00 07 de ad be ef  de ef ce 72 a7 03 88 56  |...........r...V|
         00000010  08 00 45 00 00 5c 00 00  00 00 40 01 4b 8e ac 10  |..E..\....@.K...|
         00000020  0a 02 6e 00 0b 01 03 03  39 32 00 00 00 00 45 00  |..n.....92....E.|
         00000030  00 3c 00 00 00 00 40 06  4b a9 6e 00 0b 01 ac 10  |.<....@.K.n.....|
         00000040  0a 02 00 6f 00 50 00 01  e2 40 00 00 00 00 50 02  |...o.P...@....P.|
         00000050  ff ff 5b 4e 00 00 53 68  6f 75 6c 64 20 6e 6f 74  |..[N..Should not|
         00000060  20 63 68 61 6e 67 65 21  21 00 00 00 00 00        | change!!.....|
        }
        
    bpf_test.go:501: ctx after check: 
    bpf_test.go:502: ([]uint8) (len=256 cap=256) {
         00000000  00 00 00 00 00 00 00 00  00 00 00 00 00 00 00 00  |................|
         00000010  00 00 00 00 00 00 00 00  00 00 00 00 00 00 00 00  |................|
         00000020  00 00 00 00 00 00 00 00  00 00 00 01 00 00 00 00  |................|
         00000030  00 00 00 00 00 00 00 00  00 00 00 00 00 00 00 00  |................|
         00000040  00 00 00 00 00 00 00 00  00 00 00 00 00 00 00 00  |................|
         00000050  00 00 00 00 00 00 00 00  00 00 00 00 00 00 00 00  |................|
         00000060  00 00 00 00 00 00 00 00  00 00 00 00 00 00 00 00  |................|
         00000070  00 00 00 00 00 00 00 00  00 00 00 00 00 00 00 00  |................|
         00000080  00 00 00 00 00 00 00 00  00 00 00 00 00 00 00 00  |................|
         00000090  00 00 00 00 00 00 00 00  00 00 00 00 00 00 00 00  |................|
         000000a0  00 00 0d c0 00 00 00 00  00 00 00 00 00 00 00 00  |................|
         000000b0  00 00 00 00 00 00 00 00  00 00 00 00 00 00 00 00  |................|
         000000c0  00 00 00 00 00 00 00 00  00 00 00 00 00 00 00 00  |................|
         000000d0  00 00 00 00 00 00 00 00  00 00 00 00 00 00 00 00  |................|
         000000e0  00 00 00 00 00 00 00 00  00 00 00 00 00 00 00 00  |................|
         000000f0  00 00 00 00 00 00 00 00  00 00 00 00 00 00 00 00  |................|
        }
        
=== NAME  TestBPF/tc_lxc_lb4_no_backend.o
    bpf_test.go:64: CPU 00: MARK 0x0 FROM 0 DEBUG: Conntrack lookup 1/2: src=110.0.11.1:111 dst=172.16.10.2:80
    bpf_test.go:64: CPU 00: MARK 0x0 FROM 0 DEBUG: Conntrack lookup 2/2: nexthdr=6 flags=4 dir=2 scope=1
    bpf_test.go:64: CPU 00: MARK 0x0 FROM 0 DEBUG: CT verdict: New, revnat=1
=== NAME  TestBPF/tc_lxc_lb4_no_backend.o/tc_lxc_no_backend
    bpf_test.go:584: tc_lxc_lb4_no_backend.c:91: Status code: 0
time=2026-02-21T10:14:03.449891092-08:00 level=info msg="Initializing dissection cache..."
=== NAME  TestBPF/tc_lxc_lb4_no_backend.o
    bpf_test.go:64: -> 1: [error]
--- PASS: TestBPF (0.36s)
    --- PASS: TestBPF/tc_lxc_lb4_no_backend.o (0.36s)
        --- PASS: TestBPF/tc_lxc_lb4_no_backend.o/tc_lxc_no_backend (0.00s)
PASS
ok  	github.com/cilium/cilium/bpf/tests/bpftest	0.429s
make: Leaving directory '/root/work/cilium-s390x/bpf/tests'
===== RESULT tc_lxc_lb4_no_backend: PASS =====
===== RUN tc_nodeport_lb6_no_backend =====
make: Entering directory '/root/work/cilium-s390x/bpf/tests'
/root/work/cilium-s390x/bpf/tests/scapy/./parser.py . > /root/work/cilium-s390x/bpf/tests/output/gen_pkts.h.tmp
if ! cmp -s /root/work/cilium-s390x/bpf/tests/output/gen_pkts.h /root/work/cilium-s390x/bpf/tests/output/gen_pkts.h.tmp; then	\
	mv /root/work/cilium-s390x/bpf/tests/output/gen_pkts.h.tmp /root/work/cilium-s390x/bpf/tests/output/gen_pkts.h;			\
else								\
	rm /root/work/cilium-s390x/bpf/tests/output/gen_pkts.h.tmp;					\
fi
clang -I/root/work/cilium-s390x/bpf -I/root/work/cilium-s390x/bpf/include -g -O2 --target=bpf -std=gnu99 -nostdinc -ftrap-function=__undefined_trap -Wall -Wextra -Werror -Wshadow -Wno-address-of-packed-member -Wno-unknown-warning-option -Wno-gnu-variable-sized-type-not-at-end -Wimplicit-int-conversion -Wenum-conversion -Wimplicit-fallthrough -MD -mcpu=v3 -mllvm -bpf-stack-size=1024 -c tc_nodeport_lb6_no_backend.c -o tc_nodeport_lb6_no_backend.o
go test ./bpftest \
	-bpf-test-path /root/work/cilium-s390x/bpf/tests \
	-mod=vendor -vet=all -tags=osusergo -test.v -dump-ctx -test tc_nodeport_lb6_no_backend \
| cat;
=== RUN   TestBPF
=== RUN   TestBPF/tc_nodeport_lb6_no_backend.o
=== RUN   TestBPF/tc_nodeport_lb6_no_backend.o/tc_nodeport_no_backend
    bpf_test.go:459: Pktgen returned status: 
    bpf_test.go:460: 0
    bpf_test.go:461: data after pktgen: 
    bpf_test.go:462: ([]uint8) (len=94 cap=3778) {
         00000000  ce 72 a7 03 88 56 de ad  be ef de ef 86 dd 60 00  |.r...V........`.|
         00000010  00 00 00 28 06 40 fd 04  00 00 00 00 00 00 00 00  |...(.@..........|
         00000020  00 00 00 00 00 01 fd 04  00 00 00 00 00 00 00 00  |................|
         00000030  00 00 00 00 00 02 57 3a  00 50 00 01 e2 40 00 00  |......W:.P...@..|
         00000040  00 00 50 02 ff ff 39 8a  00 00 53 68 6f 75 6c 64  |..P...9...Should|
         00000050  20 6e 6f 74 20 63 68 61  6e 67 65 21 21 00        | not change!!.|
        }
        
    bpf_test.go:463: ctx after pktgen: 
    bpf_test.go:464: ([]uint8) (len=256 cap=256) {
         00000000  00 00 00 00 00 00 00 00  00 00 00 00 00 00 00 00  |................|
         00000010  00 00 00 00 00 00 00 00  00 00 00 00 00 00 00 00  |................|
         00000020  00 00 00 00 00 00 00 00  00 00 00 01 00 00 00 00  |................|
         00000030  00 00 00 00 00 00 00 00  00 00 00 00 00 00 00 00  |................|
         00000040  00 00 00 00 00 00 00 00  00 00 00 00 00 00 00 00  |................|
         00000050  00 00 00 00 00 00 00 00  00 00 00 00 00 00 00 00  |................|
         00000060  00 00 00 00 00 00 00 00  00 00 00 00 00 00 00 00  |................|
         00000070  00 00 00 00 00 00 00 00  00 00 00 00 00 00 00 00  |................|
         00000080  00 00 00 00 00 00 00 00  00 00 00 00 00 00 00 00  |................|
         00000090  00 00 00 00 00 00 00 00  00 00 00 00 00 00 00 00  |................|
         000000a0  00 00 0d c0 00 00 00 00  00 00 00 00 00 00 00 00  |................|
         000000b0  00 00 00 00 00 00 00 00  00 00 00 00 00 00 00 00  |................|
         000000c0  00 00 00 00 00 00 00 00  00 00 00 00 00 00 00 00  |................|
         000000d0  00 00 00 00 00 00 00 00  00 00 00 00 00 00 00 00  |................|
         000000e0  00 00 00 00 00 00 00 00  00 00 00 00 00 00 00 00  |................|
         000000f0  00 00 00 00 00 00 00 00  00 00 00 00 00 00 00 00  |................|
        }
        
    bpf_test.go:478: Setup returned status: 
    bpf_test.go:479: 7
    bpf_test.go:480: data after setup: 
    bpf_test.go:481: ([]uint8) (len=156 cap=352) {
         00000000  de ad be ef de ef ce 72  a7 03 88 56 86 dd 60 00  |.......r...V..`.|
         00000010  00 00 00 66 3a 40 fd 04  00 00 00 00 00 00 00 00  |...f:@..........|
         00000020  00 00 00 00 00 02 fd 04  00 00 00 00 00 00 00 00  |................|
         00000030  00 00 00 00 00 01 01 04  0e a4 00 00 00 00 60 00  |..............`.|
         00000040  00 00 00 28 06 40 fd 04  00 00 00 00 00 00 00 00  |...(.@..........|
         00000050  00 00 00 00 00 01 fd 04  00 00 00 00 00 00 00 00  |................|
         00000060  00 00 00 00 00 02 57 3a  00 50 00 01 e2 40 00 00  |......W:.P...@..|
         00000070  00 00 50 02 ff ff 39 8a  00 00 53 68 6f 75 6c 64  |..P...9...Should|
         00000080  20 6e 6f 74 20 63 68 61  6e 67 65 21 21 00 00 00  | not change!!...|
         00000090  00 00 00 00 00 00 00 00  00 00 00 00              |............|
        }
        
    bpf_test.go:482: ctx after setup: 
    bpf_test.go:483: ([]uint8) (len=256 cap=256) {
         00000000  00 00 00 00 00 00 00 00  00 00 00 00 00 00 00 00  |................|
         00000010  00 00 00 00 00 00 00 00  00 00 00 00 00 00 00 00  |................|
         00000020  00 00 00 00 00 00 00 00  00 00 00 01 00 00 00 00  |................|
         00000030  00 00 00 00 00 00 00 00  00 00 00 00 00 00 00 00  |................|
         00000040  00 00 00 00 00 00 00 00  00 00 00 00 00 00 00 00  |................|
         00000050  00 00 00 00 00 00 00 00  00 00 00 00 00 00 00 00  |................|
         00000060  00 00 00 00 00 00 00 00  00 00 00 00 00 00 00 00  |................|
         00000070  00 00 00 00 00 00 00 00  00 00 00 00 00 00 00 00  |................|
         00000080  00 00 00 00 00 00 00 00  00 00 00 00 00 00 00 00  |................|
         00000090  00 00 00 00 00 00 00 00  00 00 00 00 00 00 00 00  |................|
         000000a0  00 00 0d c0 00 00 00 00  00 00 00 00 00 00 00 00  |................|
         000000b0  00 00 00 00 00 00 00 00  00 00 00 00 00 00 00 00  |................|
         000000c0  00 00 00 00 00 00 00 00  00 00 00 00 00 00 00 00  |................|
         000000d0  00 00 00 00 00 00 00 00  00 00 00 00 00 00 00 00  |................|
         000000e0  00 00 00 00 00 00 00 00  00 00 00 00 00 00 00 00  |................|
         000000f0  00 00 00 00 00 00 00 00  00 00 00 00 00 00 00 00  |................|
        }
        
    bpf_test.go:497: Check returned status: 
    bpf_test.go:498: 101
    bpf_test.go:499: data after check: 160
    bpf_test.go:500: ([]uint8) (len=160 cap=418) {
         00000000  00 00 00 07 de ad be ef  de ef ce 72 a7 03 88 56  |...........r...V|
         00000010  86 dd 60 00 00 00 00 66  3a 40 fd 04 00 00 00 00  |..`....f:@......|
         00000020  00 00 00 00 00 00 00 00  00 02 fd 04 00 00 00 00  |................|
         00000030  00 00 00 00 00 00 00 00  00 01 01 04 0e a4 00 00  |................|
         00000040  00 00 60 00 00 00 00 28  06 40 fd 04 00 00 00 00  |..`....(.@......|
         00000050  00 00 00 00 00 00 00 00  00 01 fd 04 00 00 00 00  |................|
         00000060  00 00 00 00 00 00 00 00  00 02 57 3a 00 50 00 01  |..........W:.P..|
         00000070  e2 40 00 00 00 00 50 02  ff ff 39 8a 00 00 53 68  |.@....P...9...Sh|
         00000080  6f 75 6c 64 20 6e 6f 74  20 63 68 61 6e 67 65 21  |ould not change!|
         00000090  21 00 00 00 00 00 00 00  00 00 00 00 00 00 00 00  |!...............|
        }
        
    bpf_test.go:501: ctx after check: 
    bpf_test.go:502: ([]uint8) (len=256 cap=256) {
         00000000  00 00 00 00 00 00 00 00  00 00 00 00 00 00 00 00  |................|
         00000010  00 00 00 00 00 00 00 00  00 00 00 00 00 00 00 00  |................|
         00000020  00 00 00 00 00 00 00 00  00 00 00 01 00 00 00 00  |................|
         00000030  00 00 00 00 00 00 00 00  00 00 00 00 00 00 00 00  |................|
         00000040  00 00 00 00 00 00 00 00  00 00 00 00 00 00 00 00  |................|
         00000050  00 00 00 00 00 00 00 00  00 00 00 00 00 00 00 00  |................|
         00000060  00 00 00 00 00 00 00 00  00 00 00 00 00 00 00 00  |................|
         00000070  00 00 00 00 00 00 00 00  00 00 00 00 00 00 00 00  |................|
         00000080  00 00 00 00 00 00 00 00  00 00 00 00 00 00 00 00  |................|
         00000090  00 00 00 00 00 00 00 00  00 00 00 00 00 00 00 00  |................|
         000000a0  00 00 0d c0 00 00 00 00  00 00 00 00 00 00 00 00  |................|
         000000b0  00 00 00 00 00 00 00 00  00 00 00 00 00 00 00 00  |................|
         000000c0  00 00 00 00 00 00 00 00  00 00 00 00 00 00 00 00  |................|
         000000d0  00 00 00 00 00 00 00 00  00 00 00 00 00 00 00 00  |................|
         000000e0  00 00 00 00 00 00 00 00  00 00 00 00 00 00 00 00  |................|
         000000f0  00 00 00 00 00 00 00 00  00 00 00 00 00 00 00 00  |................|
        }
        
=== NAME  TestBPF/tc_nodeport_lb6_no_backend.o
    bpf_test.go:64: CPU 05: MARK 0x0 FROM 0 DEBUG: Failed to map addr.p4=[::0:1] to identity
    bpf_test.go:64: CPU 05: MARK 0x0 FROM 0 DEBUG: Conntrack lookup 1/2: src=[::0:1]:22330 dst=[::0:2]:80
    bpf_test.go:64: CPU 05: MARK 0x0 FROM 0 DEBUG: Conntrack lookup 2/2: nexthdr=6 flags=4 dir=2 scope=1
    bpf_test.go:64: CPU 05: MARK 0x0 FROM 0 DEBUG: CT verdict: New, revnat=1
=== NAME  TestBPF/tc_nodeport_lb6_no_backend.o/tc_nodeport_no_backend
    bpf_test.go:584: tc_nodeport_lb6_no_backend.c:102: Status code: 0
=== RUN   TestBPF/tc_nodeport_lb6_no_backend.o/tc_nodeport_no_backend2_reply
    bpf_test.go:459: Pktgen returned status: 
    bpf_test.go:460: 0
    bpf_test.go:461: data after pktgen: 
    bpf_test.go:462: ([]uint8) (len=94 cap=3778) {
         00000000  ce 72 a7 03 88 56 de ad  be ef de ef 86 dd 60 00  |.r...V........`.|
         00000010  00 00 00 28 06 40 fd 04  00 00 00 00 00 00 00 00  |...(.@..........|
         00000020  00 00 00 00 00 01 fd 04  00 00 00 00 00 00 00 00  |................|
         00000030  00 00 00 00 00 02 57 3a  00 50 00 01 e2 40 00 00  |......W:.P...@..|
         00000040  00 00 50 02 ff ff 39 8a  00 00 53 68 6f 75 6c 64  |..P...9...Should|
         00000050  20 6e 6f 74 20 63 68 61  6e 67 65 21 21 00        | not change!!.|
        }
        
    bpf_test.go:463: ctx after pktgen: 
time=2026-02-21T10:14:15.822372986-08:00 level=info msg="Initializing dissection cache..."
    bpf_test.go:464: ([]uint8) (len=256 cap=256) {
         00000000  00 00 00 00 00 00 00 00  00 00 00 00 00 00 00 00  |................|
         00000010  00 00 00 00 00 00 00 00  00 00 00 00 00 00 00 00  |................|
         00000020  00 00 00 00 00 00 00 00  00 00 00 01 00 00 00 00  |................|
         00000030  00 00 00 00 00 00 00 00  00 00 00 00 00 00 00 00  |................|
         00000040  00 00 00 00 00 00 00 00  00 00 00 00 00 00 00 00  |................|
         00000050  00 00 00 00 00 00 00 00  00 00 00 00 00 00 00 00  |................|
         00000060  00 00 00 00 00 00 00 00  00 00 00 00 00 00 00 00  |................|
         00000070  00 00 00 00 00 00 00 00  00 00 00 00 00 00 00 00  |................|
         00000080  00 00 00 00 00 00 00 00  00 00 00 00 00 00 00 00  |................|
         00000090  00 00 00 00 00 00 00 00  00 00 00 00 00 00 00 00  |................|
         000000a0  00 00 0d c0 00 00 00 00  00 00 00 00 00 00 00 00  |................|
         000000b0  00 00 00 00 00 00 00 00  00 00 00 00 00 00 00 00  |................|
         000000c0  00 00 00 00 00 00 00 00  00 00 00 00 00 00 00 00  |................|
         000000d0  00 00 00 00 00 00 00 00  00 00 00 00 00 00 00 00  |................|
         000000e0  00 00 00 00 00 00 00 00  00 00 00 00 00 00 00 00  |................|
         000000f0  00 00 00 00 00 00 00 00  00 00 00 00 00 00 00 00  |................|
        }
        
    bpf_test.go:478: Setup returned status: 
    bpf_test.go:479: 0
    bpf_test.go:480: data after setup: 
=== NAME  TestBPF/tc_nodeport_lb6_no_backend.o
    bpf_test.go:64: -> 1: [error]
=== NAME  TestBPF/tc_nodeport_lb6_no_backend.o/tc_nodeport_no_backend2_reply
    bpf_test.go:481: ([]uint8) (len=156 cap=352) {
         00000000  de ad be ef de ef ce 72  a7 03 88 56 86 dd 60 00  |.......r...V..`.|
         00000010  00 00 00 66 3a 40 fd 04  00 00 00 00 00 00 00 00  |...f:@..........|
         00000020  00 00 00 00 00 02 fd 04  00 00 00 00 00 00 00 00  |................|
         00000030  00 00 00 00 00 01 01 04  0e a4 00 00 00 00 60 00  |..............`.|
         00000040  00 00 00 28 06 40 fd 04  00 00 00 00 00 00 00 00  |...(.@..........|
         00000050  00 00 00 00 00 01 fd 04  00 00 00 00 00 00 00 00  |................|
         00000060  00 00 00 00 00 02 57 3a  00 50 00 01 e2 40 00 00  |......W:.P...@..|
         00000070  00 00 50 02 ff ff 39 8a  00 00 53 68 6f 75 6c 64  |..P...9...Should|
         00000080  20 6e 6f 74 20 63 68 61  6e 67 65 21 21 00 00 00  | not change!!...|
         00000090  00 00 00 00 00 00 00 00  00 00 00 00              |............|
        }
        
    bpf_test.go:482: ctx after setup: 
    bpf_test.go:483: ([]uint8) (len=256 cap=256) {
         00000000  00 00 00 00 00 00 00 00  00 00 00 00 00 00 00 00  |................|
         00000010  00 00 00 00 00 00 00 00  00 00 00 00 00 00 00 00  |................|
         00000020  00 00 00 00 00 00 00 00  00 00 00 01 00 00 00 00  |................|
         00000030  00 00 00 00 00 00 00 00  00 00 00 00 00 00 00 00  |................|
         00000040  00 00 00 00 00 00 00 00  00 00 00 00 00 00 00 00  |................|
         00000050  00 00 00 00 00 00 00 00  00 00 00 00 00 00 00 00  |................|
         00000060  00 00 00 00 00 00 00 00  00 00 00 00 00 00 00 00  |................|
         00000070  00 00 00 00 00 00 00 00  00 00 00 00 00 00 00 00  |................|
         00000080  00 00 00 00 00 00 00 00  00 00 00 00 00 00 00 00  |................|
         00000090  00 00 00 00 00 00 00 00  00 00 00 00 00 00 00 00  |................|
         000000a0  00 00 0d c0 00 00 00 00  00 00 00 00 00 00 00 00  |................|
         000000b0  00 00 00 00 00 00 00 00  00 00 00 00 00 00 00 00  |................|
         000000c0  00 00 00 00 00 00 00 00  00 00 00 00 00 00 00 00  |................|
         000000d0  00 00 00 00 00 00 00 00  00 00 00 00 00 00 00 00  |................|
         000000e0  00 00 00 00 00 00 00 00  00 00 00 00 00 00 00 00  |................|
         000000f0  00 00 00 00 00 00 00 00  00 00 00 00 00 00 00 00  |................|
        }
        
    bpf_test.go:497: Check returned status: 
    bpf_test.go:498: 101
    bpf_test.go:499: data after check: 160
    bpf_test.go:500: ([]uint8) (len=160 cap=418) {
         00000000  00 00 00 00 de ad be ef  de ef ce 72 a7 03 88 56  |...........r...V|
         00000010  86 dd 60 00 00 00 00 66  3a 40 fd 04 00 00 00 00  |..`....f:@......|
         00000020  00 00 00 00 00 00 00 00  00 02 fd 04 00 00 00 00  |................|
         00000030  00 00 00 00 00 00 00 00  00 01 01 04 0e a4 00 00  |................|
         00000040  00 00 60 00 00 00 00 28  06 40 fd 04 00 00 00 00  |..`....(.@......|
         00000050  00 00 00 00 00 00 00 00  00 01 fd 04 00 00 00 00  |................|
         00000060  00 00 00 00 00 00 00 00  00 02 57 3a 00 50 00 01  |..........W:.P..|
         00000070  e2 40 00 00 00 00 50 02  ff ff 39 8a 00 00 53 68  |.@....P...9...Sh|
         00000080  6f 75 6c 64 20 6e 6f 74  20 63 68 61 6e 67 65 21  |ould not change!|
         00000090  21 00 00 00 00 00 00 00  00 00 00 00 00 00 00 00  |!...............|
        }
        
    bpf_test.go:501: ctx after check: 
    bpf_test.go:502: ([]uint8) (len=256 cap=256) {
         00000000  00 00 00 00 00 00 00 00  00 00 00 00 00 00 00 00  |................|
         00000010  00 00 00 00 00 00 00 00  00 00 00 00 00 00 00 00  |................|
         00000020  00 00 00 00 00 00 00 00  00 00 00 01 00 00 00 00  |................|
         00000030  00 00 00 00 00 00 00 00  00 00 00 00 00 00 00 00  |................|
         00000040  00 00 00 00 00 00 00 00  00 00 00 00 00 00 00 00  |................|
         00000050  00 00 00 00 00 00 00 00  00 00 00 00 00 00 00 00  |................|
         00000060  00 00 00 00 00 00 00 00  00 00 00 00 00 00 00 00  |................|
         00000070  00 00 00 00 00 00 00 00  00 00 00 00 00 00 00 00  |................|
         00000080  00 00 00 00 00 00 00 00  00 00 00 00 00 00 00 00  |................|
         00000090  00 00 00 00 00 00 00 00  00 00 00 00 00 00 00 00  |................|
         000000a0  00 00 0d c0 00 00 00 00  00 00 00 00 00 00 00 00  |................|
         000000b0  00 00 00 00 00 00 00 00  00 00 00 00 00 00 00 00  |................|
         000000c0  00 00 00 00 00 00 00 00  00 00 00 00 00 00 00 00  |................|
         000000d0  00 00 00 00 00 00 00 00  00 00 00 00 00 00 00 00  |................|
         000000e0  00 00 00 00 00 00 00 00  00 00 00 00 00 00 00 00  |................|
         000000f0  00 00 00 00 00 00 00 00  00 00 00 00 00 00 00 00  |................|
        }
        
    bpf_test.go:584: tc_nodeport_lb6_no_backend.c:102: Status code: 0
--- PASS: TestBPF (0.69s)
    --- PASS: TestBPF/tc_nodeport_lb6_no_backend.o (0.69s)
        --- PASS: TestBPF/tc_nodeport_lb6_no_backend.o/tc_nodeport_no_backend (0.00s)
        --- PASS: TestBPF/tc_nodeport_lb6_no_backend.o/tc_nodeport_no_backend2_reply (0.00s)
PASS
ok  	github.com/cilium/cilium/bpf/tests/bpftest	0.758s
make: Leaving directory '/root/work/cilium-s390x/bpf/tests'
===== RESULT tc_nodeport_lb6_no_backend: PASS =====
===== RUN tc_lxc_lb6_no_backend =====
make: Entering directory '/root/work/cilium-s390x/bpf/tests'
/root/work/cilium-s390x/bpf/tests/scapy/./parser.py . > /root/work/cilium-s390x/bpf/tests/output/gen_pkts.h.tmp
if ! cmp -s /root/work/cilium-s390x/bpf/tests/output/gen_pkts.h /root/work/cilium-s390x/bpf/tests/output/gen_pkts.h.tmp; then	\
	mv /root/work/cilium-s390x/bpf/tests/output/gen_pkts.h.tmp /root/work/cilium-s390x/bpf/tests/output/gen_pkts.h;			\
else								\
	rm /root/work/cilium-s390x/bpf/tests/output/gen_pkts.h.tmp;					\
fi
clang -I/root/work/cilium-s390x/bpf -I/root/work/cilium-s390x/bpf/include -g -O2 --target=bpf -std=gnu99 -nostdinc -ftrap-function=__undefined_trap -Wall -Wextra -Werror -Wshadow -Wno-address-of-packed-member -Wno-unknown-warning-option -Wno-gnu-variable-sized-type-not-at-end -Wimplicit-int-conversion -Wenum-conversion -Wimplicit-fallthrough -MD -mcpu=v3 -mllvm -bpf-stack-size=1024 -c tc_lxc_lb6_no_backend.c -o tc_lxc_lb6_no_backend.o
go test ./bpftest \
	-bpf-test-path /root/work/cilium-s390x/bpf/tests \
	-mod=vendor -vet=all -tags=osusergo -test.v -dump-ctx -test tc_lxc_lb6_no_backend \
| cat;
=== RUN   TestBPF
=== RUN   TestBPF/tc_lxc_lb6_no_backend.o
=== RUN   TestBPF/tc_lxc_lb6_no_backend.o/tc_lxc_no_backend
    bpf_test.go:459: Pktgen returned status: 
    bpf_test.go:460: 0
    bpf_test.go:461: data after pktgen: 
    bpf_test.go:462: ([]uint8) (len=94 cap=3778) {
         00000000  ce 72 a7 03 88 56 de ad  be ef de ef 86 dd 60 00  |.r...V........`.|
         00000010  00 00 00 28 06 40 fd 04  00 00 00 00 00 00 00 00  |...(.@..........|
         00000020  00 00 00 00 00 01 fd 04  00 00 00 00 00 00 00 00  |................|
         00000030  00 00 00 00 00 02 57 3a  00 50 00 01 e2 40 00 00  |......W:.P...@..|
         00000040  00 00 50 02 ff ff 39 8a  00 00 53 68 6f 75 6c 64  |..P...9...Should|
         00000050  20 6e 6f 74 20 63 68 61  6e 67 65 21 21 00        | not change!!.|
        }
        
    bpf_test.go:463: ctx after pktgen: 
    bpf_test.go:464: ([]uint8) (len=256 cap=256) {
         00000000  00 00 00 00 00 00 00 00  00 00 00 00 00 00 00 00  |................|
         00000010  00 00 00 00 00 00 00 00  00 00 00 00 00 00 00 00  |................|
         00000020  00 00 00 00 00 00 00 00  00 00 00 01 00 00 00 00  |................|
         00000030  00 00 00 00 00 00 00 00  00 00 00 00 00 00 00 00  |................|
         00000040  00 00 00 00 00 00 00 00  00 00 00 00 00 00 00 00  |................|
         00000050  00 00 00 00 00 00 00 00  00 00 00 00 00 00 00 00  |................|
         00000060  00 00 00 00 00 00 00 00  00 00 00 00 00 00 00 00  |................|
         00000070  00 00 00 00 00 00 00 00  00 00 00 00 00 00 00 00  |................|
         00000080  00 00 00 00 00 00 00 00  00 00 00 00 00 00 00 00  |................|
         00000090  00 00 00 00 00 00 00 00  00 00 00 00 00 00 00 00  |................|
         000000a0  00 00 0d c0 00 00 00 00  00 00 00 00 00 00 00 00  |................|
         000000b0  00 00 00 00 00 00 00 00  00 00 00 00 00 00 00 00  |................|
         000000c0  00 00 00 00 00 00 00 00  00 00 00 00 00 00 00 00  |................|
         000000d0  00 00 00 00 00 00 00 00  00 00 00 00 00 00 00 00  |................|
         000000e0  00 00 00 00 00 00 00 00  00 00 00 00 00 00 00 00  |................|
         000000f0  00 00 00 00 00 00 00 00  00 00 00 00 00 00 00 00  |................|
        }
        
    bpf_test.go:478: Setup returned status: 
    bpf_test.go:479: 7
    bpf_test.go:480: data after setup: 
    bpf_test.go:481: ([]uint8) (len=156 cap=352) {
         00000000  de ad be ef de ef ce 72  a7 03 88 56 86 dd 60 00  |.......r...V..`.|
         00000010  00 00 00 66 3a 40 fd 04  00 00 00 00 00 00 00 00  |...f:@..........|
         00000020  00 00 00 00 00 02 fd 04  00 00 00 00 00 00 00 00  |................|
         00000030  00 00 00 00 00 01 01 04  0e a4 00 00 00 00 60 00  |..............`.|
         00000040  00 00 00 28 06 40 fd 04  00 00 00 00 00 00 00 00  |...(.@..........|
         00000050  00 00 00 00 00 01 fd 04  00 00 00 00 00 00 00 00  |................|
         00000060  00 00 00 00 00 02 57 3a  00 50 00 01 e2 40 00 00  |......W:.P...@..|
         00000070  00 00 50 02 ff ff 39 8a  00 00 53 68 6f 75 6c 64  |..P...9...Should|
         00000080  20 6e 6f 74 20 63 68 61  6e 67 65 21 21 00 00 00  | not change!!...|
         00000090  00 00 00 00 00 00 00 00  00 00 00 00              |............|
        }
        
    bpf_test.go:482: ctx after setup: 
    bpf_test.go:483: ([]uint8) (len=256 cap=256) {
         00000000  00 00 00 00 00 00 00 00  00 00 00 00 00 00 00 00  |................|
         00000010  00 00 00 00 00 00 00 00  00 00 00 00 00 00 00 00  |................|
         00000020  00 00 00 00 00 00 00 00  00 00 00 01 00 00 00 00  |................|
         00000030  00 00 00 00 00 00 00 00  00 00 00 00 00 00 00 00  |................|
         00000040  00 00 00 00 00 00 00 00  00 00 00 00 00 00 00 00  |................|
         00000050  00 00 00 00 00 00 00 00  00 00 00 00 00 00 00 00  |................|
         00000060  00 00 00 00 00 00 00 00  00 00 00 00 00 00 00 00  |................|
         00000070  00 00 00 00 00 00 00 00  00 00 00 00 00 00 00 00  |................|
         00000080  00 00 00 00 00 00 00 00  00 00 00 00 00 00 00 00  |................|
         00000090  00 00 00 00 00 00 00 00  00 00 00 00 00 00 00 00  |................|
         000000a0  00 00 0d c0 00 00 00 00  00 00 00 00 00 00 00 00  |................|
         000000b0  00 00 00 00 00 00 00 00  00 00 00 00 00 00 00 00  |................|
         000000c0  00 00 00 00 00 00 00 00  00 00 00 00 00 00 00 00  |................|
         000000d0  00 00 00 00 00 00 00 00  00 00 00 00 00 00 00 00  |................|
         000000e0  00 00 00 00 00 00 00 00  00 00 00 00 00 00 00 00  |................|
         000000f0  00 00 00 00 00 00 00 00  00 00 00 00 00 00 00 00  |................|
        }
        
    bpf_test.go:497: Check returned status: 
    bpf_test.go:498: 101
    bpf_test.go:499: data after check: 160
    bpf_test.go:500: ([]uint8) (len=160 cap=418) {
         00000000  00 00 00 07 de ad be ef  de ef ce 72 a7 03 88 56  |...........r...V|
         00000010  86 dd 60 00 00 00 00 66  3a 40 fd 04 00 00 00 00  |..`....f:@......|
         00000020  00 00 00 00 00 00 00 00  00 02 fd 04 00 00 00 00  |................|
         00000030  00 00 00 00 00 00 00 00  00 01 01 04 0e a4 00 00  |................|
         00000040  00 00 60 00 00 00 00 28  06 40 fd 04 00 00 00 00  |..`....(.@......|
         00000050  00 00 00 00 00 00 00 00  00 01 fd 04 00 00 00 00  |................|
         00000060  00 00 00 00 00 00 00 00  00 02 57 3a 00 50 00 01  |..........W:.P..|
         00000070  e2 40 00 00 00 00 50 02  ff ff 39 8a 00 00 53 68  |.@....P...9...Sh|
         00000080  6f 75 6c 64 20 6e 6f 74  20 63 68 61 6e 67 65 21  |ould not change!|
         00000090  21 00 00 00 00 00 00 00  00 00 00 00 00 00 00 00  |!...............|
        }
=== NAME  TestBPF/tc_lxc_lb6_no_backend.o
    bpf_test.go:64: CPU 00: MARK 0x0 FROM 0 DEBUG: Conntrack lookup 1/2: src=[::0:1]:22330 dst=[::0:2]:80
    bpf_test.go:64: CPU 00: MARK 0x0 FROM 0 DEBUG: Conntrack lookup 2/2: nexthdr=6 flags=4 dir=2 scope=1
    bpf_test.go:64: CPU 00: MARK 0x0 FROM 0 DEBUG: CT verdict: New, revnat=1
time=2026-02-21T10:14:27.441771898-08:00 level=info msg="Initializing dissection cache..."
=== NAME  TestBPF/tc_lxc_lb6_no_backend.o/tc_lxc_no_backend
        
    bpf_test.go:501: ctx after check: 
=== NAME  TestBPF/tc_lxc_lb6_no_backend.o
    bpf_test.go:64: -> 1: [error]
=== NAME  TestBPF/tc_lxc_lb6_no_backend.o/tc_lxc_no_backend
    bpf_test.go:502: ([]uint8) (len=256 cap=256) {
         00000000  00 00 00 00 00 00 00 00  00 00 00 00 00 00 00 00  |................|
         00000010  00 00 00 00 00 00 00 00  00 00 00 00 00 00 00 00  |................|
         00000020  00 00 00 00 00 00 00 00  00 00 00 01 00 00 00 00  |................|
         00000030  00 00 00 00 00 00 00 00  00 00 00 00 00 00 00 00  |................|
         00000040  00 00 00 00 00 00 00 00  00 00 00 00 00 00 00 00  |................|
         00000050  00 00 00 00 00 00 00 00  00 00 00 00 00 00 00 00  |................|
         00000060  00 00 00 00 00 00 00 00  00 00 00 00 00 00 00 00  |................|
         00000070  00 00 00 00 00 00 00 00  00 00 00 00 00 00 00 00  |................|
         00000080  00 00 00 00 00 00 00 00  00 00 00 00 00 00 00 00  |................|
         00000090  00 00 00 00 00 00 00 00  00 00 00 00 00 00 00 00  |................|
         000000a0  00 00 0d c0 00 00 00 00  00 00 00 00 00 00 00 00  |................|
         000000b0  00 00 00 00 00 00 00 00  00 00 00 00 00 00 00 00  |................|
         000000c0  00 00 00 00 00 00 00 00  00 00 00 00 00 00 00 00  |................|
         000000d0  00 00 00 00 00 00 00 00  00 00 00 00 00 00 00 00  |................|
         000000e0  00 00 00 00 00 00 00 00  00 00 00 00 00 00 00 00  |................|
         000000f0  00 00 00 00 00 00 00 00  00 00 00 00 00 00 00 00  |................|
        }
        
    bpf_test.go:584: tc_lxc_lb6_no_backend.c:100: Status code: 0
--- PASS: TestBPF (0.48s)
    --- PASS: TestBPF/tc_lxc_lb6_no_backend.o (0.48s)
        --- PASS: TestBPF/tc_lxc_lb6_no_backend.o/tc_lxc_no_backend (0.00s)
PASS
ok  	github.com/cilium/cilium/bpf/tests/bpftest	0.532s
make: Leaving directory '/root/work/cilium-s390x/bpf/tests'
===== RESULT tc_lxc_lb6_no_backend: PASS =====
