# 2026-02-21T18:25:08Z sync local_delivery revert
** WARNING: connection is not using a post-quantum key exchange algorithm.
** This session may be vulnerable to "store now, decrypt later" attacks.
** The server may need to be upgraded. See https://openssh.com/pq.html
*****************************************************************************
* Systems must only be used for conducting IBMs business. IBM may exercise  *
* rights to manage and enforce security, monitor use, remove access or      *
* block traffic to and from this system, as well as any other rights listed *
* in ITSS.                                                                  *
*                                                                           *
* Users must comply with DevIT service terms of use, IBM policies,          *
* directives and corporate instructions including, import/export of data,   *
* BCGs, Corporate Instructions, Standards, Addenda as well as all other     *
* responsibilities listed in ITSS.                                          *
*****************************************************************************


Number of files: 1
Number of files transferred: 1
Total file size: 7881 B
Total transferred file size: 7881 B
Unmatched data: 2178 B
Matched data: 5703 B
File list size: 81 B
Total sent: 812 B
Total received: 120 B

sent 812 bytes  received 120 bytes  4634 bytes/sec
total size is 7881  speedup is 8.46
