+ date -u
Sat Feb 21 04:15:31 PM UTC 2026
+ docker buildx build --network=host --platform=linux/s390x --file=images/cilium/Dockerfile --target=release --build-arg CILIUM_BUILDER_IMAGE=docker.io/cilium/cilium-builder-dev:3743682944-nogit-wip --build-arg CILIUM_RUNTIME_IMAGE=docker.io/cilium/cilium-runtime-dev:1493274796-nogit-wip --build-arg CILIUM_ENVOY_IMAGE=quay.io/cilium/cilium-envoy-dev:k8ika0s-s390x-proxy-remediate-s390x --tag docker.io/cilium/cilium-dev:s390x-be-macfix-20260221T161531Z --output=type=docker /root/work/cilium-s390x
time="2026-02-21T08:15:31-08:00" level=warning msg="missing \"MODIFIERS\" build argument. Try adding \"--build-arg MODIFIERS=<VALUE>\" to the command line"
[1/3] STEP 1/1: FROM quay.io/cilium/cilium-envoy-dev:k8ika0s-s390x-proxy-remediate-s390x AS cilium-envoy
--> 28637c79beb6
[2/3] STEP 1/10: FROM --platform=linux/s390x docker.io/cilium/cilium-builder-dev:3743682944-nogit-wip AS builder
[2/3] STEP 2/10: ARG TARGETOS
--> Using cache 175cab2fd1656ea30b42ffb821a01294b379faf64b4beb43c3f1e220dd810b5c
--> 175cab2fd165
[2/3] STEP 3/10: ARG TARGETARCH
--> Using cache 75b25aca4b979d188452cbbb0c30dacc706dd682954a9119556396129ca6e8e5
--> 75b25aca4b97
[2/3] STEP 4/10: ARG MODIFIERS
--> Using cache 110748c79c3c8ce9450df27311f8b383b9c86ffee0693eb079f08108f63b3d43
--> 110748c79c3c
[2/3] STEP 5/10: WORKDIR /go/src/github.com/cilium/cilium
--> Using cache 3219583c0ecfbc463a5c5872e97f3831d9d8d836e6d7e528b83edd91130aeea6
--> 3219583c0ecf
[2/3] STEP 6/10: RUN --mount=type=bind,readwrite,target=/go/src/github.com/cilium/cilium     --mount=type=cache,target=/root/.cache     --mount=type=cache,target=/go/pkg     make GOARCH=${TARGETARCH} DESTDIR=/tmp/install/${TARGETOS}/${TARGETARCH} PKG_BUILD=1 $(echo $MODIFIERS | tr -d '"') NOSTRIP=1     build-container install-container-binary
--> Using cache 36b71265f76f935a59415f93a17efc398af84c7fdd7970d7edae18ff5bb1f1c2
--> 36b71265f76f
[2/3] STEP 7/10: RUN --mount=type=bind,readwrite,target=/go/src/github.com/cilium/cilium     --mount=type=cache,target=/root/.cache     --mount=type=cache,target=/go/pkg     make GOARCH=${BUILDARCH} DESTDIR=/tmp/install/${TARGETOS}/${TARGETARCH} PKG_BUILD=1 $(echo $MODIFIERS | tr -d '"')     install-bash-completion licenses-all &&     mv LICENSE.all /tmp/install/${TARGETOS}/${TARGETARCH}/LICENSE.all
fatal: your current branch 'k8ika0s/s390x-local-pr-stack' does not have any commits yet
fatal: your current branch 'k8ika0s/s390x-local-pr-stack' does not have any commits yet
fatal: your current branch 'k8ika0s/s390x-local-pr-stack' does not have any commits yet
fatal: your current branch 'k8ika0s/s390x-local-pr-stack' does not have any commits yet
fatal: your current branch 'k8ika0s/s390x-local-pr-stack' does not have any commits yet
fatal: your current branch 'k8ika0s/s390x-local-pr-stack' does not have any commits yet
fatal: your current branch 'k8ika0s/s390x-local-pr-stack' does not have any commits yet
fatal: your current branch 'k8ika0s/s390x-local-pr-stack' does not have any commits yet
fatal: your current branch 'k8ika0s/s390x-local-pr-stack' does not have any commits yet
fatal: your current branch 'k8ika0s/s390x-local-pr-stack' does not have any commits yet
install -m 0755 -d /tmp/install/linux/s390x/usr/bin
for i in cilium-dbg daemon cilium-health bugtool hubble tools/mount tools/sysctlfix plugins/cilium-cni; do make  -C $i install-bash-completion; done
make[1]: Entering directory '/go/src/github.com/cilium/cilium/cilium-dbg'
fatal: your current branch 'k8ika0s/s390x-local-pr-stack' does not have any commits yet
CGO_ENABLED=0 go build -mod=vendor -ldflags '-X "github.com/cilium/cilium/pkg/version.ciliumVersion=1.20.0-dev " -s -w -X "github.com/cilium/cilium/pkg/envoy.requiredEnvoyVersionSHA=14da6b9c8a54244f0a67cd90a0deb83e5f110a4a" ' -tags=osusergo  -o cilium-dbg
install -m 0755 -d /tmp/install/linux/s390x/etc/bash_completion.d
./cilium-dbg completion bash > cilium-dbg_bash_completion
install -m 0644 -T cilium-dbg_bash_completion /tmp/install/linux/s390x/etc/bash_completion.d/cilium-dbg
make[1]: Leaving directory '/go/src/github.com/cilium/cilium/cilium-dbg'
make[1]: Entering directory '/go/src/github.com/cilium/cilium/daemon'
make[1]: Nothing to be done for 'install-bash-completion'.
make[1]: Leaving directory '/go/src/github.com/cilium/cilium/daemon'
make[1]: Entering directory '/go/src/github.com/cilium/cilium/cilium-health'
make[1]: Nothing to be done for 'install-bash-completion'.
make[1]: Leaving directory '/go/src/github.com/cilium/cilium/cilium-health'
make[1]: Entering directory '/go/src/github.com/cilium/cilium/bugtool'
make[1]: Nothing to be done for 'install-bash-completion'.
make[1]: Leaving directory '/go/src/github.com/cilium/cilium/bugtool'
make[1]: Entering directory '/go/src/github.com/cilium/cilium/hubble'
fatal: your current branch 'k8ika0s/s390x-local-pr-stack' does not have any commits yet
CGO_ENABLED=0 go build -mod=vendor -ldflags '-X "github.com/cilium/cilium/pkg/version.ciliumVersion=1.20.0-dev " -s -w -X "github.com/cilium/cilium/pkg/envoy.requiredEnvoyVersionSHA=14da6b9c8a54244f0a67cd90a0deb83e5f110a4a" -X "github.com/cilium/cilium/hubble/pkg.GitBranch=HEAD" -X "github.com/cilium/cilium/hubble/pkg.GitHash=" -X "github.com/cilium/cilium/hubble/pkg.Version=v1.20.0-dev" ' -tags=osusergo  -o ./hubble .
install -m 0755 -d /tmp/install/linux/s390x/etc/bash_completion.d
./hubble completion bash > hubble_bash_completion
install -m 0644 -T hubble_bash_completion /tmp/install/linux/s390x/etc/bash_completion.d/hubble
make[1]: Leaving directory '/go/src/github.com/cilium/cilium/hubble'
make[1]: Entering directory '/go/src/github.com/cilium/cilium/tools/mount'
make[1]: Nothing to be done for 'install-bash-completion'.
make[1]: Leaving directory '/go/src/github.com/cilium/cilium/tools/mount'
make[1]: Entering directory '/go/src/github.com/cilium/cilium/tools/sysctlfix'
make[1]: Nothing to be done for 'install-bash-completion'.
make[1]: Leaving directory '/go/src/github.com/cilium/cilium/tools/sysctlfix'
make[1]: Entering directory '/go/src/github.com/cilium/cilium/plugins/cilium-cni'
make[1]: Nothing to be done for 'install-bash-completion'.
make[1]: Leaving directory '/go/src/github.com/cilium/cilium/plugins/cilium-cni'
--> d17e9b28c39e
[2/3] STEP 8/10: RUN set -xe &&     export D=/tmp/debug/${TARGETOS}/${TARGETARCH} &&     cd /tmp/install/${TARGETOS}/${TARGETARCH} &&     find . -type f       -executable       -exec sh -c         'OBJCOPY_CMD=objcopy;          if [ "${TARGETARCH}" = "amd64" ]; then OBJCOPY_CMD=x86_64-linux-gnu-objcopy;          elif [ "${TARGETARCH}" = "arm64" ]; then OBJCOPY_CMD=aarch64-linux-gnu-objcopy;          elif [ "${TARGETARCH}" = "s390x" ]; then OBJCOPY_CMD=s390x-linux-gnu-objcopy;          fi;          filename=$(basename ${0}) &&          ${OBJCOPY_CMD} --only-keep-debug ${0} ${0}.debug &&          if ! echo "$MODIFIERS" | grep "NOSTRIP=1" ; then ${OBJCOPY_CMD} --strip-all ${0} && (cd $(dirname ${0}) && ${OBJCOPY_CMD} --add-gnu-debuglink=${filename}.debug ${filename}) ; fi &&          mkdir -p $(dirname ${D}/${0}) &&          mv -v ${0}.debug ${D}/${0}.debug'       {} \;
+ export D=/tmp/debug/linux/s390x
+ cd /tmp/install/linux/s390x
+ find . -type f -executable -exec sh -c OBJCOPY_CMD=objcopy;          if [ "${TARGETARCH}" = "amd64" ]; then OBJCOPY_CMD=x86_64-linux-gnu-objcopy;          elif [ "${TARGETARCH}" = "arm64" ]; then OBJCOPY_CMD=aarch64-linux-gnu-objcopy;          elif [ "${TARGETARCH}" = "s390x" ]; then OBJCOPY_CMD=s390x-linux-gnu-objcopy;          fi;          filename=$(basename ${0}) &&          ${OBJCOPY_CMD} --only-keep-debug ${0} ${0}.debug &&          if ! echo "$MODIFIERS" | grep "NOSTRIP=1" ; then ${OBJCOPY_CMD} --strip-all ${0} && (cd $(dirname ${0}) && ${OBJCOPY_CMD} --add-gnu-debuglink=${filename}.debug ${filename}) ; fi &&          mkdir -p $(dirname ${D}/${0}) &&          mv -v ${0}.debug ${D}/${0}.debug {} ;
renamed './opt/cni/bin/cilium-cni.debug' -> '/tmp/debug/linux/s390x/./opt/cni/bin/cilium-cni.debug'
renamed './usr/bin/cilium-agent.debug' -> '/tmp/debug/linux/s390x/./usr/bin/cilium-agent.debug'
renamed './usr/bin/cilium-bugtool.debug' -> '/tmp/debug/linux/s390x/./usr/bin/cilium-bugtool.debug'
renamed './usr/bin/cilium-dbg.debug' -> '/tmp/debug/linux/s390x/./usr/bin/cilium-dbg.debug'
renamed './usr/bin/cilium-health.debug' -> '/tmp/debug/linux/s390x/./usr/bin/cilium-health.debug'
renamed './usr/bin/cilium-health-responder.debug' -> '/tmp/debug/linux/s390x/./usr/bin/cilium-health-responder.debug'
renamed './usr/bin/cilium-mount.debug' -> '/tmp/debug/linux/s390x/./usr/bin/cilium-mount.debug'
renamed './usr/bin/cilium-sysctlfix.debug' -> '/tmp/debug/linux/s390x/./usr/bin/cilium-sysctlfix.debug'
renamed './usr/bin/hubble.debug' -> '/tmp/debug/linux/s390x/./usr/bin/hubble.debug'
--> 7e4c36efa174
[2/3] STEP 9/10: RUN for f in $(find /tmp/debug -type f -name '*.debug') ; do readelf -S ${f} | grep -q \\.symtab ||     (echo Debug symbols are missing in ${f} - possibly due to incorrect build parameters && false); done
--> b65af026ba94
[2/3] STEP 10/10: COPY images/cilium/init-container.sh      plugins/cilium-cni/install-plugin.sh      plugins/cilium-cni/cni-uninstall.sh        /tmp/install/${TARGETOS}/${TARGETARCH}
--> f71bfb2584bb
[3/3] STEP 1/12: FROM docker.io/cilium/cilium-runtime-dev:1493274796-nogit-wip AS release
[3/3] STEP 2/12: ARG TARGETOS
--> Using cache d7d3d7fb2e90410a3bc7dfbc2c0d26076a740129112c7251ea3b290cf23e8ad9
--> d7d3d7fb2e90
[3/3] STEP 3/12: ARG TARGETARCH
--> Using cache a329f9f517efb74939771e66012b3f4955ad019382886538bf73766bcf5cd35f
--> a329f9f517ef
[3/3] STEP 4/12: LABEL maintainer="maintainer@cilium.io"
--> Using cache 7abee487c073b9084479399cc1804456f52166bb9fc773fe40a5ea0e4970a12b
--> 7abee487c073
[3/3] STEP 5/12: RUN echo ". /etc/profile.d/bash_completion.sh" >> /etc/bash.bashrc
--> Using cache f222f88a60170724cca9bd21ed90215e44eb18794a7f367758806e5f8ecc8d79
--> f222f88a6017
[3/3] STEP 6/12: COPY --from=cilium-envoy /usr/lib/libcilium.so /usr/lib/libcilium.so
--> Using cache ce3fecca096e682b1f143aa79744c30259a72e2d42f68e523bdb40bef63b8094
--> ce3fecca096e
[3/3] STEP 7/12: COPY --from=cilium-envoy /usr/bin/cilium-envoy /usr/bin/cilium-envoy-starter /usr/bin/
--> Using cache 521cfc3703546684fb3de1d49c98b31ec1883db0db9ff8164cc373629198da9c
--> 521cfc370354
[3/3] STEP 8/12: ENV HUBBLE_SERVER=unix:///var/run/cilium/hubble.sock
--> Using cache cee3c5b11e433faf41772c5212772b2db1cd06ce0591bf48a44c048a2f32f7f8
--> cee3c5b11e43
[3/3] STEP 9/12: COPY --from=builder /tmp/install/${TARGETOS}/${TARGETARCH} /
--> 22066e25eef2
[3/3] STEP 10/12: WORKDIR /home/cilium
--> b48f444428d0
[3/3] STEP 11/12: ENV INITSYSTEM="SYSTEMD"
--> 975cb2090693
[3/3] STEP 12/12: CMD ["/usr/bin/cilium-dbg"]
[3/3] COMMIT docker.io/cilium/cilium-dev:s390x-be-macfix-20260221T161531Z
--> 6ba9d554973e
Successfully tagged docker.io/cilium/cilium-dev:s390x-be-macfix-20260221T161531Z
6ba9d554973e917a84ff160a895bc76d5f79b0359f02ce4f62ce45a65c3c125f
+ docker image inspect docker.io/cilium/cilium-dev:s390x-be-macfix-20260221T161531Z --format '{{.Id}}'
6ba9d554973e917a84ff160a895bc76d5f79b0359f02ce4f62ce45a65c3c125f
