[INFO] started 2026-02-21T19:16:12Z

===== TEST builtins =====
[RC] builtins => 2
[LOG] /Users/kaitlyndavis/dev/github.com/k8ika0s/cilium-s390x/docs/s390x/logs/2026-02-21/builtins-r7-20260221T191612Z.log
28:--- FAIL: TestBPF (3.28s)
29:    --- FAIL: TestBPF/builtins.o (3.24s)
50489:            	invalid write to stack R10 off=-520 size=8
50491:FAIL
50493:FAIL

===== TEST ip_options_trace_id =====
[RC] ip_options_trace_id => 0
[LOG] /Users/kaitlyndavis/dev/github.com/k8ika0s/cilium-s390x/docs/s390x/logs/2026-02-21/ip_options_trace_id-r7-20260221T191612Z.log
28:ok  	github.com/cilium/cilium/bpf/tests/bpftest	0.697s

===== TEST tc_egressgw_redirect_from_host =====
[RC] tc_egressgw_redirect_from_host => 0
[LOG] /Users/kaitlyndavis/dev/github.com/k8ika0s/cilium-s390x/docs/s390x/logs/2026-02-21/tc_egressgw_redirect_from_host-r7-20260221T191612Z.log
29:ok  	github.com/cilium/cilium/bpf/tests/bpftest	1.823s

===== TEST tc_egressgw_redirect_from_overlay =====
[RC] tc_egressgw_redirect_from_overlay => 0
[LOG] /Users/kaitlyndavis/dev/github.com/k8ika0s/cilium-s390x/docs/s390x/logs/2026-02-21/tc_egressgw_redirect_from_overlay-r7-20260221T191612Z.log
29:ok  	github.com/cilium/cilium/bpf/tests/bpftest	2.193s

===== TEST tc_egressgw_snat =====
[RC] tc_egressgw_snat => 0
[LOG] /Users/kaitlyndavis/dev/github.com/k8ika0s/cilium-s390x/docs/s390x/logs/2026-02-21/tc_egressgw_snat-r7-20260221T191612Z.log
28:ok  	github.com/cilium/cilium/bpf/tests/bpftest	2.402s

===== TEST xdp_egressgw_reply =====
[RC] xdp_egressgw_reply => 0
[LOG] /Users/kaitlyndavis/dev/github.com/k8ika0s/cilium-s390x/docs/s390x/logs/2026-02-21/xdp_egressgw_reply-r7-20260221T191612Z.log
28:ok  	github.com/cilium/cilium/bpf/tests/bpftest	1.092s

===== TEST xdp_nodeport_lb4_test =====
[RC] xdp_nodeport_lb4_test => 2
[LOG] /Users/kaitlyndavis/dev/github.com/k8ika0s/cilium-s390x/docs/s390x/logs/2026-02-21/xdp_nodeport_lb4_test-r7-20260221T191612Z.log
30:--- FAIL: TestBPF (0.33s)
31:    --- FAIL: TestBPF/xdp_nodeport_lb4_test.o (0.33s)
35:        bpf_test.go:64: xx drop (Service backend not found) flow 0x0 to endpoint 0, ifindex 1, file unknown(0):0, , identity unknown->unknown: [error]
44:        --- FAIL: TestBPF/xdp_nodeport_lb4_test.o/xdp_lb4_forward_to_other_node (0.00s)
45:            bpf_test.go:584: xdp_nodeport_lb4_test.c:206: L4 checksum is invalid: 0000 != 0000
46:FAIL
48:FAIL
[INFO] finished 2026-02-21T19:17:45Z
