Deploying cilium into kube-system from ./install/kubernetes/cilium
Release "cilium" has been upgraded. Happy Helming!
NAME: cilium
LAST DEPLOYED: Sat Feb 21 09:34:09 2026
NAMESPACE: kube-system
STATUS: deployed
REVISION: 15
TEST SUITE: None
NOTES:
You have successfully installed Cilium.

Your release version is 1.20.0-dev.

For any further help, visit https://docs.cilium.io/en/v1.20/gettinghelp
Waiting for Cilium workloads
daemon set "cilium" successfully rolled out
daemon set "cilium-envoy" successfully rolled out
deployment "cilium-operator" successfully rolled out
Deployment completed
Cluster nodes
NAME                 STATUS   ROLES           AGE    VERSION   INTERNAL-IP    EXTERNAL-IP   OS-IMAGE                              KERNEL-VERSION                CONTAINER-RUNTIME
zkd01.fyre.ibm.com   Ready    control-plane   159m   v1.35.1   10.11.59.172   <none>        Red Hat Enterprise Linux 9.6 (Plow)   5.14.0-570.62.1.el9_6.s390x   containerd://1.7.27
Waiting for node readiness
node/zkd01.fyre.ibm.com condition met
Waiting for Cilium DaemonSets/Deployments
daemon set "cilium" successfully rolled out
daemon set "cilium-envoy" successfully rolled out
deployment "cilium-operator" successfully rolled out
Cilium pod status
NAME           READY   STATUS    RESTARTS   AGE     IP             NODE                 NOMINATED NODE   READINESS GATES
cilium-qcpq4   1/1     Running   0          9m30s   10.11.59.172   zkd01.fyre.ibm.com   <none>           <none>
NAME                 READY   STATUS    RESTARTS   AGE    IP             NODE                 NOMINATED NODE   READINESS GATES
cilium-envoy-rz5ch   1/1     Running   0          156m   10.11.59.172   zkd01.fyre.ibm.com   <none>           <none>
NAME                               READY   STATUS    RESTARTS   AGE    IP             NODE                 NOMINATED NODE   READINESS GATES
cilium-operator-7d796b74f8-bmc6k   1/1     Running   0          156m   10.11.59.172   zkd01.fyre.ibm.com   <none>           <none>
cilium status from cilium-qcpq4
KVStore:                Disabled   
Kubernetes:             Ok         1.35 (v1.35.1) [linux/s390x]
Kubernetes APIs:        ["cilium/v2::CiliumCIDRGroup", "cilium/v2::CiliumClusterwideNetworkPolicy", "cilium/v2::CiliumEndpoint", "cilium/v2::CiliumNetworkPolicy", "cilium/v2::CiliumNode", "core/v1::Pods", "networking.k8s.io/v1::NetworkPolicy"]
KubeProxyReplacement:   False   
Host firewall:          Disabled
SRv6:                   Disabled
CNI Chaining:           none
CNI Config file:        successfully wrote CNI configuration file to /host/etc/cni/net.d/05-cilium.conflist
Cilium:                 Ok    (v-)
NodeMonitor:            Disabled
Cilium health daemon:   Ok   
IPAM:                   IPv4: 4/254 allocated from 10.244.0.0/24, 
Allocated addresses:
  10.244.0.163 (kube-system/coredns-5bf8685f84-v2t8x [restored])
  10.244.0.29 (health)
  10.244.0.56 (kube-system/coredns-5bf8685f84-nsmbr [restored])
  10.244.0.88 (router)
IPv4 BIG TCP:           Disabled
IPv6 BIG TCP:           Disabled
BandwidthManager:       Disabled
Routing:                Network: Tunnel [vxlan]   Host: Legacy
Attach Mode:            TCX
Device Mode:            veth
Masquerading:           IPTables [IPv4: Enabled, IPv6: Disabled]
Clock Source for BPF:   ktime
Controller Status:      27/27 healthy
  Name                                                  Last success   Last error   Count   Message
  bpf-map-sync-cilium_lxc                               6s ago         never        0       no error   
  cilium-health-ep                                      20s ago        never        0       no error   
  ct-map-pressure                                       18s ago        never        0       no error   
  endpoint-1190-regeneration-recovery                   never          never        0       no error   
  endpoint-3338-regeneration-recovery                   never          never        0       no error   
  endpoint-365-regeneration-recovery                    never          never        0       no error   
  endpoint-766-regeneration-recovery                    never          never        0       no error   
  endpoint-gc                                           4m18s ago      never        0       no error   
  endpoint-periodic-regeneration                        1m18s ago      never        0       no error   
  ipcache-inject-labels                                 22s ago        never        0       no error   
  k8s-heartbeat                                         22s ago        never        0       no error   
  resolve-identity-365                                  4m20s ago      never        0       no error   
  resolve-labels-/                                      9m21s ago      never        0       no error   
  resolve-labels-kube-system/coredns-5bf8685f84-nsmbr   9m18s ago      never        0       no error   
  resolve-labels-kube-system/coredns-5bf8685f84-v2t8x   9m18s ago      never        0       no error   
  restoring-ep-identity (1190)                          9m21s ago      never        0       no error   
  restoring-ep-identity (3338)                          9m21s ago      never        0       no error   
  restoring-ep-identity (766)                           9m21s ago      never        0       no error   
  sync-policymap-1190                                   9m18s ago      never        0       no error   
  sync-policymap-3338                                   9m18s ago      never        0       no error   
  sync-policymap-365                                    9m18s ago      never        0       no error   
  sync-policymap-766                                    9m20s ago      never        0       no error   
  sync-to-k8s-ciliumendpoint (1190)                     12s ago        never        0       no error   
  sync-to-k8s-ciliumendpoint (3338)                     12s ago        never        0       no error   
  waiting-initial-global-identities-ep (1190)           9m21s ago      never        0       no error   
  waiting-initial-global-identities-ep (3338)           9m21s ago      never        0       no error   
  write-cni-file                                        9m22s ago      never        0       no error   
Proxy Status:            OK, ip 10.244.0.88, 0 redirects active on ports 10000-20000, Envoy: external
Global Identity Range:   min 256, max 65535
Hubble:                  Disabled   Metrics: Disabled
KubeProxyReplacement Details:
  Status:               False
  Socket LB:            Disabled
  Socket LB Tracing:    Disabled
  Socket LB Coverage:   Full
  Session Affinity:     Enabled
  NAT46/64 Support:     Disabled
  Services:
  - ClusterIP:      Enabled
  - NodePort:       Disabled 
  - LoadBalancer:   Disabled 
  - externalIPs:    Disabled 
  - HostPort:       Disabled
  Annotations:      (n/a)
BPF Maps:   dynamic sizing: on (ratio: 0.002500)
  Name                          Size
  Auth                          524288
  Non-TCP connection tracking   72764
  TCP connection tracking       145529
  Endpoints                     65535
  IP cache                      512000
  IPv4 masquerading agent       16384
  IPv6 masquerading agent       16384
  IPv4 fragmentation            8192
  IPv4 service                  65536
  IPv6 service                  65536
  IPv4 service backend          65536
  IPv6 service backend          65536
  IPv4 service reverse NAT      65536
  IPv6 service reverse NAT      65536
  Metrics                       1024
  Ratelimit metrics             64
  NAT                           145529
  Neighbor table                145529
  Endpoint policy               16384
  Policy stats                  65536
  Session affinity              65536
  Sock reverse NAT              72764
Encryption:       Disabled        
Cluster health:   1/1 reachable   (2026-02-21T17:33:41Z)   (Probe interval: 1m5.91673732s)
Name              IP              Node                     Endpoints
  zkd01.fyre.ibm.com (localhost):
    Host connectivity to 10.11.59.172:
      ICMP to stack:   OK, RTT=97.12µs     (Last probed: 2026-02-21T17:33:08Z)
      HTTP to agent:   OK, RTT=879.265µs   (Last probed: 2026-02-21T17:33:08Z)
    Endpoint connectivity to 10.244.0.29:
      ICMP to stack:   OK, RTT=624.825µs   (Last probed: 2026-02-21T17:33:41Z)
      HTTP to agent:   OK, RTT=705.067µs   (Last probed: 2026-02-21T17:33:41Z)
Modules Health:                            agent
                                           ├── controlplane
                                           │   ├── agent-infra-endpoints
                                           │   │   └── job-init-host-endpoint                              [STOPPED] Start initialization (9m21s, x1)
                                           │   ├── bgp-control-plane
                                           │   │   ├── observer-job-default-gateway-route-change-tracker      [OK] Primed (9m22s, x1)
                                           │   │   └── observer-job-device-change-device-change-tracker      [OK] OK (7.065µs) [26] (4m43s, x1)
                                           │   ├── cilium-agent-dynamic-config
                                           │   │   └── job-k8s-reflector-cilium-configs-cm-cilium-config-kube-system      [OK] 143 upserted, 0 deleted, 143 total objects (9m22s, x1)
                                           │   ├── cilium-health
                                           │   │   └── job-init                                            [STOPPED] Start initialization (9m21s, x1)
                                           │   ├── ciliumenvoyconfig
                                           │   │   ├── job-node-labels                                     [OK] Running (9m22s, x1)
                                           │   │   ├── job-reconcile                                       [OK] OK, 0 object(s) (9m22s, x2)
                                           │   │   └── job-refresh                                         [OK] Next refresh in 30m0s (9m22s, x1)
                                           │   ├── clustermesh
                                           │   │   └── job-clustermesh-nodemanager-notifier                [STOPPED] Running (9m22s, x1)
                                           │   ├── config-drift-checker
                                           │   │   └── job-drift-checker                                   [OK] Running (9m22s, x1)
                                           │   ├── daemonconfig
                                           │   │   └── timer-job-validate-unchanged-daemon-config          [OK] OK (254.012µs) (13s, x1)
                                           │   ├── dynamic-lifecycle-manager
                                           │   │   ├── job-reconcile                                       [OK] OK, 0 object(s) (9m22s, x2)
                                           │   │   └── job-refresh                                         [OK] Next refresh in 30m0s (9m22s, x1)
                                           │   ├── enabled-features
                                           │   │   └── job-update-config-metric                            [STOPPED] Waiting for agent config (9m22s, x1)
                                           │   ├── endpoint-api
                                           │   │   ├── job-cni-deletion-queue                              [STOPPED] Running (9m22s, x1)
                                           │   │   └── job-unlock-lockfile                                 [STOPPED] Running (9m22s, x1)
                                           │   ├── endpoint-manager
                                           │   │   ├── cilium-endpoint-1190 (kube-system/coredns-5bf8685f84-v2t8x)
                                           │   │   │   ├── cep-k8s-sync                                    [OK] sync-to-k8s-ciliumendpoint (1190) (2s, x57)
                                           │   │   │   ├── datapath-regenerate                             [OK] Endpoint regeneration successful (78s, x6)
                                           │   │   │   └── policymap-sync                                  [OK] sync-policymap-1190 (9m18s, x1)
                                           │   │   ├── cilium-endpoint-3338 (kube-system/coredns-5bf8685f84-nsmbr)
                                           │   │   │   ├── cep-k8s-sync                                    [OK] sync-to-k8s-ciliumendpoint (3338) (2s, x57)
                                           │   │   │   ├── datapath-regenerate                             [OK] Endpoint regeneration successful (78s, x8)
                                           │   │   │   └── policymap-sync                                  [OK] sync-policymap-3338 (9m18s, x1)
                                           │   │   ├── cilium-endpoint-365 (/)
                                           │   │   │   ├── datapath-regenerate                             [OK] Endpoint regeneration successful (78s, x6)
                                           │   │   │   └── policymap-sync                                  [OK] sync-policymap-365 (9m18s, x1)
                                           │   │   ├── cilium-endpoint-766 (/)
                                           │   │   │   ├── datapath-regenerate                             [OK] Endpoint regeneration successful (78s, x6)
                                           │   │   │   └── policymap-sync                                  [OK] sync-policymap-766 (9m20s, x1)
                                           │   │   ├── endpoint-gc                                         [OK] endpoint-gc (4m18s, x2)
                                           │   │   ├── job-init-periodic-endpoint-controllers              [STOPPED] Running (9m22s, x1)
                                           │   │   └── job-namespace-updater                               [OK] Running (9m22s, x1)
                                           │   ├── endpoint-restore
                                           │   │   └── job-finish-endpoint-restore                         [STOPPED] Regenerating restored endpoints (9m22s, x1)
                                           │   ├── envoy-proxy
                                           │   │   ├── job-accesslog-server                                [OK] Running (9m22s, x1)
                                           │   │   ├── job-xds-server                                      [OK] Running (9m22s, x1)
                                           │   │   ├── observer-job-k8s-secrets-resource-events-cilium-secrets      [OK] Primed (9m22s, x1)
                                           │   │   └── timer-job-version-check                             [DEGRADED] timer job errored (82s, x4)
                                           │   ├── ep-bpf-prog-watchdog
                                           │   │   ├── job-wait-for-endpoint-restore                       [STOPPED] Running (9m22s, x1)
                                           │   │   └── timer-job-ep-bpf-prog-watchdog                      [OK] OK (1.210582ms) (18s, x1)
                                           │   ├── fqdn
                                           │   │   ├── dns-proxy
                                           │   │   │   └── job-proxy-bootstrapper                          [STOPPED] DNS proxy successfully initialized on port 40939 (9m19s, x1)
                                           │   │   └── namemanager
                                           │   │       ├── job-wait-for-endpoint-restore                   [STOPPED] OK (9m18s, x1)
                                           │   │       ├── observer-job-preallocate                        [OK] Primed (9m22s, x1)
                                           │   │       └── timer-job-dns-garbage-collector-job             [OK] OK (81.163µs) (18s, x1)
                                           │   ├── hostip-sync
                                           │   │   └── job-sync-hostips                                    [OK] Synchronized (22s, x10)
                                           │   ├── hubble
                                           │   │   ├── job-hubble                                          [STOPPED] Running (9m22s, x1)
                                           │   │   └── timer-job-hubble-namespace-cleanup                  [OK] OK (4.089µs) (4m22s, x1)
                                           │   ├── ipam
                                           │   │   └── ipam-podippool-table
                                           │   │       └── job-k8s-reflector-podippools-daemon-k8s         [OK] 0 upserted, 0 deleted, 0 total objects (9m22s, x1)
                                           │   ├── ipcache
                                           │   │   ├── job-api-server-backend-watcher                      [OK] Running (9m22s, x1)
                                           │   │   └── job-release-local-identities                        [STOPPED] Running (9m22s, x1)
                                           │   ├── k8s-tables
                                           │   │   ├── job-k8s-reflector-k8s-namespaces-daemon-k8s         [OK] 0 upserted, 1 deleted, 5 total objects (4m38s, x1)
                                           │   │   └── job-k8s-reflector-k8s-pods-daemon-k8s               [OK] 0 upserted, 1 deleted, 10 total objects (4m43s, x1)
                                           │   ├── l2-announcer
                                           │   │   └── job-l2-announcer-lease-gc                           [STOPPED] Running (9m22s, x1)
                                           │   ├── l7-proxy
                                           │   │   ├── job-proxy-ports-restore                             [STOPPED] Running (9m22s, x1)
                                           │   │   └── timer-job-proxy-ports-checkpoint                    [OK] OK (778.42µs) (22s, x1)
                                           │   ├── loadbalancer-healthserver
                                           │   │   └── job-control-loop                                    [STOPPED] Running (9m22s, x1)
                                           │   ├── loadbalancer-maps
                                           │   │   └── timer-job-pressure-metrics-reporter                 [OK] OK (3.687634ms) (4m22s, x1)
                                           │   ├── loadbalancer-reconciler
                                           │   │   ├── job-reconcile                                       [OK] OK, 4 object(s) (9m3s, x10)
                                           │   │   ├── job-refresh                                         [OK] Next refresh in 29m59.99949688s (9m22s, x1)
                                           │   │   └── job-start-reconciler                                [STOPPED] Waiting for load-balancing tables to initialize (9m22s, x1)
                                           │   ├── loadbalancer-reflectors
                                           │   │   └── k8s-reflector
                                           │   │       ├── job-reflect-pods                                [OK] Running (9m22s, x1)
                                           │   │       └── job-reflect-services-endpoints                  [OK] Running (9m22s, x1)
                                           │   ├── loadbalancer-writer
                                           │   │   └── job-node-addr-reconciler                            [OK] Running (9m22s, x1)
                                           │   ├── local-node-store
                                           │   │   └── job-sync-local-node                                 [OK] Running (9m22s, x1)
                                           │   ├── node-manager
                                           │   │   ├── job-backgroundSync                                  [OK] Node validation successful (3s, x13)
                                           │   │   ├── node-checkpoint-writer                              [OK] node checkpoint written (9m22s, x1)
                                           │   │   └── nodes-add                                           [OK] Node adds successful (9m22s, x1)
                                           │   ├── policy
                                           │   │   ├── observer-job-policy-importer                        [OK] OK (278.221µs) [4] (4m38s, x1)
                                           │   │   └── timer-job-id-alloc-update-policy-maps               [OK] OK (221.524µs) (8m9s, x1)
                                           │   ├── stale-endpoint-cleanup
                                           │   │   └── job-endpoint-cleanup                                [STOPPED] Running (9m22s, x1)
                                           │   ├── status
                                           │   │   └── job-probes                                          [OK] Running (9m22s, x1)
                                           │   └── ztunnel
                                           │       └── enrollment-reconciler
                                           │           └── job-derive-desired-mtls-namespace-enrollments    [OK] Running (9m22s, x1)
                                           ├── datapath
                                           │   ├── agent-liveness-updater
                                           │   │   └── timer-job-agent-liveness-updater                    [OK] OK (70.554µs) (0s, x1)
                                           │   ├── device-reconciler
                                           │   │   ├── job-reconcile                                       [OK] OK, 0 object(s) (9m22s, x2)
                                           │   │   └── job-refresh                                         [OK] Next refresh in 30m0s (9m22s, x1)
                                           │   ├── iptables
                                           │   │   ├── ipset
                                           │   │   │   ├── job-ipset-init-finalizer                        [STOPPED] Running (9m22s, x1)
                                           │   │   │   ├── job-reconcile                                   [OK] OK, 0 object(s) (9m22s, x2)
                                           │   │   │   └── job-refresh                                     [OK] Next refresh in 30m0s (9m22s, x1)
                                           │   │   └── job-iptables-reconciliation-loop                    [OK] iptables rules update completed (9m19s, x1)
                                           │   ├── l2-responder
                                           │   │   └── job-l2-responder-reconciler                         [OK] Running (9m22s, x1)
                                           │   ├── link-cache
                                           │   │   └── timer-job-sync                                      [OK] OK (688.682µs) (7s, x1)
                                           │   ├── loader
                                           │   │   └── job-per-endpoint-route-initializer                  [STOPPED] Running (9m22s, x1)
                                           │   ├── maps
                                           │   │   ├── bwmap
                                           │   │   │   └── timer-job-pressure-metric-throttle              [OK] OK (1.655µs) (22s, x1)
                                           │   │   ├── ct-nat-map-gc
                                           │   │   │   ├── job-enable-gc                                   [STOPPED] Running (9m22s, x1)
                                           │   │   │   ├── observer-job-nat-map-next4                      [OK] OK (1.193µs) [213] (108s, x1)
                                           │   │   │   └── observer-job-nat-map-next6                      [OK] Primed (9m22s, x1)
                                           │   │   ├── netdev-map
                                           │   │   │   └── netdev-map-sync
                                           │   │   │       └── job-netdev-map-sync                         [OK] Running (9m22s, x1)
                                           │   │   └── subnet-map
                                           │   │       └── timer-job-pressure-metric-subnet_map            [OK] OK (3.1µs) (22s, x1)
                                           │   ├── maps-cleanup
                                           │   │   └── job-cleanup                                         [STOPPED] Running (9m22s, x1)
                                           │   ├── mtu
                                           │   │   ├── job-endpoint-mtu-updater                            [OK] Endpoint MTU updated (9m15s, x1)
                                           │   │   └── job-mtu-updater                                     [OK] MTU updated (1500) (9m22s, x1)
                                           │   ├── node-address
                                           │   │   ├──                                                     [OK] 9.30.183.125 (primary) (9m22s, x1)
                                           │   │   └── job-node-address-update                             [OK] Running (9m22s, x1)
                                           │   ├── orchestrator
                                           │   │   └── job-reinitialize                                    [OK] OK (9m21s, x1)
                                           │   ├── route-reconciler
                                           │   │   ├── job-desired-route-refresher                         [OK] Running (9m22s, x1)
                                           │   │   ├── job-reconcile                                       [OK] OK, 1 object(s) (9m18s, x4)
                                           │   │   └── job-refresh                                         [OK] Next refresh in 30m0s (9m22s, x1)
                                           │   ├── sysctl
                                           │   │   ├── job-reconcile                                       [OK] OK, 20 object(s) (9m21s, x3)
                                           │   │   └── job-refresh                                         [OK] Next refresh in 10m0s (9m22s, x1)
                                           │   └── utime
                                           │       └── timer-job-sync-userspace-and-datapath               [OK] OK (131.97µs) (22s, x1)
                                           └── infra
                                               ├── agent-healthz
                                               │   └── job-agent-healthz-server-ipv4                       [OK] Running (9m22s, x1)
                                               ├── k8s-synced-crdsync
                                               │   └── job-sync-crds                                       [STOPPED] Running (9m22s, x1)
                                               ├── metrics
                                               │   ├── job-collect                                         [OK] Sampled 24 metrics in 5.123851ms, next collection at 2026-02-21 17:34:51.50356939 +0000 UTC m=+601.215957580 (4m22s, x1)
                                               │   └── timer-job-cleanup                                   [OK] Primed (9m22s, x1)
                                               └── shell
                                                   └── job-listener                                        [OK] Listening on /var/run/cilium/shell.sock (9m22s, x1)
                                           

Smoke checks passed
Creating namespace s390x-policy-20260221173414
pod/server condition met
pod/client condition met
Baseline connectivity to 10.244.0.175:8080 (expected: allow)
Connectivity without access label (expected: deny)
Connectivity with access label after CEP convergence (expected: allow)
Policy integration test passed
Running BPF regression test: tc_lxc_policy_drop
make: Entering directory '/root/work/cilium-s390x/bpf/tests'
/root/work/cilium-s390x/bpf/tests/scapy/./parser.py . > /root/work/cilium-s390x/bpf/tests/output/gen_pkts.h.tmp
if ! cmp -s /root/work/cilium-s390x/bpf/tests/output/gen_pkts.h /root/work/cilium-s390x/bpf/tests/output/gen_pkts.h.tmp; then	\
	mv /root/work/cilium-s390x/bpf/tests/output/gen_pkts.h.tmp /root/work/cilium-s390x/bpf/tests/output/gen_pkts.h;			\
else								\
	rm /root/work/cilium-s390x/bpf/tests/output/gen_pkts.h.tmp;					\
fi
go test ./bpftest \
	-bpf-test-path /root/work/cilium-s390x/bpf/tests \
	-mod=vendor -vet=all -tags=osusergo -test tc_lxc_policy_drop \
| cat;
ok  	github.com/cilium/cilium/bpf/tests/bpftest	0.459s
make: Leaving directory '/root/work/cilium-s390x/bpf/tests'
Running BPF regression test: tc_policy_reject_response_test
make: Entering directory '/root/work/cilium-s390x/bpf/tests'
/root/work/cilium-s390x/bpf/tests/scapy/./parser.py . > /root/work/cilium-s390x/bpf/tests/output/gen_pkts.h.tmp
if ! cmp -s /root/work/cilium-s390x/bpf/tests/output/gen_pkts.h /root/work/cilium-s390x/bpf/tests/output/gen_pkts.h.tmp; then	\
	mv /root/work/cilium-s390x/bpf/tests/output/gen_pkts.h.tmp /root/work/cilium-s390x/bpf/tests/output/gen_pkts.h;			\
else								\
	rm /root/work/cilium-s390x/bpf/tests/output/gen_pkts.h.tmp;					\
fi
go test ./bpftest \
	-bpf-test-path /root/work/cilium-s390x/bpf/tests \
	-mod=vendor -vet=all -tags=osusergo -test tc_policy_reject_response_test \
| cat;
ok  	github.com/cilium/cilium/bpf/tests/bpftest	0.406s
make: Leaving directory '/root/work/cilium-s390x/bpf/tests'
Running BPF regression test: hairpin_sctp_flow
make: Entering directory '/root/work/cilium-s390x/bpf/tests'
/root/work/cilium-s390x/bpf/tests/scapy/./parser.py . > /root/work/cilium-s390x/bpf/tests/output/gen_pkts.h.tmp
if ! cmp -s /root/work/cilium-s390x/bpf/tests/output/gen_pkts.h /root/work/cilium-s390x/bpf/tests/output/gen_pkts.h.tmp; then	\
	mv /root/work/cilium-s390x/bpf/tests/output/gen_pkts.h.tmp /root/work/cilium-s390x/bpf/tests/output/gen_pkts.h;			\
else								\
	rm /root/work/cilium-s390x/bpf/tests/output/gen_pkts.h.tmp;					\
fi
go test ./bpftest \
	-bpf-test-path /root/work/cilium-s390x/bpf/tests \
	-mod=vendor -vet=all -tags=osusergo -test hairpin_sctp_flow \
| cat;
ok  	github.com/cilium/cilium/bpf/tests/bpftest	0.523s
make: Leaving directory '/root/work/cilium-s390x/bpf/tests'
BPF regression subset passed
Artifacts collected in /tmp/cilium-s390x-artifacts-20260221T173456Z
