[2026-02-21T21:23:15Z] sync integration_wide script + docs
** WARNING: connection is not using a post-quantum key exchange algorithm.
** This session may be vulnerable to "store now, decrypt later" attacks.
** The server may need to be upgraded. See https://openssh.com/pq.html
*****************************************************************************
* Systems must only be used for conducting IBMs business. IBM may exercise  *
* rights to manage and enforce security, monitor use, remove access or      *
* block traffic to and from this system, as well as any other rights listed *
* in ITSS.                                                                  *
*                                                                           *
* Users must comply with DevIT service terms of use, IBM policies,          *
* directives and corporate instructions including, import/export of data,   *
* BCGs, Corporate Instructions, Standards, Addenda as well as all other     *
* responsibilities listed in ITSS.                                          *
*****************************************************************************


[2026-02-21T21:23:17Z] run script smoke with INTEGRATION_MAKE_TARGET=stop-kvstores
** WARNING: connection is not using a post-quantum key exchange algorithm.
** This session may be vulnerable to "store now, decrypt later" attacks.
** The server may need to be upgraded. See https://openssh.com/pq.html
*****************************************************************************
* Systems must only be used for conducting IBMs business. IBM may exercise  *
* rights to manage and enforce security, monitor use, remove access or      *
* block traffic to and from this system, as well as any other rights listed *
* in ITSS.                                                                  *
*                                                                           *
* Users must comply with DevIT service terms of use, IBM policies,          *
* directives and corporate instructions including, import/export of data,   *
* BCGs, Corporate Instructions, Standards, Addenda as well as all other     *
* responsibilities listed in ITSS.                                          *
*****************************************************************************


[2026-02-21T21:23:19Z] Starting kvstore (attempt 1/3)
fatal: your current branch 'k8ika0s/s390x-local-pr-stack' does not have any commits yet
fatal: your current branch 'k8ika0s/s390x-local-pr-stack' does not have any commits yet
fatal: your current branch 'k8ika0s/s390x-local-pr-stack' does not have any commits yet
fatal: your current branch 'k8ika0s/s390x-local-pr-stack' does not have any commits yet
fatal: your current branch 'k8ika0s/s390x-local-pr-stack' does not have any commits yet
fatal: your current branch 'k8ika0s/s390x-local-pr-stack' does not have any commits yet
fatal: your current branch 'k8ika0s/s390x-local-pr-stack' does not have any commits yet
fatal: your current branch 'k8ika0s/s390x-local-pr-stack' does not have any commits yet
fatal: your current branch 'k8ika0s/s390x-local-pr-stack' does not have any commits yet
fatal: your current branch 'k8ika0s/s390x-local-pr-stack' does not have any commits yet
Starting key-value store container...
docker rm -f "cilium-etcd-test-container" 2> /dev/null
docker run -d \
	-e ETCD_UNSUPPORTED_ARCH=s390x \
	--name "cilium-etcd-test-container" \
	-p 4002:4001 \
	gcr.io/etcd-development/etcd:v3.6.7@sha256:70cd5d29d2efcbc4c15f2a63183fd537aae77ddbc46b3b97a8a97bc8751ec3b4 \
	etcd -name etcd0 \
	-advertise-client-urls http://0.0.0.0:4001 \
	-listen-client-urls http://0.0.0.0:4001 \
	-listen-peer-urls http://0.0.0.0:2380 \
	-initial-cluster-token etcd-cluster-1 \
	-initial-cluster-state new
Error: netavark: create veth pair: Netlink error: Invalid argument (os error 22)
make: *** [Makefile:133: start-kvstores] Error 126
[2026-02-21T21:23:23Z] Starting kvstore (attempt 2/3)
fatal: your current branch 'k8ika0s/s390x-local-pr-stack' does not have any commits yet
fatal: your current branch 'k8ika0s/s390x-local-pr-stack' does not have any commits yet
fatal: your current branch 'k8ika0s/s390x-local-pr-stack' does not have any commits yet
fatal: your current branch 'k8ika0s/s390x-local-pr-stack' does not have any commits yet
fatal: your current branch 'k8ika0s/s390x-local-pr-stack' does not have any commits yet
fatal: your current branch 'k8ika0s/s390x-local-pr-stack' does not have any commits yet
fatal: your current branch 'k8ika0s/s390x-local-pr-stack' does not have any commits yet
fatal: your current branch 'k8ika0s/s390x-local-pr-stack' does not have any commits yet
fatal: your current branch 'k8ika0s/s390x-local-pr-stack' does not have any commits yet
fatal: your current branch 'k8ika0s/s390x-local-pr-stack' does not have any commits yet
Starting key-value store container...
docker rm -f "cilium-etcd-test-container" 2> /dev/null
cilium-etcd-test-container
docker run -d \
	-e ETCD_UNSUPPORTED_ARCH=s390x \
	--name "cilium-etcd-test-container" \
	-p 4002:4001 \
	gcr.io/etcd-development/etcd:v3.6.7@sha256:70cd5d29d2efcbc4c15f2a63183fd537aae77ddbc46b3b97a8a97bc8751ec3b4 \
	etcd -name etcd0 \
	-advertise-client-urls http://0.0.0.0:4001 \
	-listen-client-urls http://0.0.0.0:4001 \
	-listen-peer-urls http://0.0.0.0:2380 \
	-initial-cluster-token etcd-cluster-1 \
	-initial-cluster-state new
bf5af21d632d08e9ad56b237e0689d2eed89c7f350bf6997ef254c585891f61e
[2026-02-21T21:23:26Z] Running stop-kvstores with SKIP_KVSTORES=true
fatal: your current branch 'k8ika0s/s390x-local-pr-stack' does not have any commits yet
fatal: your current branch 'k8ika0s/s390x-local-pr-stack' does not have any commits yet
fatal: your current branch 'k8ika0s/s390x-local-pr-stack' does not have any commits yet
fatal: your current branch 'k8ika0s/s390x-local-pr-stack' does not have any commits yet
fatal: your current branch 'k8ika0s/s390x-local-pr-stack' does not have any commits yet
fatal: your current branch 'k8ika0s/s390x-local-pr-stack' does not have any commits yet
fatal: your current branch 'k8ika0s/s390x-local-pr-stack' does not have any commits yet
fatal: your current branch 'k8ika0s/s390x-local-pr-stack' does not have any commits yet
fatal: your current branch 'k8ika0s/s390x-local-pr-stack' does not have any commits yet
fatal: your current branch 'k8ika0s/s390x-local-pr-stack' does not have any commits yet
make: Nothing to be done for 'stop-kvstores'.
[2026-02-21T21:23:27Z] Integration sweep completed
