** WARNING: connection is not using a post-quantum key exchange algorithm.
** This session may be vulnerable to "store now, decrypt later" attacks.
** The server may need to be upgraded. See https://openssh.com/pq.html
*****************************************************************************
* Systems must only be used for conducting IBMs business. IBM may exercise  *
* rights to manage and enforce security, monitor use, remove access or      *
* block traffic to and from this system, as well as any other rights listed *
* in ITSS.                                                                  *
*                                                                           *
* Users must comply with DevIT service terms of use, IBM policies,          *
* directives and corporate instructions including, import/export of data,   *
* BCGs, Corporate Instructions, Standards, Addenda as well as all other     *
* responsibilities listed in ITSS.                                          *
*****************************************************************************


make: Entering directory '/root/work/cilium-s390x/bpf/tests'
/root/work/cilium-s390x/bpf/tests/scapy/./parser.py . > /root/work/cilium-s390x/bpf/tests/output/gen_pkts.h.tmp
if ! cmp -s /root/work/cilium-s390x/bpf/tests/output/gen_pkts.h /root/work/cilium-s390x/bpf/tests/output/gen_pkts.h.tmp; then	\
	mv /root/work/cilium-s390x/bpf/tests/output/gen_pkts.h.tmp /root/work/cilium-s390x/bpf/tests/output/gen_pkts.h;			\
else								\
	rm /root/work/cilium-s390x/bpf/tests/output/gen_pkts.h.tmp;					\
fi
go test ./bpftest \
	-bpf-test-path /root/work/cilium-s390x/bpf/tests \
	-mod=vendor -vet=all -tags=osusergo -test tc_egressgw_redirect_from_overlay \
| cat;
time=2026-02-21T10:59:58.445834601-08:00 level=info msg="Initializing dissection cache..."
--- FAIL: TestBPF (1.81s)
    --- FAIL: TestBPF/tc_egressgw_redirect_from_overlay.o (1.10s)
        bpf_test.go:64: CPU 04: MARK 0x0 FROM 0 DEBUG: Tunnel decap: id=1048575 flowlabel=0
        bpf_test.go:64: xx drop (No Egress IP configured) flow 0x0 to endpoint 0, ifindex 1, file unknown(0):0, , identity 1048575->unknown: [error]
        bpf_test.go:64: CPU 04: MARK 0x0 FROM 0 DEBUG: Tunnel decap: id=1048575 flowlabel=0
        bpf_test.go:64: xx drop (No Egress IP configured) flow 0x0 to endpoint 0, ifindex 1, file unknown(0):0, , identity 1048575->unknown: [error]
        bpf_test.go:64: CPU 04: MARK 0x0 FROM 0 DEBUG: Tunnel decap: id=1048575 flowlabel=0
        bpf_test.go:64: -> 1: [error]
        --- FAIL: TestBPF/tc_egressgw_redirect_from_overlay.o/tc_egressgw_redirect_from_overlay (0.00s)
            bpf_test.go:584: ./lib/egressgw.h:259: assert failed at ./lib/egressgw.h:259
        bpf_test.go:64: CPU 04: MARK 0x0 FROM 0 DEBUG: Tunnel decap: id=1048575 flowlabel=0
        bpf_test.go:64: CPU 04: MARK 0x0 FROM 0 DEBUG: Tunnel decap: id=1048575 flowlabel=0
        bpf_test.go:64: -> 1: [error]
        bpf_test.go:64: CPU 04: MARK 0x0 FROM 0 DEBUG: Tunnel decap: id=1048575 flowlabel=0
        bpf_test.go:64: -> 1: [error]
        bpf_test.go:64: CPU 04: MARK 0x0 FROM 0 DEBUG: Tunnel decap: id=1048575 flowlabel=0
        bpf_test.go:64: -> 1: [error]
        bpf_test.go:64: CPU 04: MARK 0x0 FROM 0 DEBUG: Tunnel decap: id=1048575 flowlabel=0
        bpf_test.go:64: -> 1: [error]
FAIL
FAIL	github.com/cilium/cilium/bpf/tests/bpftest	1.864s
FAIL
make: Leaving directory '/root/work/cilium-s390x/bpf/tests'
make: *** [Makefile:114: run] Error 1
