** WARNING: connection is not using a post-quantum key exchange algorithm.
** This session may be vulnerable to "store now, decrypt later" attacks.
** The server may need to be upgraded. See https://openssh.com/pq.html
*****************************************************************************
* Systems must only be used for conducting IBMs business. IBM may exercise  *
* rights to manage and enforce security, monitor use, remove access or      *
* block traffic to and from this system, as well as any other rights listed *
* in ITSS.                                                                  *
*                                                                           *
* Users must comply with DevIT service terms of use, IBM policies,          *
* directives and corporate instructions including, import/export of data,   *
* BCGs, Corporate Instructions, Standards, Addenda as well as all other     *
* responsibilities listed in ITSS.                                          *
*****************************************************************************


make: Entering directory '/root/work/cilium-s390x/bpf/tests'
/root/work/cilium-s390x/bpf/tests/scapy/./parser.py . > /root/work/cilium-s390x/bpf/tests/output/gen_pkts.h.tmp
if ! cmp -s /root/work/cilium-s390x/bpf/tests/output/gen_pkts.h /root/work/cilium-s390x/bpf/tests/output/gen_pkts.h.tmp; then	\
	mv /root/work/cilium-s390x/bpf/tests/output/gen_pkts.h.tmp /root/work/cilium-s390x/bpf/tests/output/gen_pkts.h;			\
else								\
	rm /root/work/cilium-s390x/bpf/tests/output/gen_pkts.h.tmp;					\
fi
go test ./bpftest \
	-bpf-test-path /root/work/cilium-s390x/bpf/tests \
	-mod=vendor -vet=all -tags=osusergo -test tc_egressgw_redirect_from_host \
| cat;
time=2026-02-21T10:59:48.017381056-08:00 level=info msg="Initializing dissection cache..."
--- FAIL: TestBPF (1.65s)
    --- FAIL: TestBPF/tc_egressgw_redirect_from_host.o (1.64s)
        bpf_test.go:64: CPU 00: MARK 0x0 FROM 0 DEBUG: Conntrack create: proxy-port=0 revnat=0 src-identity=0 lb=0.0.0.0
        bpf_test.go:64: CPU 00: MARK 0x0 FROM 0 DEBUG: Successfully mapped addr=192.168.0.1 to identity=9
        bpf_test.go:64: xx drop (No Egress IP configured) flow 0x0 to endpoint 0, ifindex 1, file unknown(0):0, , identity unknown->unknown: [error]
        bpf_test.go:64: CPU 00: MARK 0x0 FROM 0 DEBUG: Conntrack create: proxy-port=0 revnat=0 src-identity=0
        bpf_test.go:64: CPU 00: MARK 0x0 FROM 0 DEBUG: Successfully mapped addr.p4=[::0:0] to identity=10
        bpf_test.go:64: xx drop (No Egress IP configured) flow 0x0 to endpoint 0, ifindex 1, file unknown(0):0, , identity unknown->unknown: [error]
        bpf_test.go:64: CPU 00: MARK 0x0 FROM 0 DEBUG: Conntrack create: proxy-port=0 revnat=0 src-identity=0 lb=0.0.0.0
        bpf_test.go:64: CPU 00: MARK 0x0 FROM 0 DEBUG: Successfully mapped addr=192.168.0.1 to identity=9
        --- FAIL: TestBPF/tc_egressgw_redirect_from_host.o/tc_egressgw_redirect (0.00s)
            bpf_test.go:584: ./lib/egressgw.h:259: assert failed at ./lib/egressgw.h:259
        bpf_test.go:64: CPU 00: MARK 0x0 FROM 0 DEBUG: Conntrack create: proxy-port=0 revnat=0 src-identity=0
        bpf_test.go:64: CPU 00: MARK 0x0 FROM 0 DEBUG: Successfully mapped addr.p4=[::0:0] to identity=10
        bpf_test.go:64: CPU 00: MARK 0x0 FROM 0 DEBUG: Encapsulating to node 167774722 (0xa000a02) from seclabel 0
        bpf_test.go:64: CPU 00: MARK 0x0 FROM 0 DEBUG: Conntrack create: proxy-port=0 revnat=0 src-identity=0 lb=0.0.0.0
        bpf_test.go:64: CPU 00: MARK 0x0 FROM 0 DEBUG: Successfully mapped addr=192.168.0.1 to identity=9
        bpf_test.go:64: CPU 00: MARK 0x0 FROM 0 DEBUG: Conntrack create: proxy-port=0 revnat=0 src-identity=0
        bpf_test.go:64: CPU 00: MARK 0x0 FROM 0 DEBUG: Successfully mapped addr.p4=[::0:0] to identity=10
        bpf_test.go:64: CPU 00: MARK 0x0 FROM 0 DEBUG: Conntrack create: proxy-port=0 revnat=0 src-identity=0 lb=0.0.0.0
        bpf_test.go:64: CPU 00: MARK 0x0 FROM 0 DEBUG: Successfully mapped addr=192.168.0.1 to identity=9
        bpf_test.go:64: xx drop (No egress gateway found) flow 0x0 to endpoint 0, ifindex 1, file unknown(0):0, , identity unknown->unknown: [error]
        bpf_test.go:64: CPU 00: MARK 0x0 FROM 0 DEBUG: Conntrack create: proxy-port=0 revnat=0 src-identity=0
        bpf_test.go:64: CPU 00: MARK 0x0 FROM 0 DEBUG: Successfully mapped addr.p4=[::0:0] to identity=10
        bpf_test.go:64: xx drop (No egress gateway found) flow 0x0 to endpoint 0, ifindex 1, file unknown(0):0, , identity unknown->unknown: [error]
FAIL
FAIL	github.com/cilium/cilium/bpf/tests/bpftest	1.704s
FAIL
make: Leaving directory '/root/work/cilium-s390x/bpf/tests'
make: *** [Makefile:114: run] Error 1
