make: Entering directory '/root/work/cilium-s390x/bpf/tests'
/root/work/cilium-s390x/bpf/tests/scapy/./parser.py . > /root/work/cilium-s390x/bpf/tests/output/gen_pkts.h.tmp
if ! cmp -s /root/work/cilium-s390x/bpf/tests/output/gen_pkts.h /root/work/cilium-s390x/bpf/tests/output/gen_pkts.h.tmp; then	\
	mv /root/work/cilium-s390x/bpf/tests/output/gen_pkts.h.tmp /root/work/cilium-s390x/bpf/tests/output/gen_pkts.h;			\
else								\
	rm /root/work/cilium-s390x/bpf/tests/output/gen_pkts.h.tmp;					\
fi
go test ./bpftest \
	-bpf-test-path /root/work/cilium-s390x/bpf/tests \
	-mod=vendor -vet=all -tags=osusergo -test.v -dump-ctx -test tc_egressgw_redirect_from_overlay \
| cat;
=== RUN   TestBPF
=== RUN   TestBPF/tc_egressgw_redirect_from_overlay.o
=== RUN   TestBPF/tc_egressgw_redirect_from_overlay.o/tc_egressgw_drop_no_egress_ip_from_overlay
    bpf_test.go:459: Pktgen returned status: 
    bpf_test.go:460: 0
    bpf_test.go:461: data after pktgen: 
    bpf_test.go:462: ([]uint8) (len=74 cap=3778) {
         00000000  31 41 59 26 35 89 de ad  be ef de ef 08 00 45 00  |1AY&5.........E.|
         00000010  00 3c 00 00 00 00 40 06  41 12 c0 a8 00 01 6e 00  |.<....@.A.....n.|
         00000020  0b 01 00 78 04 d2 00 01  e2 40 00 00 00 00 50 02  |...x.....@....P.|
         00000030  ff ff 52 26 00 00 53 68  6f 75 6c 64 20 6e 6f 74  |..R&..Should not|
         00000040  20 63 68 61 6e 67 65 21  21 00                    | change!!.|
        }
        
    bpf_test.go:463: ctx after pktgen: 
    bpf_test.go:464: ([]uint8) (len=256 cap=256) {
         00000000  00 00 00 00 00 00 00 00  00 00 00 00 00 00 00 00  |................|
         00000010  00 00 00 00 00 00 00 00  00 00 00 00 00 00 00 00  |................|
         00000020  00 00 00 00 00 00 00 00  00 00 00 01 00 00 00 00  |................|
         00000030  00 00 00 00 00 00 00 00  00 00 00 00 00 00 00 00  |................|
         00000040  00 00 00 00 00 00 00 00  00 00 00 00 00 00 00 00  |................|
         00000050  00 00 00 00 00 00 00 00  00 00 00 00 00 00 00 00  |................|
         00000060  00 00 00 00 00 00 00 00  00 00 00 00 00 00 00 00  |................|
         00000070  00 00 00 00 00 00 00 00  00 00 00 00 00 00 00 00  |................|
         00000080  00 00 00 00 00 00 00 00  00 00 00 00 00 00 00 00  |................|
         00000090  00 00 00 00 00 00 00 00  00 00 00 00 00 00 00 00  |................|
         000000a0  00 00 0d c0 00 00 00 00  00 00 00 00 00 00 00 00  |................|
         000000b0  00 00 00 00 00 00 00 00  00 00 00 00 00 00 00 00  |................|
         000000c0  00 00 00 00 00 00 00 00  00 00 00 00 00 00 00 00  |................|
         000000d0  00 00 00 00 00 00 00 00  00 00 00 00 00 00 00 00  |................|
         000000e0  00 00 00 00 00 00 00 00  00 00 00 00 00 00 00 00  |................|
         000000f0  00 00 00 00 00 00 00 00  00 00 00 00 00 00 00 00  |................|
        }
        
    bpf_test.go:478: Setup returned status: 
    bpf_test.go:479: 2
    bpf_test.go:480: data after setup: 
    bpf_test.go:481: ([]uint8) (len=74 cap=332) {
         00000000  31 41 59 26 35 89 de ad  be ef de ef 08 00 45 00  |1AY&5.........E.|
         00000010  00 3c 00 00 00 00 40 06  41 12 c0 a8 00 01 6e 00  |.<....@.A.....n.|
         00000020  0b 01 00 78 04 d2 00 01  e2 40 00 00 00 00 50 02  |...x.....@....P.|
         00000030  ff ff 52 26 00 00 53 68  6f 75 6c 64 20 6e 6f 74  |..R&..Should not|
         00000040  20 63 68 61 6e 67 65 21  21 00                    | change!!.|
        }
        
    bpf_test.go:482: ctx after setup: 
    bpf_test.go:483: ([]uint8) (len=256 cap=256) {
         00000000  00 00 00 00 00 00 00 00  00 00 00 00 00 00 00 00  |................|
         00000010  00 00 00 00 00 00 00 00  00 00 00 00 00 00 00 00  |................|
         00000020  00 00 00 00 00 00 00 00  00 00 00 01 00 00 00 00  |................|
         00000030  00 0f ff ff 00 00 00 00  00 00 00 cc 00 00 00 00  |................|
         00000040  00 00 00 02 00 00 00 00  00 00 00 00 00 00 00 00  |................|
         00000050  00 00 00 00 00 00 00 00  00 00 00 00 00 00 00 00  |................|
         00000060  00 00 00 00 00 00 00 00  00 00 00 00 00 00 00 00  |................|
         00000070  00 00 00 00 00 00 00 00  00 00 00 00 00 00 00 00  |................|
         00000080  00 00 00 00 00 00 00 00  00 00 00 00 00 00 00 00  |................|
         00000090  00 00 00 00 00 00 00 00  00 00 00 00 00 00 00 00  |................|
         000000a0  00 00 0d c0 00 00 00 00  00 00 00 00 00 00 00 00  |................|
         000000b0  00 00 00 00 00 00 00 00  00 00 00 00 00 00 00 00  |................|
         000000c0  00 00 00 00 00 00 00 00  00 00 00 00 00 00 00 00  |................|
         000000d0  00 00 00 00 00 00 00 00  00 00 00 00 00 00 00 00  |................|
         000000e0  00 00 00 00 00 00 00 00  00 00 00 00 00 00 00 00  |................|
         000000f0  00 00 00 00 00 00 00 00  00 00 00 00 00 00 00 00  |................|
        }
        
    bpf_test.go:497: Check returned status: 
    bpf_test.go:498: 101
    bpf_test.go:499: data after check: 78
    bpf_test.go:500: ([]uint8) (len=78 cap=336) {
         00000000  00 00 00 02 31 41 59 26  35 89 de ad be ef de ef  |....1AY&5.......|
         00000010  08 00 45 00 00 3c 00 00  00 00 40 06 41 12 c0 a8  |..E..<....@.A...|
         00000020  00 01 6e 00 0b 01 00 78  04 d2 00 01 e2 40 00 00  |..n....x.....@..|
         00000030  00 00 50 02 ff ff 52 26  00 00 53 68 6f 75 6c 64  |..P...R&..Should|
         00000040  20 6e 6f 74 20 63 68 61  6e 67 65 21 21 00        | not change!!.|
        }
        
    bpf_test.go:501: ctx after check: 
    bpf_test.go:502: ([]uint8) (len=256 cap=256) {
         00000000  00 00 00 00 00 00 00 00  00 00 00 00 00 00 00 00  |................|
         00000010  00 00 00 00 00 00 00 00  00 00 00 00 00 00 00 00  |................|
         00000020  00 00 00 00 00 00 00 00  00 00 00 01 00 00 00 00  |................|
         00000030  00 0f ff ff 00 00 00 00  00 00 00 cc 00 00 00 00  |................|
         00000040  00 00 00 02 00 00 00 00  00 00 00 00 00 00 00 00  |................|
         00000050  00 00 00 00 00 00 00 00  00 00 00 00 00 00 00 00  |................|
         00000060  00 00 00 00 00 00 00 00  00 00 00 00 00 00 00 00  |................|
         00000070  00 00 00 00 00 00 00 00  00 00 00 00 00 00 00 00  |................|
         00000080  00 00 00 00 00 00 00 00  00 00 00 00 00 00 00 00  |................|
         00000090  00 00 00 00 00 00 00 00  00 00 00 00 00 00 00 00  |................|
         000000a0  00 00 0d c0 00 00 00 00  00 00 00 00 00 00 00 00  |................|
         000000b0  00 00 00 00 00 00 00 00  00 00 00 00 00 00 00 00  |................|
         000000c0  00 00 00 00 00 00 00 00  00 00 00 00 00 00 00 00  |................|
         000000d0  00 00 00 00 00 00 00 00  00 00 00 00 00 00 00 00  |................|
         000000e0  00 00 00 00 00 00 00 00  00 00 00 00 00 00 00 00  |................|
         000000f0  00 00 00 00 00 00 00 00  00 00 00 00 00 00 00 00  |................|
        }
        
=== RUN   TestBPF/tc_egressgw_redirect_from_overlay.o/tc_egressgw_drop_no_egress_ip_from_overlay_v6
    bpf_test.go:459: Pktgen returned status: 
    bpf_test.go:460: 0
    bpf_test.go:461: data after pktgen: 
    bpf_test.go:462: ([]uint8) (len=94 cap=3778) {
         00000000  31 41 59 26 35 89 de ad  be ef de ef 86 dd 60 00  |1AY&5.........`.|
         00000010  00 00 00 28 06 40 01 00  00 00 00 00 00 00 00 00  |...(.@..........|
         00000020  00 00 00 00 00 00 02 00  00 00 00 00 00 00 00 00  |................|
         00000030  00 00 00 00 00 00 00 78  04 d2 00 01 e2 40 00 00  |.......x.....@..|
         00000040  00 00 50 02 ff ff 88 d1  00 00 53 68 6f 75 6c 64  |..P.......Should|
         00000050  20 6e 6f 74 20 63 68 61  6e 67 65 21 21 00        | not change!!.|
        }
        
    bpf_test.go:463: ctx after pktgen: 
    bpf_test.go:464: ([]uint8) (len=256 cap=256) {
         00000000  00 00 00 00 00 00 00 00  00 00 00 00 00 00 00 00  |................|
         00000010  00 00 00 00 00 00 00 00  00 00 00 00 00 00 00 00  |................|
         00000020  00 00 00 00 00 00 00 00  00 00 00 01 00 00 00 00  |................|
         00000030  00 00 00 00 00 00 00 00  00 00 00 00 00 00 00 00  |................|
         00000040  00 00 00 00 00 00 00 00  00 00 00 00 00 00 00 00  |................|
         00000050  00 00 00 00 00 00 00 00  00 00 00 00 00 00 00 00  |................|
         00000060  00 00 00 00 00 00 00 00  00 00 00 00 00 00 00 00  |................|
         00000070  00 00 00 00 00 00 00 00  00 00 00 00 00 00 00 00  |................|
         00000080  00 00 00 00 00 00 00 00  00 00 00 00 00 00 00 00  |................|
         00000090  00 00 00 00 00 00 00 00  00 00 00 00 00 00 00 00  |................|
         000000a0  00 00 0d c0 00 00 00 00  00 00 00 00 00 00 00 00  |................|
         000000b0  00 00 00 00 00 00 00 00  00 00 00 00 00 00 00 00  |................|
         000000c0  00 00 00 00 00 00 00 00  00 00 00 00 00 00 00 00  |................|
         000000d0  00 00 00 00 00 00 00 00  00 00 00 00 00 00 00 00  |................|
         000000e0  00 00 00 00 00 00 00 00  00 00 00 00 00 00 00 00  |................|
         000000f0  00 00 00 00 00 00 00 00  00 00 00 00 00 00 00 00  |................|
        }
        
    bpf_test.go:478: Setup returned status: 
    bpf_test.go:479: 2
    bpf_test.go:480: data after setup: 
    bpf_test.go:481: ([]uint8) (len=94 cap=352) {
         00000000  31 41 59 26 35 89 de ad  be ef de ef 86 dd 60 00  |1AY&5.........`.|
         00000010  00 00 00 28 06 40 01 00  00 00 00 00 00 00 00 00  |...(.@..........|
         00000020  00 00 00 00 00 00 02 00  00 00 00 00 00 00 00 00  |................|
         00000030  00 00 00 00 00 00 00 78  04 d2 00 01 e2 40 00 00  |.......x.....@..|
         00000040  00 00 50 02 ff ff 88 d1  00 00 53 68 6f 75 6c 64  |..P.......Should|
         00000050  20 6e 6f 74 20 63 68 61  6e 67 65 21 21 00        | not change!!.|
        }
        
    bpf_test.go:482: ctx after setup: 
    bpf_test.go:483: ([]uint8) (len=256 cap=256) {
         00000000  00 00 00 00 00 00 00 00  00 00 00 00 00 00 00 00  |................|
         00000010  00 00 00 00 00 00 00 00  00 00 00 00 00 00 00 00  |................|
         00000020  00 00 00 00 00 00 00 00  00 00 00 01 00 00 00 00  |................|
         00000030  00 0f ff ff 00 00 00 00  00 00 00 cc 00 00 00 00  |................|
         00000040  00 00 00 02 00 00 00 00  00 00 00 00 00 00 00 00  |................|
         00000050  00 00 00 00 00 00 00 00  00 00 00 00 00 00 00 00  |................|
         00000060  00 00 00 00 00 00 00 00  00 00 00 00 00 00 00 00  |................|
         00000070  00 00 00 00 00 00 00 00  00 00 00 00 00 00 00 00  |................|
         00000080  00 00 00 00 00 00 00 00  00 00 00 00 00 00 00 00  |................|
         00000090  00 00 00 00 00 00 00 00  00 00 00 00 00 00 00 00  |................|
         000000a0  00 00 0d c0 00 00 00 00  00 00 00 00 00 00 00 00  |................|
         000000b0  00 00 00 00 00 00 00 00  00 00 00 00 00 00 00 00  |................|
         000000c0  00 00 00 00 00 00 00 00  00 00 00 00 00 00 00 00  |................|
         000000d0  00 00 00 00 00 00 00 00  00 00 00 00 00 00 00 00  |................|
         000000e0  00 00 00 00 00 00 00 00  00 00 00 00 00 00 00 00  |................|
         000000f0  00 00 00 00 00 00 00 00  00 00 00 00 00 00 00 00  |................|
        }
        
    bpf_test.go:497: Check returned status: 
    bpf_test.go:498: 101
    bpf_test.go:499: data after check: 98
    bpf_test.go:500: ([]uint8) (len=98 cap=356) {
         00000000  00 00 00 02 31 41 59 26  35 89 de ad be ef de ef  |....1AY&5.......|
         00000010  86 dd 60 00 00 00 00 28  06 40 01 00 00 00 00 00  |..`....(.@......|
         00000020  00 00 00 00 00 00 00 00  00 00 02 00 00 00 00 00  |................|
         00000030  00 00 00 00 00 00 00 00  00 00 00 78 04 d2 00 01  |...........x....|
         00000040  e2 40 00 00 00 00 50 02  ff ff 88 d1 00 00 53 68  |.@....P.......Sh|
         00000050  6f 75 6c 64 20 6e 6f 74  20 63 68 61 6e 67 65 21  |ould not change!|
         00000060  21 00                                             |!.|
        }
        
    bpf_test.go:501: ctx after check: 
    bpf_test.go:502: ([]uint8) (len=256 cap=256) {
         00000000  00 00 00 00 00 00 00 00  00 00 00 00 00 00 00 00  |................|
         00000010  00 00 00 00 00 00 00 00  00 00 00 00 00 00 00 00  |................|
         00000020  00 00 00 00 00 00 00 00  00 00 00 01 00 00 00 00  |................|
         00000030  00 0f ff ff 00 00 00 00  00 00 00 cc 00 00 00 00  |................|
         00000040  00 00 00 02 00 00 00 00  00 00 00 00 00 00 00 00  |................|
         00000050  00 00 00 00 00 00 00 00  00 00 00 00 00 00 00 00  |................|
         00000060  00 00 00 00 00 00 00 00  00 00 00 00 00 00 00 00  |................|
         00000070  00 00 00 00 00 00 00 00  00 00 00 00 00 00 00 00  |................|
         00000080  00 00 00 00 00 00 00 00  00 00 00 00 00 00 00 00  |................|
         00000090  00 00 00 00 00 00 00 00  00 00 00 00 00 00 00 00  |................|
         000000a0  00 00 0d c0 00 00 00 00  00 00 00 00 00 00 00 00  |................|
         000000b0  00 00 00 00 00 00 00 00  00 00 00 00 00 00 00 00  |................|
         000000c0  00 00 00 00 00 00 00 00  00 00 00 00 00 00 00 00  |................|
         000000d0  00 00 00 00 00 00 00 00  00 00 00 00 00 00 00 00  |................|
         000000e0  00 00 00 00 00 00 00 00  00 00 00 00 00 00 00 00  |................|
         000000f0  00 00 00 00 00 00 00 00  00 00 00 00 00 00 00 00  |................|
        }
        
=== RUN   TestBPF/tc_egressgw_redirect_from_overlay.o/tc_egressgw_redirect_from_overlay
    bpf_test.go:459: Pktgen returned status: 
    bpf_test.go:460: 0
    bpf_test.go:461: data after pktgen: 
    bpf_test.go:462: ([]uint8) (len=74 cap=3778) {
         00000000  31 41 59 26 35 89 de ad  be ef de ef 08 00 45 00  |1AY&5.........E.|
         00000010  00 3c 00 00 00 00 40 06  41 12 c0 a8 00 01 6e 00  |.<....@.A.....n.|
         00000020  0b 01 00 73 04 d2 00 01  e2 40 00 00 00 00 50 02  |...s.....@....P.|
         00000030  ff ff 52 2b 00 00 53 68  6f 75 6c 64 20 6e 6f 74  |..R+..Should not|
         00000040  20 63 68 61 6e 67 65 21  21 00                    | change!!.|
        }
        
    bpf_test.go:463: ctx after pktgen: 
    bpf_test.go:464: ([]uint8) (len=256 cap=256) {
         00000000  00 00 00 00 00 00 00 00  00 00 00 00 00 00 00 00  |................|
         00000010  00 00 00 00 00 00 00 00  00 00 00 00 00 00 00 00  |................|
         00000020  00 00 00 00 00 00 00 00  00 00 00 01 00 00 00 00  |................|
         00000030  00 00 00 00 00 00 00 00  00 00 00 00 00 00 00 00  |................|
         00000040  00 00 00 00 00 00 00 00  00 00 00 00 00 00 00 00  |................|
         00000050  00 00 00 00 00 00 00 00  00 00 00 00 00 00 00 00  |................|
         00000060  00 00 00 00 00 00 00 00  00 00 00 00 00 00 00 00  |................|
         00000070  00 00 00 00 00 00 00 00  00 00 00 00 00 00 00 00  |................|
         00000080  00 00 00 00 00 00 00 00  00 00 00 00 00 00 00 00  |................|
         00000090  00 00 00 00 00 00 00 00  00 00 00 00 00 00 00 00  |................|
         000000a0  00 00 0d c0 00 00 00 00  00 00 00 00 00 00 00 00  |................|
         000000b0  00 00 00 00 00 00 00 00  00 00 00 00 00 00 00 00  |................|
         000000c0  00 00 00 00 00 00 00 00  00 00 00 00 00 00 00 00  |................|
         000000d0  00 00 00 00 00 00 00 00  00 00 00 00 00 00 00 00  |................|
         000000e0  00 00 00 00 00 00 00 00  00 00 00 00 00 00 00 00  |................|
         000000f0  00 00 00 00 00 00 00 00  00 00 00 00 00 00 00 00  |................|
        }
        
    bpf_test.go:478: Setup returned status: 
    bpf_test.go:479: 0
    bpf_test.go:480: data after setup: 
    bpf_test.go:481: ([]uint8) (len=74 cap=332) {
         00000000  ce 72 a7 03 88 56 00 00  00 00 00 00 08 00 45 00  |.r...V........E.|
         00000010  00 3c 00 00 00 00 3f 06  42 12 c0 a8 00 01 6e 00  |.<....?.B.....n.|
         00000020  0b 01 00 73 04 d2 00 01  e2 40 00 00 00 00 50 02  |...s.....@....P.|
         00000030  ff ff 52 2b 00 00 53 68  6f 75 6c 64 20 6e 6f 74  |..R+..Should not|
         00000040  20 63 68 61 6e 67 65 21  21 00                    | change!!.|
        }
        
    bpf_test.go:482: ctx after setup: 
    bpf_test.go:483: ([]uint8) (len=256 cap=256) {
         00000000  00 00 00 00 00 00 00 00  ff ff 0f 0f 00 00 00 00  |................|
         00000010  00 00 00 00 00 00 00 00  00 00 00 00 00 00 00 00  |................|
         00000020  00 00 00 00 00 00 00 00  00 00 00 01 00 00 00 00  |................|
         00000030  00 00 00 00 00 00 00 00  00 00 00 00 00 00 00 00  |................|
         00000040  00 00 00 00 00 00 00 00  00 00 00 00 00 00 00 00  |................|
         00000050  00 00 00 00 00 00 00 00  00 00 00 00 00 00 00 00  |................|
         00000060  00 00 00 00 00 00 00 00  00 00 00 00 00 00 00 00  |................|
         00000070  00 00 00 00 00 00 00 00  00 00 00 00 00 00 00 00  |................|
         00000080  00 00 00 00 00 00 00 00  00 00 00 00 00 00 00 00  |................|
         00000090  00 00 00 00 00 00 00 00  00 00 00 00 00 00 00 00  |................|
         000000a0  00 00 0d c0 00 00 00 00  00 00 00 00 00 00 00 00  |................|
         000000b0  00 00 00 00 00 00 00 00  00 00 00 00 00 00 00 00  |................|
         000000c0  00 00 00 00 00 00 00 00  00 00 00 00 00 00 00 00  |................|
         000000d0  00 00 00 00 00 00 00 00  00 00 00 00 00 00 00 00  |................|
         000000e0  00 00 00 00 00 00 00 00  00 00 00 00 00 00 00 00  |................|
         000000f0  00 00 00 00 00 00 00 00  00 00 00 00 00 00 00 00  |................|
        }
        
    bpf_test.go:497: Check returned status: 
    bpf_test.go:498: 102
    bpf_test.go:499: data after check: 78
    bpf_test.go:500: ([]uint8) (len=78 cap=336) {
         00000000  00 00 00 00 ce 72 a7 03  88 56 00 00 00 00 00 00  |.....r...V......|
         00000010  08 00 45 00 00 3c 00 00  00 00 3f 06 42 12 c0 a8  |..E..<....?.B...|
         00000020  00 01 6e 00 0b 01 00 73  04 d2 00 01 e2 40 00 00  |..n....s.....@..|
         00000030  00 00 50 02 ff ff 52 2b  00 00 53 68 6f 75 6c 64  |..P...R+..Should|
         00000040  20 6e 6f 74 20 63 68 61  6e 67 65 21 21 00        | not change!!.|
        }
        
    bpf_test.go:501: ctx after check: 
    bpf_test.go:502: ([]uint8) (len=256 cap=256) {
         00000000  00 00 00 00 00 00 00 00  ff ff 0f 0f 00 00 00 00  |................|
         00000010  00 00 00 00 00 00 00 00  00 00 00 00 00 00 00 00  |................|
         00000020  00 00 00 00 00 00 00 00  00 00 00 01 00 00 00 00  |................|
         00000030  00 00 00 00 00 00 00 00  00 00 00 00 00 00 00 00  |................|
         00000040  00 00 00 00 00 00 00 00  00 00 00 00 00 00 00 00  |................|
         00000050  00 00 00 00 00 00 00 00  00 00 00 00 00 00 00 00  |................|
         00000060  00 00 00 00 00 00 00 00  00 00 00 00 00 00 00 00  |................|
         00000070  00 00 00 00 00 00 00 00  00 00 00 00 00 00 00 00  |................|
         00000080  00 00 00 00 00 00 00 00  00 00 00 00 00 00 00 00  |................|
         00000090  00 00 00 00 00 00 00 00  00 00 00 00 00 00 00 00  |................|
         000000a0  00 00 0d c0 00 00 00 00  00 00 00 00 00 00 00 00  |................|
         000000b0  00 00 00 00 00 00 00 00  00 00 00 00 00 00 00 00  |................|
         000000c0  00 00 00 00 00 00 00 00  00 00 00 00 00 00 00 00  |................|
         000000d0  00 00 00 00 00 00 00 00  00 00 00 00 00 00 00 00  |................|
         000000e0  00 00 00 00 00 00 00 00  00 00 00 00 00 00 00 00  |................|
         000000f0  00 00 00 00 00 00 00 00  00 00 00 00 00 00 00 00  |................|
        }
        
    bpf_test.go:584: ./lib/egressgw.h:259: assert failed at ./lib/egressgw.h:259
=== RUN   TestBPF/tc_egressgw_redirect_from_overlay.o/tc_egressgw_redirect_from_overlay_v6
    bpf_test.go:459: Pktgen returned status: 
    bpf_test.go:460: 0
    bpf_test.go:461: data after pktgen: 
    bpf_test.go:462: ([]uint8) (len=94 cap=3778) {
         00000000  31 41 59 26 35 89 de ad  be ef de ef 86 dd 60 00  |1AY&5.........`.|
         00000010  00 00 00 28 06 40 01 00  00 00 00 00 00 00 00 00  |...(.@..........|
         00000020  00 00 00 00 00 00 02 00  00 00 00 00 00 00 00 00  |................|
         00000030  00 00 00 00 00 00 00 73  04 d2 00 01 e2 40 00 00  |.......s.....@..|
         00000040  00 00 50 02 ff ff 88 d6  00 00 53 68 6f 75 6c 64  |..P.......Should|
         00000050  20 6e 6f 74 20 63 68 61  6e 67 65 21 21 00        | not change!!.|
        }
        
    bpf_test.go:463: ctx after pktgen: 
    bpf_test.go:464: ([]uint8) (len=256 cap=256) {
         00000000  00 00 00 00 00 00 00 00  00 00 00 00 00 00 00 00  |................|
         00000010  00 00 00 00 00 00 00 00  00 00 00 00 00 00 00 00  |................|
         00000020  00 00 00 00 00 00 00 00  00 00 00 01 00 00 00 00  |................|
         00000030  00 00 00 00 00 00 00 00  00 00 00 00 00 00 00 00  |................|
         00000040  00 00 00 00 00 00 00 00  00 00 00 00 00 00 00 00  |................|
         00000050  00 00 00 00 00 00 00 00  00 00 00 00 00 00 00 00  |................|
         00000060  00 00 00 00 00 00 00 00  00 00 00 00 00 00 00 00  |................|
         00000070  00 00 00 00 00 00 00 00  00 00 00 00 00 00 00 00  |................|
         00000080  00 00 00 00 00 00 00 00  00 00 00 00 00 00 00 00  |................|
         00000090  00 00 00 00 00 00 00 00  00 00 00 00 00 00 00 00  |................|
         000000a0  00 00 0d c0 00 00 00 00  00 00 00 00 00 00 00 00  |................|
         000000b0  00 00 00 00 00 00 00 00  00 00 00 00 00 00 00 00  |................|
         000000c0  00 00 00 00 00 00 00 00  00 00 00 00 00 00 00 00  |................|
         000000d0  00 00 00 00 00 00 00 00  00 00 00 00 00 00 00 00  |................|
         000000e0  00 00 00 00 00 00 00 00  00 00 00 00 00 00 00 00  |................|
         000000f0  00 00 00 00 00 00 00 00  00 00 00 00 00 00 00 00  |................|
        }
        
    bpf_test.go:478: Setup returned status: 
    bpf_test.go:479: 7
    bpf_test.go:480: data after setup: 
    bpf_test.go:481: ([]uint8) (len=94 cap=352) {
         00000000  31 41 59 26 35 89 de ad  be ef de ef 86 dd 60 00  |1AY&5.........`.|
         00000010  00 00 00 28 06 3f 01 00  00 00 00 00 00 00 00 00  |...(.?..........|
         00000020  00 00 00 00 00 00 02 00  00 00 00 00 00 00 00 00  |................|
         00000030  00 00 00 00 00 00 00 73  04 d2 00 01 e2 40 00 00  |.......s.....@..|
         00000040  00 00 50 02 ff ff 88 d6  00 00 53 68 6f 75 6c 64  |..P.......Should|
         00000050  20 6e 6f 74 20 63 68 61  6e 67 65 21 21 00        | not change!!.|
        }
        
    bpf_test.go:482: ctx after setup: 
    bpf_test.go:483: ([]uint8) (len=256 cap=256) {
         00000000  00 00 00 00 00 00 00 00  ff ff 05 0f 00 00 00 00  |................|
         00000010  00 00 00 00 00 00 00 00  00 00 00 00 00 00 00 00  |................|
         00000020  00 00 00 00 00 00 00 00  00 00 00 01 00 00 00 00  |................|
         00000030  00 00 00 00 00 00 00 00  00 00 00 00 00 00 00 00  |................|
         00000040  00 00 00 00 00 00 00 00  00 00 00 00 00 00 00 00  |................|
         00000050  00 00 00 00 00 00 00 00  00 00 00 00 00 00 00 00  |................|
         00000060  00 00 00 00 00 00 00 00  00 00 00 00 00 00 00 00  |................|
         00000070  00 00 00 00 00 00 00 00  00 00 00 00 00 00 00 00  |................|
         00000080  00 00 00 00 00 00 00 00  00 00 00 00 00 00 00 00  |................|
         00000090  00 00 00 00 00 00 00 00  00 00 00 00 00 00 00 00  |................|
         000000a0  00 00 0d c0 00 00 00 00  00 00 00 00 00 00 00 00  |................|
         000000b0  00 00 00 00 00 00 00 00  00 00 00 00 00 00 00 00  |................|
         000000c0  00 00 00 00 00 00 00 00  00 00 00 00 00 00 00 00  |................|
         000000d0  00 00 00 00 00 00 00 00  00 00 00 00 00 00 00 00  |................|
         000000e0  00 00 00 00 00 00 00 00  00 00 00 00 00 00 00 00  |................|
         000000f0  00 00 00 00 00 00 00 00  00 00 00 00 00 00 00 00  |................|
        }
        
    bpf_test.go:497: Check returned status: 
    bpf_test.go:498: 101
    bpf_test.go:499: data after check: 98
    bpf_test.go:500: ([]uint8) (len=98 cap=356) {
         00000000  00 00 00 07 31 41 59 26  35 89 de ad be ef de ef  |....1AY&5.......|
         00000010  86 dd 60 00 00 00 00 28  06 3f 01 00 00 00 00 00  |..`....(.?......|
         00000020  00 00 00 00 00 00 00 00  00 00 02 00 00 00 00 00  |................|
         00000030  00 00 00 00 00 00 00 00  00 00 00 73 04 d2 00 01  |...........s....|
         00000040  e2 40 00 00 00 00 50 02  ff ff 88 d6 00 00 53 68  |.@....P.......Sh|
         00000050  6f 75 6c 64 20 6e 6f 74  20 63 68 61 6e 67 65 21  |ould not change!|
         00000060  21 00                                             |!.|
        }
        
    bpf_test.go:501: ctx after check: 
    bpf_test.go:502: ([]uint8) (len=256 cap=256) {
         00000000  00 00 00 00 00 00 00 00  ff ff 05 0f 00 00 00 00  |................|
         00000010  00 00 00 00 00 00 00 00  00 00 00 00 00 00 00 00  |................|
         00000020  00 00 00 00 00 00 00 00  00 00 00 01 00 00 00 00  |................|
         00000030  00 00 00 00 00 00 00 00  00 00 00 00 00 00 00 00  |................|
         00000040  00 00 00 00 00 00 00 00  00 00 00 00 00 00 00 00  |................|
         00000050  00 00 00 00 00 00 00 00  00 00 00 00 00 00 00 00  |................|
         00000060  00 00 00 00 00 00 00 00  00 00 00 00 00 00 00 00  |................|
         00000070  00 00 00 00 00 00 00 00  00 00 00 00 00 00 00 00  |................|
         00000080  00 00 00 00 00 00 00 00  00 00 00 00 00 00 00 00  |................|
         00000090  00 00 00 00 00 00 00 00  00 00 00 00 00 00 00 00  |................|
         000000a0  00 00 0d c0 00 00 00 00  00 00 00 00 00 00 00 00  |................|
         000000b0  00 00 00 00 00 00 00 00  00 00 00 00 00 00 00 00  |................|
         000000c0  00 00 00 00 00 00 00 00  00 00 00 00 00 00 00 00  |................|
         000000d0  00 00 00 00 00 00 00 00  00 00 00 00 00 00 00 00  |................|
         000000e0  00 00 00 00 00 00 00 00  00 00 00 00 00 00 00 00  |................|
         000000f0  00 00 00 00 00 00 00 00  00 00 00 00 00 00 00 00  |................|
        }
        
=== RUN   TestBPF/tc_egressgw_redirect_from_overlay.o/tc_egressgw_skip_excluded_cidr_redirect_from_overlay
    bpf_test.go:459: Pktgen returned status: 
    bpf_test.go:460: 0
    bpf_test.go:461: data after pktgen: 
    bpf_test.go:462: ([]uint8) (len=74 cap=3778) {
         00000000  31 41 59 26 35 89 de ad  be ef de ef 08 00 45 00  |1AY&5.........E.|
         00000010  00 3c 00 00 00 00 40 06  41 12 c0 a8 00 01 6e 00  |.<....@.A.....n.|
         00000020  0b 01 00 74 04 d2 00 01  e2 40 00 00 00 00 50 02  |...t.....@....P.|
         00000030  ff ff 52 2a 00 00 53 68  6f 75 6c 64 20 6e 6f 74  |..R*..Should not|
         00000040  20 63 68 61 6e 67 65 21  21 00                    | change!!.|
        }
        
    bpf_test.go:463: ctx after pktgen: 
    bpf_test.go:464: ([]uint8) (len=256 cap=256) {
         00000000  00 00 00 00 00 00 00 00  00 00 00 00 00 00 00 00  |................|
         00000010  00 00 00 00 00 00 00 00  00 00 00 00 00 00 00 00  |................|
         00000020  00 00 00 00 00 00 00 00  00 00 00 01 00 00 00 00  |................|
         00000030  00 00 00 00 00 00 00 00  00 00 00 00 00 00 00 00  |................|
         00000040  00 00 00 00 00 00 00 00  00 00 00 00 00 00 00 00  |................|
         00000050  00 00 00 00 00 00 00 00  00 00 00 00 00 00 00 00  |................|
         00000060  00 00 00 00 00 00 00 00  00 00 00 00 00 00 00 00  |................|
         00000070  00 00 00 00 00 00 00 00  00 00 00 00 00 00 00 00  |................|
         00000080  00 00 00 00 00 00 00 00  00 00 00 00 00 00 00 00  |................|
         00000090  00 00 00 00 00 00 00 00  00 00 00 00 00 00 00 00  |................|
         000000a0  00 00 0d c0 00 00 00 00  00 00 00 00 00 00 00 00  |................|
         000000b0  00 00 00 00 00 00 00 00  00 00 00 00 00 00 00 00  |................|
         000000c0  00 00 00 00 00 00 00 00  00 00 00 00 00 00 00 00  |................|
         000000d0  00 00 00 00 00 00 00 00  00 00 00 00 00 00 00 00  |................|
         000000e0  00 00 00 00 00 00 00 00  00 00 00 00 00 00 00 00  |................|
         000000f0  00 00 00 00 00 00 00 00  00 00 00 00 00 00 00 00  |................|
        }
        
    bpf_test.go:478: Setup returned status: 
    bpf_test.go:479: 0
    bpf_test.go:480: data after setup: 
    bpf_test.go:481: ([]uint8) (len=74 cap=332) {
         00000000  ce 72 a7 03 88 56 00 00  00 00 00 00 08 00 45 00  |.r...V........E.|
         00000010  00 3c 00 00 00 00 3f 06  42 12 c0 a8 00 01 6e 00  |.<....?.B.....n.|
         00000020  0b 01 00 74 04 d2 00 01  e2 40 00 00 00 00 50 02  |...t.....@....P.|
         00000030  ff ff 52 2a 00 00 53 68  6f 75 6c 64 20 6e 6f 74  |..R*..Should not|
         00000040  20 63 68 61 6e 67 65 21  21 00                    | change!!.|
        }
        
    bpf_test.go:482: ctx after setup: 
    bpf_test.go:483: ([]uint8) (len=256 cap=256) {
         00000000  00 00 00 00 00 00 00 00  ff ff 0f 0f 00 00 00 00  |................|
         00000010  00 00 00 00 00 00 00 00  00 00 00 00 00 00 00 00  |................|
         00000020  00 00 00 00 00 00 00 00  00 00 00 01 00 00 00 00  |................|
         00000030  00 00 00 00 00 00 00 00  00 00 00 00 00 00 00 00  |................|
         00000040  00 00 00 00 00 00 00 00  00 00 00 00 00 00 00 00  |................|
         00000050  00 00 00 00 00 00 00 00  00 00 00 00 00 00 00 00  |................|
         00000060  00 00 00 00 00 00 00 00  00 00 00 00 00 00 00 00  |................|
         00000070  00 00 00 00 00 00 00 00  00 00 00 00 00 00 00 00  |................|
         00000080  00 00 00 00 00 00 00 00  00 00 00 00 00 00 00 00  |................|
         00000090  00 00 00 00 00 00 00 00  00 00 00 00 00 00 00 00  |................|
         000000a0  00 00 0d c0 00 00 00 00  00 00 00 00 00 00 00 00  |................|
         000000b0  00 00 00 00 00 00 00 00  00 00 00 00 00 00 00 00  |................|
         000000c0  00 00 00 00 00 00 00 00  00 00 00 00 00 00 00 00  |................|
         000000d0  00 00 00 00 00 00 00 00  00 00 00 00 00 00 00 00  |................|
         000000e0  00 00 00 00 00 00 00 00  00 00 00 00 00 00 00 00  |................|
         000000f0  00 00 00 00 00 00 00 00  00 00 00 00 00 00 00 00  |................|
        }
        
    bpf_test.go:497: Check returned status: 
    bpf_test.go:498: 101
    bpf_test.go:499: data after check: 78
    bpf_test.go:500: ([]uint8) (len=78 cap=336) {
         00000000  00 00 00 00 ce 72 a7 03  88 56 00 00 00 00 00 00  |.....r...V......|
         00000010  08 00 45 00 00 3c 00 00  00 00 3f 06 42 12 c0 a8  |..E..<....?.B...|
         00000020  00 01 6e 00 0b 01 00 74  04 d2 00 01 e2 40 00 00  |..n....t.....@..|
         00000030  00 00 50 02 ff ff 52 2a  00 00 53 68 6f 75 6c 64  |..P...R*..Should|
         00000040  20 6e 6f 74 20 63 68 61  6e 67 65 21 21 00        | not change!!.|
        }
        
    bpf_test.go:501: ctx after check: 
    bpf_test.go:502: ([]uint8) (len=256 cap=256) {
         00000000  00 00 00 00 00 00 00 00  ff ff 0f 0f 00 00 00 00  |................|
         00000010  00 00 00 00 00 00 00 00  00 00 00 00 00 00 00 00  |................|
         00000020  00 00 00 00 00 00 00 00  00 00 00 01 00 00 00 00  |................|
         00000030  00 00 00 00 00 00 00 00  00 00 00 00 00 00 00 00  |................|
         00000040  00 00 00 00 00 00 00 00  00 00 00 00 00 00 00 00  |................|
         00000050  00 00 00 00 00 00 00 00  00 00 00 00 00 00 00 00  |................|
         00000060  00 00 00 00 00 00 00 00  00 00 00 00 00 00 00 00  |................|
         00000070  00 00 00 00 00 00 00 00  00 00 00 00 00 00 00 00  |................|
         00000080  00 00 00 00 00 00 00 00  00 00 00 00 00 00 00 00  |................|
         00000090  00 00 00 00 00 00 00 00  00 00 00 00 00 00 00 00  |................|
         000000a0  00 00 0d c0 00 00 00 00  00 00 00 00 00 00 00 00  |................|
         000000b0  00 00 00 00 00 00 00 00  00 00 00 00 00 00 00 00  |................|
         000000c0  00 00 00 00 00 00 00 00  00 00 00 00 00 00 00 00  |................|
         000000d0  00 00 00 00 00 00 00 00  00 00 00 00 00 00 00 00  |................|
         000000e0  00 00 00 00 00 00 00 00  00 00 00 00 00 00 00 00  |................|
         000000f0  00 00 00 00 00 00 00 00  00 00 00 00 00 00 00 00  |................|
        }
        
=== RUN   TestBPF/tc_egressgw_redirect_from_overlay.o/tc_egressgw_skip_excluded_cidr_redirect_from_overlay_v6
    bpf_test.go:459: Pktgen returned status: 
    bpf_test.go:460: 0
    bpf_test.go:461: data after pktgen: 
    bpf_test.go:462: ([]uint8) (len=94 cap=3778) {
         00000000  31 41 59 26 35 89 de ad  be ef de ef 86 dd 60 00  |1AY&5.........`.|
         00000010  00 00 00 28 06 40 01 00  00 00 00 00 00 00 00 00  |...(.@..........|
         00000020  00 00 00 00 00 00 02 00  00 00 00 00 00 00 00 00  |................|
         00000030  00 00 00 00 00 00 00 74  04 d2 00 01 e2 40 00 00  |.......t.....@..|
         00000040  00 00 50 02 ff ff 88 d5  00 00 53 68 6f 75 6c 64  |..P.......Should|
         00000050  20 6e 6f 74 20 63 68 61  6e 67 65 21 21 00        | not change!!.|
        }
        
    bpf_test.go:463: ctx after pktgen: 
    bpf_test.go:464: ([]uint8) (len=256 cap=256) {
         00000000  00 00 00 00 00 00 00 00  00 00 00 00 00 00 00 00  |................|
         00000010  00 00 00 00 00 00 00 00  00 00 00 00 00 00 00 00  |................|
         00000020  00 00 00 00 00 00 00 00  00 00 00 01 00 00 00 00  |................|
         00000030  00 00 00 00 00 00 00 00  00 00 00 00 00 00 00 00  |................|
         00000040  00 00 00 00 00 00 00 00  00 00 00 00 00 00 00 00  |................|
         00000050  00 00 00 00 00 00 00 00  00 00 00 00 00 00 00 00  |................|
         00000060  00 00 00 00 00 00 00 00  00 00 00 00 00 00 00 00  |................|
         00000070  00 00 00 00 00 00 00 00  00 00 00 00 00 00 00 00  |................|
         00000080  00 00 00 00 00 00 00 00  00 00 00 00 00 00 00 00  |................|
         00000090  00 00 00 00 00 00 00 00  00 00 00 00 00 00 00 00  |................|
         000000a0  00 00 0d c0 00 00 00 00  00 00 00 00 00 00 00 00  |................|
         000000b0  00 00 00 00 00 00 00 00  00 00 00 00 00 00 00 00  |................|
         000000c0  00 00 00 00 00 00 00 00  00 00 00 00 00 00 00 00  |................|
         000000d0  00 00 00 00 00 00 00 00  00 00 00 00 00 00 00 00  |................|
         000000e0  00 00 00 00 00 00 00 00  00 00 00 00 00 00 00 00  |................|
         000000f0  00 00 00 00 00 00 00 00  00 00 00 00 00 00 00 00  |................|
        }
        
    bpf_test.go:478: Setup returned status: 
    bpf_test.go:479: 0
    bpf_test.go:480: data after setup: 
    bpf_test.go:481: ([]uint8) (len=94 cap=352) {
         00000000  ce 72 a7 03 88 56 00 00  00 00 00 00 86 dd 60 00  |.r...V........`.|
         00000010  00 00 00 28 06 3f 01 00  00 00 00 00 00 00 00 00  |...(.?..........|
         00000020  00 00 00 00 00 00 02 00  00 00 00 00 00 00 00 00  |................|
         00000030  00 00 00 00 00 00 00 74  04 d2 00 01 e2 40 00 00  |.......t.....@..|
         00000040  00 00 50 02 ff ff 88 d5  00 00 53 68 6f 75 6c 64  |..P.......Should|
         00000050  20 6e 6f 74 20 63 68 61  6e 67 65 21 21 00        | not change!!.|
        }
        
    bpf_test.go:482: ctx after setup: 
    bpf_test.go:483: ([]uint8) (len=256 cap=256) {
         00000000  00 00 00 00 00 00 00 00  ff ff 0f 0f 00 00 00 00  |................|
         00000010  00 00 00 00 00 00 00 00  00 00 00 00 00 00 00 00  |................|
         00000020  00 00 00 00 00 00 00 00  00 00 00 01 00 00 00 00  |................|
         00000030  00 00 00 00 00 00 00 00  00 00 00 00 00 00 00 00  |................|
         00000040  00 00 00 00 00 00 00 00  00 00 00 00 00 00 00 00  |................|
         00000050  00 00 00 00 00 00 00 00  00 00 00 00 00 00 00 00  |................|
         00000060  00 00 00 00 00 00 00 00  00 00 00 00 00 00 00 00  |................|
         00000070  00 00 00 00 00 00 00 00  00 00 00 00 00 00 00 00  |................|
         00000080  00 00 00 00 00 00 00 00  00 00 00 00 00 00 00 00  |................|
         00000090  00 00 00 00 00 00 00 00  00 00 00 00 00 00 00 00  |................|
         000000a0  00 00 0d c0 00 00 00 00  00 00 00 00 00 00 00 00  |................|
         000000b0  00 00 00 00 00 00 00 00  00 00 00 00 00 00 00 00  |................|
         000000c0  00 00 00 00 00 00 00 00  00 00 00 00 00 00 00 00  |................|
         000000d0  00 00 00 00 00 00 00 00  00 00 00 00 00 00 00 00  |................|
         000000e0  00 00 00 00 00 00 00 00  00 00 00 00 00 00 00 00  |................|
         000000f0  00 00 00 00 00 00 00 00  00 00 00 00 00 00 00 00  |................|
        }
        
    bpf_test.go:497: Check returned status: 
    bpf_test.go:498: 101
    bpf_test.go:499: data after check: 98
    bpf_test.go:500: ([]uint8) (len=98 cap=356) {
         00000000  00 00 00 00 ce 72 a7 03  88 56 00 00 00 00 00 00  |.....r...V......|
         00000010  86 dd 60 00 00 00 00 28  06 3f 01 00 00 00 00 00  |..`....(.?......|
         00000020  00 00 00 00 00 00 00 00  00 00 02 00 00 00 00 00  |................|
         00000030  00 00 00 00 00 00 00 00  00 00 00 74 04 d2 00 01  |...........t....|
         00000040  e2 40 00 00 00 00 50 02  ff ff 88 d5 00 00 53 68  |.@....P.......Sh|
         00000050  6f 75 6c 64 20 6e 6f 74  20 63 68 61 6e 67 65 21  |ould not change!|
         00000060  21 00                                             |!.|
        }
        
    bpf_test.go:501: ctx after check: 
    bpf_test.go:502: ([]uint8) (len=256 cap=256) {
         00000000  00 00 00 00 00 00 00 00  ff ff 0f 0f 00 00 00 00  |................|
         00000010  00 00 00 00 00 00 00 00  00 00 00 00 00 00 00 00  |................|
         00000020  00 00 00 00 00 00 00 00  00 00 00 01 00 00 00 00  |................|
         00000030  00 00 00 00 00 00 00 00  00 00 00 00 00 00 00 00  |................|
         00000040  00 00 00 00 00 00 00 00  00 00 00 00 00 00 00 00  |................|
         00000050  00 00 00 00 00 00 00 00  00 00 00 00 00 00 00 00  |................|
         00000060  00 00 00 00 00 00 00 00  00 00 00 00 00 00 00 00  |................|
         00000070  00 00 00 00 00 00 00 00  00 00 00 00 00 00 00 00  |................|
         00000080  00 00 00 00 00 00 00 00  00 00 00 00 00 00 00 00  |................|
         00000090  00 00 00 00 00 00 00 00  00 00 00 00 00 00 00 00  |................|
         000000a0  00 00 0d c0 00 00 00 00  00 00 00 00 00 00 00 00  |................|
         000000b0  00 00 00 00 00 00 00 00  00 00 00 00 00 00 00 00  |................|
         000000c0  00 00 00 00 00 00 00 00  00 00 00 00 00 00 00 00  |................|
         000000d0  00 00 00 00 00 00 00 00  00 00 00 00 00 00 00 00  |................|
         000000e0  00 00 00 00 00 00 00 00  00 00 00 00 00 00 00 00  |................|
         000000f0  00 00 00 00 00 00 00 00  00 00 00 00 00 00 00 00  |................|
        }
        
=== RUN   TestBPF/tc_egressgw_redirect_from_overlay.o/tc_egressgw_skip_no_gateway_redirect_from_overlay
    bpf_test.go:459: Pktgen returned status: 
    bpf_test.go:460: 0
    bpf_test.go:461: data after pktgen: 
    bpf_test.go:462: ([]uint8) (len=74 cap=3778) {
         00000000  31 41 59 26 35 89 de ad  be ef de ef 08 00 45 00  |1AY&5.........E.|
         00000010  00 3c 00 00 00 00 40 06  41 12 c0 a8 00 01 6e 00  |.<....@.A.....n.|
         00000020  0b 01 00 75 04 d2 00 01  e2 40 00 00 00 00 50 02  |...u.....@....P.|
         00000030  ff ff 52 29 00 00 53 68  6f 75 6c 64 20 6e 6f 74  |..R)..Should not|
         00000040  20 63 68 61 6e 67 65 21  21 00                    | change!!.|
        }
        
    bpf_test.go:463: ctx after pktgen: 
    bpf_test.go:464: ([]uint8) (len=256 cap=256) {
         00000000  00 00 00 00 00 00 00 00  00 00 00 00 00 00 00 00  |................|
         00000010  00 00 00 00 00 00 00 00  00 00 00 00 00 00 00 00  |................|
         00000020  00 00 00 00 00 00 00 00  00 00 00 01 00 00 00 00  |................|
         00000030  00 00 00 00 00 00 00 00  00 00 00 00 00 00 00 00  |................|
         00000040  00 00 00 00 00 00 00 00  00 00 00 00 00 00 00 00  |................|
         00000050  00 00 00 00 00 00 00 00  00 00 00 00 00 00 00 00  |................|
         00000060  00 00 00 00 00 00 00 00  00 00 00 00 00 00 00 00  |................|
         00000070  00 00 00 00 00 00 00 00  00 00 00 00 00 00 00 00  |................|
         00000080  00 00 00 00 00 00 00 00  00 00 00 00 00 00 00 00  |................|
         00000090  00 00 00 00 00 00 00 00  00 00 00 00 00 00 00 00  |................|
         000000a0  00 00 0d c0 00 00 00 00  00 00 00 00 00 00 00 00  |................|
         000000b0  00 00 00 00 00 00 00 00  00 00 00 00 00 00 00 00  |................|
         000000c0  00 00 00 00 00 00 00 00  00 00 00 00 00 00 00 00  |................|
         000000d0  00 00 00 00 00 00 00 00  00 00 00 00 00 00 00 00  |................|
         000000e0  00 00 00 00 00 00 00 00  00 00 00 00 00 00 00 00  |................|
         000000f0  00 00 00 00 00 00 00 00  00 00 00 00 00 00 00 00  |................|
        }
        
    bpf_test.go:478: Setup returned status: 
    bpf_test.go:479: 0
    bpf_test.go:480: data after setup: 
    bpf_test.go:481: ([]uint8) (len=74 cap=332) {
         00000000  ce 72 a7 03 88 56 00 00  00 00 00 00 08 00 45 00  |.r...V........E.|
         00000010  00 3c 00 00 00 00 3f 06  42 12 c0 a8 00 01 6e 00  |.<....?.B.....n.|
         00000020  0b 01 00 75 04 d2 00 01  e2 40 00 00 00 00 50 02  |...u.....@....P.|
         00000030  ff ff 52 29 00 00 53 68  6f 75 6c 64 20 6e 6f 74  |..R)..Should not|
         00000040  20 63 68 61 6e 67 65 21  21 00                    | change!!.|
        }
        
    bpf_test.go:482: ctx after setup: 
    bpf_test.go:483: ([]uint8) (len=256 cap=256) {
         00000000  00 00 00 00 00 00 00 00  ff ff 0f 0f 00 00 00 00  |................|
         00000010  00 00 00 00 00 00 00 00  00 00 00 00 00 00 00 00  |................|
         00000020  00 00 00 00 00 00 00 00  00 00 00 01 00 00 00 00  |................|
         00000030  00 00 00 00 00 00 00 00  00 00 00 00 00 00 00 00  |................|
         00000040  00 00 00 00 00 00 00 00  00 00 00 00 00 00 00 00  |................|
         00000050  00 00 00 00 00 00 00 00  00 00 00 00 00 00 00 00  |................|
         00000060  00 00 00 00 00 00 00 00  00 00 00 00 00 00 00 00  |................|
         00000070  00 00 00 00 00 00 00 00  00 00 00 00 00 00 00 00  |................|
         00000080  00 00 00 00 00 00 00 00  00 00 00 00 00 00 00 00  |................|
         00000090  00 00 00 00 00 00 00 00  00 00 00 00 00 00 00 00  |................|
         000000a0  00 00 0d c0 00 00 00 00  00 00 00 00 00 00 00 00  |................|
         000000b0  00 00 00 00 00 00 00 00  00 00 00 00 00 00 00 00  |................|
         000000c0  00 00 00 00 00 00 00 00  00 00 00 00 00 00 00 00  |................|
         000000d0  00 00 00 00 00 00 00 00  00 00 00 00 00 00 00 00  |................|
         000000e0  00 00 00 00 00 00 00 00  00 00 00 00 00 00 00 00  |................|
         000000f0  00 00 00 00 00 00 00 00  00 00 00 00 00 00 00 00  |................|
        }
        
    bpf_test.go:497: Check returned status: 
    bpf_test.go:498: 101
    bpf_test.go:499: data after check: 78
    bpf_test.go:500: ([]uint8) (len=78 cap=336) {
         00000000  00 00 00 00 ce 72 a7 03  88 56 00 00 00 00 00 00  |.....r...V......|
         00000010  08 00 45 00 00 3c 00 00  00 00 3f 06 42 12 c0 a8  |..E..<....?.B...|
         00000020  00 01 6e 00 0b 01 00 75  04 d2 00 01 e2 40 00 00  |..n....u.....@..|
         00000030  00 00 50 02 ff ff 52 29  00 00 53 68 6f 75 6c 64  |..P...R)..Should|
         00000040  20 6e 6f 74 20 63 68 61  6e 67 65 21 21 00        | not change!!.|
        }
        
    bpf_test.go:501: ctx after check: 
    bpf_test.go:502: ([]uint8) (len=256 cap=256) {
         00000000  00 00 00 00 00 00 00 00  ff ff 0f 0f 00 00 00 00  |................|
         00000010  00 00 00 00 00 00 00 00  00 00 00 00 00 00 00 00  |................|
         00000020  00 00 00 00 00 00 00 00  00 00 00 01 00 00 00 00  |................|
         00000030  00 00 00 00 00 00 00 00  00 00 00 00 00 00 00 00  |................|
         00000040  00 00 00 00 00 00 00 00  00 00 00 00 00 00 00 00  |................|
         00000050  00 00 00 00 00 00 00 00  00 00 00 00 00 00 00 00  |................|
         00000060  00 00 00 00 00 00 00 00  00 00 00 00 00 00 00 00  |................|
         00000070  00 00 00 00 00 00 00 00  00 00 00 00 00 00 00 00  |................|
         00000080  00 00 00 00 00 00 00 00  00 00 00 00 00 00 00 00  |................|
         00000090  00 00 00 00 00 00 00 00  00 00 00 00 00 00 00 00  |................|
         000000a0  00 00 0d c0 00 00 00 00  00 00 00 00 00 00 00 00  |................|
         000000b0  00 00 00 00 00 00 00 00  00 00 00 00 00 00 00 00  |................|
         000000c0  00 00 00 00 00 00 00 00  00 00 00 00 00 00 00 00  |................|
         000000d0  00 00 00 00 00 00 00 00  00 00 00 00 00 00 00 00  |................|
         000000e0  00 00 00 00 00 00 00 00  00 00 00 00 00 00 00 00  |................|
         000000f0  00 00 00 00 00 00 00 00  00 00 00 00 00 00 00 00  |................|
        }
        
=== RUN   TestBPF/tc_egressgw_redirect_from_overlay.o/tc_egressgw_skip_no_gateway_redirect_from_overlay_v6
    bpf_test.go:459: Pktgen returned status: 
    bpf_test.go:460: 0
    bpf_test.go:461: data after pktgen: 
    bpf_test.go:462: ([]uint8) (len=94 cap=3778) {
         00000000  31 41 59 26 35 89 de ad  be ef de ef 86 dd 60 00  |1AY&5.........`.|
         00000010  00 00 00 28 06 40 01 00  00 00 00 00 00 00 00 00  |...(.@..........|
         00000020  00 00 00 00 00 00 02 00  00 00 00 00 00 00 00 00  |................|
         00000030  00 00 00 00 00 00 00 75  04 d2 00 01 e2 40 00 00  |.......u.....@..|
         00000040  00 00 50 02 ff ff 88 d4  00 00 53 68 6f 75 6c 64  |..P.......Should|
         00000050  20 6e 6f 74 20 63 68 61  6e 67 65 21 21 00        | not change!!.|
        }
        
    bpf_test.go:463: ctx after pktgen: 
    bpf_test.go:464: ([]uint8) (len=256 cap=256) {
         00000000  00 00 00 00 00 00 00 00  00 00 00 00 00 00 00 00  |................|
         00000010  00 00 00 00 00 00 00 00  00 00 00 00 00 00 00 00  |................|
         00000020  00 00 00 00 00 00 00 00  00 00 00 01 00 00 00 00  |................|
         00000030  00 00 00 00 00 00 00 00  00 00 00 00 00 00 00 00  |................|
         00000040  00 00 00 00 00 00 00 00  00 00 00 00 00 00 00 00  |................|
         00000050  00 00 00 00 00 00 00 00  00 00 00 00 00 00 00 00  |................|
         00000060  00 00 00 00 00 00 00 00  00 00 00 00 00 00 00 00  |................|
         00000070  00 00 00 00 00 00 00 00  00 00 00 00 00 00 00 00  |................|
         00000080  00 00 00 00 00 00 00 00  00 00 00 00 00 00 00 00  |................|
         00000090  00 00 00 00 00 00 00 00  00 00 00 00 00 00 00 00  |................|
         000000a0  00 00 0d c0 00 00 00 00  00 00 00 00 00 00 00 00  |................|
         000000b0  00 00 00 00 00 00 00 00  00 00 00 00 00 00 00 00  |................|
         000000c0  00 00 00 00 00 00 00 00  00 00 00 00 00 00 00 00  |................|
         000000d0  00 00 00 00 00 00 00 00  00 00 00 00 00 00 00 00  |................|
         000000e0  00 00 00 00 00 00 00 00  00 00 00 00 00 00 00 00  |................|
         000000f0  00 00 00 00 00 00 00 00  00 00 00 00 00 00 00 00  |................|
        }
        
    bpf_test.go:478: Setup returned status: 
    bpf_test.go:479: 0
    bpf_test.go:480: data after setup: 
    bpf_test.go:481: ([]uint8) (len=94 cap=352) {
         00000000  ce 72 a7 03 88 56 00 00  00 00 00 00 86 dd 60 00  |.r...V........`.|
         00000010  00 00 00 28 06 3f 01 00  00 00 00 00 00 00 00 00  |...(.?..........|
         00000020  00 00 00 00 00 00 02 00  00 00 00 00 00 00 00 00  |................|
         00000030  00 00 00 00 00 00 00 75  04 d2 00 01 e2 40 00 00  |.......u.....@..|
         00000040  00 00 50 02 ff ff 88 d4  00 00 53 68 6f 75 6c 64  |..P.......Should|
         00000050  20 6e 6f 74 20 63 68 61  6e 67 65 21 21 00        | not change!!.|
        }
        
    bpf_test.go:482: ctx after setup: 
    bpf_test.go:483: ([]uint8) (len=256 cap=256) {
         00000000  00 00 00 00 00 00 00 00  ff ff 0f 0f 00 00 00 00  |................|
         00000010  00 00 00 00 00 00 00 00  00 00 00 00 00 00 00 00  |................|
         00000020  00 00 00 00 00 00 00 00  00 00 00 01 00 00 00 00  |................|
         00000030  00 00 00 00 00 00 00 00  00 00 00 00 00 00 00 00  |................|
         00000040  00 00 00 00 00 00 00 00  00 00 00 00 00 00 00 00  |................|
         00000050  00 00 00 00 00 00 00 00  00 00 00 00 00 00 00 00  |................|
         00000060  00 00 00 00 00 00 00 00  00 00 00 00 00 00 00 00  |................|
         00000070  00 00 00 00 00 00 00 00  00 00 00 00 00 00 00 00  |................|
         00000080  00 00 00 00 00 00 00 00  00 00 00 00 00 00 00 00  |................|
         00000090  00 00 00 00 00 00 00 00  00 00 00 00 00 00 00 00  |................|
         000000a0  00 00 0d c0 00 00 00 00  00 00 00 00 00 00 00 00  |................|
         000000b0  00 00 00 00 00 00 00 00  00 00 00 00 00 00 00 00  |................|
         000000c0  00 00 00 00 00 00 00 00  00 00 00 00 00 00 00 00  |................|
         000000d0  00 00 00 00 00 00 00 00  00 00 00 00 00 00 00 00  |................|
         000000e0  00 00 00 00 00 00 00 00  00 00 00 00 00 00 00 00  |................|
         000000f0  00 00 00 00 00 00 00 00  00 00 00 00 00 00 00 00  |................|
        }
        
    bpf_test.go:497: Check returned status: 
    bpf_test.go:498: 101
    bpf_test.go:499: data after check: 98
    bpf_test.go:500: ([]uint8) (len=98 cap=356) {
         00000000  00 00 00 00 ce 72 a7 03  88 56 00 00 00 00 00 00  |.....r...V......|
         00000010  86 dd 60 00 00 00 00 28  06 3f 01 00 00 00 00 00  |..`....(.?......|
         00000020  00 00 00 00 00 00 00 00  00 00 02 00 00 00 00 00  |................|
         00000030  00 00 00 00 00 00 00 00  00 00 00 75 04 d2 00 01  |...........u....|
         00000040  e2 40 00 00 00 00 50 02  ff ff 88 d4 00 00 53 68  |.@....P.......Sh|
         00000050  6f 75 6c 64 20 6e 6f 74  20 63 68 61 6e 67 65 21  |ould not change!|
         00000060  21 00                                             |!.|
        }
        
    bpf_test.go:501: ctx after check: 
    bpf_test.go:502: ([]uint8) (len=256 cap=256) {
         00000000  00 00 00 00 00 00 00 00  ff ff 0f 0f 00 00 00 00  |................|
         00000010  00 00 00 00 00 00 00 00  00 00 00 00 00 00 00 00  |................|
         00000020  00 00 00 00 00 00 00 00  00 00 00 01 00 00 00 00  |................|
         00000030  00 00 00 00 00 00 00 00  00 00 00 00 00 00 00 00  |................|
         00000040  00 00 00 00 00 00 00 00  00 00 00 00 00 00 00 00  |................|
         00000050  00 00 00 00 00 00 00 00  00 00 00 00 00 00 00 00  |................|
         00000060  00 00 00 00 00 00 00 00  00 00 00 00 00 00 00 00  |................|
         00000070  00 00 00 00 00 00 00 00  00 00 00 00 00 00 00 00  |................|
         00000080  00 00 00 00 00 00 00 00  00 00 00 00 00 00 00 00  |................|
         00000090  00 00 00 00 00 00 00 00  00 00 00 00 00 00 00 00  |................|
         000000a0  00 00 0d c0 00 00 00 00  00 00 00 00 00 00 00 00  |................|
         000000b0  00 00 00 00 00 00 00 00  00 00 00 00 00 00 00 00  |................|
         000000c0  00 00 00 00 00 00 00 00  00 00 00 00 00 00 00 00  |................|
         000000d0  00 00 00 00 00 00 00 00  00 00 00 00 00 00 00 00  |................|
         000000e0  00 00 00 00 00 00 00 00  00 00 00 00 00 00 00 00  |................|
         000000f0  00 00 00 00 00 00 00 00  00 00 00 00 00 00 00 00  |................|
        }
        
=== NAME  TestBPF/tc_egressgw_redirect_from_overlay.o
    bpf_test.go:64: CPU 00: MARK 0x0 FROM 0 DEBUG: Tunnel decap: id=1048575 flowlabel=0
time=2026-02-21T11:07:29.09903964-08:00 level=info msg="Initializing dissection cache..."
    bpf_test.go:64: xx drop (No Egress IP configured) flow 0x0 to endpoint 0, ifindex 1, file unknown(0):0, , identity 1048575->unknown: [error]
    bpf_test.go:64: CPU 00: MARK 0x0 FROM 0 DEBUG: Tunnel decap: id=1048575 flowlabel=0
    bpf_test.go:64: xx drop (No Egress IP configured) flow 0x0 to endpoint 0, ifindex 1, file unknown(0):0, , identity 1048575->unknown: [error]
    bpf_test.go:64: CPU 00: MARK 0x0 FROM 0 DEBUG: Tunnel decap: id=1048575 flowlabel=0
    bpf_test.go:64: -> 1: [error]
    bpf_test.go:64: CPU 00: MARK 0x0 FROM 0 DEBUG: Tunnel decap: id=1048575 flowlabel=0
    bpf_test.go:64: CPU 00: MARK 0x0 FROM 0 DEBUG: Tunnel decap: id=1048575 flowlabel=0
    bpf_test.go:64: -> 1: [error]
    bpf_test.go:64: CPU 00: MARK 0x0 FROM 0 DEBUG: Tunnel decap: id=1048575 flowlabel=0
    bpf_test.go:64: -> 1: [error]
    bpf_test.go:64: CPU 00: MARK 0x0 FROM 0 DEBUG: Tunnel decap: id=1048575 flowlabel=0
    bpf_test.go:64: -> 1: [error]
    bpf_test.go:64: CPU 00: MARK 0x0 FROM 0 DEBUG: Tunnel decap: id=1048575 flowlabel=0
    bpf_test.go:64: -> 1: [error]
=== RUN   TestBPF/tc_egressgw_redirect_from_overlay_with_egress_interface.o
=== RUN   TestBPF/tc_egressgw_redirect_from_overlay_with_egress_interface.o/tc_egressgw_redirect_from_overlay_with_egress_interface
    bpf_test.go:459: Pktgen returned status: 
    bpf_test.go:460: 0
    bpf_test.go:461: data after pktgen: 
    bpf_test.go:462: ([]uint8) (len=74 cap=3778) {
         00000000  31 41 59 26 35 89 de ad  be ef de ef 08 00 45 00  |1AY&5.........E.|
         00000010  00 3c 00 00 00 00 40 06  41 12 c0 a8 00 01 6e 00  |.<....@.A.....n.|
         00000020  0b 01 00 73 04 d2 00 01  e2 40 00 00 00 00 50 02  |...s.....@....P.|
         00000030  ff ff 52 2b 00 00 53 68  6f 75 6c 64 20 6e 6f 74  |..R+..Should not|
         00000040  20 63 68 61 6e 67 65 21  21 00                    | change!!.|
        }
        
    bpf_test.go:463: ctx after pktgen: 
    bpf_test.go:464: ([]uint8) (len=256 cap=256) {
         00000000  00 00 00 00 00 00 00 00  00 00 00 00 00 00 00 00  |................|
         00000010  00 00 00 00 00 00 00 00  00 00 00 00 00 00 00 00  |................|
         00000020  00 00 00 00 00 00 00 00  00 00 00 01 00 00 00 00  |................|
         00000030  00 00 00 00 00 00 00 00  00 00 00 00 00 00 00 00  |................|
         00000040  00 00 00 00 00 00 00 00  00 00 00 00 00 00 00 00  |................|
         00000050  00 00 00 00 00 00 00 00  00 00 00 00 00 00 00 00  |................|
         00000060  00 00 00 00 00 00 00 00  00 00 00 00 00 00 00 00  |................|
         00000070  00 00 00 00 00 00 00 00  00 00 00 00 00 00 00 00  |................|
         00000080  00 00 00 00 00 00 00 00  00 00 00 00 00 00 00 00  |................|
         00000090  00 00 00 00 00 00 00 00  00 00 00 00 00 00 00 00  |................|
         000000a0  00 00 0d c0 00 00 00 00  00 00 00 00 00 00 00 00  |................|
         000000b0  00 00 00 00 00 00 00 00  00 00 00 00 00 00 00 00  |................|
         000000c0  00 00 00 00 00 00 00 00  00 00 00 00 00 00 00 00  |................|
         000000d0  00 00 00 00 00 00 00 00  00 00 00 00 00 00 00 00  |................|
         000000e0  00 00 00 00 00 00 00 00  00 00 00 00 00 00 00 00  |................|
         000000f0  00 00 00 00 00 00 00 00  00 00 00 00 00 00 00 00  |................|
        }
        
    bpf_test.go:478: Setup returned status: 
    bpf_test.go:479: 7
    bpf_test.go:480: data after setup: 
    bpf_test.go:481: ([]uint8) (len=74 cap=332) {
         00000000  ce 72 a7 03 88 56 00 00  00 00 00 00 08 00 45 00  |.r...V........E.|
         00000010  00 3c 00 00 00 00 3f 06  42 12 c0 a8 00 01 6e 00  |.<....?.B.....n.|
         00000020  0b 01 00 73 04 d2 00 01  e2 40 00 00 00 00 50 02  |...s.....@....P.|
         00000030  ff ff 52 2b 00 00 53 68  6f 75 6c 64 20 6e 6f 74  |..R+..Should not|
         00000040  20 63 68 61 6e 67 65 21  21 00                    | change!!.|
        }
        
    bpf_test.go:482: ctx after setup: 
    bpf_test.go:483: ([]uint8) (len=256 cap=256) {
         00000000  00 00 00 00 00 00 00 00  ff ff 0f 0f 00 00 00 00  |................|
         00000010  00 00 00 00 00 00 00 00  00 00 00 00 00 00 00 00  |................|
         00000020  00 00 00 00 00 00 00 00  00 00 00 01 00 00 00 00  |................|
         00000030  00 00 00 00 00 00 00 00  00 00 00 00 00 00 00 00  |................|
         00000040  00 00 00 00 00 00 00 00  00 00 00 00 00 00 00 00  |................|
         00000050  00 00 00 00 00 00 00 00  00 00 00 00 00 00 00 00  |................|
         00000060  00 00 00 00 00 00 00 00  00 00 00 00 00 00 00 00  |................|
         00000070  00 00 00 00 00 00 00 00  00 00 00 00 00 00 00 00  |................|
         00000080  00 00 00 00 00 00 00 00  00 00 00 00 00 00 00 00  |................|
         00000090  00 00 00 00 00 00 00 00  00 00 00 00 00 00 00 00  |................|
         000000a0  00 00 0d c0 00 00 00 00  00 00 00 00 00 00 00 00  |................|
         000000b0  00 00 00 00 00 00 00 00  00 00 00 00 00 00 00 00  |................|
         000000c0  00 00 00 00 00 00 00 00  00 00 00 00 00 00 00 00  |................|
         000000d0  00 00 00 00 00 00 00 00  00 00 00 00 00 00 00 00  |................|
         000000e0  00 00 00 00 00 00 00 00  00 00 00 00 00 00 00 00  |................|
         000000f0  00 00 00 00 00 00 00 00  00 00 00 00 00 00 00 00  |................|
        }
        
=== NAME  TestBPF/tc_egressgw_redirect_from_overlay_with_egress_interface.o
    bpf_test.go:64: CPU 07: MARK 0x0 FROM 0 DEBUG: Tunnel decap: id=1048575 flowlabel=0
    bpf_test.go:64: -> 1: [error]
=== NAME  TestBPF/tc_egressgw_redirect_from_overlay_with_egress_interface.o/tc_egressgw_redirect_from_overlay_with_egress_interface
    bpf_test.go:497: Check returned status: 
    bpf_test.go:498: 101
    bpf_test.go:499: data after check: 78
    bpf_test.go:500: ([]uint8) (len=78 cap=336) {
         00000000  00 00 00 07 ce 72 a7 03  88 56 00 00 00 00 00 00  |.....r...V......|
         00000010  08 00 45 00 00 3c 00 00  00 00 3f 06 42 12 c0 a8  |..E..<....?.B...|
         00000020  00 01 6e 00 0b 01 00 73  04 d2 00 01 e2 40 00 00  |..n....s.....@..|
         00000030  00 00 50 02 ff ff 52 2b  00 00 53 68 6f 75 6c 64  |..P...R+..Should|
         00000040  20 6e 6f 74 20 63 68 61  6e 67 65 21 21 00        | not change!!.|
        }
        
    bpf_test.go:501: ctx after check: 
    bpf_test.go:502: ([]uint8) (len=256 cap=256) {
         00000000  00 00 00 00 00 00 00 00  ff ff 0f 0f 00 00 00 00  |................|
         00000010  00 00 00 00 00 00 00 00  00 00 00 00 00 00 00 00  |................|
         00000020  00 00 00 00 00 00 00 00  00 00 00 01 00 00 00 00  |................|
         00000030  00 00 00 00 00 00 00 00  00 00 00 00 00 00 00 00  |................|
         00000040  00 00 00 00 00 00 00 00  00 00 00 00 00 00 00 00  |................|
         00000050  00 00 00 00 00 00 00 00  00 00 00 00 00 00 00 00  |................|
         00000060  00 00 00 00 00 00 00 00  00 00 00 00 00 00 00 00  |................|
         00000070  00 00 00 00 00 00 00 00  00 00 00 00 00 00 00 00  |................|
         00000080  00 00 00 00 00 00 00 00  00 00 00 00 00 00 00 00  |................|
         00000090  00 00 00 00 00 00 00 00  00 00 00 00 00 00 00 00  |................|
         000000a0  00 00 0d c0 00 00 00 00  00 00 00 00 00 00 00 00  |................|
         000000b0  00 00 00 00 00 00 00 00  00 00 00 00 00 00 00 00  |................|
         000000c0  00 00 00 00 00 00 00 00  00 00 00 00 00 00 00 00  |................|
         000000d0  00 00 00 00 00 00 00 00  00 00 00 00 00 00 00 00  |................|
         000000e0  00 00 00 00 00 00 00 00  00 00 00 00 00 00 00 00  |................|
         000000f0  00 00 00 00 00 00 00 00  00 00 00 00 00 00 00 00  |................|
        }
        
=== RUN   TestBPF/tc_egressgw_redirect_from_overlay_with_egress_interface.o/tc_egressgw_redirect_from_overlay_with_egress_interface_v6
    bpf_test.go:459: Pktgen returned status: 
    bpf_test.go:460: 0
    bpf_test.go:461: data after pktgen: 
    bpf_test.go:462: ([]uint8) (len=94 cap=3778) {
         00000000  31 41 59 26 35 89 de ad  be ef de ef 86 dd 60 00  |1AY&5.........`.|
         00000010  00 00 00 28 06 40 01 00  00 00 00 00 00 00 00 00  |...(.@..........|
         00000020  00 00 00 00 00 00 02 00  00 00 00 00 00 00 00 00  |................|
         00000030  00 00 00 00 00 00 00 73  04 d2 00 01 e2 40 00 00  |.......s.....@..|
         00000040  00 00 50 02 ff ff 88 d6  00 00 53 68 6f 75 6c 64  |..P.......Should|
         00000050  20 6e 6f 74 20 63 68 61  6e 67 65 21 21 00        | not change!!.|
        }
        
    bpf_test.go:463: ctx after pktgen: 
    bpf_test.go:464: ([]uint8) (len=256 cap=256) {
         00000000  00 00 00 00 00 00 00 00  00 00 00 00 00 00 00 00  |................|
         00000010  00 00 00 00 00 00 00 00  00 00 00 00 00 00 00 00  |................|
         00000020  00 00 00 00 00 00 00 00  00 00 00 01 00 00 00 00  |................|
         00000030  00 00 00 00 00 00 00 00  00 00 00 00 00 00 00 00  |................|
         00000040  00 00 00 00 00 00 00 00  00 00 00 00 00 00 00 00  |................|
         00000050  00 00 00 00 00 00 00 00  00 00 00 00 00 00 00 00  |................|
         00000060  00 00 00 00 00 00 00 00  00 00 00 00 00 00 00 00  |................|
         00000070  00 00 00 00 00 00 00 00  00 00 00 00 00 00 00 00  |................|
         00000080  00 00 00 00 00 00 00 00  00 00 00 00 00 00 00 00  |................|
         00000090  00 00 00 00 00 00 00 00  00 00 00 00 00 00 00 00  |................|
         000000a0  00 00 0d c0 00 00 00 00  00 00 00 00 00 00 00 00  |................|
         000000b0  00 00 00 00 00 00 00 00  00 00 00 00 00 00 00 00  |................|
         000000c0  00 00 00 00 00 00 00 00  00 00 00 00 00 00 00 00  |................|
         000000d0  00 00 00 00 00 00 00 00  00 00 00 00 00 00 00 00  |................|
         000000e0  00 00 00 00 00 00 00 00  00 00 00 00 00 00 00 00  |................|
         000000f0  00 00 00 00 00 00 00 00  00 00 00 00 00 00 00 00  |................|
        }
        
    bpf_test.go:478: Setup returned status: 
    bpf_test.go:479: 7
    bpf_test.go:480: data after setup: 
=== NAME  TestBPF/tc_egressgw_redirect_from_overlay_with_egress_interface.o
    bpf_test.go:64: CPU 07: MARK 0x0 FROM 0 DEBUG: Tunnel decap: id=1048575 flowlabel=0
=== NAME  TestBPF/tc_egressgw_redirect_from_overlay_with_egress_interface.o/tc_egressgw_redirect_from_overlay_with_egress_interface_v6
    bpf_test.go:481: ([]uint8) (len=94 cap=352) {
         00000000  31 41 59 26 35 89 de ad  be ef de ef 86 dd 60 00  |1AY&5.........`.|
         00000010  00 00 00 28 06 3f 01 00  00 00 00 00 00 00 00 00  |...(.?..........|
         00000020  00 00 00 00 00 00 02 00  00 00 00 00 00 00 00 00  |................|
         00000030  00 00 00 00 00 00 00 73  04 d2 00 01 e2 40 00 00  |.......s.....@..|
         00000040  00 00 50 02 ff ff 88 d6  00 00 53 68 6f 75 6c 64  |..P.......Should|
         00000050  20 6e 6f 74 20 63 68 61  6e 67 65 21 21 00        | not change!!.|
        }
        
    bpf_test.go:482: ctx after setup: 
    bpf_test.go:483: ([]uint8) (len=256 cap=256) {
         00000000  00 00 00 00 00 00 00 00  ff ff 05 0f 00 00 00 00  |................|
         00000010  00 00 00 00 00 00 00 00  00 00 00 00 00 00 00 00  |................|
         00000020  00 00 00 00 00 00 00 00  00 00 00 01 00 00 00 00  |................|
         00000030  00 00 00 00 00 00 00 00  00 00 00 00 00 00 00 00  |................|
         00000040  00 00 00 00 00 00 00 00  00 00 00 00 00 00 00 00  |................|
         00000050  00 00 00 00 00 00 00 00  00 00 00 00 00 00 00 00  |................|
         00000060  00 00 00 00 00 00 00 00  00 00 00 00 00 00 00 00  |................|
         00000070  00 00 00 00 00 00 00 00  00 00 00 00 00 00 00 00  |................|
         00000080  00 00 00 00 00 00 00 00  00 00 00 00 00 00 00 00  |................|
         00000090  00 00 00 00 00 00 00 00  00 00 00 00 00 00 00 00  |................|
         000000a0  00 00 0d c0 00 00 00 00  00 00 00 00 00 00 00 00  |................|
         000000b0  00 00 00 00 00 00 00 00  00 00 00 00 00 00 00 00  |................|
         000000c0  00 00 00 00 00 00 00 00  00 00 00 00 00 00 00 00  |................|
         000000d0  00 00 00 00 00 00 00 00  00 00 00 00 00 00 00 00  |................|
         000000e0  00 00 00 00 00 00 00 00  00 00 00 00 00 00 00 00  |................|
         000000f0  00 00 00 00 00 00 00 00  00 00 00 00 00 00 00 00  |................|
        }
        
    bpf_test.go:497: Check returned status: 
    bpf_test.go:498: 101
    bpf_test.go:499: data after check: 98
    bpf_test.go:500: ([]uint8) (len=98 cap=356) {
         00000000  00 00 00 07 31 41 59 26  35 89 de ad be ef de ef  |....1AY&5.......|
         00000010  86 dd 60 00 00 00 00 28  06 3f 01 00 00 00 00 00  |..`....(.?......|
         00000020  00 00 00 00 00 00 00 00  00 00 02 00 00 00 00 00  |................|
         00000030  00 00 00 00 00 00 00 00  00 00 00 73 04 d2 00 01  |...........s....|
         00000040  e2 40 00 00 00 00 50 02  ff ff 88 d6 00 00 53 68  |.@....P.......Sh|
         00000050  6f 75 6c 64 20 6e 6f 74  20 63 68 61 6e 67 65 21  |ould not change!|
         00000060  21 00                                             |!.|
        }
        
    bpf_test.go:501: ctx after check: 
    bpf_test.go:502: ([]uint8) (len=256 cap=256) {
         00000000  00 00 00 00 00 00 00 00  ff ff 05 0f 00 00 00 00  |................|
         00000010  00 00 00 00 00 00 00 00  00 00 00 00 00 00 00 00  |................|
         00000020  00 00 00 00 00 00 00 00  00 00 00 01 00 00 00 00  |................|
         00000030  00 00 00 00 00 00 00 00  00 00 00 00 00 00 00 00  |................|
         00000040  00 00 00 00 00 00 00 00  00 00 00 00 00 00 00 00  |................|
         00000050  00 00 00 00 00 00 00 00  00 00 00 00 00 00 00 00  |................|
         00000060  00 00 00 00 00 00 00 00  00 00 00 00 00 00 00 00  |................|
         00000070  00 00 00 00 00 00 00 00  00 00 00 00 00 00 00 00  |................|
         00000080  00 00 00 00 00 00 00 00  00 00 00 00 00 00 00 00  |................|
         00000090  00 00 00 00 00 00 00 00  00 00 00 00 00 00 00 00  |................|
         000000a0  00 00 0d c0 00 00 00 00  00 00 00 00 00 00 00 00  |................|
         000000b0  00 00 00 00 00 00 00 00  00 00 00 00 00 00 00 00  |................|
         000000c0  00 00 00 00 00 00 00 00  00 00 00 00 00 00 00 00  |................|
         000000d0  00 00 00 00 00 00 00 00  00 00 00 00 00 00 00 00  |................|
         000000e0  00 00 00 00 00 00 00 00  00 00 00 00 00 00 00 00  |................|
         000000f0  00 00 00 00 00 00 00 00  00 00 00 00 00 00 00 00  |................|
        }
        
--- FAIL: TestBPF (2.39s)
    --- FAIL: TestBPF/tc_egressgw_redirect_from_overlay.o (1.55s)
        --- PASS: TestBPF/tc_egressgw_redirect_from_overlay.o/tc_egressgw_drop_no_egress_ip_from_overlay (0.00s)
        --- PASS: TestBPF/tc_egressgw_redirect_from_overlay.o/tc_egressgw_drop_no_egress_ip_from_overlay_v6 (0.00s)
        --- FAIL: TestBPF/tc_egressgw_redirect_from_overlay.o/tc_egressgw_redirect_from_overlay (0.00s)
        --- PASS: TestBPF/tc_egressgw_redirect_from_overlay.o/tc_egressgw_redirect_from_overlay_v6 (0.00s)
        --- PASS: TestBPF/tc_egressgw_redirect_from_overlay.o/tc_egressgw_skip_excluded_cidr_redirect_from_overlay (0.00s)
        --- PASS: TestBPF/tc_egressgw_redirect_from_overlay.o/tc_egressgw_skip_excluded_cidr_redirect_from_overlay_v6 (0.00s)
        --- PASS: TestBPF/tc_egressgw_redirect_from_overlay.o/tc_egressgw_skip_no_gateway_redirect_from_overlay (0.00s)
        --- PASS: TestBPF/tc_egressgw_redirect_from_overlay.o/tc_egressgw_skip_no_gateway_redirect_from_overlay_v6 (0.00s)
    --- PASS: TestBPF/tc_egressgw_redirect_from_overlay_with_egress_interface.o (0.83s)
        --- PASS: TestBPF/tc_egressgw_redirect_from_overlay_with_egress_interface.o/tc_egressgw_redirect_from_overlay_with_egress_interface (0.00s)
        --- PASS: TestBPF/tc_egressgw_redirect_from_overlay_with_egress_interface.o/tc_egressgw_redirect_from_overlay_with_egress_interface_v6 (0.00s)
FAIL
FAIL	github.com/cilium/cilium/bpf/tests/bpftest	2.445s
FAIL
make: Leaving directory '/root/work/cilium-s390x/bpf/tests'
