[2026-02-21T21:11:02Z] run targeted go tests on zkd0
** WARNING: connection is not using a post-quantum key exchange algorithm.
** This session may be vulnerable to "store now, decrypt later" attacks.
** The server may need to be upgraded. See https://openssh.com/pq.html
*****************************************************************************
* Systems must only be used for conducting IBMs business. IBM may exercise  *
* rights to manage and enforce security, monitor use, remove access or      *
* block traffic to and from this system, as well as any other rights listed *
* in ITSS.                                                                  *
*                                                                           *
* Users must comply with DevIT service terms of use, IBM policies,          *
* directives and corporate instructions including, import/export of data,   *
* BCGs, Corporate Instructions, Standards, Addenda as well as all other     *
* responsibilities listed in ITSS.                                          *
*****************************************************************************


--- FAIL: TestReconcileServices (0.00s)
    act_test.go:321: 
        	Error Trace:	/root/work/cilium-s390x/pkg/act/act_test.go:321
        	Error:      	Not equal: 
        	            	expected: map[uint8]map[uint16]*act.actMetric{0x7b:map[uint16]*act.actMetric{0x18:(*act.actMetric)(0xc000914140), 0x1a:(*act.actMetric)(0xc000914140), 0x1b:(*act.actMetric)(0xc000914140)}, 0x7c:map[uint16]*act.actMetric{0x1a:(*act.actMetric)(0xc000914140), 0x1b:(*act.actMetric)(0xc000914140)}}
        	            	actual  : map[uint8]map[uint16]*act.actMetric{0x7b:map[uint16]*act.actMetric{}, 0x7c:map[uint16]*act.actMetric{}}
        	            	
        	            	Diff:
        	            	--- Expected
        	            	+++ Actual
        	            	@@ -1,65 +1,5 @@
        	            	 (map[uint8]map[uint16]*act.actMetric) (len=2) {
        	            	- (uint8) 123: (map[uint16]*act.actMetric) (len=3) {
        	            	-  (uint16) 24: (*act.actMetric)({
        	            	-   opened: (uint64) 0,
        	            	-   closed: (uint64) 0,
        	            	-   newFailed: (uint64) 0,
        	            	-   failed: (uint64) 0,
        	            	-   updated: (time.Time) {
        	            	-    wall: (uint64) 0,
        	            	-    ext: (int64) 0,
        	            	-    loc: (*time.Location)(<nil>)
        	            	-   },
        	            	-   labelValues: ([]string) <nil>
        	            	-  }),
        	            	-  (uint16) 26: (*act.actMetric)({
        	            	-   opened: (uint64) 0,
        	            	-   closed: (uint64) 0,
        	            	-   newFailed: (uint64) 0,
        	            	-   failed: (uint64) 0,
        	            	-   updated: (time.Time) {
        	            	-    wall: (uint64) 0,
        	            	-    ext: (int64) 0,
        	            	-    loc: (*time.Location)(<nil>)
        	            	-   },
        	            	-   labelValues: ([]string) <nil>
        	            	-  }),
        	            	-  (uint16) 27: (*act.actMetric)({
        	            	-   opened: (uint64) 0,
        	            	-   closed: (uint64) 0,
        	            	-   newFailed: (uint64) 0,
        	            	-   failed: (uint64) 0,
        	            	-   updated: (time.Time) {
        	            	-    wall: (uint64) 0,
        	            	-    ext: (int64) 0,
        	            	-    loc: (*time.Location)(<nil>)
        	            	-   },
        	            	-   labelValues: ([]string) <nil>
        	            	-  })
        	            	+ (uint8) 123: (map[uint16]*act.actMetric) {
        	            	  },
        	            	- (uint8) 124: (map[uint16]*act.actMetric) (len=2) {
        	            	-  (uint16) 26: (*act.actMetric)({
        	            	-   opened: (uint64) 0,
        	            	-   closed: (uint64) 0,
        	            	-   newFailed: (uint64) 0,
        	            	-   failed: (uint64) 0,
        	            	-   updated: (time.Time) {
        	            	-    wall: (uint64) 0,
        	            	-    ext: (int64) 0,
        	            	-    loc: (*time.Location)(<nil>)
        	            	-   },
        	            	-   labelValues: ([]string) <nil>
        	            	-  }),
        	            	-  (uint16) 27: (*act.actMetric)({
        	            	-   opened: (uint64) 0,
        	            	-   closed: (uint64) 0,
        	            	-   newFailed: (uint64) 0,
        	            	-   failed: (uint64) 0,
        	            	-   updated: (time.Time) {
        	            	-    wall: (uint64) 0,
        	            	-    ext: (int64) 0,
        	            	-    loc: (*time.Location)(<nil>)
        	            	-   },
        	            	-   labelValues: ([]string) <nil>
        	            	-  })
        	            	+ (uint8) 124: (map[uint16]*act.actMetric) {
        	            	  }
        	Test:       	TestReconcileServices
FAIL
FAIL	github.com/cilium/cilium/pkg/act	0.281s
--- FAIL: TestAddProxyRulesv4 (0.00s)
    iptables_test.go:52: 1: Unexpected iptables ("-t mangle -A CILIUM_PRE_mangle -p tcp -m mark --mark 0x92030200 -m comment --comment cilium: TPROXY to host cilium-dns-egress proxy -j TPROXY --tproxy-mark 0x200 --on-ip 127.0.0.1 --on-port 37379" != "-t mangle -A CILIUM_PRE_mangle -p tcp -m mark --mark 0x3920200 -m comment --comment cilium: TPROXY to host cilium-dns-egress proxy -j TPROXY --tproxy-mark 0x200 --on-ip 127.0.0.1 --on-port 37379")
    iptables_test.go:230: 1 unmet expectations
--- FAIL: TestAddProxyRulesv6 (0.00s)
    iptables_test.go:52: 1: Unexpected ip6tables ("-t mangle -A CILIUM_PRE_mangle -p tcp -m mark --mark 0xa9d50200 -m comment --comment cilium: TPROXY to host cilium-dns-egress proxy -j TPROXY --tproxy-mark 0x200 --on-ip ::1 --on-port 43477" != "-t mangle -A CILIUM_PRE_mangle -p tcp -m mark --mark 0xd5a90200 -m comment --comment cilium: TPROXY to host cilium-dns-egress proxy -j TPROXY --tproxy-mark 0x200 --on-ip ::1 --on-port 43477")
    iptables_test.go:482: 1 unmet expectations
FAIL
FAIL	github.com/cilium/cilium/pkg/datapath/iptables	4.336s
--- FAIL: TestSocketReqSerialize (0.00s)
    --- FAIL: TestSocketReqSerialize/nil_addresses (0.00s)
        sockets_test.go:78: 
            	Error Trace:	/root/work/cilium-s390x/pkg/datapath/sockets/sockets_test.go:78
            	Error:      	Not equal: 
            	            	expected: []byte{0x2, 0x6, 0x0, 0x0, 0xff, 0xf, 0x0, 0x0, 0x0, 0x0, 0x0, 0x0, 0x0, 0x0, 0x0, 0x0, 0x0, 0x0, 0x0, 0x0, 0x0, 0x0, 0x0, 0x0, 0x0, 0x0, 0x0, 0x0, 0x0, 0x0, 0x0, 0x0, 0x0, 0x0, 0x0, 0x0, 0x0, 0x0, 0x0, 0x0, 0x0, 0x0, 0x0, 0x0, 0x0, 0x0, 0x0, 0x0, 0x0, 0x0, 0x0, 0x0, 0x0, 0x0, 0x0, 0x0}
            	            	actual  : []byte{0x2, 0x6, 0x0, 0x0, 0x0, 0x0, 0xf, 0xff, 0x0, 0x0, 0x0, 0x0, 0x0, 0x0, 0x0, 0x0, 0x0, 0x0, 0x0, 0x0, 0x0, 0x0, 0x0, 0x0, 0x0, 0x0, 0x0, 0x0, 0x0, 0x0, 0x0, 0x0, 0x0, 0x0, 0x0, 0x0, 0x0, 0x0, 0x0, 0x0, 0x0, 0x0, 0x0, 0x0, 0x0, 0x0, 0x0, 0x0, 0x0, 0x0, 0x0, 0x0, 0x0, 0x0, 0x0, 0x0}
            	            	
            	            	Diff:
            	            	--- Expected
            	            	+++ Actual
            	            	@@ -1,3 +1,3 @@
            	            	 ([]uint8) (len=56) {
            	            	- 00000000  02 06 00 00 ff 0f 00 00  00 00 00 00 00 00 00 00  |................|
            	            	+ 00000000  02 06 00 00 00 00 0f ff  00 00 00 00 00 00 00 00  |................|
            	            	  00000010  00 00 00 00 00 00 00 00  00 00 00 00 00 00 00 00  |................|
            	Test:       	TestSocketReqSerialize/nil_addresses
    --- FAIL: TestSocketReqSerialize/non-nil_addresses (0.00s)
        sockets_test.go:78: 
            	Error Trace:	/root/work/cilium-s390x/pkg/datapath/sockets/sockets_test.go:78
            	Error:      	Not equal: 
            	            	expected: []byte{0x2, 0x6, 0x0, 0x0, 0xff, 0xf, 0x0, 0x0, 0xe7, 0x4c, 0x75, 0x30, 0x7f, 0x0, 0x0, 0x1, 0x0, 0x0, 0x0, 0x0, 0x0, 0x0, 0x0, 0x0, 0x0, 0x0, 0x0, 0x0, 0x7f, 0x0, 0x0, 0x1, 0x0, 0x0, 0x0, 0x0, 0x0, 0x0, 0x0, 0x0, 0x0, 0x0, 0x0, 0x0, 0x0, 0x0, 0x0, 0x0, 0x30, 0x10, 0x0, 0x0, 0x0, 0x0, 0x0, 0x0}
            	            	actual  : []byte{0x2, 0x6, 0x0, 0x0, 0x0, 0x0, 0xf, 0xff, 0xe7, 0x4c, 0x75, 0x30, 0x7f, 0x0, 0x0, 0x1, 0x0, 0x0, 0x0, 0x0, 0x0, 0x0, 0x0, 0x0, 0x0, 0x0, 0x0, 0x0, 0x7f, 0x0, 0x0, 0x1, 0x0, 0x0, 0x0, 0x0, 0x0, 0x0, 0x0, 0x0, 0x0, 0x0, 0x0, 0x0, 0x0, 0x0, 0x0, 0x0, 0x0, 0x0, 0x10, 0x30, 0x0, 0x0, 0x0, 0x0}
            	            	
            	            	Diff:
            	            	--- Expected
            	            	+++ Actual
            	            	@@ -1,6 +1,6 @@
            	            	 ([]uint8) (len=56) {
            	            	- 00000000  02 06 00 00 ff 0f 00 00  e7 4c 75 30 7f 00 00 01  |.........Lu0....|
            	            	+ 00000000  02 06 00 00 00 00 0f ff  e7 4c 75 30 7f 00 00 01  |.........Lu0....|
            	            	  00000010  00 00 00 00 00 00 00 00  00 00 00 00 7f 00 00 01  |................|
            	            	  00000020  00 00 00 00 00 00 00 00  00 00 00 00 00 00 00 00  |................|
            	            	- 00000030  30 10 00 00 00 00 00 00                           |0.......|
            	            	+ 00000030  00 00 10 30 00 00 00 00                           |...0....|
            	            	 }
            	Test:       	TestSocketReqSerialize/non-nil_addresses
--- FAIL: TestSocketDeserialize (0.00s)
    --- FAIL: TestSocketDeserialize/default_route_addresses (0.00s)
        sockets_test.go:141: 
            	Error Trace:	/root/work/cilium-s390x/pkg/datapath/sockets/sockets_test.go:141
            	Error:      	Not equal: 
            	            	expected: sockets.Socket{Family:0x2, State:0x7, Timer:0x0, Retrans:0x0, ID:netlink.SocketID{SourcePort:0xaad5, DestinationPort:0x0, Source:net.IP{0x0, 0x0, 0x0, 0x0, 0x0, 0x0, 0x0, 0x0, 0x0, 0x0, 0xff, 0xff, 0x0, 0x0, 0x0, 0x0}, Destination:net.IP{0x0, 0x0, 0x0, 0x0, 0x0, 0x0, 0x0, 0x0, 0x0, 0x0, 0xff, 0xff, 0x0, 0x0, 0x0, 0x0}, Interface:0x0, Cookie:[2]uint32{0x2009, 0x0}}, Expires:0x0, RQueue:0x0, WQueue:0x0, UID:0x6c, INode:0x6559}
            	            	actual  : sockets.Socket{Family:0x2, State:0x7, Timer:0x0, Retrans:0x0, ID:netlink.SocketID{SourcePort:0xaad5, DestinationPort:0x0, Source:net.IP{0x0, 0x0, 0x0, 0x0, 0x0, 0x0, 0x0, 0x0, 0x0, 0x0, 0xff, 0xff, 0x0, 0x0, 0x0, 0x0}, Destination:net.IP{0x0, 0x0, 0x0, 0x0, 0x0, 0x0, 0x0, 0x0, 0x0, 0x0, 0xff, 0xff, 0x0, 0x0, 0x0, 0x0}, Interface:0x0, Cookie:[2]uint32{0x9200000, 0x0}}, Expires:0x0, RQueue:0x0, WQueue:0x0, UID:0x6c000000, INode:0x59650000}
            	            	
            	            	Diff:
            	            	--- Expected
            	            	+++ Actual
            	            	@@ -16,3 +16,3 @@
            	            	   Cookie: ([2]uint32) (len=2) {
            	            	-   (uint32) 8201,
            	            	+   (uint32) 153092096,
            	            	    (uint32) 0
            	            	@@ -23,4 +23,4 @@
            	            	  WQueue: (uint32) 0,
            	            	- UID: (uint32) 108,
            	            	- INode: (uint32) 25945
            	            	+ UID: (uint32) 1811939328,
            	            	+ INode: (uint32) 1499791360
            	            	 }
            	Test:       	TestSocketDeserialize/default_route_addresses
    --- FAIL: TestSocketDeserialize/non_default_route_addresses (0.00s)
        sockets_test.go:141: 
            	Error Trace:	/root/work/cilium-s390x/pkg/datapath/sockets/sockets_test.go:141
            	Error:      	Not equal: 
            	            	expected: sockets.Socket{Family:0x2, State:0x1, Timer:0x0, Retrans:0x0, ID:netlink.SocketID{SourcePort:0xbd89, DestinationPort:0x1bb, Source:net.IP{0x0, 0x0, 0x0, 0x0, 0x0, 0x0, 0x0, 0x0, 0x0, 0x0, 0xff, 0xff, 0xc0, 0xa8, 0x32, 0xc2}, Destination:net.IP{0x0, 0x0, 0x0, 0x0, 0x0, 0x0, 0x0, 0x0, 0x0, 0x0, 0xff, 0xff, 0x97, 0x63, 0x34, 0xd}, Interface:0x0, Cookie:[2]uint32{0x2013, 0x0}}, Expires:0x0, RQueue:0x0, WQueue:0x0, UID:0x3e8, INode:0xa8a92}
            	            	actual  : sockets.Socket{Family:0x2, State:0x1, Timer:0x0, Retrans:0x0, ID:netlink.SocketID{SourcePort:0xbd89, DestinationPort:0x1bb, Source:net.IP{0x0, 0x0, 0x0, 0x0, 0x0, 0x0, 0x0, 0x0, 0x0, 0x0, 0xff, 0xff, 0xc0, 0xa8, 0x32, 0xc2}, Destination:net.IP{0x0, 0x0, 0x0, 0x0, 0x0, 0x0, 0x0, 0x0, 0x0, 0x0, 0xff, 0xff, 0x97, 0x63, 0x34, 0xd}, Interface:0x0, Cookie:[2]uint32{0x13200000, 0x0}}, Expires:0x0, RQueue:0x0, WQueue:0x0, UID:0xe8030000, INode:0x928a0a00}
            	            	
            	            	Diff:
            	            	--- Expected
            	            	+++ Actual
            	            	@@ -16,3 +16,3 @@
            	            	   Cookie: ([2]uint32) (len=2) {
            	            	-   (uint32) 8211,
            	            	+   (uint32) 320864256,
            	            	    (uint32) 0
            	            	@@ -23,4 +23,4 @@
            	            	  WQueue: (uint32) 0,
            	            	- UID: (uint32) 1000,
            	            	- INode: (uint32) 690834
            	            	+ UID: (uint32) 3892510720,
            	            	+ INode: (uint32) 2458520064
            	            	 }
            	Test:       	TestSocketDeserialize/non_default_route_addresses
FAIL
FAIL	github.com/cilium/cilium/pkg/datapath/sockets	0.443s
--- FAIL: TestDecodeDebugEvent (0.00s)
    --- FAIL: TestDecodeDebugEvent/IPv4_Mapping (0.00s)
        parser_test.go:233: 
            	Error Trace:	/root/work/cilium-s390x/pkg/hubble/parser/debug/parser_test.go:233
            	Error:      	Not equal: 
            	            	expected: &flow.DebugEvent{state:impl.MessageState{NoUnkeyedLiterals:pragma.NoUnkeyedLiterals{}, DoNotCompare:pragma.DoNotCompare{}, DoNotCopy:pragma.DoNotCopy{}, atomicMessageInfo:(*impl.MessageInfo)(nil)}, Type:58, Source:(*flow.Endpoint)(0xc00011e3f0), Hash:(*wrapperspb.UInt32Value)(0xc000a11aa0), Arg1:(*wrapperspb.UInt32Value)(0xc000a11ad0), Arg2:(*wrapperspb.UInt32Value)(0xc000a11b00), Arg3:(*wrapperspb.UInt32Value)(0xc000a11b30), Message:"Successfully mapped addr=10.11.0.233 to identity=2", Cpu:(*wrapperspb.Int32Value)(0xc000a11b60), unknownFields:[]uint8(nil), sizeCache:0}
            	            	actual  : &flow.DebugEvent{state:impl.MessageState{NoUnkeyedLiterals:pragma.NoUnkeyedLiterals{}, DoNotCompare:pragma.DoNotCompare{}, DoNotCopy:pragma.DoNotCopy{}, atomicMessageInfo:(*impl.MessageInfo)(nil)}, Type:58, Source:(*flow.Endpoint)(0xc00011e6c0), Hash:(*wrapperspb.UInt32Value)(0xc000a401e0), Arg1:(*wrapperspb.UInt32Value)(0xc000a40210), Arg2:(*wrapperspb.UInt32Value)(0xc000a40240), Arg3:(*wrapperspb.UInt32Value)(0xc000a40270), Message:"Successfully mapped addr=233.0.11.10 to identity=2", Cpu:(*wrapperspb.Int32Value)(0xc000a402a0), unknownFields:[]uint8(nil), sizeCache:0}
            	            	
            	            	Diff:
            	            	--- Expected
            	            	+++ Actual
            	            	@@ -94,3 +94,3 @@
            	            	  }),
            	            	- Message: (string) (len=50) "Successfully mapped addr=10.11.0.233 to identity=2",
            	            	+ Message: (string) (len=50) "Successfully mapped addr=233.0.11.10 to identity=2",
            	            	  Cpu: (*wrapperspb.Int32Value)({
            	Test:       	TestDecodeDebugEvent/IPv4_Mapping
FAIL
FAIL	github.com/cilium/cilium/pkg/hubble/parser/debug	0.272s
--- FAIL: TestL34Decode (0.00s)
    parser_test.go:390: 
        	Error Trace:	/root/work/cilium-s390x/pkg/hubble/parser/threefour/parser_test.go:390
        	Error:      	Not equal: 
        	            	expected: 0x1
        	            	actual  : 0x1000000
        	Test:       	TestL34Decode
FAIL
FAIL	github.com/cilium/cilium/pkg/hubble/parser/threefour	0.237s
--- FAIL: TestCreateL3L4Payload (0.01s)
    --- FAIL: TestCreateL3L4Payload/ICMPv4_Echo_Reply (0.00s)
        payload_test.go:243: 
            	Error Trace:	/root/work/cilium-s390x/pkg/hubble/testutils/payload_test.go:243
            	Error:      	Not equal: 
            	            	expected: []byte{0x4, 0x3, 0xa8, 0xb, 0x8d, 0x45, 0x98, 0xd4, 0x62, 0x0, 0x0, 0x0, 0x62, 0x0, 0x0, 0x0, 0x68, 0x0, 0x0, 0x0, 0x1, 0x0, 0x0, 0x0, 0x0, 0x0, 0x2, 0x0, 0x0, 0x0, 0x0, 0x0, 0x6, 0xe9, 0x18, 0x3b, 0xb2, 0x75, 0x12, 0x91, 0x6, 0xe2, 0x22, 0x1a, 0x8, 0x0, 0x45, 0x0, 0x0, 0x54, 0xbf, 0xe9, 0x0, 0x0, 0x3f, 0x1, 0x9a, 0xe2, 0x1, 0x1, 0x1, 0x1, 0xa, 0x10, 0x7e, 0x40, 0x0, 0x0, 0x36, 0x39, 0x22, 0x57, 0x0, 0x5, 0x1b, 0x7b, 0x41, 0x5d, 0x0, 0x0, 0x0, 0x0, 0x86, 0xbf, 0x5, 0x0, 0x0, 0x0, 0x0, 0x0, 0x10, 0x11, 0x12, 0x13, 0x14, 0x15, 0x16, 0x17, 0x18, 0x19, 0x1a, 0x1b, 0x1c, 0x1d, 0x1e, 0x1f, 0x20, 0x21, 0x22, 0x23, 0x24, 0x25, 0x26, 0x27, 0x28, 0x29, 0x2a, 0x2b, 0x2c, 0x2d, 0x2e, 0x2f, 0x30, 0x31, 0x32, 0x33, 0x34, 0x35, 0x36, 0x37}
            	            	actual  : []byte{0x4, 0x3, 0xb, 0xa8, 0xd4, 0x98, 0x45, 0x8d, 0x0, 0x0, 0x0, 0x62, 0x0, 0x62, 0x0, 0x0, 0x0, 0x0, 0x0, 0x68, 0x0, 0x0, 0x0, 0x1, 0x0, 0x0, 0x2, 0x0, 0x0, 0x0, 0x0, 0x0, 0x6, 0xe9, 0x18, 0x3b, 0xb2, 0x75, 0x12, 0x91, 0x6, 0xe2, 0x22, 0x1a, 0x8, 0x0, 0x45, 0x0, 0x0, 0x54, 0xbf, 0xe9, 0x0, 0x0, 0x3f, 0x1, 0x9a, 0xe2, 0x1, 0x1, 0x1, 0x1, 0xa, 0x10, 0x7e, 0x40, 0x0, 0x0, 0x36, 0x39, 0x22, 0x57, 0x0, 0x5, 0x1b, 0x7b, 0x41, 0x5d, 0x0, 0x0, 0x0, 0x0, 0x86, 0xbf, 0x5, 0x0, 0x0, 0x0, 0x0, 0x0, 0x10, 0x11, 0x12, 0x13, 0x14, 0x15, 0x16, 0x17, 0x18, 0x19, 0x1a, 0x1b, 0x1c, 0x1d, 0x1e, 0x1f, 0x20, 0x21, 0x22, 0x23, 0x24, 0x25, 0x26, 0x27, 0x28, 0x29, 0x2a, 0x2b, 0x2c, 0x2d, 0x2e, 0x2f, 0x30, 0x31, 0x32, 0x33, 0x34, 0x35, 0x36, 0x37}
            	            	
            	            	Diff:
            	            	--- Expected
            	            	+++ Actual
            	            	@@ -1,4 +1,4 @@
            	            	 ([]uint8) (len=130) {
            	            	- 00000000  04 03 a8 0b 8d 45 98 d4  62 00 00 00 62 00 00 00  |.....E..b...b...|
            	            	- 00000010  68 00 00 00 01 00 00 00  00 00 02 00 00 00 00 00  |h...............|
            	            	+ 00000000  04 03 0b a8 d4 98 45 8d  00 00 00 62 00 62 00 00  |......E....b.b..|
            	            	+ 00000010  00 00 00 68 00 00 00 01  00 00 02 00 00 00 00 00  |...h............|
            	            	  00000020  06 e9 18 3b b2 75 12 91  06 e2 22 1a 08 00 45 00  |...;.u...."...E.|
            	Test:       	TestCreateL3L4Payload/ICMPv4_Echo_Reply
    --- FAIL: TestCreateL3L4Payload/ICMPv6_Neighbor_Solicitation (0.00s)
        payload_test.go:243: 
            	Error Trace:	/root/work/cilium-s390x/pkg/hubble/testutils/payload_test.go:243
            	Error:      	Not equal: 
            	            	expected: []byte{0x4, 0x5, 0xa8, 0xb, 0x5f, 0x16, 0xf2, 0xb8, 0x56, 0x0, 0x0, 0x0, 0x56, 0x0, 0x1, 0x0, 0x68, 0x0, 0x0, 0x0, 0x0, 0x0, 0x0, 0x0, 0x0, 0x0, 0x0, 0x0, 0x0, 0x0, 0x0, 0x0, 0x0, 0x0, 0x0, 0x0, 0x0, 0x0, 0x0, 0x0, 0x0, 0x0, 0x0, 0x0, 0x0, 0x0, 0x0, 0x0, 0x33, 0x33, 0xff, 0x0, 0xb3, 0xe5, 0x12, 0x91, 0x6, 0xe2, 0x22, 0x1a, 0x86, 0xdd, 0x60, 0x0, 0x0, 0x0, 0x0, 0x20, 0x3a, 0xff, 0xf0, 0xd, 0x0, 0x0, 0x0, 0x0, 0x0, 0x0, 0xa, 0x10, 0x0, 0x0, 0x0, 0x0, 0x91, 0x95, 0xff, 0x2, 0x0, 0x0, 0x0, 0x0, 0x0, 0x0, 0x0, 0x0, 0x0, 0x1, 0xff, 0x0, 0xb3, 0xe5, 0x87, 0x0, 0x50, 0x75, 0x0, 0x0, 0x0, 0x0, 0xf0, 0xd, 0x0, 0x0, 0x0, 0x0, 0x0, 0x0, 0xa, 0x10, 0x0, 0x0, 0x0, 0x0, 0xb3, 0xe5, 0x1, 0x1, 0x12, 0x91, 0x6, 0xe2, 0x22, 0x1a}
            	            	actual  : []byte{0x4, 0x5, 0xb, 0xa8, 0xb8, 0xf2, 0x16, 0x5f, 0x0, 0x0, 0x0, 0x56, 0x0, 0x56, 0x1, 0x0, 0x0, 0x0, 0x0, 0x68, 0x0, 0x0, 0x0, 0x0, 0x0, 0x0, 0x0, 0x0, 0x0, 0x0, 0x0, 0x0, 0x0, 0x0, 0x0, 0x0, 0x0, 0x0, 0x0, 0x0, 0x0, 0x0, 0x0, 0x0, 0x0, 0x0, 0x0, 0x0, 0x33, 0x33, 0xff, 0x0, 0xb3, 0xe5, 0x12, 0x91, 0x6, 0xe2, 0x22, 0x1a, 0x86, 0xdd, 0x60, 0x0, 0x0, 0x0, 0x0, 0x20, 0x3a, 0xff, 0xf0, 0xd, 0x0, 0x0, 0x0, 0x0, 0x0, 0x0, 0xa, 0x10, 0x0, 0x0, 0x0, 0x0, 0x91, 0x95, 0xff, 0x2, 0x0, 0x0, 0x0, 0x0, 0x0, 0x0, 0x0, 0x0, 0x0, 0x1, 0xff, 0x0, 0xb3, 0xe5, 0x87, 0x0, 0x50, 0x75, 0x0, 0x0, 0x0, 0x0, 0xf0, 0xd, 0x0, 0x0, 0x0, 0x0, 0x0, 0x0, 0xa, 0x10, 0x0, 0x0, 0x0, 0x0, 0xb3, 0xe5, 0x1, 0x1, 0x12, 0x91, 0x6, 0xe2, 0x22, 0x1a}
            	            	
            	            	Diff:
            	            	--- Expected
            	            	+++ Actual
            	            	@@ -1,4 +1,4 @@
            	            	 ([]uint8) (len=134) {
            	            	- 00000000  04 05 a8 0b 5f 16 f2 b8  56 00 00 00 56 00 01 00  |...._...V...V...|
            	            	- 00000010  68 00 00 00 00 00 00 00  00 00 00 00 00 00 00 00  |h...............|
            	            	+ 00000000  04 05 0b a8 b8 f2 16 5f  00 00 00 56 00 56 01 00  |......._...V.V..|
            	            	+ 00000010  00 00 00 68 00 00 00 00  00 00 00 00 00 00 00 00  |...h............|
            	            	  00000020  00 00 00 00 00 00 00 00  00 00 00 00 00 00 00 00  |................|
            	Test:       	TestCreateL3L4Payload/ICMPv6_Neighbor_Solicitation
    --- FAIL: TestCreateL3L4Payload/ICMPv4_Echo_Reply_with_IP_Trace (0.00s)
        payload_test.go:243: 
            	Error Trace:	/root/work/cilium-s390x/pkg/hubble/testutils/payload_test.go:243
            	Error:      	Not equal: 
            	            	expected: []byte{0x4, 0x3, 0xa8, 0xb, 0x8d, 0x45, 0x98, 0xd4, 0x62, 0x0, 0x0, 0x0, 0x62, 0x0, 0x2, 0x0, 0x68, 0x0, 0x0, 0x0, 0x1, 0x0, 0x0, 0x0, 0x0, 0x0, 0x2, 0x0, 0x0, 0x0, 0x0, 0x0, 0x0, 0x0, 0x0, 0x0, 0x0, 0x0, 0x0, 0x0, 0x0, 0x0, 0x0, 0x0, 0x0, 0x0, 0x0, 0x0, 0xf0, 0xde, 0xbc, 0x9a, 0x78, 0x56, 0x34, 0x12, 0x6, 0xe9, 0x18, 0x3b, 0xb2, 0x75, 0x12, 0x91, 0x6, 0xe2, 0x22, 0x1a, 0x8, 0x0, 0x45, 0x0, 0x0, 0x54, 0xbf, 0xe9, 0x0, 0x0, 0x3f, 0x1, 0x9a, 0xe2, 0x1, 0x1, 0x1, 0x1, 0xa, 0x10, 0x7e, 0x40, 0x0, 0x0, 0x36, 0x39, 0x22, 0x57, 0x0, 0x5, 0x1b, 0x7b, 0x41, 0x5d, 0x0, 0x0, 0x0, 0x0, 0x86, 0xbf, 0x5, 0x0, 0x0, 0x0, 0x0, 0x0, 0x10, 0x11, 0x12, 0x13, 0x14, 0x15, 0x16, 0x17, 0x18, 0x19, 0x1a, 0x1b, 0x1c, 0x1d, 0x1e, 0x1f, 0x20, 0x21, 0x22, 0x23, 0x24, 0x25, 0x26, 0x27, 0x28, 0x29, 0x2a, 0x2b, 0x2c, 0x2d, 0x2e, 0x2f, 0x30, 0x31, 0x32, 0x33, 0x34, 0x35, 0x36, 0x37}
            	            	actual  : []byte{0x4, 0x3, 0xb, 0xa8, 0xd4, 0x98, 0x45, 0x8d, 0x0, 0x0, 0x0, 0x62, 0x0, 0x62, 0x2, 0x0, 0x0, 0x0, 0x0, 0x68, 0x0, 0x0, 0x0, 0x1, 0x0, 0x0, 0x2, 0x0, 0x0, 0x0, 0x0, 0x0, 0x0, 0x0, 0x0, 0x0, 0x0, 0x0, 0x0, 0x0, 0x0, 0x0, 0x0, 0x0, 0x0, 0x0, 0x0, 0x0, 0x12, 0x34, 0x56, 0x78, 0x9a, 0xbc, 0xde, 0xf0, 0x6, 0xe9, 0x18, 0x3b, 0xb2, 0x75, 0x12, 0x91, 0x6, 0xe2, 0x22, 0x1a, 0x8, 0x0, 0x45, 0x0, 0x0, 0x54, 0xbf, 0xe9, 0x0, 0x0, 0x3f, 0x1, 0x9a, 0xe2, 0x1, 0x1, 0x1, 0x1, 0xa, 0x10, 0x7e, 0x40, 0x0, 0x0, 0x36, 0x39, 0x22, 0x57, 0x0, 0x5, 0x1b, 0x7b, 0x41, 0x5d, 0x0, 0x0, 0x0, 0x0, 0x86, 0xbf, 0x5, 0x0, 0x0, 0x0, 0x0, 0x0, 0x10, 0x11, 0x12, 0x13, 0x14, 0x15, 0x16, 0x17, 0x18, 0x19, 0x1a, 0x1b, 0x1c, 0x1d, 0x1e, 0x1f, 0x20, 0x21, 0x22, 0x23, 0x24, 0x25, 0x26, 0x27, 0x28, 0x29, 0x2a, 0x2b, 0x2c, 0x2d, 0x2e, 0x2f, 0x30, 0x31, 0x32, 0x33, 0x34, 0x35, 0x36, 0x37}
            	            	
            	            	Diff:
            	            	--- Expected
            	            	+++ Actual
            	            	@@ -1,6 +1,6 @@
            	            	 ([]uint8) (len=154) {
            	            	- 00000000  04 03 a8 0b 8d 45 98 d4  62 00 00 00 62 00 02 00  |.....E..b...b...|
            	            	- 00000010  68 00 00 00 01 00 00 00  00 00 02 00 00 00 00 00  |h...............|
            	            	+ 00000000  04 03 0b a8 d4 98 45 8d  00 00 00 62 00 62 02 00  |......E....b.b..|
            	            	+ 00000010  00 00 00 68 00 00 00 01  00 00 02 00 00 00 00 00  |...h............|
            	            	  00000020  00 00 00 00 00 00 00 00  00 00 00 00 00 00 00 00  |................|
            	            	- 00000030  f0 de bc 9a 78 56 34 12  06 e9 18 3b b2 75 12 91  |....xV4....;.u..|
            	            	+ 00000030  12 34 56 78 9a bc de f0  06 e9 18 3b b2 75 12 91  |.4Vx.......;.u..|
            	            	  00000040  06 e2 22 1a 08 00 45 00  00 54 bf e9 00 00 3f 01  |.."...E..T....?.|
            	Test:       	TestCreateL3L4Payload/ICMPv4_Echo_Reply_with_IP_Trace
    --- FAIL: TestCreateL3L4Payload/ICMPv4_Echo_Reply_Reversed (0.00s)
        payload_test.go:243: 
            	Error Trace:	/root/work/cilium-s390x/pkg/hubble/testutils/payload_test.go:243
            	Error:      	Not equal: 
            	            	expected: []byte{0x4, 0x3, 0xa8, 0xb, 0x8d, 0x45, 0x98, 0xd4, 0x62, 0x0, 0x0, 0x0, 0x62, 0x0, 0x0, 0x0, 0x68, 0x0, 0x0, 0x0, 0x1, 0x0, 0x0, 0x0, 0x0, 0x0, 0x2, 0x0, 0x0, 0x0, 0x0, 0x0, 0x6, 0xe9, 0x18, 0x3b, 0xb2, 0x75, 0x12, 0x91, 0x6, 0xe2, 0x22, 0x1a, 0x8, 0x0, 0x45, 0x0, 0x0, 0x54, 0xbf, 0xe9, 0x0, 0x0, 0x3f, 0x1, 0x9a, 0xe2, 0xa, 0x10, 0x7e, 0x40, 0x1, 0x1, 0x1, 0x1, 0x0, 0x0, 0x36, 0x39, 0x22, 0x57, 0x0, 0x5, 0x1b, 0x7b, 0x41, 0x5d, 0x0, 0x0, 0x0, 0x0, 0x86, 0xbf, 0x5, 0x0, 0x0, 0x0, 0x0, 0x0, 0x10, 0x11, 0x12, 0x13, 0x14, 0x15, 0x16, 0x17, 0x18, 0x19, 0x1a, 0x1b, 0x1c, 0x1d, 0x1e, 0x1f, 0x20, 0x21, 0x22, 0x23, 0x24, 0x25, 0x26, 0x27, 0x28, 0x29, 0x2a, 0x2b, 0x2c, 0x2d, 0x2e, 0x2f, 0x30, 0x31, 0x32, 0x33, 0x34, 0x35, 0x36, 0x37}
            	            	actual  : []byte{0x4, 0x3, 0xb, 0xa8, 0xd4, 0x98, 0x45, 0x8d, 0x0, 0x0, 0x0, 0x62, 0x0, 0x62, 0x0, 0x0, 0x0, 0x0, 0x0, 0x68, 0x0, 0x0, 0x0, 0x1, 0x0, 0x0, 0x2, 0x0, 0x0, 0x0, 0x0, 0x0, 0x6, 0xe9, 0x18, 0x3b, 0xb2, 0x75, 0x12, 0x91, 0x6, 0xe2, 0x22, 0x1a, 0x8, 0x0, 0x45, 0x0, 0x0, 0x54, 0xbf, 0xe9, 0x0, 0x0, 0x3f, 0x1, 0x9a, 0xe2, 0xa, 0x10, 0x7e, 0x40, 0x1, 0x1, 0x1, 0x1, 0x0, 0x0, 0x36, 0x39, 0x22, 0x57, 0x0, 0x5, 0x1b, 0x7b, 0x41, 0x5d, 0x0, 0x0, 0x0, 0x0, 0x86, 0xbf, 0x5, 0x0, 0x0, 0x0, 0x0, 0x0, 0x10, 0x11, 0x12, 0x13, 0x14, 0x15, 0x16, 0x17, 0x18, 0x19, 0x1a, 0x1b, 0x1c, 0x1d, 0x1e, 0x1f, 0x20, 0x21, 0x22, 0x23, 0x24, 0x25, 0x26, 0x27, 0x28, 0x29, 0x2a, 0x2b, 0x2c, 0x2d, 0x2e, 0x2f, 0x30, 0x31, 0x32, 0x33, 0x34, 0x35, 0x36, 0x37}
            	            	
            	            	Diff:
            	            	--- Expected
            	            	+++ Actual
            	            	@@ -1,4 +1,4 @@
            	            	 ([]uint8) (len=130) {
            	            	- 00000000  04 03 a8 0b 8d 45 98 d4  62 00 00 00 62 00 00 00  |.....E..b...b...|
            	            	- 00000010  68 00 00 00 01 00 00 00  00 00 02 00 00 00 00 00  |h...............|
            	            	+ 00000000  04 03 0b a8 d4 98 45 8d  00 00 00 62 00 62 00 00  |......E....b.b..|
            	            	+ 00000010  00 00 00 68 00 00 00 01  00 00 02 00 00 00 00 00  |...h............|
            	            	  00000020  06 e9 18 3b b2 75 12 91  06 e2 22 1a 08 00 45 00  |...;.u...."...E.|
            	Test:       	TestCreateL3L4Payload/ICMPv4_Echo_Reply_Reversed
    --- FAIL: TestCreateL3L4Payload/ICMPv6_Neighbor_Solicitation_Reversed (0.00s)
        payload_test.go:243: 
            	Error Trace:	/root/work/cilium-s390x/pkg/hubble/testutils/payload_test.go:243
            	Error:      	Not equal: 
            	            	expected: []byte{0x4, 0x5, 0xa8, 0xb, 0x5f, 0x16, 0xf2, 0xb8, 0x56, 0x0, 0x0, 0x0, 0x56, 0x0, 0x1, 0x0, 0x68, 0x0, 0x0, 0x0, 0x0, 0x0, 0x0, 0x0, 0x0, 0x0, 0x0, 0x0, 0x0, 0x0, 0x0, 0x0, 0x0, 0x0, 0x0, 0x0, 0x0, 0x0, 0x0, 0x0, 0x0, 0x0, 0x0, 0x0, 0x0, 0x0, 0x0, 0x0, 0x33, 0x33, 0xff, 0x0, 0xb3, 0xe5, 0x12, 0x91, 0x6, 0xe2, 0x22, 0x1a, 0x86, 0xdd, 0x60, 0x0, 0x0, 0x0, 0x0, 0x20, 0x3a, 0xff, 0xff, 0x2, 0x0, 0x0, 0x0, 0x0, 0x0, 0x0, 0x0, 0x0, 0x0, 0x1, 0xff, 0x0, 0xb3, 0xe5, 0xf0, 0xd, 0x0, 0x0, 0x0, 0x0, 0x0, 0x0, 0xa, 0x10, 0x0, 0x0, 0x0, 0x0, 0x91, 0x95, 0x87, 0x0, 0x50, 0x75, 0x0, 0x0, 0x0, 0x0, 0xf0, 0xd, 0x0, 0x0, 0x0, 0x0, 0x0, 0x0, 0xa, 0x10, 0x0, 0x0, 0x0, 0x0, 0xb3, 0xe5, 0x1, 0x1, 0x12, 0x91, 0x6, 0xe2, 0x22, 0x1a}
            	            	actual  : []byte{0x4, 0x5, 0xb, 0xa8, 0xb8, 0xf2, 0x16, 0x5f, 0x0, 0x0, 0x0, 0x56, 0x0, 0x56, 0x1, 0x0, 0x0, 0x0, 0x0, 0x68, 0x0, 0x0, 0x0, 0x0, 0x0, 0x0, 0x0, 0x0, 0x0, 0x0, 0x0, 0x0, 0x0, 0x0, 0x0, 0x0, 0x0, 0x0, 0x0, 0x0, 0x0, 0x0, 0x0, 0x0, 0x0, 0x0, 0x0, 0x0, 0x33, 0x33, 0xff, 0x0, 0xb3, 0xe5, 0x12, 0x91, 0x6, 0xe2, 0x22, 0x1a, 0x86, 0xdd, 0x60, 0x0, 0x0, 0x0, 0x0, 0x20, 0x3a, 0xff, 0xff, 0x2, 0x0, 0x0, 0x0, 0x0, 0x0, 0x0, 0x0, 0x0, 0x0, 0x1, 0xff, 0x0, 0xb3, 0xe5, 0xf0, 0xd, 0x0, 0x0, 0x0, 0x0, 0x0, 0x0, 0xa, 0x10, 0x0, 0x0, 0x0, 0x0, 0x91, 0x95, 0x87, 0x0, 0x50, 0x75, 0x0, 0x0, 0x0, 0x0, 0xf0, 0xd, 0x0, 0x0, 0x0, 0x0, 0x0, 0x0, 0xa, 0x10, 0x0, 0x0, 0x0, 0x0, 0xb3, 0xe5, 0x1, 0x1, 0x12, 0x91, 0x6, 0xe2, 0x22, 0x1a}
            	            	
            	            	Diff:
            	            	--- Expected
            	            	+++ Actual
            	            	@@ -1,4 +1,4 @@
            	            	 ([]uint8) (len=134) {
            	            	- 00000000  04 05 a8 0b 5f 16 f2 b8  56 00 00 00 56 00 01 00  |...._...V...V...|
            	            	- 00000010  68 00 00 00 00 00 00 00  00 00 00 00 00 00 00 00  |h...............|
            	            	+ 00000000  04 05 0b a8 b8 f2 16 5f  00 00 00 56 00 56 01 00  |......._...V.V..|
            	            	+ 00000010  00 00 00 68 00 00 00 00  00 00 00 00 00 00 00 00  |...h............|
            	            	  00000020  00 00 00 00 00 00 00 00  00 00 00 00 00 00 00 00  |................|
            	Test:       	TestCreateL3L4Payload/ICMPv6_Neighbor_Solicitation_Reversed
    --- FAIL: TestCreateL3L4Payload/802.11q_ICMPv4_Echo_Reply (0.00s)
        payload_test.go:243: 
            	Error Trace:	/root/work/cilium-s390x/pkg/hubble/testutils/payload_test.go:243
            	Error:      	Not equal: 
            	            	expected: []byte{0x4, 0x3, 0xa8, 0xb, 0x8d, 0x45, 0x98, 0xd4, 0x62, 0x0, 0x0, 0x0, 0x62, 0x0, 0x0, 0x0, 0x68, 0x0, 0x0, 0x0, 0x1, 0x0, 0x0, 0x0, 0x0, 0x0, 0x2, 0x0, 0x0, 0x0, 0x0, 0x0, 0x6, 0xe9, 0x18, 0x3b, 0xb2, 0x75, 0x12, 0x91, 0x6, 0xe2, 0x22, 0x1a, 0x81, 0x0, 0x2, 0x2, 0x8, 0x0, 0x45, 0x0, 0x0, 0x54, 0xbf, 0xe9, 0x0, 0x0, 0x3f, 0x1, 0x9a, 0xe2, 0x1, 0x1, 0x1, 0x1, 0xa, 0x10, 0x7e, 0x40, 0x0, 0x0, 0x36, 0x39, 0x22, 0x57, 0x0, 0x5, 0x1b, 0x7b, 0x41, 0x5d, 0x0, 0x0, 0x0, 0x0, 0x86, 0xbf, 0x5, 0x0, 0x0, 0x0, 0x0, 0x0, 0x10, 0x11, 0x12, 0x13, 0x14, 0x15, 0x16, 0x17, 0x18, 0x19, 0x1a, 0x1b, 0x1c, 0x1d, 0x1e, 0x1f, 0x20, 0x21, 0x22, 0x23, 0x24, 0x25, 0x26, 0x27, 0x28, 0x29, 0x2a, 0x2b, 0x2c, 0x2d, 0x2e, 0x2f, 0x30, 0x31, 0x32, 0x33, 0x34, 0x35, 0x36, 0x37}
            	            	actual  : []byte{0x4, 0x3, 0xb, 0xa8, 0xd4, 0x98, 0x45, 0x8d, 0x0, 0x0, 0x0, 0x62, 0x0, 0x62, 0x0, 0x0, 0x0, 0x0, 0x0, 0x68, 0x0, 0x0, 0x0, 0x1, 0x0, 0x0, 0x2, 0x0, 0x0, 0x0, 0x0, 0x0, 0x6, 0xe9, 0x18, 0x3b, 0xb2, 0x75, 0x12, 0x91, 0x6, 0xe2, 0x22, 0x1a, 0x81, 0x0, 0x2, 0x2, 0x8, 0x0, 0x45, 0x0, 0x0, 0x54, 0xbf, 0xe9, 0x0, 0x0, 0x3f, 0x1, 0x9a, 0xe2, 0x1, 0x1, 0x1, 0x1, 0xa, 0x10, 0x7e, 0x40, 0x0, 0x0, 0x36, 0x39, 0x22, 0x57, 0x0, 0x5, 0x1b, 0x7b, 0x41, 0x5d, 0x0, 0x0, 0x0, 0x0, 0x86, 0xbf, 0x5, 0x0, 0x0, 0x0, 0x0, 0x0, 0x10, 0x11, 0x12, 0x13, 0x14, 0x15, 0x16, 0x17, 0x18, 0x19, 0x1a, 0x1b, 0x1c, 0x1d, 0x1e, 0x1f, 0x20, 0x21, 0x22, 0x23, 0x24, 0x25, 0x26, 0x27, 0x28, 0x29, 0x2a, 0x2b, 0x2c, 0x2d, 0x2e, 0x2f, 0x30, 0x31, 0x32, 0x33, 0x34, 0x35, 0x36, 0x37}
            	            	
            	            	Diff:
            	            	--- Expected
            	            	+++ Actual
            	            	@@ -1,4 +1,4 @@
            	            	 ([]uint8) (len=134) {
            	            	- 00000000  04 03 a8 0b 8d 45 98 d4  62 00 00 00 62 00 00 00  |.....E..b...b...|
            	            	- 00000010  68 00 00 00 01 00 00 00  00 00 02 00 00 00 00 00  |h...............|
            	            	+ 00000000  04 03 0b a8 d4 98 45 8d  00 00 00 62 00 62 00 00  |......E....b.b..|
            	            	+ 00000010  00 00 00 68 00 00 00 01  00 00 02 00 00 00 00 00  |...h............|
            	            	  00000020  06 e9 18 3b b2 75 12 91  06 e2 22 1a 81 00 02 02  |...;.u....".....|
            	Test:       	TestCreateL3L4Payload/802.11q_ICMPv4_Echo_Reply
    --- FAIL: TestCreateL3L4Payload/802.11q_ICMPv6_Neighbor_Solicitation (0.00s)
        payload_test.go:243: 
            	Error Trace:	/root/work/cilium-s390x/pkg/hubble/testutils/payload_test.go:243
            	Error:      	Not equal: 
            	            	expected: []byte{0x4, 0x5, 0xa8, 0xb, 0x5f, 0x16, 0xf2, 0xb8, 0x56, 0x0, 0x0, 0x0, 0x56, 0x0, 0x1, 0x0, 0x68, 0x0, 0x0, 0x0, 0x0, 0x0, 0x0, 0x0, 0x0, 0x0, 0x0, 0x0, 0x0, 0x0, 0x0, 0x0, 0x0, 0x0, 0x0, 0x0, 0x0, 0x0, 0x0, 0x0, 0x0, 0x0, 0x0, 0x0, 0x0, 0x0, 0x0, 0x0, 0x33, 0x33, 0xff, 0x0, 0xb3, 0xe5, 0x12, 0x91, 0x6, 0xe2, 0x22, 0x1a, 0x81, 0x0, 0x2, 0x2, 0x86, 0xdd, 0x60, 0x0, 0x0, 0x0, 0x0, 0x20, 0x3a, 0xff, 0xf0, 0xd, 0x0, 0x0, 0x0, 0x0, 0x0, 0x0, 0xa, 0x10, 0x0, 0x0, 0x0, 0x0, 0x91, 0x95, 0xff, 0x2, 0x0, 0x0, 0x0, 0x0, 0x0, 0x0, 0x0, 0x0, 0x0, 0x1, 0xff, 0x0, 0xb3, 0xe5, 0x87, 0x0, 0x50, 0x75, 0x0, 0x0, 0x0, 0x0, 0xf0, 0xd, 0x0, 0x0, 0x0, 0x0, 0x0, 0x0, 0xa, 0x10, 0x0, 0x0, 0x0, 0x0, 0xb3, 0xe5, 0x1, 0x1, 0x12, 0x91, 0x6, 0xe2, 0x22, 0x1a}
            	            	actual  : []byte{0x4, 0x5, 0xb, 0xa8, 0xb8, 0xf2, 0x16, 0x5f, 0x0, 0x0, 0x0, 0x56, 0x0, 0x56, 0x1, 0x0, 0x0, 0x0, 0x0, 0x68, 0x0, 0x0, 0x0, 0x0, 0x0, 0x0, 0x0, 0x0, 0x0, 0x0, 0x0, 0x0, 0x0, 0x0, 0x0, 0x0, 0x0, 0x0, 0x0, 0x0, 0x0, 0x0, 0x0, 0x0, 0x0, 0x0, 0x0, 0x0, 0x33, 0x33, 0xff, 0x0, 0xb3, 0xe5, 0x12, 0x91, 0x6, 0xe2, 0x22, 0x1a, 0x81, 0x0, 0x2, 0x2, 0x86, 0xdd, 0x60, 0x0, 0x0, 0x0, 0x0, 0x20, 0x3a, 0xff, 0xf0, 0xd, 0x0, 0x0, 0x0, 0x0, 0x0, 0x0, 0xa, 0x10, 0x0, 0x0, 0x0, 0x0, 0x91, 0x95, 0xff, 0x2, 0x0, 0x0, 0x0, 0x0, 0x0, 0x0, 0x0, 0x0, 0x0, 0x1, 0xff, 0x0, 0xb3, 0xe5, 0x87, 0x0, 0x50, 0x75, 0x0, 0x0, 0x0, 0x0, 0xf0, 0xd, 0x0, 0x0, 0x0, 0x0, 0x0, 0x0, 0xa, 0x10, 0x0, 0x0, 0x0, 0x0, 0xb3, 0xe5, 0x1, 0x1, 0x12, 0x91, 0x6, 0xe2, 0x22, 0x1a}
            	            	
            	            	Diff:
            	            	--- Expected
            	            	+++ Actual
            	            	@@ -1,4 +1,4 @@
            	            	 ([]uint8) (len=138) {
            	            	- 00000000  04 05 a8 0b 5f 16 f2 b8  56 00 00 00 56 00 01 00  |...._...V...V...|
            	            	- 00000010  68 00 00 00 00 00 00 00  00 00 00 00 00 00 00 00  |h...............|
            	            	+ 00000000  04 05 0b a8 b8 f2 16 5f  00 00 00 56 00 56 01 00  |......._...V.V..|
            	            	+ 00000010  00 00 00 68 00 00 00 00  00 00 00 00 00 00 00 00  |...h............|
            	            	  00000020  00 00 00 00 00 00 00 00  00 00 00 00 00 00 00 00  |................|
            	Test:       	TestCreateL3L4Payload/802.11q_ICMPv6_Neighbor_Solicitation
FAIL
FAIL	github.com/cilium/cilium/pkg/hubble/testutils	0.198s
FAIL
