[meta] started_at_utc=20260225T194244Z
[meta] host=kdz cluster=kubeadm-two-cp
Cluster nodes
NAME                   STATUS   ROLES           AGE   VERSION   INTERNAL-IP     EXTERNAL-IP   OS-IMAGE                              KERNEL-VERSION                CONTAINER-RUNTIME
kdz.dev.fyre.ibm.com   Ready    control-plane   13h   v1.35.1   10.14.125.157   <none>        Red Hat Enterprise Linux 9.6 (Plow)   5.14.0-570.62.1.el9_6.s390x   containerd://1.7.27
zkd01.fyre.ibm.com     Ready    control-plane   30m   v1.35.1   10.11.59.172    <none>        Red Hat Enterprise Linux 9.6 (Plow)   5.14.0-570.62.1.el9_6.s390x   containerd://1.7.27
Waiting for node readiness
node/kdz.dev.fyre.ibm.com condition met
node/zkd01.fyre.ibm.com condition met
Waiting for Cilium DaemonSets/Deployments
daemon set "cilium" successfully rolled out
daemon set "cilium-envoy" successfully rolled out
deployment "cilium-operator" successfully rolled out
Cilium pod status
NAME           READY   STATUS    RESTARTS   AGE     IP              NODE                   NOMINATED NODE   READINESS GATES
cilium-b9gch   1/1     Running   0          3m36s   10.14.125.157   kdz.dev.fyre.ibm.com   <none>           <none>
cilium-dzkxx   1/1     Running   0          3m34s   10.11.59.172    zkd01.fyre.ibm.com     <none>           <none>
NAME                 READY   STATUS    RESTARTS   AGE   IP              NODE                   NOMINATED NODE   READINESS GATES
cilium-envoy-crmvq   1/1     Running   0          30m   10.11.59.172    zkd01.fyre.ibm.com     <none>           <none>
cilium-envoy-nb78x   1/1     Running   0          12h   10.14.125.157   kdz.dev.fyre.ibm.com   <none>           <none>
NAME                               READY   STATUS    RESTARTS   AGE   IP              NODE                   NOMINATED NODE   READINESS GATES
cilium-operator-7d796b74f8-xv6bp   1/1     Running   0          12h   10.14.125.157   kdz.dev.fyre.ibm.com   <none>           <none>
cilium status from cilium-dzkxx
KVStore:                Disabled   
Kubernetes:             Ok         1.35 (v1.35.1) [linux/s390x]
Kubernetes APIs:        ["cilium/v2::CiliumCIDRGroup", "cilium/v2::CiliumClusterwideNetworkPolicy", "cilium/v2::CiliumEndpoint", "cilium/v2::CiliumNetworkPolicy", "cilium/v2::CiliumNode", "core/v1::Pods", "networking.k8s.io/v1::NetworkPolicy"]
KubeProxyReplacement:   False   
Host firewall:          Disabled
SRv6:                   Disabled
CNI Chaining:           none
CNI Config file:        successfully wrote CNI configuration file to /host/etc/cni/net.d/05-cilium.conflist
Cilium:                 Ok    (v-)
NodeMonitor:            Disabled
Cilium health daemon:   Ok   
IPAM:                   IPv4: 5/254 allocated from 10.244.1.0/24, 
Allocated addresses:
  10.244.1.136 (s390x-crossnode/client-zkd0)
  10.244.1.192 (kube-system/coredns-7d764666f9-4sgt5 [restored])
  10.244.1.79 (s390x-crossnode/server-zkd0)
  10.244.1.89 (router)
  10.244.1.94 (health)
IPv4 BIG TCP:           Disabled
IPv6 BIG TCP:           Disabled
BandwidthManager:       Disabled
Routing:                Network: Tunnel [vxlan]   Host: Legacy
Attach Mode:            Legacy TC
Device Mode:            veth
Masquerading:           IPTables [IPv4: Enabled, IPv6: Disabled]
Clock Source for BPF:   ktime
Controller Status:      31/31 healthy
  Name                                                  Last success   Last error   Count   Message
  bpf-map-sync-cilium_lxc                               3s ago         never        0       no error   
  cilium-health-ep                                      22s ago        never        0       no error   
  ct-map-pressure                                       18s ago        never        0       no error   
  endpoint-2699-regeneration-recovery                   never          never        0       no error   
  endpoint-2880-regeneration-recovery                   never          never        0       no error   
  endpoint-453-regeneration-recovery                    never          never        0       no error   
  endpoint-635-regeneration-recovery                    never          never        0       no error   
  endpoint-78-regeneration-recovery                     never          never        0       no error   
  endpoint-gc                                           3m18s ago      never        0       no error   
  endpoint-periodic-regeneration                        1m18s ago      never        0       no error   
  ipcache-inject-labels                                 25s ago        never        0       no error   
  k8s-heartbeat                                         26s ago        never        0       no error   
  resolve-identity-2880                                 30s ago        never        0       no error   
  resolve-identity-635                                  3m22s ago      never        0       no error   
  resolve-identity-78                                   30s ago        never        0       no error   
  resolve-labels-/                                      3m24s ago      never        0       no error   
  resolve-labels-kube-system/coredns-7d764666f9-4sgt5   3m20s ago      never        0       no error   
  resolve-labels-s390x-crossnode/client-zkd0            30s ago        never        0       no error   
  resolve-labels-s390x-crossnode/server-zkd0            30s ago        never        0       no error   
  restoring-ep-identity (2699)                          3m24s ago      never        0       no error   
  restoring-ep-identity (453)                           3m24s ago      never        0       no error   
  sync-policymap-2699                                   3m20s ago      never        0       no error   
  sync-policymap-2880                                   29s ago        never        0       no error   
  sync-policymap-453                                    3m18s ago      never        0       no error   
  sync-policymap-635                                    3m20s ago      never        0       no error   
  sync-policymap-78                                     30s ago        never        0       no error   
  sync-to-k8s-ciliumendpoint (2699)                     5s ago         never        0       no error   
  sync-to-k8s-ciliumendpoint (2880)                     10s ago        never        0       no error   
  sync-to-k8s-ciliumendpoint (78)                       10s ago        never        0       no error   
  waiting-initial-global-identities-ep (2699)           3m24s ago      never        0       no error   
  write-cni-file                                        3m26s ago      never        0       no error   
Proxy Status:            OK, ip 10.244.1.89, 0 redirects active on ports 10000-20000, Envoy: external
Global Identity Range:   min 256, max 65535
Hubble:                  Disabled   Metrics: Disabled
KubeProxyReplacement Details:
  Status:               False
  Socket LB:            Disabled
  Socket LB Tracing:    Disabled
  Socket LB Coverage:   Full
  Session Affinity:     Enabled
  NAT46/64 Support:     Disabled
  Services:
  - ClusterIP:      Enabled
  - NodePort:       Disabled 
  - LoadBalancer:   Disabled 
  - externalIPs:    Disabled 
  - HostPort:       Disabled
  Annotations:      (n/a)
BPF Maps:   dynamic sizing: on (ratio: 0.002500)
  Name                          Size
  Auth                          524288
  Non-TCP connection tracking   72764
  TCP connection tracking       145529
  Endpoints                     65535
  IP cache                      512000
  IPv4 masquerading agent       16384
  IPv6 masquerading agent       16384
  IPv4 fragmentation            8192
  IPv4 service                  65536
  IPv6 service                  65536
  IPv4 service backend          65536
  IPv6 service backend          65536
  IPv4 service reverse NAT      65536
  IPv6 service reverse NAT      65536
  Metrics                       1024
  Ratelimit metrics             64
  NAT                           145529
  Neighbor table                145529
  Endpoint policy               16384
  Policy stats                  65536
  Session affinity              65536
  Sock reverse NAT              72764
Encryption:       Disabled        
Cluster health:   2/2 reachable   (2026-02-25T19:41:05Z)   (Probe interval: 1m36.566274746s)
Name              IP              Node                     Endpoints
  zkd01.fyre.ibm.com (localhost):
    Host connectivity to 10.11.59.172:
      ICMP to stack:   OK, RTT=253.7µs      (Last probed: 2026-02-25T19:41:53Z)
      HTTP to agent:   OK, RTT=1.224194ms   (Last probed: 2026-02-25T19:41:53Z)
    Endpoint connectivity to 10.244.1.94:
      ICMP to stack:   OK, RTT=338.007µs    (Last probed: 2026-02-25T19:42:17Z)
      HTTP to agent:   OK, RTT=1.219105ms   (Last probed: 2026-02-25T19:42:17Z)
  kdz.dev.fyre.ibm.com:
    Host connectivity to 10.14.125.157:
      ICMP to stack:   OK, RTT=778.576µs   (Last probed: 2026-02-25T19:41:05Z)
      HTTP to agent:   OK, RTT=716.556µs   (Last probed: 2026-02-25T19:41:05Z)
    Endpoint connectivity to 10.244.0.100:
      ICMP to stack:   OK, RTT=1.022664ms   (Last probed: 2026-02-25T19:41:29Z)
      HTTP to agent:   OK, RTT=2.366572ms   (Last probed: 2026-02-25T19:41:29Z)
Modules Health:                             agent
                                            ├── controlplane
                                            │   ├── agent-infra-endpoints
                                            │   │   └── job-init-host-endpoint                              [STOPPED] Start initialization (3m24s, x1)
                                            │   ├── bgp-control-plane
                                            │   │   ├── observer-job-default-gateway-route-change-tracker      [OK] Primed (3m26s, x1)
                                            │   │   └── observer-job-device-change-device-change-tracker      [OK] OK (6.211µs) [33] (30s, x1)
                                            │   ├── cilium-agent-dynamic-config
                                            │   │   └── job-k8s-reflector-cilium-configs-cm-cilium-config-kube-system      [OK] 145 upserted, 0 deleted, 145 total objects (3m25s, x1)
                                            │   ├── cilium-health
                                            │   │   └── job-init                                            [STOPPED] Start initialization (3m24s, x1)
                                            │   ├── ciliumenvoyconfig
                                            │   │   ├── job-node-labels                                     [OK] Running (3m25s, x1)
                                            │   │   ├── job-reconcile                                       [OK] OK, 0 object(s) (3m25s, x2)
                                            │   │   └── job-refresh                                         [OK] Next refresh in 30m0s (3m25s, x1)
                                            │   ├── clustermesh
                                            │   │   └── job-clustermesh-nodemanager-notifier                [STOPPED] Running (3m25s, x1)
                                            │   ├── config-drift-checker
                                            │   │   └── job-drift-checker                                   [OK] Running (3m25s, x1)
                                            │   ├── daemonconfig
                                            │   │   └── timer-job-validate-unchanged-daemon-config          [OK] OK (247.706µs) (23s, x1)
                                            │   ├── dynamic-lifecycle-manager
                                            │   │   ├── job-reconcile                                       [OK] OK, 0 object(s) (3m25s, x2)
                                            │   │   └── job-refresh                                         [OK] Next refresh in 30m0s (3m25s, x1)
                                            │   ├── enabled-features
                                            │   │   └── job-update-config-metric                            [STOPPED] Waiting for agent config (3m25s, x1)
                                            │   ├── endpoint-api
                                            │   │   ├── job-cni-deletion-queue                              [STOPPED] Running (3m26s, x1)
                                            │   │   └── job-unlock-lockfile                                 [STOPPED] Running (3m25s, x1)
                                            │   ├── endpoint-manager
                                            │   │   ├── cilium-endpoint-2699 (kube-system/coredns-7d764666f9-4sgt5)
                                            │   │   │   ├── cep-k8s-sync                                    [OK] sync-to-k8s-ciliumendpoint (2699) (5s, x21)
                                            │   │   │   ├── datapath-regenerate                             [OK] Endpoint regeneration successful (78s, x3)
                                            │   │   │   └── policymap-sync                                  [OK] sync-policymap-2699 (3m20s, x1)
                                            │   │   ├── cilium-endpoint-2880 (s390x-crossnode/client-zkd0)
                                            │   │   │   ├── cep-k8s-sync                                    [OK] sync-to-k8s-ciliumendpoint (2880) (0s, x5)
                                            │   │   │   ├── datapath-regenerate                             [OK] Endpoint regeneration successful (29s, x1)
                                            │   │   │   └── policymap-sync                                  [OK] sync-policymap-2880 (29s, x1)
                                            │   │   ├── cilium-endpoint-453 (/)
                                            │   │   │   ├── datapath-regenerate                             [OK] Endpoint regeneration successful (78s, x3)
                                            │   │   │   └── policymap-sync                                  [OK] sync-policymap-453 (3m18s, x1)
                                            │   │   ├── cilium-endpoint-635 (/)
                                            │   │   │   ├── datapath-regenerate                             [OK] Endpoint regeneration successful (78s, x3)
                                            │   │   │   └── policymap-sync                                  [OK] sync-policymap-635 (3m20s, x1)
                                            │   │   ├── cilium-endpoint-78 (s390x-crossnode/server-zkd0)
                                            │   │   │   ├── cep-k8s-sync                                    [OK] sync-to-k8s-ciliumendpoint (78) (0s, x5)
                                            │   │   │   ├── datapath-regenerate                             [OK] Endpoint regeneration successful (30s, x1)
                                            │   │   │   └── policymap-sync                                  [OK] sync-policymap-78 (30s, x1)
                                            │   │   ├── endpoint-gc                                         [OK] endpoint-gc (3m18s, x1)
                                            │   │   ├── job-init-periodic-endpoint-controllers              [STOPPED] Running (3m26s, x1)
                                            │   │   └── job-namespace-updater                               [OK] Running (3m25s, x1)
                                            │   ├── endpoint-restore
                                            │   │   └── job-finish-endpoint-restore                         [STOPPED] Regenerating restored endpoints (3m25s, x1)
                                            │   ├── envoy-proxy
                                            │   │   ├── job-accesslog-server                                [OK] Running (3m26s, x1)
                                            │   │   ├── job-xds-server                                      [OK] Running (3m26s, x1)
                                            │   │   ├── observer-job-k8s-secrets-resource-events-cilium-secrets      [OK] Primed (3m25s, x1)
                                            │   │   └── timer-job-version-check                             [DEGRADED] timer job errored (85s, x1)
                                            │   ├── ep-bpf-prog-watchdog
                                            │   │   ├── job-wait-for-endpoint-restore                       [STOPPED] Running (3m25s, x1)
                                            │   │   └── timer-job-ep-bpf-prog-watchdog                      [OK] OK (1.918108ms) (18s, x1)
                                            │   ├── fqdn
                                            │   │   ├── dns-proxy
                                            │   │   │   └── job-proxy-bootstrapper                          [STOPPED] DNS proxy successfully initialized on port 40939 (3m22s, x1)
                                            │   │   └── namemanager
                                            │   │       ├── job-wait-for-endpoint-restore                   [STOPPED] OK (3m18s, x1)
                                            │   │       ├── observer-job-preallocate                        [OK] Primed (3m26s, x1)
                                            │   │       └── timer-job-dns-garbage-collector-job             [OK] OK (73.305µs) (18s, x1)
                                            │   ├── hostip-sync
                                            │   │   └── job-sync-hostips                                    [OK] Synchronized (25s, x4)
                                            │   ├── hubble
                                            │   │   ├── job-hubble                                          [STOPPED] Running (3m25s, x1)
                                            │   │   └── timer-job-hubble-namespace-cleanup                  [OK] Primed (3m25s, x1)
                                            │   ├── ipam
                                            │   │   └── ipam-podippool-table
                                            │   │       └── job-k8s-reflector-podippools-daemon-k8s         [OK] 0 upserted, 0 deleted, 0 total objects (3m26s, x1)
                                            │   ├── ipcache
                                            │   │   ├── job-api-server-backend-watcher                      [OK] Running (3m25s, x1)
                                            │   │   └── job-release-local-identities                        [STOPPED] Running (3m26s, x1)
                                            │   ├── k8s-tables
                                            │   │   ├── job-k8s-reflector-k8s-namespaces-daemon-k8s         [OK] 1 upserted, 0 deleted, 7 total objects (31s, x1)
                                            │   │   └── job-k8s-reflector-k8s-pods-daemon-k8s               [OK] 2 upserted, 0 deleted, 11 total objects (29s, x1)
                                            │   ├── l2-announcer
                                            │   │   └── job-l2-announcer-lease-gc                           [STOPPED] Running (3m25s, x1)
                                            │   ├── l7-proxy
                                            │   │   ├── job-proxy-ports-restore                             [STOPPED] Running (3m26s, x1)
                                            │   │   └── timer-job-proxy-ports-checkpoint                    [OK] OK (834.202µs) (26s, x1)
                                            │   ├── loadbalancer-healthserver
                                            │   │   └── job-control-loop                                    [STOPPED] Running (3m25s, x1)
                                            │   ├── loadbalancer-maps
                                            │   │   └── timer-job-pressure-metrics-reporter                 [OK] Primed (3m25s, x1)
                                            │   ├── loadbalancer-reconciler
                                            │   │   ├── job-reconcile                                       [OK] OK, 7 object(s) (28s, x9)
                                            │   │   ├── job-refresh                                         [OK] Next refresh in 29m59.999584822s (3m25s, x1)
                                            │   │   └── job-start-reconciler                                [STOPPED] Waiting for load-balancing tables to initialize (3m25s, x1)
                                            │   ├── loadbalancer-reflectors
                                            │   │   └── k8s-reflector
                                            │   │       ├── job-reflect-pods                                [OK] Running (3m25s, x1)
                                            │   │       └── job-reflect-services-endpoints                  [OK] Running (3m25s, x1)
                                            │   ├── loadbalancer-writer
                                            │   │   └── job-node-addr-reconciler                            [OK] Running (3m25s, x1)
                                            │   ├── local-node-store
                                            │   │   └── job-sync-local-node                                 [OK] Running (3m26s, x1)
                                            │   ├── node-manager
                                            │   │   ├── job-backgroundSync                                  [OK] Node validation successful (14s, x3)
                                            │   │   ├── node-checkpoint-writer                              [OK] node checkpoint written (2m26s, x2)
                                            │   │   └── nodes-add                                           [OK] Node adds successful (3m25s, x2)
                                            │   ├── policy
                                            │   │   ├── observer-job-policy-importer                        [OK] Primed (3m26s, x1)
                                            │   │   └── timer-job-id-alloc-update-policy-maps               [OK] OK (398.669µs) (30s, x1)
                                            │   ├── stale-endpoint-cleanup
                                            │   │   └── job-endpoint-cleanup                                [STOPPED] Running (3m25s, x1)
                                            │   ├── status
                                            │   │   └── job-probes                                          [OK] Running (3m25s, x1)
                                            │   └── ztunnel
                                            │       └── enrollment-reconciler
                                            │           └── job-derive-desired-mtls-namespace-enrollments    [OK] Running (3m25s, x1)
                                            ├── datapath
                                            │   ├── agent-liveness-updater
                                            │   │   └── timer-job-agent-liveness-updater                    [OK] OK (90.429µs) (0s, x1)
                                            │   ├── device-reconciler
                                            │   │   ├── job-reconcile                                       [OK] OK, 0 object(s) (3m25s, x3)
                                            │   │   └── job-refresh                                         [OK] Next refresh in 30m0s (3m25s, x1)
                                            │   ├── iptables
                                            │   │   ├── ipset
                                            │   │   │   ├── job-ipset-init-finalizer                        [STOPPED] Running (3m26s, x1)
                                            │   │   │   ├── job-reconcile                                   [OK] OK, 0 object(s) (3m26s, x3)
                                            │   │   │   └── job-refresh                                     [OK] Next refresh in 30m0s (3m26s, x1)
                                            │   │   └── job-iptables-reconciliation-loop                    [OK] iptables rules update completed (3m22s, x1)
                                            │   ├── l2-responder
                                            │   │   └── job-l2-responder-reconciler                         [OK] Running (3m25s, x1)
                                            │   ├── link-cache
                                            │   │   └── timer-job-sync                                      [OK] OK (1.304612ms) (10s, x1)
                                            │   ├── loader
                                            │   │   └── job-per-endpoint-route-initializer                  [STOPPED] Running (3m26s, x1)
                                            │   ├── maps
                                            │   │   ├── bwmap
                                            │   │   │   └── timer-job-pressure-metric-throttle              [OK] OK (2.437µs) (25s, x1)
                                            │   │   ├── ct-nat-map-gc
                                            │   │   │   ├── job-enable-gc                                   [STOPPED] Running (3m26s, x1)
                                            │   │   │   ├── observer-job-nat-map-next4                      [OK] OK (2.019µs) [61] (38s, x1)
                                            │   │   │   └── observer-job-nat-map-next6                      [OK] Primed (3m26s, x1)
                                            │   │   ├── netdev-map
                                            │   │   │   └── netdev-map-sync
                                            │   │   │       └── job-netdev-map-sync                         [OK] Running (3m25s, x1)
                                            │   │   └── subnet-map
                                            │   │       └── timer-job-pressure-metric-subnet_map            [OK] OK (3.879µs) (25s, x1)
                                            │   ├── maps-cleanup
                                            │   │   └── job-cleanup                                         [STOPPED] Running (3m25s, x1)
                                            │   ├── mtu
                                            │   │   ├── job-endpoint-mtu-updater                            [OK] Endpoint MTU updated (3m18s, x1)
                                            │   │   └── job-mtu-updater                                     [OK] MTU updated (1500) (3m26s, x1)
                                            │   ├── node-address
                                            │   │   ├──                                                     [OK] 10.11.59.172 (primary, nodeport) (3m26s, x1)
                                            │   │   └── job-node-address-update                             [OK] Running (3m26s, x1)
                                            │   ├── orchestrator
                                            │   │   └── job-reinitialize                                    [OK] OK (3m24s, x1)
                                            │   ├── route-reconciler
                                            │   │   ├── job-desired-route-refresher                         [OK] Running (3m25s, x1)
                                            │   │   ├── job-reconcile                                       [OK] OK, 1 object(s) (3m18s, x4)
                                            │   │   └── job-refresh                                         [OK] Next refresh in 30m0s (3m26s, x1)
                                            │   ├── sysctl
                                            │   │   ├── job-reconcile                                       [OK] OK, 20 object(s) (3m24s, x3)
                                            │   │   └── job-refresh                                         [OK] Next refresh in 10m0s (3m26s, x1)
                                            │   └── utime
                                            │       └── timer-job-sync-userspace-and-datapath               [OK] OK (10.256223ms) (25s, x1)
                                            └── infra
                                                ├── agent-healthz
                                                │   └── job-agent-healthz-server-ipv4                       [OK] Running (3m25s, x1)
                                                ├── k8s-synced-crdsync
                                                │   └── job-sync-crds                                       [STOPPED] Running (3m26s, x1)
                                                ├── metrics
                                                │   ├── job-collect                                         [OK] Sampled 24 metrics in 3.383988ms, next collection at 2026-02-25 19:44:21.4280734 +0000 UTC m=+301.461111580 (3m25s, x1)
                                                │   └── timer-job-cleanup                                   [OK] Primed (3m25s, x1)
                                                └── shell
                                                    └── job-listener                                        [OK] Listening on /var/run/cilium/shell.sock (3m25s, x1)
                                            

Smoke checks passed
