[INFO] 2026-02-25T06:55:30Z start s390x-harness r97
[INFO] host=kdz.dev.fyre.ibm.com
[INFO] root_dir=/root/work/cilium-s390x
[INFO] git_rev=unknown
[INFO] harness_script=/root/work/cilium-s390x/test/s390x/run_harness.sh
[INFO] command=/root/work/cilium-s390x/test/s390x/run_harness.sh 
Deploying cilium into kube-system from ./install/kubernetes/cilium
Release "cilium" has been upgraded. Happy Helming!
NAME: cilium
LAST DEPLOYED: Tue Feb 24 22:55:30 2026
NAMESPACE: kube-system
STATUS: deployed
REVISION: 2
TEST SUITE: None
NOTES:
You have successfully installed Cilium.

Your release version is 1.20.0-dev.

For any further help, visit https://docs.cilium.io/en/v1.20/gettinghelp
Waiting for Cilium workloads
daemon set "cilium" successfully rolled out
daemon set "cilium-envoy" successfully rolled out
deployment "cilium-operator" successfully rolled out
Deployment completed
Cluster nodes
NAME                   STATUS   ROLES           AGE   VERSION   INTERNAL-IP     EXTERNAL-IP   OS-IMAGE                              KERNEL-VERSION                CONTAINER-RUNTIME
kdz.dev.fyre.ibm.com   Ready    control-plane   19m   v1.35.1   10.14.125.157   <none>        Red Hat Enterprise Linux 9.6 (Plow)   5.14.0-570.62.1.el9_6.s390x   containerd://1.7.27
Waiting for node readiness
node/kdz.dev.fyre.ibm.com condition met
Waiting for Cilium DaemonSets/Deployments
daemon set "cilium" successfully rolled out
daemon set "cilium-envoy" successfully rolled out
deployment "cilium-operator" successfully rolled out
Cilium pod status
NAME           READY   STATUS    RESTARTS   AGE    IP              NODE                   NOMINATED NODE   READINESS GATES
cilium-fg9mq   1/1     Running   0          2m8s   10.14.125.157   kdz.dev.fyre.ibm.com   <none>           <none>
NAME                 READY   STATUS    RESTARTS   AGE    IP              NODE                   NOMINATED NODE   READINESS GATES
cilium-envoy-cf9jt   1/1     Running   0          2m8s   10.14.125.157   kdz.dev.fyre.ibm.com   <none>           <none>
NAME                               READY   STATUS    RESTARTS   AGE    IP              NODE                   NOMINATED NODE   READINESS GATES
cilium-operator-7d796b74f8-xv6bp   1/1     Running   0          2m8s   10.14.125.157   kdz.dev.fyre.ibm.com   <none>           <none>
cilium status from cilium-fg9mq
KVStore:                Disabled   
Kubernetes:             Ok         1.35 (v1.35.1) [linux/s390x]
Kubernetes APIs:        ["cilium/v2::CiliumCIDRGroup", "cilium/v2::CiliumClusterwideNetworkPolicy", "cilium/v2::CiliumEndpoint", "cilium/v2::CiliumNetworkPolicy", "cilium/v2::CiliumNode", "core/v1::Pods", "networking.k8s.io/v1::NetworkPolicy"]
KubeProxyReplacement:   False   
Host firewall:          Disabled
SRv6:                   Disabled
CNI Chaining:           none
CNI Config file:        successfully wrote CNI configuration file to /host/etc/cni/net.d/05-cilium.conflist
Cilium:                 Ok    (v-)
NodeMonitor:            Disabled
Cilium health daemon:   Ok   
IPAM:                   IPv4: 4/254 allocated from 10.244.0.0/24, 
Allocated addresses:
  10.244.0.100 (health)
  10.244.0.221 (router)
  10.244.0.33 (kube-system/coredns-7d764666f9-7xmj5)
  10.244.0.74 (kube-system/coredns-7d764666f9-p66tq)
IPv4 BIG TCP:           Disabled
IPv6 BIG TCP:           Disabled
BandwidthManager:       Disabled
Routing:                Network: Tunnel [vxlan]   Host: Legacy
Attach Mode:            TCX
Device Mode:            veth
Masquerading:           IPTables [IPv4: Enabled, IPv6: Disabled]
Clock Source for BPF:   ktime
Controller Status:      23/23 healthy
  Name                                                  Last success   Last error   Count   Message
  cilium-health-ep                                      56s ago        never        0       no error   
  ct-map-pressure                                       27s ago        never        0       no error   
  endpoint-1232-regeneration-recovery                   never          never        0       no error   
  endpoint-146-regeneration-recovery                    never          never        0       no error   
  endpoint-1982-regeneration-recovery                   never          never        0       no error   
  endpoint-2391-regeneration-recovery                   never          never        0       no error   
  endpoint-gc                                           1m57s ago      never        0       no error   
  endpoint-periodic-regeneration                        1m57s ago      never        0       no error   
  ipcache-inject-labels                                 58s ago        never        0       no error   
  k8s-heartbeat                                         31s ago        never        0       no error   
  resolve-identity-1232                                 1m53s ago      never        0       no error   
  resolve-identity-146                                  1m52s ago      never        0       no error   
  resolve-identity-1982                                 1m57s ago      never        0       no error   
  resolve-identity-2391                                 1m56s ago      never        0       no error   
  resolve-labels-kube-system/coredns-7d764666f9-7xmj5   1m52s ago      never        0       no error   
  resolve-labels-kube-system/coredns-7d764666f9-p66tq   1m53s ago      never        0       no error   
  sync-policymap-1232                                   1m52s ago      never        0       no error   
  sync-policymap-146                                    1m52s ago      never        0       no error   
  sync-policymap-1982                                   1m55s ago      never        0       no error   
  sync-policymap-2391                                   1m54s ago      never        0       no error   
  sync-to-k8s-ciliumendpoint (1232)                     13s ago        never        0       no error   
  sync-to-k8s-ciliumendpoint (146)                      12s ago        never        0       no error   
  write-cni-file                                        1m58s ago      never        0       no error   
Proxy Status:            OK, ip 10.244.0.221, 0 redirects active on ports 10000-20000, Envoy: external
Global Identity Range:   min 256, max 65535
Hubble:                  Disabled   Metrics: Disabled
KubeProxyReplacement Details:
  Status:               False
  Socket LB:            Disabled
  Socket LB Tracing:    Disabled
  Socket LB Coverage:   Full
  Session Affinity:     Enabled
  NAT46/64 Support:     Disabled
  Services:
  - ClusterIP:      Enabled
  - NodePort:       Disabled 
  - LoadBalancer:   Disabled 
  - externalIPs:    Disabled 
  - HostPort:       Disabled
  Annotations:      (n/a)
BPF Maps:   dynamic sizing: on (ratio: 0.002500)
  Name                          Size
  Auth                          524288
  Non-TCP connection tracking   287994
  TCP connection tracking       575988
  Endpoints                     65535
  IP cache                      512000
  IPv4 masquerading agent       16384
  IPv6 masquerading agent       16384
  IPv4 fragmentation            8192
  IPv4 service                  65536
  IPv6 service                  65536
  IPv4 service backend          65536
  IPv6 service backend          65536
  IPv4 service reverse NAT      65536
  IPv6 service reverse NAT      65536
  Metrics                       1024
  Ratelimit metrics             64
  NAT                           575988
  Neighbor table                575988
  Endpoint policy               16384
  Policy stats                  65536
  Session affinity              65536
  Sock reverse NAT              287994
Encryption:       Disabled        
Cluster health:   1/1 reachable   (2026-02-25T06:53:37Z)   (Probe interval: 1m5.91673732s)
Name              IP              Node                     Endpoints
  kdz.dev.fyre.ibm.com (localhost):
    Host connectivity to 10.14.125.157:
      ICMP to stack:   OK, RTT=66.56µs     (Last probed: 2026-02-25T06:53:37Z)
      HTTP to agent:   OK, RTT=214.043µs   (Last probed: 2026-02-25T06:53:37Z)
    Endpoint connectivity to 10.244.0.100:
      ICMP to stack:   OK, RTT=100.484µs   (Last probed: 2026-02-25T06:54:10Z)
      HTTP to agent:   OK, RTT=584.864µs   (Last probed: 2026-02-25T06:54:10Z)
Modules Health:                            agent
                                           ├── controlplane
                                           │   ├── agent-infra-endpoints
                                           │   │   └── job-init-host-endpoint                              [STOPPED] Start initialization (117s, x1)
                                           │   ├── bgp-control-plane
                                           │   │   ├── observer-job-default-gateway-route-change-tracker      [OK] Primed (118s, x1)
                                           │   │   └── observer-job-device-change-device-change-tracker      [OK] Primed (118s, x1)
                                           │   ├── cilium-agent-dynamic-config
                                           │   │   └── job-k8s-reflector-cilium-configs-cm-cilium-config-kube-system      [OK] 143 upserted, 0 deleted, 143 total objects (118s, x1)
                                           │   ├── cilium-health
                                           │   │   └── job-init                                            [STOPPED] Start initialization (117s, x1)
                                           │   ├── ciliumenvoyconfig
                                           │   │   ├── job-node-labels                                     [OK] Running (118s, x1)
                                           │   │   ├── job-reconcile                                       [OK] OK, 0 object(s) (118s, x2)
                                           │   │   └── job-refresh                                         [OK] Next refresh in 30m0s (118s, x1)
                                           │   ├── clustermesh
                                           │   │   └── job-clustermesh-nodemanager-notifier                [STOPPED] Running (118s, x1)
                                           │   ├── config-drift-checker
                                           │   │   └── job-drift-checker                                   [OK] Running (118s, x1)
                                           │   ├── daemonconfig
                                           │   │   └── timer-job-validate-unchanged-daemon-config          [OK] OK (88.717µs) (57s, x1)
                                           │   ├── dynamic-lifecycle-manager
                                           │   │   ├── job-reconcile                                       [OK] OK, 0 object(s) (118s, x3)
                                           │   │   └── job-refresh                                         [OK] Next refresh in 30m0s (118s, x1)
                                           │   ├── enabled-features
                                           │   │   └── job-update-config-metric                            [STOPPED] Waiting for agent config (118s, x1)
                                           │   ├── endpoint-api
                                           │   │   ├── job-cni-deletion-queue                              [STOPPED] Running (118s, x1)
                                           │   │   └── job-unlock-lockfile                                 [STOPPED] Running (118s, x1)
                                           │   ├── endpoint-manager
                                           │   │   ├── cilium-endpoint-1232 (kube-system/coredns-7d764666f9-p66tq)
                                           │   │   │   ├── cep-k8s-sync                                    [OK] sync-to-k8s-ciliumendpoint (1232) (3s, x13)
                                           │   │   │   ├── datapath-regenerate                             [OK] Endpoint regeneration successful (112s, x1)
                                           │   │   │   └── policymap-sync                                  [OK] sync-policymap-1232 (112s, x1)
                                           │   │   ├── cilium-endpoint-146 (kube-system/coredns-7d764666f9-7xmj5)
                                           │   │   │   ├── cep-k8s-sync                                    [OK] sync-to-k8s-ciliumendpoint (146) (2s, x13)
                                           │   │   │   ├── datapath-regenerate                             [OK] Endpoint regeneration successful (112s, x1)
                                           │   │   │   └── policymap-sync                                  [OK] sync-policymap-146 (112s, x1)
                                           │   │   ├── cilium-endpoint-1982 (/)
                                           │   │   │   ├── datapath-regenerate                             [OK] Endpoint regeneration successful (113s, x3)
                                           │   │   │   └── policymap-sync                                  [OK] sync-policymap-1982 (115s, x1)
                                           │   │   ├── cilium-endpoint-2391 (/)
                                           │   │   │   ├── datapath-regenerate                             [OK] Endpoint regeneration successful (113s, x2)
                                           │   │   │   └── policymap-sync                                  [OK] sync-policymap-2391 (114s, x1)
                                           │   │   ├── endpoint-gc                                         [OK] endpoint-gc (117s, x1)
                                           │   │   ├── job-init-periodic-endpoint-controllers              [STOPPED] Running (118s, x1)
                                           │   │   └── job-namespace-updater                               [OK] Running (118s, x1)
                                           │   ├── endpoint-restore
                                           │   │   └── job-finish-endpoint-restore                         [STOPPED] Regenerating restored endpoints (117s, x1)
                                           │   ├── envoy-proxy
                                           │   │   ├── job-accesslog-server                                [OK] Running (118s, x1)
                                           │   │   ├── job-xds-server                                      [OK] Running (118s, x1)
                                           │   │   ├── observer-job-k8s-secrets-resource-events-cilium-secrets      [OK] Primed (118s, x1)
                                           │   │   └── timer-job-version-check                             [OK] Primed (118s, x1)
                                           │   ├── ep-bpf-prog-watchdog
                                           │   │   ├── job-wait-for-endpoint-restore                       [STOPPED] Running (118s, x1)
                                           │   │   └── timer-job-ep-bpf-prog-watchdog                      [OK] OK (781.685µs) (27s, x1)
                                           │   ├── fqdn
                                           │   │   ├── dns-proxy
                                           │   │   │   └── job-proxy-bootstrapper                          [STOPPED] DNS proxy successfully initialized on port 46533 (118s, x1)
                                           │   │   └── namemanager
                                           │   │       ├── job-wait-for-endpoint-restore                   [STOPPED] OK (117s, x1)
                                           │   │       ├── observer-job-preallocate                        [OK] Primed (118s, x1)
                                           │   │       └── timer-job-dns-garbage-collector-job             [OK] OK (34.846µs) (57s, x1)
                                           │   ├── hostip-sync
                                           │   │   └── job-sync-hostips                                    [OK] Synchronized (58s, x3)
                                           │   ├── hubble
                                           │   │   ├── job-hubble                                          [STOPPED] Running (118s, x1)
                                           │   │   └── timer-job-hubble-namespace-cleanup                  [OK] Primed (118s, x1)
                                           │   ├── ipam
                                           │   │   └── ipam-podippool-table
                                           │   │       └── job-k8s-reflector-podippools-daemon-k8s         [OK] 0 upserted, 0 deleted, 0 total objects (117s, x1)
                                           │   ├── ipcache
                                           │   │   ├── job-api-server-backend-watcher                      [OK] Running (118s, x1)
                                           │   │   └── job-release-local-identities                        [STOPPED] Running (118s, x1)
                                           │   ├── k8s-tables
                                           │   │   ├── job-k8s-reflector-k8s-namespaces-daemon-k8s         [OK] 5 upserted, 0 deleted, 5 total objects (118s, x1)
                                           │   │   └── job-k8s-reflector-k8s-pods-daemon-k8s               [OK] 1 upserted, 0 deleted, 10 total objects (66s, x1)
                                           │   ├── l2-announcer
                                           │   │   └── job-l2-announcer-lease-gc                           [STOPPED] Running (118s, x1)
                                           │   ├── l7-proxy
                                           │   │   ├── job-proxy-ports-restore                             [STOPPED] restore from file failed (118s, x1)
                                           │   │   └── timer-job-proxy-ports-checkpoint                    [OK] OK (193.566µs) (58s, x1)
                                           │   ├── loadbalancer-healthserver
                                           │   │   └── job-control-loop                                    [STOPPED] Running (118s, x1)
                                           │   ├── loadbalancer-maps
                                           │   │   └── timer-job-pressure-metrics-reporter                 [OK] Primed (118s, x1)
                                           │   ├── loadbalancer-reconciler
                                           │   │   ├── job-reconcile                                       [OK] OK, 4 object(s) (111s, x6)
                                           │   │   ├── job-refresh                                         [OK] Next refresh in 30m0s (118s, x1)
                                           │   │   └── job-start-reconciler                                [STOPPED] Running (118s, x1)
                                           │   ├── loadbalancer-reflectors
                                           │   │   └── k8s-reflector
                                           │   │       ├── job-reflect-pods                                [OK] Running (118s, x1)
                                           │   │       └── job-reflect-services-endpoints                  [OK] Running (118s, x1)
                                           │   ├── loadbalancer-writer
                                           │   │   └── job-node-addr-reconciler                            [OK] Running (118s, x1)
                                           │   ├── local-node-store
                                           │   │   └── job-sync-local-node                                 [OK] Running (118s, x1)
                                           │   ├── node-manager
                                           │   │   ├── job-backgroundSync                                  [OK] Node validation successful (17s, x2)
                                           │   │   ├── node-checkpoint-writer                              [OK] node checkpoint written (118s, x1)
                                           │   │   └── nodes-add                                           [OK] Node adds successful (118s, x1)
                                           │   ├── policy
                                           │   │   ├── observer-job-policy-importer                        [OK] Primed (118s, x1)
                                           │   │   └── timer-job-id-alloc-update-policy-maps               [OK] OK (36.608µs) (113s, x1)
                                           │   ├── stale-endpoint-cleanup
                                           │   │   └── job-endpoint-cleanup                                [STOPPED] Running (118s, x1)
                                           │   ├── status
                                           │   │   └── job-probes                                          [OK] Running (118s, x1)
                                           │   └── ztunnel
                                           │       └── enrollment-reconciler
                                           │           └── job-derive-desired-mtls-namespace-enrollments    [OK] Running (118s, x1)
                                           ├── datapath
                                           │   ├── agent-liveness-updater
                                           │   │   └── timer-job-agent-liveness-updater                    [OK] OK (21.029µs) (0s, x1)
                                           │   ├── device-reconciler
                                           │   │   ├── job-reconcile                                       [OK] OK, 0 object(s) (118s, x2)
                                           │   │   └── job-refresh                                         [OK] Next refresh in 30m0s (118s, x1)
                                           │   ├── iptables
                                           │   │   ├── ipset
                                           │   │   │   ├── job-ipset-init-finalizer                        [STOPPED] Running (118s, x1)
                                           │   │   │   ├── job-reconcile                                   [OK] OK, 0 object(s) (118s, x3)
                                           │   │   │   └── job-refresh                                     [OK] Next refresh in 30m0s (118s, x1)
                                           │   │   └── job-iptables-reconciliation-loop                    [OK] iptables rules full reconciliation completed (115s, x1)
                                           │   ├── l2-responder
                                           │   │   └── job-l2-responder-reconciler                         [OK] Running (118s, x1)
                                           │   ├── link-cache
                                           │   │   └── timer-job-sync                                      [OK] OK (295.985µs) (13s, x1)
                                           │   ├── loader
                                           │   │   └── job-per-endpoint-route-initializer                  [STOPPED] Running (118s, x1)
                                           │   ├── maps
                                           │   │   ├── bwmap
                                           │   │   │   └── timer-job-pressure-metric-throttle              [OK] OK (1.903µs) (28s, x1)
                                           │   │   ├── ct-nat-map-gc
                                           │   │   │   ├── job-enable-gc                                   [STOPPED] Running (118s, x1)
                                           │   │   │   ├── observer-job-nat-map-next4                      [OK] Primed (118s, x1)
                                           │   │   │   └── observer-job-nat-map-next6                      [OK] Primed (118s, x1)
                                           │   │   ├── netdev-map
                                           │   │   │   └── netdev-map-sync
                                           │   │   │       └── job-netdev-map-sync                         [OK] Running (118s, x1)
                                           │   │   └── subnet-map
                                           │   │       └── timer-job-pressure-metric-subnet_map            [OK] OK (2.054µs) (28s, x1)
                                           │   ├── maps-cleanup
                                           │   │   └── job-cleanup                                         [STOPPED] Running (118s, x1)
                                           │   ├── mtu
                                           │   │   ├── job-endpoint-mtu-updater                            [OK] Endpoint MTU updated (118s, x1)
                                           │   │   └── job-mtu-updater                                     [OK] MTU updated (1500) (118s, x1)
                                           │   ├── node-address
                                           │   │   ├──                                                     [OK] 10.244.0.221 (primary) (118s, x1)
                                           │   │   └── job-node-address-update                             [OK] Running (118s, x1)
                                           │   ├── orchestrator
                                           │   │   └── job-reinitialize                                    [OK] OK (113s, x3)
                                           │   ├── route-reconciler
                                           │   │   ├── job-desired-route-refresher                         [OK] Running (118s, x1)
                                           │   │   ├── job-reconcile                                       [OK] OK, 1 object(s) (113s, x13)
                                           │   │   └── job-refresh                                         [OK] Next refresh in 30m0s (118s, x1)
                                           │   ├── sysctl
                                           │   │   ├── job-reconcile                                       [OK] OK, 20 object(s) (114s, x10)
                                           │   │   └── job-refresh                                         [OK] Next refresh in 10m0s (118s, x1)
                                           │   └── utime
                                           │       └── timer-job-sync-userspace-and-datapath               [OK] OK (74.833µs) (58s, x1)
                                           └── infra
                                               ├── agent-healthz
                                               │   └── job-agent-healthz-server-ipv4                       [OK] Running (118s, x1)
                                               ├── k8s-synced-crdsync
                                               │   └── job-sync-crds                                       [STOPPED] Running (2m1s, x1)
                                               ├── metrics
                                               │   ├── job-collect                                         [OK] Sampled 24 metrics in 1.630709ms, next collection at 2026-02-25 06:58:34.709571836 +0000 UTC m=+303.209639157 (118s, x1)
                                               │   └── timer-job-cleanup                                   [OK] Primed (118s, x1)
                                               └── shell
                                                   └── job-listener                                        [OK] Listening on /var/run/cilium/shell.sock (118s, x1)
                                           

Smoke checks passed
Creating namespace s390x-policy-20260225065533
pod/server condition met
pod/client condition met
Baseline connectivity to 10.244.0.179:8080 (expected: allow)
Connectivity without access label (expected: deny)
Connectivity with access label after CEP convergence (expected: allow)
Policy integration test passed
Running BPF regression test: tc_lxc_policy_drop
make: Entering directory '/root/work/cilium-s390x/bpf/tests'
/root/work/cilium-s390x/bpf/tests/scapy/./parser.py . > /root/work/cilium-s390x/bpf/tests/output/gen_pkts.h.tmp
Traceback (most recent call last):
  File "/root/work/cilium-s390x/bpf/tests/scapy/./parser.py", line 9, in <module>
    import jinja2
ModuleNotFoundError: No module named 'jinja2'
make: *** [Makefile:50: /root/work/cilium-s390x/bpf/tests/output/gen_pkts.h.stamp] Error 1
make: Leaving directory '/root/work/cilium-s390x/bpf/tests'
Running BPF regression test: tc_policy_reject_response_test
make: Entering directory '/root/work/cilium-s390x/bpf/tests'
/root/work/cilium-s390x/bpf/tests/scapy/./parser.py . > /root/work/cilium-s390x/bpf/tests/output/gen_pkts.h.tmp
Traceback (most recent call last):
  File "/root/work/cilium-s390x/bpf/tests/scapy/./parser.py", line 9, in <module>
    import jinja2
ModuleNotFoundError: No module named 'jinja2'
make: *** [Makefile:50: /root/work/cilium-s390x/bpf/tests/output/gen_pkts.h.stamp] Error 1
make: Leaving directory '/root/work/cilium-s390x/bpf/tests'
Running BPF regression test: hairpin_sctp_flow
make: Entering directory '/root/work/cilium-s390x/bpf/tests'
/root/work/cilium-s390x/bpf/tests/scapy/./parser.py . > /root/work/cilium-s390x/bpf/tests/output/gen_pkts.h.tmp
Traceback (most recent call last):
  File "/root/work/cilium-s390x/bpf/tests/scapy/./parser.py", line 9, in <module>
    import jinja2
ModuleNotFoundError: No module named 'jinja2'
make: *** [Makefile:50: /root/work/cilium-s390x/bpf/tests/output/gen_pkts.h.stamp] Error 1
make: Leaving directory '/root/work/cilium-s390x/bpf/tests'
BPF regression subset failed: tc_lxc_policy_drop tc_policy_reject_response_test hairpin_sctp_flow
Artifacts collected in /tmp/cilium-s390x-artifacts-20260225T065559Z
BPF regression subset failed; artifacts still collected
[INFO] 2026-02-25T06:56:00Z end rc=1
