[2026-02-21 14:57:16.259][8][info][main] [external/envoy/source/server/server.cc:467] initializing epoch 0 (base id=0, hot restart version=11.104)
[2026-02-21 14:57:16.259][8][info][main] [external/envoy/source/server/server.cc:469] statically linked extensions:
[2026-02-21 14:57:16.259][8][info][main] [external/envoy/source/server/server.cc:471]   envoy.filters.http.upstream: cilium.l7policy, envoy.ext_proc, envoy.filters.http.ext_proc, envoy.filters.http.match_delegate, envoy.filters.http.upstream_codec, envoy.filters.http.wasm
[2026-02-21 14:57:16.259][8][info][main] [external/envoy/source/server/server.cc:471]   envoy.tls.cert_validator: envoy.tls.cert_validator.default
[2026-02-21 14:57:16.259][8][info][main] [external/envoy/source/server/server.cc:471]   envoy.load_balancing_policies: envoy.load_balancing_policies.client_side_weighted_round_robin, envoy.load_balancing_policies.cluster_provided, envoy.load_balancing_policies.least_request, envoy.load_balancing_policies.maglev, envoy.load_balancing_policies.override_host, envoy.load_balancing_policies.random, envoy.load_balancing_policies.ring_hash, envoy.load_balancing_policies.round_robin, envoy.load_balancing_policies.subset
[2026-02-21 14:57:16.259][8][info][main] [external/envoy/source/server/server.cc:471]   envoy.access_loggers.extension_filters: envoy.access_loggers.extension_filters.cel
[2026-02-21 14:57:16.259][8][info][main] [external/envoy/source/server/server.cc:471]   envoy.config_subscription: envoy.config_subscription.ads, envoy.config_subscription.ads_collection, envoy.config_subscription.aggregated_grpc_collection, envoy.config_subscription.delta_grpc, envoy.config_subscription.delta_grpc_collection, envoy.config_subscription.filesystem, envoy.config_subscription.filesystem_collection, envoy.config_subscription.grpc
[2026-02-21 14:57:16.259][8][info][main] [external/envoy/source/server/server.cc:471]   envoy.transport_sockets.downstream: cilium.tls_wrapper, envoy.transport_sockets.quic, envoy.transport_sockets.raw_buffer, envoy.transport_sockets.tls, raw_buffer, tls
[2026-02-21 14:57:16.259][8][info][main] [external/envoy/source/server/server.cc:471]   envoy.thrift_proxy.transports: auto, framed, header, unframed
[2026-02-21 14:57:16.259][8][info][main] [external/envoy/source/server/server.cc:471]   envoy.stats_sinks: envoy.metrics_service, envoy.open_telemetry_stat_sink, envoy.stat_sinks.metrics_service, envoy.stat_sinks.open_telemetry, envoy.stat_sinks.wasm
[2026-02-21 14:57:16.259][8][info][main] [external/envoy/source/server/server.cc:471]   envoy.clusters: envoy.cluster.dns, envoy.cluster.eds, envoy.cluster.logical_dns, envoy.cluster.original_dst, envoy.cluster.static, envoy.cluster.strict_dns, envoy.clusters.dynamic_forward_proxy
[2026-02-21 14:57:16.259][8][info][main] [external/envoy/source/server/server.cc:471]   envoy.filters.listener: cilium.bpf_metadata, envoy.filters.listener.http_inspector, envoy.filters.listener.local_ratelimit, envoy.filters.listener.proxy_protocol, envoy.filters.listener.tls_inspector, envoy.listener.http_inspector, envoy.listener.proxy_protocol, envoy.listener.tls_inspector
[2026-02-21 14:57:16.259][8][info][main] [external/envoy/source/server/server.cc:471]   envoy.connection_handler: envoy.connection_handler.default
[2026-02-21 14:57:16.259][8][info][main] [external/envoy/source/server/server.cc:471]   filter_state.object: envoy.network.application_protocols, envoy.network.ip, envoy.network.transport_socket.original_dst_address, envoy.network.upstream_server_name, envoy.network.upstream_subject_alt_names, envoy.ratelimit.hits_addend, envoy.router.debug_config, envoy.string, envoy.tcp_proxy.cluster, envoy.tcp_proxy.disable_tunneling, envoy.tcp_proxy.per_connection_idle_timeout_ms, envoy.upstream.dynamic_host, envoy.upstream.dynamic_port
[2026-02-21 14:57:16.259][8][info][main] [external/envoy/source/server/server.cc:471]   envoy.http.stateful_header_formatters: envoy.http.stateful_header_formatters.preserve_case, preserve_case
[2026-02-21 14:57:16.259][8][info][main] [external/envoy/source/server/server.cc:471]   envoy.transport_sockets.upstream: cilium.tls_wrapper, envoy.transport_sockets.internal_upstream, envoy.transport_sockets.quic, envoy.transport_sockets.raw_buffer, envoy.transport_sockets.tls, envoy.transport_sockets.upstream_proxy_protocol, raw_buffer, tls
[2026-02-21 14:57:16.259][8][info][main] [external/envoy/source/server/server.cc:471]   envoy.bootstrap: envoy.bootstrap.internal_listener, envoy.bootstrap.wasm, envoy.extensions.network.socket_interface.default_socket_interface
[2026-02-21 14:57:16.259][8][info][main] [external/envoy/source/server/server.cc:471]   network.connection.client: default, envoy_internal
[2026-02-21 14:57:16.259][8][info][main] [external/envoy/source/server/server.cc:471]   envoy.network.dns_resolver: envoy.network.dns_resolver.cares
[2026-02-21 14:57:16.259][8][info][main] [external/envoy/source/server/server.cc:471]   envoy.config_mux: envoy.config_mux.delta_grpc_mux_factory, envoy.config_mux.grpc_mux_factory, envoy.config_mux.new_grpc_mux_factory, envoy.config_mux.sotw_grpc_mux_factory
[2026-02-21 14:57:16.259][8][info][main] [external/envoy/source/server/server.cc:471]   envoy.upstream_options: envoy.extensions.upstreams.http.v3.HttpProtocolOptions, envoy.extensions.upstreams.tcp.v3.TcpProtocolOptions, envoy.upstreams.http.http_protocol_options, envoy.upstreams.tcp.tcp_protocol_options
[2026-02-21 14:57:16.259][8][info][main] [external/envoy/source/server/server.cc:471]   envoy.filters.udp.session: envoy.filters.udp.session.dynamic_forward_proxy, envoy.filters.udp.session.http_capsule
[2026-02-21 14:57:16.259][8][info][main] [external/envoy/source/server/server.cc:471]   envoy.grpc_credentials: envoy.grpc_credentials.default
[2026-02-21 14:57:16.259][8][info][main] [external/envoy/source/server/server.cc:471]   envoy.resource_monitors: envoy.resource_monitors.global_downstream_max_connections
[2026-02-21 14:57:16.259][8][info][main] [external/envoy/source/server/server.cc:471]   envoy.path.match: envoy.path.match.uri_template.uri_template_matcher
[2026-02-21 14:57:16.259][8][info][main] [external/envoy/source/server/server.cc:471]   envoy.filters.network: cilium.network, cilium.network.websocket.client, cilium.network.websocket.server, envoy.ext_authz, envoy.filters.network.connection_limit, envoy.filters.network.ext_authz, envoy.filters.network.http_connection_manager, envoy.filters.network.local_ratelimit, envoy.filters.network.mongo_proxy, envoy.filters.network.mysql_proxy, envoy.filters.network.ratelimit, envoy.filters.network.rbac, envoy.filters.network.redis_proxy, envoy.filters.network.set_filter_state, envoy.filters.network.sni_cluster, envoy.filters.network.sni_dynamic_forward_proxy, envoy.filters.network.tcp_proxy, envoy.filters.network.thrift_proxy, envoy.filters.network.wasm, envoy.http_connection_manager, envoy.mongo_proxy, envoy.ratelimit, envoy.redis_proxy, envoy.tcp_proxy
[2026-02-21 14:57:16.259][8][info][main] [external/envoy/source/server/server.cc:471]   envoy.rbac.matchers: envoy.rbac.matchers.upstream_ip_port
[2026-02-21 14:57:16.259][8][info][main] [external/envoy/source/server/server.cc:471]   envoy.matching.stat_matching_data.input: stat_full_name_match_input
[2026-02-21 14:57:16.259][8][info][main] [external/envoy/source/server/server.cc:471]   envoy.ssl.server_context_factory: envoy.ssl.server_context_factory.default
[2026-02-21 14:57:16.259][8][info][main] [external/envoy/source/server/server.cc:471]   envoy.resolvers: envoy.ip
[2026-02-21 14:57:16.259][8][info][main] [external/envoy/source/server/server.cc:471]   envoy.matching.action: rate_limit_quota
[2026-02-21 14:57:16.259][8][info][main] [external/envoy/source/server/server.cc:471]   envoy.http.early_header_mutation: envoy.http.early_header_mutation.header_mutation
[2026-02-21 14:57:16.259][8][info][main] [external/envoy/source/server/server.cc:471]   envoy.route.early_data_policy: envoy.route.early_data_policy.default
[2026-02-21 14:57:16.259][8][info][main] [external/envoy/source/server/server.cc:471]   envoy.matching.network.input: envoy.matching.inputs.destination_ip, envoy.matching.inputs.destination_port, envoy.matching.inputs.direct_source_ip, envoy.matching.inputs.dns_san, envoy.matching.inputs.filter_state, envoy.matching.inputs.network_namespace, envoy.matching.inputs.server_name, envoy.matching.inputs.source_ip, envoy.matching.inputs.source_port, envoy.matching.inputs.source_type, envoy.matching.inputs.subject, envoy.matching.inputs.transport_protocol, envoy.matching.inputs.uri_san
[2026-02-21 14:57:16.259][8][info][main] [external/envoy/source/server/server.cc:471]   envoy.filters.udp_listener: cilium.bpf_metadata, envoy.filters.udp_listener.udp_proxy
[2026-02-21 14:57:16.259][8][info][main] [external/envoy/source/server/server.cc:471]   envoy.compression.decompressor: envoy.compression.brotli.decompressor, envoy.compression.gzip.decompressor, envoy.compression.zstd.decompressor
[2026-02-21 14:57:16.259][8][info][main] [external/envoy/source/server/server.cc:471]   envoy.matching.input_matchers: envoy.matching.matchers.cel_matcher
[2026-02-21 14:57:16.259][8][info][main] [external/envoy/source/server/server.cc:471]   envoy.thrift_proxy.protocols: auto, binary, binary/non-strict, compact, twitter
[2026-02-21 14:57:16.259][8][info][main] [external/envoy/source/server/server.cc:471]   envoy.quic.connection_id_generator: envoy.quic.connection_id_generator.quic_lb, envoy.quic.deterministic_connection_id_generator
[2026-02-21 14:57:16.259][8][info][main] [external/envoy/source/server/server.cc:471]   envoy.matching.http.input: envoy.matching.inputs.cel_data_input, envoy.matching.inputs.destination_ip, envoy.matching.inputs.destination_port, envoy.matching.inputs.direct_source_ip, envoy.matching.inputs.dns_san, envoy.matching.inputs.filter_state, envoy.matching.inputs.network_namespace, envoy.matching.inputs.request_headers, envoy.matching.inputs.request_trailers, envoy.matching.inputs.response_headers, envoy.matching.inputs.response_trailers, envoy.matching.inputs.server_name, envoy.matching.inputs.source_ip, envoy.matching.inputs.source_port, envoy.matching.inputs.source_type, envoy.matching.inputs.subject, envoy.matching.inputs.uri_san, query_params
[2026-02-21 14:57:16.259][8][info][main] [external/envoy/source/server/server.cc:471]   envoy.udp_packet_writer: envoy.udp_packet_writer.default, envoy.udp_packet_writer.gso
[2026-02-21 14:57:16.259][8][info][main] [external/envoy/source/server/server.cc:471]   quic.http_server_connection: quic.http_server_connection.default
[2026-02-21 14:57:16.259][8][info][main] [external/envoy/source/server/server.cc:471]   envoy.health_check.event_sinks: cilium.health_check.event_sink.pipe, envoy.health_check.event_sink.file
[2026-02-21 14:57:16.259][8][info][main] [external/envoy/source/server/server.cc:471]   envoy.request_id: envoy.request_id.uuid
[2026-02-21 14:57:16.259][8][info][main] [external/envoy/source/server/server.cc:471]   envoy.quic.server_preferred_address: quic.server_preferred_address.datasource, quic.server_preferred_address.fixed
[2026-02-21 14:57:16.259][8][info][main] [external/envoy/source/server/server.cc:471]   envoy.rate_limit_descriptors: envoy.rate_limit_descriptors.expr
[2026-02-21 14:57:16.259][8][info][main] [external/envoy/source/server/server.cc:471]   envoy.health_checkers: envoy.health_checkers.grpc, envoy.health_checkers.http, envoy.health_checkers.redis, envoy.health_checkers.tcp, envoy.health_checkers.thrift
[2026-02-21 14:57:16.259][8][info][main] [external/envoy/source/server/server.cc:471]   envoy.regex_engines: envoy.regex_engines.google_re2
[2026-02-21 14:57:16.259][8][info][main] [external/envoy/source/server/server.cc:471]   envoy.compression.compressor: envoy.compression.brotli.compressor, envoy.compression.gzip.compressor, envoy.compression.zstd.compressor
[2026-02-21 14:57:16.259][8][info][main] [external/envoy/source/server/server.cc:471]   envoy.rds_factory: envoy.rds_factory.default
[2026-02-21 14:57:16.259][8][info][main] [external/envoy/source/server/server.cc:471]   envoy.srds_factory: envoy.srds_factory.default
[2026-02-21 14:57:16.259][8][info][main] [external/envoy/source/server/server.cc:471]   envoy.guarddog_actions: envoy.watchdog.abort_action
[2026-02-21 14:57:16.259][8][info][main] [external/envoy/source/server/server.cc:471]   envoy.filters.http: cilium.l7policy, envoy.ext_authz, envoy.ext_proc, envoy.filters.http.basic_auth, envoy.filters.http.compressor, envoy.filters.http.dynamic_forward_proxy, envoy.filters.http.ext_authz, envoy.filters.http.ext_proc, envoy.filters.http.grpc_stats, envoy.filters.http.grpc_web, envoy.filters.http.health_check, envoy.filters.http.jwt_authn, envoy.filters.http.local_ratelimit, envoy.filters.http.match_delegate, envoy.filters.http.oauth2, envoy.filters.http.rate_limit_quota, envoy.filters.http.ratelimit, envoy.filters.http.rbac, envoy.filters.http.router, envoy.filters.http.set_filter_state, envoy.filters.http.set_metadata, envoy.filters.http.wasm, envoy.grpc_web, envoy.health_check, envoy.local_rate_limit, envoy.rate_limit, envoy.router
[2026-02-21 14:57:16.259][8][info][main] [external/envoy/source/server/server.cc:471]   envoy.built_in_formatters: envoy.built_in_formatters.http.default, envoy.built_in_formatters.stream_info.default
[2026-02-21 14:57:16.259][8][info][main] [external/envoy/source/server/server.cc:471]   envoy.quic.server.crypto_stream: envoy.quic.crypto_stream.server.quiche
[2026-02-21 14:57:16.259][8][info][main] [external/envoy/source/server/server.cc:471]   envoy.quic.proof_source: envoy.quic.proof_source.filter_chain
[2026-02-21 14:57:16.259][8][info][main] [external/envoy/source/server/server.cc:471]   envoy.wasm.runtime: envoy.wasm.runtime.null, envoy.wasm.runtime.v8
[2026-02-21 14:57:16.259][8][info][main] [external/envoy/source/server/server.cc:471]   envoy.quic.connection_debug_visitor: envoy.quic.connection_debug_visitor.basic, envoy.quic.connection_debug_visitor.quic_stats
[2026-02-21 14:57:16.259][8][info][main] [external/envoy/source/server/server.cc:471]   envoy.listener_manager_impl: envoy.listener_manager_impl.default, envoy.listener_manager_impl.validation
[2026-02-21 14:57:16.259][8][info][main] [external/envoy/source/server/server.cc:471]   envoy.http.original_ip_detection: envoy.http.original_ip_detection.xff
[2026-02-21 14:57:16.259][8][info][main] [external/envoy/source/server/server.cc:471]   envoy.rbac.principals: envoy.rbac.principals.mtls_authenticated
[2026-02-21 14:57:16.259][8][info][main] [external/envoy/source/server/server.cc:471]   envoy.generic_proxy.codecs: envoy.generic_proxy.codecs.dubbo, envoy.generic_proxy.codecs.http1
[2026-02-21 14:57:16.259][8][info][main] [external/envoy/source/server/server.cc:471]   envoy.upstream.local_address_selector: envoy.upstream.local_address_selector.default_local_address_selector
[2026-02-21 14:57:16.259][8][info][main] [external/envoy/source/server/server.cc:471]   envoy.access_loggers: envoy.access_loggers.file, envoy.access_loggers.fluentd, envoy.access_loggers.http_grpc, envoy.access_loggers.open_telemetry, envoy.access_loggers.stderr, envoy.access_loggers.stdout, envoy.access_loggers.tcp_grpc, envoy.access_loggers.wasm, envoy.file_access_log, envoy.fluentd_access_log, envoy.http_grpc_access_log, envoy.open_telemetry_access_log, envoy.stderr_access_log, envoy.stdout_access_log, envoy.tcp_grpc_access_log, envoy.wasm_access_log
[2026-02-21 14:57:16.259][8][info][main] [external/envoy/source/server/server.cc:471]   envoy.http.header_validators: envoy.http.header_validators.envoy_default
[2026-02-21 14:57:16.259][8][info][main] [external/envoy/source/server/server.cc:471]   envoy.generic_proxy.filters: envoy.filters.generic.router
[2026-02-21 14:57:16.259][8][info][main] [external/envoy/source/server/server.cc:471]   envoy.route_config_update_requester: envoy.route_config_update_requester.default
[2026-02-21 14:57:16.259][8][info][main] [external/envoy/source/server/server.cc:471]   envoy.thrift_proxy.filters: envoy.filters.thrift.router
[2026-02-21 14:57:16.259][8][info][main] [external/envoy/source/server/server.cc:471]   envoy.path.rewrite: envoy.path.rewrite.uri_template.uri_template_rewriter
[2026-02-21 14:57:16.259][8][info][main] [external/envoy/source/server/server.cc:471]   envoy.upstreams: envoy.filters.connection_pools.tcp.generic
[2026-02-21 14:57:16.264][8][info][main] [external/envoy/source/server/server.cc:531] HTTP header map info:
[2026-02-21 14:57:16.264][8][info][main] [external/envoy/source/server/server.cc:534]   request header map: 616 bytes: :authority,:method,:path,:protocol,:scheme,accept,accept-encoding,access-control-request-method,authorization,connection,content-encoding,content-length,content-type,expect,grpc-accept-encoding,grpc-timeout,keep-alive,origin,proxy-connection,proxy-status,referer,sec-websocket-extensions,sec-websocket-key,sec-websocket-protocol,sec-websocket-version,te,transfer-encoding,upgrade,user-agent,via,x-client-trace-id,x-envoy-attempt-count,x-envoy-decorator-operation,x-envoy-downstream-service-cluster,x-envoy-downstream-service-node,x-envoy-expected-rq-timeout-ms,x-envoy-external-address,x-envoy-force-trace,x-envoy-hedge-on-per-try-timeout,x-envoy-internal,x-envoy-ip-tags,x-envoy-is-timeout-retry,x-envoy-max-retries,x-envoy-original-dst-host,x-envoy-original-host,x-envoy-original-path,x-envoy-original-url,x-envoy-retriable-header-names,x-envoy-retriable-status-codes,x-envoy-retry-grpc-on,x-envoy-retry-on,x-envoy-upstream-alt-stat-name,x-envoy-upstream-rq-per-try-timeout-ms,x-envoy-upstream-rq-timeout-alt-response,x-envoy-upstream-rq-timeout-ms,x-envoy-upstream-stream-duration-ms,x-forwarded-client-cert,x-forwarded-for,x-forwarded-host,x-forwarded-port,x-forwarded-proto,x-request-id
[2026-02-21 14:57:16.264][8][info][main] [external/envoy/source/server/server.cc:534]   request trailer map: 120 bytes: 
[2026-02-21 14:57:16.264][8][info][main] [external/envoy/source/server/server.cc:534]   response header map: 360 bytes: :status,cache-control,connection,content-encoding,content-length,content-type,date,etag,grpc-message,grpc-status,keep-alive,location,proxy-connection,proxy-status,sec-websocket-accept,server,transfer-encoding,upgrade,vary,via,x-envoy-attempt-count,x-envoy-decorator-operation,x-envoy-degraded,x-envoy-immediate-health-check-fail,x-envoy-ratelimited,x-envoy-upstream-canary,x-envoy-upstream-healthchecked-cluster,x-envoy-upstream-service-time,x-request-id
[2026-02-21 14:57:16.264][8][info][main] [external/envoy/source/server/server.cc:534]   response trailer map: 144 bytes: grpc-message,grpc-status
[2026-02-21 14:57:16.270][8][info][main] [external/envoy/source/server/server.cc:942] runtime: {}
[2026-02-21 14:57:16.270][8][info][main] [external/envoy/source/server/server.cc:420] Raised file descriptor limits from 1024 to 524288.
[2026-02-21 14:57:16.270][8][info][main] [external/envoy/source/server/server.cc:774] Starting admin HTTP server at /var/run/cilium/envoy/sockets/admin.sock
[2026-02-21 14:57:16.271][8][info][admin] [external/envoy/source/server/admin/admin.cc:65] admin address: /var/run/cilium/envoy/sockets/admin.sock
[2026-02-21 14:57:16.271][8][info][config] [external/envoy/source/server/configuration_impl.cc:181] loading tracing configuration
[2026-02-21 14:57:16.271][8][info][config] [external/envoy/source/server/configuration_impl.cc:132] loading 0 static secret(s)
[2026-02-21 14:57:16.271][8][info][config] [external/envoy/source/server/configuration_impl.cc:138] loading 6 cluster(s)
[2026-02-21 14:57:16.275][8][info][config] [external/envoy/source/server/configuration_impl.cc:148] loading 2 listener(s)
[2026-02-21 14:57:16.321][8][info][config] [external/envoy/source/server/configuration_impl.cc:164] loading stats configuration
[2026-02-21 14:57:16.321][8][info][runtime] [external/envoy/source/common/runtime/runtime_impl.cc:551] RTDS has finished initialization
[2026-02-21 14:57:16.321][8][info][upstream] [external/envoy/source/common/upstream/cluster_manager_impl.cc:244] cm init: initializing cds
[2026-02-21 14:57:16.326][8][info][main] [external/envoy/source/server/server.cc:1051] starting main dispatch loop
[2026-02-21 14:57:46.325][8][warning][config] [external/envoy/source/extensions/config_subscription/grpc/grpc_subscription_impl.cc:130] gRPC config: initial fetch timed out for type.googleapis.com/envoy.config.cluster.v3.Cluster
[2026-02-21 14:57:46.325][8][info][upstream] [external/envoy/source/common/upstream/cluster_manager_impl.cc:248] cm init: all clusters initialized
[2026-02-21 14:57:46.325][8][info][main] [external/envoy/source/server/server.cc:1031] all clusters initialized. initializing init manager
[2026-02-21 14:57:57.455][8][warning][config] [external/envoy/source/extensions/config_subscription/grpc/grpc_stream.h:227] StreamClusters gRPC config stream to xds-grpc-cilium closed since 41s ago: 14, upstream connect error or disconnect/reset before headers. reset reason: connection termination{upstream_reset_before_response_started{connection_termination}}
[2026-02-21 14:58:16.330][8][warning][config] [external/envoy/source/extensions/config_subscription/grpc/grpc_subscription_impl.cc:130] gRPC config: initial fetch timed out for type.googleapis.com/envoy.config.listener.v3.Listener
[2026-02-21 14:58:16.332][8][info][config] [external/envoy/source/common/listener_manager/listener_manager_impl.cc:1009] all dependencies initialized. starting workers
[2026-02-21 14:58:25.276][8][warning][config] [external/envoy/source/extensions/config_subscription/grpc/grpc_stream.h:227] StreamClusters gRPC config stream to xds-grpc-cilium closed since 68s ago: 14, upstream connect error or disconnect/reset before headers. reset reason: connection termination{upstream_reset_before_response_started{connection_termination}}
[2026-02-21 14:58:30.613][8][warning][config] [external/envoy/source/extensions/config_subscription/grpc/grpc_stream.h:227] StreamListeners gRPC config stream to xds-grpc-cilium closed since 44s ago: 14, upstream connect error or disconnect/reset before headers. reset reason: connection termination{upstream_reset_before_response_started{connection_termination}}
[2026-02-21 14:58:45.713][8][warning][config] [external/envoy/source/extensions/config_subscription/grpc/grpc_stream.h:227] StreamClusters gRPC config stream to xds-grpc-cilium closed since 89s ago: 14, upstream connect error or disconnect/reset before headers. reset reason: connection termination{upstream_reset_before_response_started{connection_termination}}
[2026-02-21 14:58:53.731][8][warning][config] [external/envoy/source/extensions/config_subscription/grpc/grpc_stream.h:227] StreamClusters gRPC config stream to xds-grpc-cilium closed since 97s ago: 14, upstream connect error or disconnect/reset before headers. reset reason: connection termination{upstream_reset_before_response_started{connection_termination}}
[2026-02-21 14:58:53.797][8][warning][config] [external/envoy/source/extensions/config_subscription/grpc/grpc_stream.h:227] StreamClusters gRPC config stream to xds-grpc-cilium closed since 97s ago: 14, upstream connect error or disconnect/reset before headers. reset reason: connection termination{upstream_reset_before_response_started{connection_termination}}
[2026-02-21 14:58:56.342][8][warning][config] [external/envoy/source/extensions/config_subscription/grpc/grpc_stream.h:227] StreamListeners gRPC config stream to xds-grpc-cilium closed since 70s ago: 14, upstream connect error or disconnect/reset before headers. reset reason: connection termination{upstream_reset_before_response_started{connection_termination}}
[2026-02-21 14:59:10.475][8][warning][config] [external/envoy/source/extensions/config_subscription/grpc/grpc_stream.h:227] StreamClusters gRPC config stream to xds-grpc-cilium closed since 114s ago: 14, upstream connect error or disconnect/reset before headers. reset reason: connection termination{upstream_reset_before_response_started{connection_termination}}
[2026-02-21 14:59:16.296][8][warning][config] [external/envoy/source/extensions/config_subscription/grpc/grpc_stream.h:227] StreamClusters gRPC config stream to xds-grpc-cilium closed since 119s ago: 14, upstream connect error or disconnect/reset before headers. reset reason: connection termination{upstream_reset_before_response_started{connection_termination}}
[2026-02-21 14:59:18.673][8][warning][config] [external/envoy/source/extensions/config_subscription/grpc/grpc_stream.h:227] StreamClusters gRPC config stream to xds-grpc-cilium closed since 122s ago: 14, upstream connect error or disconnect/reset before headers. reset reason: connection termination{upstream_reset_before_response_started{connection_termination}}
[2026-02-21 14:59:19.106][8][warning][config] [external/envoy/source/extensions/config_subscription/grpc/grpc_stream.h:227] StreamListeners gRPC config stream to xds-grpc-cilium closed since 92s ago: 14, upstream connect error or disconnect/reset before headers. reset reason: connection termination{upstream_reset_before_response_started{connection_termination}}
[2026-02-21 14:59:41.407][8][warning][config] [external/envoy/source/extensions/config_subscription/grpc/grpc_stream.h:227] StreamListeners gRPC config stream to xds-grpc-cilium closed since 115s ago: 14, upstream connect error or disconnect/reset before headers. reset reason: connection termination{upstream_reset_before_response_started{connection_termination}}
[2026-02-21 14:59:47.884][8][warning][config] [external/envoy/source/extensions/config_subscription/grpc/grpc_stream.h:227] StreamClusters gRPC config stream to xds-grpc-cilium closed since 151s ago: 14, upstream connect error or disconnect/reset before headers. reset reason: connection termination{upstream_reset_before_response_started{connection_termination}}
[2026-02-21 14:59:47.916][8][warning][config] [external/envoy/source/extensions/config_subscription/grpc/grpc_stream.h:227] StreamListeners gRPC config stream to xds-grpc-cilium closed since 121s ago: 14, upstream connect error or disconnect/reset before headers. reset reason: connection termination{upstream_reset_before_response_started{connection_termination}}
[2026-02-21 14:59:58.792][8][warning][config] [external/envoy/source/extensions/config_subscription/grpc/grpc_stream.h:227] StreamListeners gRPC config stream to xds-grpc-cilium closed since 132s ago: 14, upstream connect error or disconnect/reset before headers. reset reason: connection termination{upstream_reset_before_response_started{connection_termination}}
[2026-02-21 15:00:05.391][8][warning][config] [external/envoy/source/extensions/config_subscription/grpc/grpc_stream.h:227] StreamClusters gRPC config stream to xds-grpc-cilium closed since 169s ago: 14, upstream connect error or disconnect/reset before headers. reset reason: connection termination{upstream_reset_before_response_started{connection_termination}}
[2026-02-21 15:00:13.524][8][warning][config] [external/envoy/source/extensions/config_subscription/grpc/grpc_stream.h:227] StreamListeners gRPC config stream to xds-grpc-cilium closed since 147s ago: 14, upstream connect error or disconnect/reset before headers. reset reason: connection termination{upstream_reset_before_response_started{connection_termination}}
[2026-02-21 15:00:21.425][8][warning][config] [external/envoy/source/extensions/config_subscription/grpc/grpc_stream.h:227] StreamClusters gRPC config stream to xds-grpc-cilium closed since 185s ago: 14, upstream connect error or disconnect/reset before headers. reset reason: connection termination{upstream_reset_before_response_started{connection_termination}}
[2026-02-21 15:00:33.323][8][warning][config] [external/envoy/source/extensions/config_subscription/grpc/grpc_stream.h:227] StreamClusters gRPC config stream to xds-grpc-cilium closed since 196s ago: 14, upstream connect error or disconnect/reset before headers. reset reason: connection termination{upstream_reset_before_response_started{connection_termination}}
[2026-02-21 15:00:34.305][8][warning][config] [external/envoy/source/extensions/config_subscription/grpc/grpc_stream.h:227] StreamListeners gRPC config stream to xds-grpc-cilium closed since 167s ago: 14, upstream connect error or disconnect/reset before headers. reset reason: connection termination{upstream_reset_before_response_started{connection_termination}}
[2026-02-21 15:00:58.282][8][warning][config] [external/envoy/source/extensions/config_subscription/grpc/grpc_stream.h:227] StreamListeners gRPC config stream to xds-grpc-cilium closed since 191s ago: 14, upstream connect error or disconnect/reset before headers. reset reason: connection termination{upstream_reset_before_response_started{connection_termination}}
[2026-02-21 15:01:02.325][8][warning][config] [external/envoy/source/extensions/config_subscription/grpc/grpc_stream.h:227] StreamClusters gRPC config stream to xds-grpc-cilium closed since 225s ago: 14, upstream connect error or disconnect/reset before headers. reset reason: connection termination{upstream_reset_before_response_started{connection_termination}}
[2026-02-21 15:01:07.612][8][warning][config] [external/envoy/source/extensions/config_subscription/grpc/grpc_stream.h:227] StreamListeners gRPC config stream to xds-grpc-cilium closed since 201s ago: 14, upstream connect error or disconnect/reset before headers. reset reason: connection termination{upstream_reset_before_response_started{connection_termination}}
[2026-02-21 15:01:16.413][8][warning][config] [external/envoy/source/extensions/config_subscription/grpc/grpc_stream.h:227] StreamListeners gRPC config stream to xds-grpc-cilium closed since 210s ago: 14, upstream connect error or disconnect/reset before headers. reset reason: connection termination{upstream_reset_before_response_started{connection_termination}}
[2026-02-21 15:01:24.068][8][warning][config] [external/envoy/source/extensions/config_subscription/grpc/grpc_stream.h:227] StreamClusters gRPC config stream to xds-grpc-cilium closed since 247s ago: 14, upstream connect error or disconnect/reset before headers. reset reason: connection termination{upstream_reset_before_response_started{connection_termination}}
[2026-02-21 15:01:29.635][8][warning][config] [external/envoy/source/extensions/config_subscription/grpc/grpc_stream.h:227] StreamListeners gRPC config stream to xds-grpc-cilium closed since 223s ago: 14, upstream connect error or disconnect/reset before headers. reset reason: connection termination{upstream_reset_before_response_started{connection_termination}}
[2026-02-21 15:01:47.821][8][warning][config] [external/envoy/source/extensions/config_subscription/grpc/grpc_stream.h:227] StreamListeners gRPC config stream to xds-grpc-cilium closed since 241s ago: 14, upstream connect error or disconnect/reset before headers. reset reason: connection termination{upstream_reset_before_response_started{connection_termination}}
[2026-02-21 15:01:48.051][8][warning][config] [external/envoy/source/extensions/config_subscription/grpc/grpc_stream.h:227] StreamClusters gRPC config stream to xds-grpc-cilium closed since 271s ago: 14, upstream connect error or disconnect/reset before headers. reset reason: connection termination{upstream_reset_before_response_started{connection_termination}}
[2026-02-21 15:01:59.263][8][warning][config] [external/envoy/source/extensions/config_subscription/grpc/grpc_stream.h:227] StreamListeners gRPC config stream to xds-grpc-cilium closed since 252s ago: 14, upstream connect error or disconnect/reset before headers. reset reason: connection termination{upstream_reset_before_response_started{connection_termination}}
[2026-02-21 15:02:11.943][8][warning][config] [external/envoy/source/extensions/config_subscription/grpc/grpc_stream.h:227] StreamClusters gRPC config stream to xds-grpc-cilium closed since 295s ago: 14, upstream connect error or disconnect/reset before headers. reset reason: connection termination{upstream_reset_before_response_started{connection_termination}}
[2026-02-21 15:02:16.538][8][warning][config] [external/envoy/source/extensions/config_subscription/grpc/grpc_stream.h:227] StreamClusters gRPC config stream to xds-grpc-cilium closed since 300s ago: 14, upstream connect error or disconnect/reset before headers. reset reason: connection termination{upstream_reset_before_response_started{connection_termination}}
[2026-02-21 15:02:26.924][8][warning][config] [external/envoy/source/extensions/config_subscription/grpc/grpc_stream.h:227] StreamListeners gRPC config stream to xds-grpc-cilium closed since 280s ago: 14, upstream connect error or disconnect/reset before headers. reset reason: connection termination{upstream_reset_before_response_started{connection_termination}}
[2026-02-21 15:02:42.744][8][warning][config] [external/envoy/source/extensions/config_subscription/grpc/grpc_stream.h:227] StreamClusters gRPC config stream to xds-grpc-cilium closed since 326s ago: 14, upstream connect error or disconnect/reset before headers. reset reason: connection termination{upstream_reset_before_response_started{connection_termination}}
[2026-02-21 15:02:49.321][8][warning][config] [external/envoy/source/extensions/config_subscription/grpc/grpc_stream.h:227] StreamListeners gRPC config stream to xds-grpc-cilium closed since 302s ago: 14, upstream connect error or disconnect/reset before headers. reset reason: connection termination{upstream_reset_before_response_started{connection_termination}}
[2026-02-21 15:02:56.083][8][warning][config] [external/envoy/source/extensions/config_subscription/grpc/grpc_stream.h:227] StreamClusters gRPC config stream to xds-grpc-cilium closed since 339s ago: 14, upstream connect error or disconnect/reset before headers. reset reason: connection termination{upstream_reset_before_response_started{connection_termination}}
[2026-02-21 15:03:00.171][8][warning][config] [external/envoy/source/extensions/config_subscription/grpc/grpc_stream.h:227] StreamListeners gRPC config stream to xds-grpc-cilium closed since 313s ago: 14, upstream connect error or disconnect/reset before headers. reset reason: connection termination{upstream_reset_before_response_started{connection_termination}}
[2026-02-21 15:03:14.465][8][warning][config] [external/envoy/source/extensions/config_subscription/grpc/grpc_stream.h:227] StreamClusters gRPC config stream to xds-grpc-cilium closed since 358s ago: 14, upstream connect error or disconnect/reset before headers. reset reason: connection termination{upstream_reset_before_response_started{connection_termination}}
[2026-02-21 15:03:17.226][8][warning][config] [external/envoy/source/extensions/config_subscription/grpc/grpc_stream.h:227] StreamListeners gRPC config stream to xds-grpc-cilium closed since 330s ago: 14, upstream connect error or disconnect/reset before headers. reset reason: connection termination{upstream_reset_before_response_started{connection_termination}}
[2026-02-21 15:03:22.007][8][warning][config] [external/envoy/source/extensions/config_subscription/grpc/grpc_stream.h:227] StreamClusters gRPC config stream to xds-grpc-cilium closed since 365s ago: 14, upstream connect error or disconnect/reset before headers. reset reason: connection termination{upstream_reset_before_response_started{connection_termination}}
[2026-02-21 15:03:41.778][8][warning][config] [external/envoy/source/extensions/config_subscription/grpc/grpc_stream.h:227] StreamListeners gRPC config stream to xds-grpc-cilium closed since 355s ago: 14, upstream connect error or disconnect/reset before headers. reset reason: connection termination{upstream_reset_before_response_started{connection_termination}}
[2026-02-21 15:03:48.383][8][warning][config] [external/envoy/source/extensions/config_subscription/grpc/grpc_stream.h:227] StreamClusters gRPC config stream to xds-grpc-cilium closed since 392s ago: 14, upstream connect error or disconnect/reset before headers. reset reason: connection termination{upstream_reset_before_response_started{connection_termination}}
[2026-02-21 15:03:49.552][8][warning][config] [external/envoy/source/extensions/config_subscription/grpc/grpc_stream.h:227] StreamListeners gRPC config stream to xds-grpc-cilium closed since 363s ago: 14, upstream connect error or disconnect/reset before headers. reset reason: connection termination{upstream_reset_before_response_started{connection_termination}}
[2026-02-21 15:03:57.453][8][warning][config] [external/envoy/source/extensions/config_subscription/grpc/grpc_stream.h:227] StreamClusters gRPC config stream to xds-grpc-cilium closed since 401s ago: 14, upstream connect error or disconnect/reset before headers. reset reason: connection termination{upstream_reset_before_response_started{connection_termination}}
[2026-02-21 15:03:58.178][8][warning][config] [external/envoy/source/extensions/config_subscription/grpc/grpc_stream.h:227] StreamClusters gRPC config stream to xds-grpc-cilium closed since 401s ago: 14, upstream connect error or disconnect/reset before headers. reset reason: connection termination{upstream_reset_before_response_started{connection_termination}}
[2026-02-21 15:04:00.102][8][warning][config] [external/envoy/source/extensions/config_subscription/grpc/grpc_stream.h:227] StreamListeners gRPC config stream to xds-grpc-cilium closed since 373s ago: 14, upstream connect error or disconnect/reset before headers. reset reason: connection termination{upstream_reset_before_response_started{connection_termination}}
[2026-02-21 15:04:06.156][8][warning][config] [external/envoy/source/extensions/config_subscription/grpc/grpc_stream.h:227] StreamListeners gRPC config stream to xds-grpc-cilium closed since 379s ago: 14, upstream connect error or disconnect/reset before headers. reset reason: connection termination{upstream_reset_before_response_started{connection_termination}}
[2026-02-21 15:04:24.634][8][warning][config] [external/envoy/source/extensions/config_subscription/grpc/grpc_stream.h:227] StreamListeners gRPC config stream to xds-grpc-cilium closed since 398s ago: 14, upstream connect error or disconnect/reset before headers. reset reason: connection termination{upstream_reset_before_response_started{connection_termination}}
[2026-02-21 15:04:28.106][8][warning][config] [external/envoy/source/extensions/config_subscription/grpc/grpc_stream.h:227] StreamClusters gRPC config stream to xds-grpc-cilium closed since 431s ago: 14, upstream connect error or disconnect/reset before headers. reset reason: connection termination{upstream_reset_before_response_started{connection_termination}}
[2026-02-21 15:04:43.065][8][warning][config] [external/envoy/source/extensions/config_subscription/grpc/grpc_stream.h:227] StreamClusters gRPC config stream to xds-grpc-cilium closed since 446s ago: 14, upstream connect error or disconnect/reset before headers. reset reason: connection termination{upstream_reset_before_response_started{connection_termination}}
[2026-02-21 15:04:44.932][8][warning][config] [external/envoy/source/extensions/config_subscription/grpc/grpc_stream.h:227] StreamListeners gRPC config stream to xds-grpc-cilium closed since 418s ago: 14, upstream connect error or disconnect/reset before headers. reset reason: connection termination{upstream_reset_before_response_started{connection_termination}}
[2026-02-21 15:04:53.206][8][warning][config] [external/envoy/source/extensions/config_subscription/grpc/grpc_stream.h:227] StreamClusters gRPC config stream to xds-grpc-cilium closed since 456s ago: 14, upstream connect error or disconnect/reset before headers. reset reason: connection termination{upstream_reset_before_response_started{connection_termination}}
[2026-02-21 15:04:59.520][8][warning][config] [external/envoy/source/extensions/config_subscription/grpc/grpc_stream.h:227] StreamClusters gRPC config stream to xds-grpc-cilium closed since 463s ago: 14, upstream connect error or disconnect/reset before headers. reset reason: connection termination{upstream_reset_before_response_started{connection_termination}}
[2026-02-21 15:05:02.405][8][warning][config] [external/envoy/source/extensions/config_subscription/grpc/grpc_stream.h:227] StreamListeners gRPC config stream to xds-grpc-cilium closed since 436s ago: 14, upstream connect error or disconnect/reset before headers. reset reason: connection termination{upstream_reset_before_response_started{connection_termination}}
[2026-02-21 15:05:12.414][8][warning][config] [external/envoy/source/extensions/config_subscription/grpc/grpc_stream.h:227] StreamListeners gRPC config stream to xds-grpc-cilium closed since 446s ago: 14, upstream connect error or disconnect/reset before headers. reset reason: connection termination{upstream_reset_before_response_started{connection_termination}}
[2026-02-21 15:05:17.094][8][warning][config] [external/envoy/source/extensions/config_subscription/grpc/grpc_stream.h:227] StreamClusters gRPC config stream to xds-grpc-cilium closed since 480s ago: 14, upstream connect error or disconnect/reset before headers. reset reason: connection termination{upstream_reset_before_response_started{connection_termination}}
[2026-02-21 15:05:30.937][8][warning][config] [external/envoy/source/extensions/config_subscription/grpc/grpc_stream.h:227] StreamClusters gRPC config stream to xds-grpc-cilium closed since 494s ago: 14, upstream connect error or disconnect/reset before headers. reset reason: connection termination{upstream_reset_before_response_started{connection_termination}}
[2026-02-21 15:05:31.828][8][warning][config] [external/envoy/source/extensions/config_subscription/grpc/grpc_stream.h:227] StreamListeners gRPC config stream to xds-grpc-cilium closed since 465s ago: 14, upstream connect error or disconnect/reset before headers. reset reason: connection termination{upstream_reset_before_response_started{connection_termination}}
[2026-02-21 15:05:47.601][8][warning][config] [external/envoy/source/extensions/config_subscription/grpc/grpc_stream.h:227] StreamClusters gRPC config stream to xds-grpc-cilium closed since 511s ago: 14, upstream connect error or disconnect/reset before headers. reset reason: connection termination{upstream_reset_before_response_started{connection_termination}}
[2026-02-21 15:05:56.694][8][warning][config] [external/envoy/source/extensions/config_subscription/grpc/grpc_stream.h:227] StreamListeners gRPC config stream to xds-grpc-cilium closed since 490s ago: 14, upstream connect error or disconnect/reset before headers. reset reason: connection termination{upstream_reset_before_response_started{connection_termination}}
[2026-02-21 15:06:06.427][8][warning][config] [external/envoy/source/extensions/config_subscription/grpc/grpc_stream.h:227] StreamClusters gRPC config stream to xds-grpc-cilium closed since 530s ago: 14, upstream connect error or disconnect/reset before headers. reset reason: connection termination{upstream_reset_before_response_started{connection_termination}}
[2026-02-21 15:06:08.700][8][warning][config] [external/envoy/source/extensions/config_subscription/grpc/grpc_stream.h:227] StreamListeners gRPC config stream to xds-grpc-cilium closed since 502s ago: 14, upstream connect error or disconnect/reset before headers. reset reason: connection termination{upstream_reset_before_response_started{connection_termination}}
[2026-02-21 15:06:35.460][8][warning][config] [external/envoy/source/extensions/config_subscription/grpc/grpc_stream.h:227] StreamListeners gRPC config stream to xds-grpc-cilium closed since 529s ago: 14, upstream connect error or disconnect/reset before headers. reset reason: connection termination{upstream_reset_before_response_started{connection_termination}}
[2026-02-21 15:06:35.766][8][warning][config] [external/envoy/source/extensions/config_subscription/grpc/grpc_stream.h:227] StreamClusters gRPC config stream to xds-grpc-cilium closed since 559s ago: 14, upstream connect error or disconnect/reset before headers. reset reason: connection termination{upstream_reset_before_response_started{connection_termination}}
[2026-02-21 15:06:47.762][8][warning][config] [external/envoy/source/extensions/config_subscription/grpc/grpc_stream.h:227] StreamClusters gRPC config stream to xds-grpc-cilium closed since 571s ago: 14, upstream connect error or disconnect/reset before headers. reset reason: connection termination{upstream_reset_before_response_started{connection_termination}}
[2026-02-21 15:06:55.691][8][warning][config] [external/envoy/source/extensions/config_subscription/grpc/grpc_stream.h:227] StreamListeners gRPC config stream to xds-grpc-cilium closed since 549s ago: 14, upstream connect error or disconnect/reset before headers. reset reason: connection termination{upstream_reset_before_response_started{connection_termination}}
[2026-02-21 15:07:02.775][8][warning][config] [external/envoy/source/extensions/config_subscription/grpc/grpc_stream.h:227] StreamListeners gRPC config stream to xds-grpc-cilium closed since 556s ago: 14, upstream connect error or disconnect/reset before headers. reset reason: connection termination{upstream_reset_before_response_started{connection_termination}}
[2026-02-21 15:07:04.995][8][warning][config] [external/envoy/source/extensions/config_subscription/grpc/grpc_stream.h:227] StreamClusters gRPC config stream to xds-grpc-cilium closed since 588s ago: 14, upstream connect error or disconnect/reset before headers. reset reason: connection termination{upstream_reset_before_response_started{connection_termination}}
[2026-02-21 15:07:13.088][8][warning][config] [external/envoy/source/extensions/config_subscription/grpc/grpc_stream.h:227] StreamListeners gRPC config stream to xds-grpc-cilium closed since 566s ago: 14, upstream connect error or disconnect/reset before headers. reset reason: connection termination{upstream_reset_before_response_started{connection_termination}}
[2026-02-21 15:07:18.442][8][warning][config] [external/envoy/source/extensions/config_subscription/grpc/grpc_stream.h:227] StreamListeners gRPC config stream to xds-grpc-cilium closed since 572s ago: 14, upstream connect error or disconnect/reset before headers. reset reason: connection termination{upstream_reset_before_response_started{connection_termination}}
[2026-02-21 15:07:22.147][8][warning][config] [external/envoy/source/extensions/config_subscription/grpc/grpc_stream.h:227] StreamListeners gRPC config stream to xds-grpc-cilium closed since 575s ago: 14, upstream connect error or disconnect/reset before headers. reset reason: connection termination{upstream_reset_before_response_started{connection_termination}}
[2026-02-21 15:07:29.986][8][warning][config] [external/envoy/source/extensions/config_subscription/grpc/grpc_stream.h:227] StreamClusters gRPC config stream to xds-grpc-cilium closed since 613s ago: 14, upstream connect error or disconnect/reset before headers. reset reason: connection termination{upstream_reset_before_response_started{connection_termination}}
[2026-02-21 15:07:32.585][8][warning][config] [external/envoy/source/extensions/config_subscription/grpc/grpc_stream.h:227] StreamClusters gRPC config stream to xds-grpc-cilium closed since 616s ago: 14, upstream connect error or disconnect/reset before headers. reset reason: connection termination{upstream_reset_before_response_started{connection_termination}}
[2026-02-21 15:07:40.705][8][warning][config] [external/envoy/source/extensions/config_subscription/grpc/grpc_stream.h:227] StreamListeners gRPC config stream to xds-grpc-cilium closed since 594s ago: 14, upstream connect error or disconnect/reset before headers. reset reason: connection termination{upstream_reset_before_response_started{connection_termination}}
[2026-02-21 15:07:49.486][8][warning][config] [external/envoy/source/extensions/config_subscription/grpc/grpc_stream.h:227] StreamListeners gRPC config stream to xds-grpc-cilium closed since 603s ago: 14, upstream connect error or disconnect/reset before headers. reset reason: connection termination{upstream_reset_before_response_started{connection_termination}}
[2026-02-21 15:07:50.209][8][warning][config] [external/envoy/source/extensions/config_subscription/grpc/grpc_stream.h:227] StreamClusters gRPC config stream to xds-grpc-cilium closed since 633s ago: 14, upstream connect error or disconnect/reset before headers. reset reason: connection termination{upstream_reset_before_response_started{connection_termination}}
[2026-02-21 15:08:00.561][8][warning][config] [external/envoy/source/extensions/config_subscription/grpc/grpc_stream.h:227] StreamClusters gRPC config stream to xds-grpc-cilium closed since 644s ago: 14, upstream connect error or disconnect/reset before headers. reset reason: connection termination{upstream_reset_before_response_started{connection_termination}}
[2026-02-21 15:08:13.565][8][warning][config] [external/envoy/source/extensions/config_subscription/grpc/grpc_stream.h:227] StreamClusters gRPC config stream to xds-grpc-cilium closed since 657s ago: 14, upstream connect error or disconnect/reset before headers. reset reason: connection termination{upstream_reset_before_response_started{connection_termination}}
[2026-02-21 15:08:17.317][8][warning][config] [external/envoy/source/extensions/config_subscription/grpc/grpc_stream.h:227] StreamListeners gRPC config stream to xds-grpc-cilium closed since 630s ago: 14, upstream connect error or disconnect/reset before headers. reset reason: connection termination{upstream_reset_before_response_started{connection_termination}}
[2026-02-21 15:08:21.116][8][warning][config] [external/envoy/source/extensions/config_subscription/grpc/grpc_stream.h:227] StreamListeners gRPC config stream to xds-grpc-cilium closed since 634s ago: 14, upstream connect error or disconnect/reset before headers. reset reason: connection termination{upstream_reset_before_response_started{connection_termination}}
[2026-02-21 15:08:36.637][8][warning][config] [external/envoy/source/extensions/config_subscription/grpc/grpc_stream.h:227] StreamClusters gRPC config stream to xds-grpc-cilium closed since 680s ago: 14, upstream connect error or disconnect/reset before headers. reset reason: connection termination{upstream_reset_before_response_started{connection_termination}}
[2026-02-21 15:08:47.475][8][warning][config] [external/envoy/source/extensions/config_subscription/grpc/grpc_stream.h:227] StreamListeners gRPC config stream to xds-grpc-cilium closed since 661s ago: 14, upstream connect error or disconnect/reset before headers. reset reason: connection termination{upstream_reset_before_response_started{connection_termination}}
[2026-02-21 15:09:05.403][8][warning][config] [external/envoy/source/extensions/config_subscription/grpc/grpc_stream.h:227] StreamClusters gRPC config stream to xds-grpc-cilium closed since 709s ago: 14, upstream connect error or disconnect/reset before headers. reset reason: connection termination{upstream_reset_before_response_started{connection_termination}}
[2026-02-21 15:09:06.202][8][warning][config] [external/envoy/source/extensions/config_subscription/grpc/grpc_stream.h:227] StreamListeners gRPC config stream to xds-grpc-cilium closed since 679s ago: 14, upstream connect error or disconnect/reset before headers. reset reason: connection termination{upstream_reset_before_response_started{connection_termination}}
[2026-02-21 15:09:12.368][8][warning][config] [external/envoy/source/extensions/config_subscription/grpc/grpc_stream.h:227] StreamClusters gRPC config stream to xds-grpc-cilium closed since 716s ago: 14, upstream connect error or disconnect/reset before headers. reset reason: connection termination{upstream_reset_before_response_started{connection_termination}}
[2026-02-21 15:09:15.032][8][warning][config] [external/envoy/source/extensions/config_subscription/grpc/grpc_stream.h:227] StreamListeners gRPC config stream to xds-grpc-cilium closed since 688s ago: 14, upstream connect error or disconnect/reset before headers. reset reason: connection termination{upstream_reset_before_response_started{connection_termination}}
[2026-02-21 15:09:30.262][8][warning][config] [external/envoy/source/extensions/config_subscription/grpc/grpc_stream.h:227] StreamClusters gRPC config stream to xds-grpc-cilium closed since 733s ago: 14, upstream connect error or disconnect/reset before headers. reset reason: connection termination{upstream_reset_before_response_started{connection_termination}}
[2026-02-21 15:09:34.627][8][warning][config] [external/envoy/source/extensions/config_subscription/grpc/grpc_stream.h:227] StreamListeners gRPC config stream to xds-grpc-cilium closed since 708s ago: 14, upstream connect error or disconnect/reset before headers. reset reason: connection termination{upstream_reset_before_response_started{connection_termination}}
[2026-02-21 15:09:53.624][8][warning][config] [external/envoy/source/extensions/config_subscription/grpc/grpc_stream.h:227] StreamClusters gRPC config stream to xds-grpc-cilium closed since 757s ago: 14, upstream connect error or disconnect/reset before headers. reset reason: connection termination{upstream_reset_before_response_started{connection_termination}}
[2026-02-21 15:09:56.497][8][warning][config] [external/envoy/source/extensions/config_subscription/grpc/grpc_stream.h:227] StreamListeners gRPC config stream to xds-grpc-cilium closed since 730s ago: 14, upstream connect error or disconnect/reset before headers. reset reason: connection termination{upstream_reset_before_response_started{connection_termination}}
[2026-02-21 15:10:17.589][8][warning][config] [external/envoy/source/extensions/config_subscription/grpc/grpc_stream.h:227] StreamClusters gRPC config stream to xds-grpc-cilium closed since 781s ago: 14, upstream connect error or disconnect/reset before headers. reset reason: connection termination{upstream_reset_before_response_started{connection_termination}}
[2026-02-21 15:10:23.004][8][warning][config] [external/envoy/source/extensions/config_subscription/grpc/grpc_stream.h:227] StreamListeners gRPC config stream to xds-grpc-cilium closed since 756s ago: 14, upstream connect error or disconnect/reset before headers. reset reason: connection termination{upstream_reset_before_response_started{connection_termination}}
[2026-02-21 15:10:23.253][8][warning][config] [external/envoy/source/extensions/config_subscription/grpc/grpc_stream.h:227] StreamClusters gRPC config stream to xds-grpc-cilium closed since 786s ago: 14, upstream connect error or disconnect/reset before headers. reset reason: connection termination{upstream_reset_before_response_started{connection_termination}}
[2026-02-21 15:10:42.186][8][warning][config] [external/envoy/source/extensions/config_subscription/grpc/grpc_stream.h:227] StreamListeners gRPC config stream to xds-grpc-cilium closed since 775s ago: 14, upstream connect error or disconnect/reset before headers. reset reason: connection termination{upstream_reset_before_response_started{connection_termination}}
[2026-02-21 15:10:46.023][8][warning][config] [external/envoy/source/extensions/config_subscription/grpc/grpc_stream.h:227] StreamClusters gRPC config stream to xds-grpc-cilium closed since 809s ago: 14, upstream connect error or disconnect/reset before headers. reset reason: connection termination{upstream_reset_before_response_started{connection_termination}}
[2026-02-21 15:10:58.104][8][warning][config] [external/envoy/source/extensions/config_subscription/grpc/grpc_stream.h:227] StreamClusters gRPC config stream to xds-grpc-cilium closed since 821s ago: 14, upstream connect error or disconnect/reset before headers. reset reason: connection termination{upstream_reset_before_response_started{connection_termination}}
[2026-02-21 15:11:01.267][8][warning][config] [external/envoy/source/extensions/config_subscription/grpc/grpc_stream.h:227] StreamListeners gRPC config stream to xds-grpc-cilium closed since 794s ago: 14, upstream connect error or disconnect/reset before headers. reset reason: connection termination{upstream_reset_before_response_started{connection_termination}}
[2026-02-21 15:11:07.714][8][warning][config] [external/envoy/source/extensions/config_subscription/grpc/grpc_stream.h:227] StreamClusters gRPC config stream to xds-grpc-cilium closed since 831s ago: 14, upstream connect error or disconnect/reset before headers. reset reason: connection termination{upstream_reset_before_response_started{connection_termination}}
[2026-02-21 15:11:22.472][8][warning][config] [external/envoy/source/extensions/config_subscription/grpc/grpc_stream.h:227] StreamClusters gRPC config stream to xds-grpc-cilium closed since 846s ago: 14, upstream connect error or disconnect/reset before headers. reset reason: connection termination{upstream_reset_before_response_started{connection_termination}}
[2026-02-21 15:11:27.648][8][warning][config] [external/envoy/source/extensions/config_subscription/grpc/grpc_stream.h:227] StreamListeners gRPC config stream to xds-grpc-cilium closed since 821s ago: 14, upstream connect error or disconnect/reset before headers. reset reason: connection termination{upstream_reset_before_response_started{connection_termination}}
[2026-02-21 15:11:41.806][8][warning][config] [external/envoy/source/extensions/config_subscription/grpc/grpc_stream.h:227] StreamClusters gRPC config stream to xds-grpc-cilium closed since 865s ago: 14, upstream connect error or disconnect/reset before headers. reset reason: connection termination{upstream_reset_before_response_started{connection_termination}}
[2026-02-21 15:11:46.225][8][warning][config] [external/envoy/source/extensions/config_subscription/grpc/grpc_stream.h:227] StreamClusters gRPC config stream to xds-grpc-cilium closed since 869s ago: 14, upstream connect error or disconnect/reset before headers. reset reason: connection termination{upstream_reset_before_response_started{connection_termination}}
[2026-02-21 15:11:51.777][8][warning][config] [external/envoy/source/extensions/config_subscription/grpc/grpc_stream.h:227] StreamClusters gRPC config stream to xds-grpc-cilium closed since 875s ago: 14, upstream connect error or disconnect/reset before headers. reset reason: connection termination{upstream_reset_before_response_started{connection_termination}}
[2026-02-21 15:11:54.827][8][warning][config] [external/envoy/source/extensions/config_subscription/grpc/grpc_stream.h:227] StreamListeners gRPC config stream to xds-grpc-cilium closed since 848s ago: 14, upstream connect error or disconnect/reset before headers. reset reason: connection termination{upstream_reset_before_response_started{connection_termination}}
[2026-02-21 15:12:17.889][8][warning][config] [external/envoy/source/extensions/config_subscription/grpc/grpc_stream.h:227] StreamListeners gRPC config stream to xds-grpc-cilium closed since 871s ago: 14, upstream connect error or disconnect/reset before headers. reset reason: connection termination{upstream_reset_before_response_started{connection_termination}}
[2026-02-21 15:12:21.072][8][warning][config] [external/envoy/source/extensions/config_subscription/grpc/grpc_stream.h:227] StreamClusters gRPC config stream to xds-grpc-cilium closed since 904s ago: 14, upstream connect error or disconnect/reset before headers. reset reason: connection termination{upstream_reset_before_response_started{connection_termination}}
[2026-02-21 15:12:28.457][8][warning][config] [external/envoy/source/extensions/config_subscription/grpc/grpc_stream.h:227] StreamListeners gRPC config stream to xds-grpc-cilium closed since 882s ago: 14, upstream connect error or disconnect/reset before headers. reset reason: connection termination{upstream_reset_before_response_started{connection_termination}}
[2026-02-21 15:12:44.932][8][warning][config] [external/envoy/source/extensions/config_subscription/grpc/grpc_stream.h:227] StreamListeners gRPC config stream to xds-grpc-cilium closed since 898s ago: 14, upstream connect error or disconnect/reset before headers. reset reason: connection termination{upstream_reset_before_response_started{connection_termination}}
[2026-02-21 15:12:45.302][8][warning][config] [external/envoy/source/extensions/config_subscription/grpc/grpc_stream.h:227] StreamClusters gRPC config stream to xds-grpc-cilium closed since 928s ago: 14, upstream connect error or disconnect/reset before headers. reset reason: connection termination{upstream_reset_before_response_started{connection_termination}}
[2026-02-21 15:12:48.401][8][warning][config] [external/envoy/source/extensions/config_subscription/grpc/grpc_stream.h:227] StreamListeners gRPC config stream to xds-grpc-cilium closed since 902s ago: 14, upstream connect error or disconnect/reset before headers. reset reason: connection termination{upstream_reset_before_response_started{connection_termination}}
[2026-02-21 15:12:59.295][8][warning][config] [external/envoy/source/extensions/config_subscription/grpc/grpc_stream.h:227] StreamListeners gRPC config stream to xds-grpc-cilium closed since 912s ago: 14, upstream connect error or disconnect/reset before headers. reset reason: connection termination{upstream_reset_before_response_started{connection_termination}}
[2026-02-21 15:13:01.716][8][warning][config] [external/envoy/source/extensions/config_subscription/grpc/grpc_stream.h:227] StreamClusters gRPC config stream to xds-grpc-cilium closed since 945s ago: 14, upstream connect error or disconnect/reset before headers. reset reason: connection termination{upstream_reset_before_response_started{connection_termination}}
[2026-02-21 15:13:04.284][8][warning][config] [external/envoy/source/extensions/config_subscription/grpc/grpc_stream.h:227] StreamClusters gRPC config stream to xds-grpc-cilium closed since 947s ago: 14, upstream connect error or disconnect/reset before headers. reset reason: connection termination{upstream_reset_before_response_started{connection_termination}}
[2026-02-21 15:13:16.339][8][info][main] [external/envoy/source/server/drain_manager_impl.cc:226] shutting down parent after drain
[2026-02-21 15:13:18.877][8][warning][config] [external/envoy/source/extensions/config_subscription/grpc/grpc_stream.h:227] StreamListeners gRPC config stream to xds-grpc-cilium closed since 932s ago: 14, upstream connect error or disconnect/reset before headers. reset reason: connection termination{upstream_reset_before_response_started{connection_termination}}
[2026-02-21 15:13:29.423][8][warning][config] [external/envoy/source/extensions/config_subscription/grpc/grpc_stream.h:227] StreamClusters gRPC config stream to xds-grpc-cilium closed since 973s ago: 14, upstream connect error or disconnect/reset before headers. reset reason: connection termination{upstream_reset_before_response_started{connection_termination}}
[2026-02-21 15:13:30.340][8][warning][config] [external/envoy/source/extensions/config_subscription/grpc/grpc_stream.h:227] StreamClusters gRPC config stream to xds-grpc-cilium closed since 974s ago: 14, upstream connect error or disconnect/reset before headers. reset reason: connection termination{upstream_reset_before_response_started{connection_termination}}
[2026-02-21 15:13:33.913][8][warning][config] [external/envoy/source/extensions/config_subscription/grpc/grpc_stream.h:227] StreamListeners gRPC config stream to xds-grpc-cilium closed since 947s ago: 14, upstream connect error or disconnect/reset before headers. reset reason: connection termination{upstream_reset_before_response_started{connection_termination}}
[2026-02-21 15:13:34.884][8][warning][config] [external/envoy/source/extensions/config_subscription/grpc/grpc_stream.h:227] StreamListeners gRPC config stream to xds-grpc-cilium closed since 948s ago: 14, upstream connect error or disconnect/reset before headers. reset reason: connection termination{upstream_reset_before_response_started{connection_termination}}
[2026-02-21 15:13:54.776][8][warning][config] [external/envoy/source/extensions/config_subscription/grpc/grpc_stream.h:227] StreamClusters gRPC config stream to xds-grpc-cilium closed since 998s ago: 14, upstream connect error or disconnect/reset before headers. reset reason: connection termination{upstream_reset_before_response_started{connection_termination}}
[2026-02-21 15:13:57.313][8][warning][config] [external/envoy/source/extensions/config_subscription/grpc/grpc_stream.h:227] StreamClusters gRPC config stream to xds-grpc-cilium closed since 1000s ago: 14, upstream connect error or disconnect/reset before headers. reset reason: connection termination{upstream_reset_before_response_started{connection_termination}}
[2026-02-21 15:14:03.333][8][warning][config] [external/envoy/source/extensions/config_subscription/grpc/grpc_stream.h:227] StreamListeners gRPC config stream to xds-grpc-cilium closed since 977s ago: 14, upstream connect error or disconnect/reset before headers. reset reason: connection termination{upstream_reset_before_response_started{connection_termination}}
[2026-02-21 15:14:18.508][8][warning][config] [external/envoy/source/extensions/config_subscription/grpc/grpc_stream.h:227] StreamClusters gRPC config stream to xds-grpc-cilium closed since 1022s ago: 14, upstream connect error or disconnect/reset before headers. reset reason: connection termination{upstream_reset_before_response_started{connection_termination}}
[2026-02-21 15:14:20.462][8][warning][config] [external/envoy/source/extensions/config_subscription/grpc/grpc_stream.h:227] StreamListeners gRPC config stream to xds-grpc-cilium closed since 994s ago: 14, upstream connect error or disconnect/reset before headers. reset reason: connection termination{upstream_reset_before_response_started{connection_termination}}
[2026-02-21 15:14:28.285][8][warning][config] [external/envoy/source/extensions/config_subscription/grpc/grpc_stream.h:227] StreamClusters gRPC config stream to xds-grpc-cilium closed since 1031s ago: 14, upstream connect error or disconnect/reset before headers. reset reason: connection termination{upstream_reset_before_response_started{connection_termination}}
[2026-02-21 15:14:36.853][8][warning][config] [external/envoy/source/extensions/config_subscription/grpc/grpc_stream.h:227] StreamClusters gRPC config stream to xds-grpc-cilium closed since 1040s ago: 14, upstream connect error or disconnect/reset before headers. reset reason: connection termination{upstream_reset_before_response_started{connection_termination}}
[2026-02-21 15:14:44.951][8][warning][config] [external/envoy/source/extensions/config_subscription/grpc/grpc_stream.h:227] StreamListeners gRPC config stream to xds-grpc-cilium closed since 1018s ago: 14, upstream connect error or disconnect/reset before headers. reset reason: connection termination{upstream_reset_before_response_started{connection_termination}}
[2026-02-21 15:14:45.623][8][warning][config] [external/envoy/source/extensions/config_subscription/grpc/grpc_stream.h:227] StreamListeners gRPC config stream to xds-grpc-cilium closed since 1019s ago: 14, upstream connect error or disconnect/reset before headers. reset reason: connection termination{upstream_reset_before_response_started{connection_termination}}
[2026-02-21 15:14:52.706][8][warning][config] [external/envoy/source/extensions/config_subscription/grpc/grpc_stream.h:227] StreamClusters gRPC config stream to xds-grpc-cilium closed since 1056s ago: 14, upstream connect error or disconnect/reset before headers. reset reason: connection termination{upstream_reset_before_response_started{connection_termination}}
[2026-02-21 15:15:07.794][8][warning][config] [external/envoy/source/extensions/config_subscription/grpc/grpc_stream.h:227] StreamListeners gRPC config stream to xds-grpc-cilium closed since 1041s ago: 14, upstream connect error or disconnect/reset before headers. reset reason: connection termination{upstream_reset_before_response_started{connection_termination}}
[2026-02-21 15:15:19.263][8][warning][config] [external/envoy/source/extensions/config_subscription/grpc/grpc_stream.h:227] StreamClusters gRPC config stream to xds-grpc-cilium closed since 1082s ago: 14, upstream connect error or disconnect/reset before headers. reset reason: connection termination{upstream_reset_before_response_started{connection_termination}}
[2026-02-21 15:15:21.716][8][warning][config] [external/envoy/source/extensions/config_subscription/grpc/grpc_stream.h:227] StreamClusters gRPC config stream to xds-grpc-cilium closed since 1085s ago: 14, upstream connect error or disconnect/reset before headers. reset reason: connection termination{upstream_reset_before_response_started{connection_termination}}
[2026-02-21 15:15:29.332][8][warning][config] [external/envoy/source/extensions/config_subscription/grpc/grpc_stream.h:227] StreamClusters gRPC config stream to xds-grpc-cilium closed since 1093s ago: 14, upstream connect error or disconnect/reset before headers. reset reason: connection termination{upstream_reset_before_response_started{connection_termination}}
[2026-02-21 15:15:33.641][8][warning][config] [external/envoy/source/extensions/config_subscription/grpc/grpc_stream.h:227] StreamClusters gRPC config stream to xds-grpc-cilium closed since 1097s ago: 14, upstream connect error or disconnect/reset before headers. reset reason: connection termination{upstream_reset_before_response_started{connection_termination}}
[2026-02-21 15:15:34.709][8][warning][config] [external/envoy/source/extensions/config_subscription/grpc/grpc_stream.h:227] StreamListeners gRPC config stream to xds-grpc-cilium closed since 1068s ago: 14, upstream connect error or disconnect/reset before headers. reset reason: connection termination{upstream_reset_before_response_started{connection_termination}}
[2026-02-21 15:15:37.742][8][warning][config] [external/envoy/source/extensions/config_subscription/grpc/grpc_stream.h:227] StreamClusters gRPC config stream to xds-grpc-cilium closed since 1101s ago: 14, upstream connect error or disconnect/reset before headers. reset reason: connection termination{upstream_reset_before_response_started{connection_termination}}
[2026-02-21 15:15:48.142][8][warning][config] [external/envoy/source/extensions/config_subscription/grpc/grpc_stream.h:227] StreamListeners gRPC config stream to xds-grpc-cilium closed since 1081s ago: 14, upstream connect error or disconnect/reset before headers. reset reason: connection termination{upstream_reset_before_response_started{connection_termination}}
[2026-02-21 15:16:02.402][8][warning][config] [external/envoy/source/extensions/config_subscription/grpc/grpc_stream.h:227] StreamListeners gRPC config stream to xds-grpc-cilium closed since 1096s ago: 14, upstream connect error or disconnect/reset before headers. reset reason: connection termination{upstream_reset_before_response_started{connection_termination}}
[2026-02-21 15:16:05.959][8][warning][config] [external/envoy/source/extensions/config_subscription/grpc/grpc_stream.h:227] StreamClusters gRPC config stream to xds-grpc-cilium closed since 1129s ago: 14, upstream connect error or disconnect/reset before headers. reset reason: connection termination{upstream_reset_before_response_started{connection_termination}}
[2026-02-21 15:16:06.501][8][warning][config] [external/envoy/source/extensions/config_subscription/grpc/grpc_stream.h:227] StreamListeners gRPC config stream to xds-grpc-cilium closed since 1100s ago: 14, upstream connect error or disconnect/reset before headers. reset reason: connection termination{upstream_reset_before_response_started{connection_termination}}
[2026-02-21 15:16:24.885][8][warning][config] [external/envoy/source/extensions/config_subscription/grpc/grpc_stream.h:227] StreamListeners gRPC config stream to xds-grpc-cilium closed since 1118s ago: 14, upstream connect error or disconnect/reset before headers. reset reason: connection termination{upstream_reset_before_response_started{connection_termination}}
[2026-02-21 15:16:34.728][8][warning][config] [external/envoy/source/extensions/config_subscription/grpc/grpc_stream.h:227] StreamClusters gRPC config stream to xds-grpc-cilium closed since 1158s ago: 14, upstream connect error or disconnect/reset before headers. reset reason: connection termination{upstream_reset_before_response_started{connection_termination}}
[2026-02-21 15:16:37.662][8][warning][config] [external/envoy/source/extensions/config_subscription/grpc/grpc_stream.h:227] StreamClusters gRPC config stream to xds-grpc-cilium closed since 1161s ago: 14, upstream connect error or disconnect/reset before headers. reset reason: connection termination{upstream_reset_before_response_started{connection_termination}}
[2026-02-21 15:16:49.154][8][warning][config] [external/envoy/source/extensions/config_subscription/grpc/grpc_stream.h:227] StreamListeners gRPC config stream to xds-grpc-cilium closed since 1142s ago: 14, upstream connect error or disconnect/reset before headers. reset reason: connection termination{upstream_reset_before_response_started{connection_termination}}
[2026-02-21 15:16:53.845][8][warning][config] [external/envoy/source/extensions/config_subscription/grpc/grpc_stream.h:227] StreamClusters gRPC config stream to xds-grpc-cilium closed since 1177s ago: 14, upstream connect error or disconnect/reset before headers. reset reason: connection termination{upstream_reset_before_response_started{connection_termination}}
[2026-02-21 15:16:54.769][8][warning][config] [external/envoy/source/extensions/config_subscription/grpc/grpc_stream.h:227] StreamListeners gRPC config stream to xds-grpc-cilium closed since 1148s ago: 14, upstream connect error or disconnect/reset before headers. reset reason: connection termination{upstream_reset_before_response_started{connection_termination}}
[2026-02-21 15:17:09.851][8][warning][config] [external/envoy/source/extensions/config_subscription/grpc/grpc_stream.h:227] StreamListeners gRPC config stream to xds-grpc-cilium closed since 1163s ago: 14, upstream connect error or disconnect/reset before headers. reset reason: connection termination{upstream_reset_before_response_started{connection_termination}}
[2026-02-21 15:17:18.586][8][warning][config] [external/envoy/source/extensions/config_subscription/grpc/grpc_stream.h:227] StreamClusters gRPC config stream to xds-grpc-cilium closed since 1202s ago: 14, upstream connect error or disconnect/reset before headers. reset reason: connection termination{upstream_reset_before_response_started{connection_termination}}
[2026-02-21 15:17:20.483][8][warning][config] [external/envoy/source/extensions/config_subscription/grpc/grpc_stream.h:227] StreamClusters gRPC config stream to xds-grpc-cilium closed since 1204s ago: 14, upstream connect error or disconnect/reset before headers. reset reason: connection termination{upstream_reset_before_response_started{connection_termination}}
[2026-02-21 15:17:21.126][8][warning][config] [external/envoy/source/extensions/config_subscription/grpc/grpc_stream.h:227] StreamClusters gRPC config stream to xds-grpc-cilium closed since 1204s ago: 14, upstream connect error or disconnect/reset before headers. reset reason: connection termination{upstream_reset_before_response_started{connection_termination}}
[2026-02-21 15:17:32.429][8][warning][config] [external/envoy/source/extensions/config_subscription/grpc/grpc_stream.h:227] StreamListeners gRPC config stream to xds-grpc-cilium closed since 1186s ago: 14, upstream connect error or disconnect/reset before headers. reset reason: connection termination{upstream_reset_before_response_started{connection_termination}}
[2026-02-21 15:17:40.022][8][warning][config] [external/envoy/source/extensions/config_subscription/grpc/grpc_stream.h:227] StreamListeners gRPC config stream to xds-grpc-cilium closed since 1193s ago: 14, upstream connect error or disconnect/reset before headers. reset reason: connection termination{upstream_reset_before_response_started{connection_termination}}
[2026-02-21 15:17:40.705][8][warning][config] [external/envoy/source/extensions/config_subscription/grpc/grpc_stream.h:227] StreamClusters gRPC config stream to xds-grpc-cilium closed since 1224s ago: 14, upstream connect error or disconnect/reset before headers. reset reason: connection termination{upstream_reset_before_response_started{connection_termination}}
[2026-02-21 15:17:58.618][8][warning][config] [external/envoy/source/extensions/config_subscription/grpc/grpc_stream.h:227] StreamListeners gRPC config stream to xds-grpc-cilium closed since 1212s ago: 14, upstream connect error or disconnect/reset before headers. reset reason: connection termination{upstream_reset_before_response_started{connection_termination}}
[2026-02-21 15:18:00.866][8][warning][config] [external/envoy/source/extensions/config_subscription/grpc/grpc_stream.h:227] StreamListeners gRPC config stream to xds-grpc-cilium closed since 1214s ago: 14, upstream connect error or disconnect/reset before headers. reset reason: connection termination{upstream_reset_before_response_started{connection_termination}}
[2026-02-21 15:18:04.544][8][warning][config] [external/envoy/source/extensions/config_subscription/grpc/grpc_stream.h:227] StreamClusters gRPC config stream to xds-grpc-cilium closed since 1248s ago: 14, upstream connect error or disconnect/reset before headers. reset reason: connection termination{upstream_reset_before_response_started{connection_termination}}
[2026-02-21 15:18:29.823][8][warning][config] [external/envoy/source/extensions/config_subscription/grpc/grpc_stream.h:227] StreamClusters gRPC config stream to xds-grpc-cilium closed since 1273s ago: 14, upstream connect error or disconnect/reset before headers. reset reason: connection termination{upstream_reset_before_response_started{connection_termination}}
[2026-02-21 15:18:29.860][8][warning][config] [external/envoy/source/extensions/config_subscription/grpc/grpc_stream.h:227] StreamListeners gRPC config stream to xds-grpc-cilium closed since 1243s ago: 14, upstream connect error or disconnect/reset before headers. reset reason: connection termination{upstream_reset_before_response_started{connection_termination}}
[2026-02-21 15:18:31.362][8][warning][config] [external/envoy/source/extensions/config_subscription/grpc/grpc_stream.h:227] StreamListeners gRPC config stream to xds-grpc-cilium closed since 1245s ago: 14, upstream connect error or disconnect/reset before headers. reset reason: connection termination{upstream_reset_before_response_started{connection_termination}}
[2026-02-21 15:18:34.717][8][warning][config] [external/envoy/source/extensions/config_subscription/grpc/grpc_stream.h:227] StreamListeners gRPC config stream to xds-grpc-cilium closed since 1248s ago: 14, upstream connect error or disconnect/reset before headers. reset reason: connection termination{upstream_reset_before_response_started{connection_termination}}
[2026-02-21 15:18:48.665][8][warning][config] [external/envoy/source/extensions/config_subscription/grpc/grpc_stream.h:227] StreamListeners gRPC config stream to xds-grpc-cilium closed since 1262s ago: 14, upstream connect error or disconnect/reset before headers. reset reason: connection termination{upstream_reset_before_response_started{connection_termination}}
[2026-02-21 15:18:57.597][8][warning][config] [external/envoy/source/extensions/config_subscription/grpc/grpc_stream.h:227] StreamClusters gRPC config stream to xds-grpc-cilium closed since 1301s ago: 14, upstream connect error or disconnect/reset before headers. reset reason: connection termination{upstream_reset_before_response_started{connection_termination}}
[2026-02-21 15:19:15.174][8][warning][config] [external/envoy/source/extensions/config_subscription/grpc/grpc_stream.h:227] StreamListeners gRPC config stream to xds-grpc-cilium closed since 1288s ago: 14, upstream connect error or disconnect/reset before headers. reset reason: connection termination{upstream_reset_before_response_started{connection_termination}}
[2026-02-21 15:19:22.372][8][warning][config] [external/envoy/source/extensions/config_subscription/grpc/grpc_stream.h:227] StreamListeners gRPC config stream to xds-grpc-cilium closed since 1296s ago: 14, upstream connect error or disconnect/reset before headers. reset reason: connection termination{upstream_reset_before_response_started{connection_termination}}
[2026-02-21 15:19:24.901][8][warning][config] [external/envoy/source/extensions/config_subscription/grpc/grpc_stream.h:227] StreamClusters gRPC config stream to xds-grpc-cilium closed since 1328s ago: 14, upstream connect error or disconnect/reset before headers. reset reason: connection termination{upstream_reset_before_response_started{connection_termination}}
